2015-12-07 08:51:17,071 INFO  [main] stencyl.sw.Session: Logfile: C:\Users\KCantrell5436\Google Drive\Roosevelt OGPC\stencylworks\logs\2015-12-07_08-51-16.log
2015-12-07 08:51:17,071 INFO  [main] stencyl.sw.Session: OS Name: Windows 7
2015-12-07 08:51:17,071 INFO  [main] stencyl.sw.Session: OS Version: 6.1 (64-bit)
2015-12-07 08:51:17,071 INFO  [main] stencyl.sw.Session: Java Version: 1.8.0_60
2015-12-07 08:51:17,071 INFO  [main] stencyl.sw.Session: Stencyl Version: 3.3.2 (b8734)
2015-12-07 08:51:17,071 INFO  [main] stencyl.sw.Session: Stencyl Workspace: C:\Users\KCantrell5436\Google Drive\Roosevelt OGPC\
2015-12-07 08:51:17,071 INFO  [main] stencyl.sw.Session: User Working Directory: C:\Program Files (x86)\Stencyl
2015-12-07 08:51:17,071 INFO  [main] stencyl.sw.Session: User Home Directory: C:\Users\KCantrell5436
2015-12-07 08:51:17,071 INFO  [main] stencyl.sw.Session: System Path: C:\ProgramData\Oracle\Java\javapath;C:\Program Files (x86)\Intel\iCLS Client\;C:\Program Files\Intel\iCLS Client\;C:\WINDOWS\system32;C:\WINDOWS;C:\WINDOWS\System32\Wbem;C:\WINDOWS\System32\WindowsPowerShell\v1.0\;C:\WINDOWS\CCM;C:\WINDOWS\CCM;C:\Program Files (x86)\QuickTime\QTSystem\;C:\Program Files\Intel\Intel(R) Management Engine Components\DAL;C:\Program Files\Intel\Intel(R) Management Engine Components\IPT;C:\Program Files (x86)\Intel\Intel(R) Management Engine Components\DAL;C:\Program Files (x86)\Intel\Intel(R) Management Engine Components\IPT;C:\Program Files (x86)\Stencyl\runtimes\jre-win\bin
2015-12-07 08:51:17,165 DEBUG [main] stencyl.sw.util.FileHelper: Deleting: C:\Users\KCANTR~1\AppData\Local\Temp\stencyl3737584973413093901
2015-12-07 08:51:17,165 DEBUG [main] stencyl.sw.loc.LanguagePack: Reading... lang\en\global-phrases.lang
2015-12-07 08:51:17,180 DEBUG [main] stencyl.sw.loc.LanguagePack: Reading... lang\en\global-errors.lang
2015-12-07 08:51:17,180 DEBUG [main] stencyl.sw.loc.LanguagePack: Reading... lang\en\global-menu.lang
2015-12-07 08:51:17,180 DEBUG [main] stencyl.sw.loc.LanguagePack: Reading... lang\en\global-welcome.lang
2015-12-07 08:51:17,180 DEBUG [main] stencyl.sw.loc.LanguagePack: Reading... lang\en\global-dashboard.lang
2015-12-07 08:51:17,180 DEBUG [main] stencyl.sw.loc.LanguagePack: Reading... lang\en\global-publish.lang
2015-12-07 08:51:17,196 DEBUG [main] stencyl.sw.loc.LanguagePack: Reading... lang\en\global-updater.lang
2015-12-07 08:51:17,196 DEBUG [main] stencyl.sw.loc.LanguagePack: Reading... lang\en\global-chat.lang
2015-12-07 08:51:17,196 DEBUG [main] stencyl.sw.loc.LanguagePack: Reading... lang\en\global-misc.lang
2015-12-07 08:51:17,196 DEBUG [main] stencyl.sw.loc.LanguagePack: Reading... lang\en\global-forge.lang
2015-12-07 08:51:17,196 DEBUG [main] stencyl.sw.loc.LanguagePack: Reading... lang\en\global-prefs.lang
2015-12-07 08:51:17,211 DEBUG [main] stencyl.sw.loc.LanguagePack: Reading... lang\en\global-creategame.lang
2015-12-07 08:51:17,211 DEBUG [main] stencyl.sw.loc.LanguagePack: Reading... lang\en\behavior-main.lang
2015-12-07 08:51:17,211 DEBUG [main] stencyl.sw.loc.LanguagePack: Reading... lang\en\behavior-blocks.lang
2015-12-07 08:51:17,211 DEBUG [main] stencyl.sw.loc.LanguagePack: Reading... lang\en\behavior-blockhelp.lang
2015-12-07 08:51:17,227 DEBUG [main] stencyl.sw.loc.LanguagePack: Reading... lang\en\behavior-events.lang
2015-12-07 08:51:17,227 DEBUG [main] stencyl.sw.loc.LanguagePack: Reading... lang\en\behavior-code.lang
2015-12-07 08:51:17,227 DEBUG [main] stencyl.sw.loc.LanguagePack: Reading... lang\en\behavior-attributes.lang
2015-12-07 08:51:17,227 DEBUG [main] stencyl.sw.loc.LanguagePack: Reading... lang\en\behavior-create.lang
2015-12-07 08:51:17,227 DEBUG [main] stencyl.sw.loc.LanguagePack: Reading... lang\en\behavior-byob.lang
2015-12-07 08:51:17,227 DEBUG [main] stencyl.sw.loc.LanguagePack: Reading... lang\en\editor-actor-main.lang
2015-12-07 08:51:17,227 DEBUG [main] stencyl.sw.loc.LanguagePack: Reading... lang\en\editor-actor-physics.lang
2015-12-07 08:51:17,227 DEBUG [main] stencyl.sw.loc.LanguagePack: Reading... lang\en\editor-background.lang
2015-12-07 08:51:17,227 DEBUG [main] stencyl.sw.loc.LanguagePack: Reading... lang\en\editor-behaviorchooser.lang
2015-12-07 08:51:17,227 DEBUG [main] stencyl.sw.loc.LanguagePack: Reading... lang\en\editor-desktop.lang
2015-12-07 08:51:17,227 DEBUG [main] stencyl.sw.loc.LanguagePack: Reading... lang\en\editor-font.lang
2015-12-07 08:51:17,227 DEBUG [main] stencyl.sw.loc.LanguagePack: Reading... lang\en\editor-sound.lang
2015-12-07 08:51:17,227 DEBUG [main] stencyl.sw.loc.LanguagePack: Reading... lang\en\editor-tileset.lang
2015-12-07 08:51:17,227 DEBUG [main] stencyl.sw.loc.LanguagePack: Reading... lang\en\editor-preloader.lang
2015-12-07 08:51:17,227 DEBUG [main] stencyl.sw.loc.LanguagePack: Reading... lang\en\editor-mobile.lang
2015-12-07 08:51:17,227 DEBUG [main] stencyl.sw.loc.LanguagePack: Reading... lang\en\editor-groups.lang
2015-12-07 08:51:17,227 DEBUG [main] stencyl.sw.loc.LanguagePack: Reading... lang\en\editor-attributes.lang
2015-12-07 08:51:17,227 DEBUG [main] stencyl.sw.loc.LanguagePack: Reading... lang\en\editor-input.lang
2015-12-07 08:51:17,227 DEBUG [main] stencyl.sw.loc.LanguagePack: Reading... lang\en\editor-animation.lang
2015-12-07 08:51:17,227 DEBUG [main] stencyl.sw.loc.LanguagePack: Reading... lang\en\editor-scene-main.lang
2015-12-07 08:51:17,227 DEBUG [main] stencyl.sw.loc.LanguagePack: Reading... lang\en\editor-scene-create.lang
2015-12-07 08:51:17,227 DEBUG [main] stencyl.sw.loc.LanguagePack: Reading... lang\en\editor-scene-tools.lang
2015-12-07 08:51:17,227 DEBUG [main] stencyl.sw.loc.LanguagePack: Reading... lang\en\global-phrases.lang
2015-12-07 08:51:17,227 DEBUG [main] stencyl.sw.loc.LanguagePack: Reading... lang\en\global-errors.lang
2015-12-07 08:51:17,242 DEBUG [main] stencyl.sw.loc.LanguagePack: Reading... lang\en\global-menu.lang
2015-12-07 08:51:17,242 DEBUG [main] stencyl.sw.loc.LanguagePack: Reading... lang\en\global-welcome.lang
2015-12-07 08:51:17,242 DEBUG [main] stencyl.sw.loc.LanguagePack: Reading... lang\en\global-dashboard.lang
2015-12-07 08:51:17,242 DEBUG [main] stencyl.sw.loc.LanguagePack: Reading... lang\en\global-publish.lang
2015-12-07 08:51:17,242 DEBUG [main] stencyl.sw.loc.LanguagePack: Reading... lang\en\global-updater.lang
2015-12-07 08:51:17,242 DEBUG [main] stencyl.sw.loc.LanguagePack: Reading... lang\en\global-chat.lang
2015-12-07 08:51:17,242 DEBUG [main] stencyl.sw.loc.LanguagePack: Reading... lang\en\global-misc.lang
2015-12-07 08:51:17,242 DEBUG [main] stencyl.sw.loc.LanguagePack: Reading... lang\en\global-forge.lang
2015-12-07 08:51:17,242 DEBUG [main] stencyl.sw.loc.LanguagePack: Reading... lang\en\global-prefs.lang
2015-12-07 08:51:17,242 DEBUG [main] stencyl.sw.loc.LanguagePack: Reading... lang\en\global-creategame.lang
2015-12-07 08:51:17,242 DEBUG [main] stencyl.sw.loc.LanguagePack: Reading... lang\en\behavior-main.lang
2015-12-07 08:51:17,242 DEBUG [main] stencyl.sw.loc.LanguagePack: Reading... lang\en\behavior-blocks.lang
2015-12-07 08:51:17,242 DEBUG [main] stencyl.sw.loc.LanguagePack: Reading... lang\en\behavior-blockhelp.lang
2015-12-07 08:51:17,242 DEBUG [main] stencyl.sw.loc.LanguagePack: Reading... lang\en\behavior-events.lang
2015-12-07 08:51:17,242 DEBUG [main] stencyl.sw.loc.LanguagePack: Reading... lang\en\behavior-code.lang
2015-12-07 08:51:17,242 DEBUG [main] stencyl.sw.loc.LanguagePack: Reading... lang\en\behavior-attributes.lang
2015-12-07 08:51:17,242 DEBUG [main] stencyl.sw.loc.LanguagePack: Reading... lang\en\behavior-create.lang
2015-12-07 08:51:17,242 DEBUG [main] stencyl.sw.loc.LanguagePack: Reading... lang\en\behavior-byob.lang
2015-12-07 08:51:17,242 DEBUG [main] stencyl.sw.loc.LanguagePack: Reading... lang\en\editor-actor-main.lang
2015-12-07 08:51:17,242 DEBUG [main] stencyl.sw.loc.LanguagePack: Reading... lang\en\editor-actor-physics.lang
2015-12-07 08:51:17,242 DEBUG [main] stencyl.sw.loc.LanguagePack: Reading... lang\en\editor-background.lang
2015-12-07 08:51:17,242 DEBUG [main] stencyl.sw.loc.LanguagePack: Reading... lang\en\editor-behaviorchooser.lang
2015-12-07 08:51:17,258 DEBUG [main] stencyl.sw.loc.LanguagePack: Reading... lang\en\editor-desktop.lang
2015-12-07 08:51:17,258 DEBUG [main] stencyl.sw.loc.LanguagePack: Reading... lang\en\editor-font.lang
2015-12-07 08:51:17,258 DEBUG [main] stencyl.sw.loc.LanguagePack: Reading... lang\en\editor-sound.lang
2015-12-07 08:51:17,258 DEBUG [main] stencyl.sw.loc.LanguagePack: Reading... lang\en\editor-tileset.lang
2015-12-07 08:51:17,258 DEBUG [main] stencyl.sw.loc.LanguagePack: Reading... lang\en\editor-preloader.lang
2015-12-07 08:51:17,258 DEBUG [main] stencyl.sw.loc.LanguagePack: Reading... lang\en\editor-mobile.lang
2015-12-07 08:51:17,258 DEBUG [main] stencyl.sw.loc.LanguagePack: Reading... lang\en\editor-groups.lang
2015-12-07 08:51:17,258 DEBUG [main] stencyl.sw.loc.LanguagePack: Reading... lang\en\editor-attributes.lang
2015-12-07 08:51:17,258 DEBUG [main] stencyl.sw.loc.LanguagePack: Reading... lang\en\editor-input.lang
2015-12-07 08:51:17,258 DEBUG [main] stencyl.sw.loc.LanguagePack: Reading... lang\en\editor-animation.lang
2015-12-07 08:51:17,258 DEBUG [main] stencyl.sw.loc.LanguagePack: Reading... lang\en\editor-scene-main.lang
2015-12-07 08:51:17,258 DEBUG [main] stencyl.sw.loc.LanguagePack: Reading... lang\en\editor-scene-create.lang
2015-12-07 08:51:17,258 DEBUG [main] stencyl.sw.loc.LanguagePack: Reading... lang\en\editor-scene-tools.lang
2015-12-07 08:51:17,258 INFO  [AWT-EventQueue-0] stencyl.sw.SW: Initializing Stencyl.
2015-12-07 08:51:17,258 DEBUG [AWT-EventQueue-0] stencyl.sw.Splash: Set Splash message: Look
2015-12-07 08:51:18,099 INFO  [AWT-EventQueue-0] stencyl.sw.ext.ExtensionDependencyManager: Haxelib actuate 1.6.5
2015-12-07 08:51:18,099 INFO  [AWT-EventQueue-0] stencyl.sw.ext.ExtensionDependencyManager: Haxelib box2d 1.11.0
2015-12-07 08:51:18,099 INFO  [AWT-EventQueue-0] stencyl.sw.ext.ExtensionDependencyManager: Haxelib box2d-fake 1.11.0
2015-12-07 08:51:18,099 INFO  [AWT-EventQueue-0] stencyl.sw.ext.ExtensionDependencyManager: Haxelib console 1.0.0
2015-12-07 08:51:18,099 INFO  [AWT-EventQueue-0] stencyl.sw.ext.ExtensionDependencyManager: Haxelib format 3.1.2
2015-12-07 08:51:18,099 INFO  [AWT-EventQueue-0] stencyl.sw.ext.ExtensionDependencyManager: Haxelib hxcpp 3.2.0
2015-12-07 08:51:18,099 INFO  [AWT-EventQueue-0] stencyl.sw.ext.ExtensionDependencyManager: Haxelib hxtelemetry 0.3.1
2015-12-07 08:51:18,099 INFO  [AWT-EventQueue-0] stencyl.sw.ext.ExtensionDependencyManager: Haxelib layout 1.1.0
2015-12-07 08:51:18,099 INFO  [AWT-EventQueue-0] stencyl.sw.ext.ExtensionDependencyManager: Haxelib lime 2.6.8
2015-12-07 08:51:18,114 INFO  [AWT-EventQueue-0] stencyl.sw.ext.ExtensionDependencyManager: Haxelib openfl 3.3.8
2015-12-07 08:51:18,114 INFO  [AWT-EventQueue-0] stencyl.sw.ext.ExtensionDependencyManager: Haxelib polygonal-ds 1.4.1
2015-12-07 08:51:18,114 INFO  [AWT-EventQueue-0] stencyl.sw.ext.ExtensionDependencyManager: Haxelib polygonal-printf 1.0.0.beta
2015-12-07 08:51:18,114 INFO  [AWT-EventQueue-0] stencyl.sw.ext.ExtensionDependencyManager: Haxelib stencyl 1.0.0
2015-12-07 08:51:18,114 INFO  [AWT-EventQueue-0] stencyl.sw.ext.ExtensionDependencyManager: Haxelib stencyl-cppia 1.0.0
2015-12-07 08:51:18,114 INFO  [AWT-EventQueue-0] stencyl.sw.ext.ExtensionDependencyManager: Haxelib svg 1.0.8
2015-12-07 08:51:18,114 INFO  [AWT-EventQueue-0] stencyl.sw.ext.ExtensionDependencyManager: Haxelib swf 1.7.4
2015-12-07 08:51:18,114 INFO  [AWT-EventQueue-0] stencyl.sw.ext.ExtensionDependencyManager: Haxelib tilelayer 0.2.1
2015-12-07 08:51:18,130 DEBUG [AWT-EventQueue-0] stencyl.sw.util.FileHelper: Matching (non-hidden) files within C:\Users\KCantrell5436\Google Drive\Roosevelt OGPC\stencylworks\extensions: []
2015-12-07 08:51:18,130 DEBUG [AWT-EventQueue-0] stencyl.sw.util.FileHelper: Matching (non-hidden) files within C:\Users\KCantrell5436\Google Drive\Roosevelt OGPC\stencylworks\extensions: []
2015-12-07 08:51:18,130 DEBUG [AWT-EventQueue-0] stencyl.sw.editors.game.advanced.EngineExtensionManager: Loading engine extensions...
2015-12-07 08:51:18,130 DEBUG [AWT-EventQueue-0] stencyl.sw.util.FileHelper: Directories within C:\Users\KCantrell5436\Google Drive\Roosevelt OGPC\stencylworks\engine-extensions: []
2015-12-07 08:51:18,130 INFO  [AWT-EventQueue-0] stencyl.sw.editors.game.advanced.EngineExtensionManager: Engine Extensions: []
2015-12-07 08:51:18,145 WARN  [AWT-EventQueue-0] stencyl.sw.app.ExtensionManager: Couldn't load extension settings.
2015-12-07 08:51:18,145 INFO  [AWT-EventQueue-0] stencyl.sw.app.ExtensionManager: Toolset Extensions: []
2015-12-07 08:51:18,363 DEBUG [AWT-EventQueue-0] stencyl.sw.app.doc.Workspace: Activated: Welcome Center
2015-12-07 08:51:18,379 DEBUG [AWT-EventQueue-0] stencyl.sw.app.App: Silent Authentication.
2015-12-07 08:51:18,379 DEBUG [AWT-EventQueue-0] stencyl.sw.Splash: Dispose Splash
2015-12-07 08:51:18,457 DEBUG [pool-1-thread-1] stencyl.sw.app.tasks.AuthenticateTask: Response: user:::plans0
2015-12-07 08:51:18,457 DEBUG [pool-1-thread-1] stencyl.sw.util.FileHelper: Deleting: C:\Users\KCantrell5436\Google Drive\Roosevelt OGPC\stencylworks\prefs\auth.txt
2015-12-07 08:51:18,488 INFO  [pool-1-thread-1] stencyl.sw.app.tasks.AuthenticateTask: Logged in as: aansell
2015-12-07 08:51:18,488 INFO  [pool-1-thread-1] stencyl.sw.app.tasks.AuthenticateTask: Usergroup: Registered
2015-12-07 08:51:18,581 DEBUG [pool-1-thread-1] stencyl.sw.app.tasks.AuthenticateTask: 200
2015-12-07 08:51:24,450 DEBUG [AWT-EventQueue-0] stencyl.sw.util.FileHelper: Deleting: C:\Users\KCantrell5436\AppData\Local\Temp\stencyl3737584973413093901\sandbox\test\temp
2015-12-07 08:51:24,450 DEBUG [AWT-EventQueue-0] stencyl.sw.util.FileHelper: Deleting: C:\Users\KCantrell5436\Google Drive\Roosevelt OGPC\stencylworks\preview\scripts
2015-12-07 08:51:24,450 DEBUG [AWT-EventQueue-0] stencyl.sw.util.FileHelper: Deleting: C:\Users\KCantrell5436\Google Drive\Roosevelt OGPC\stencylworks\preview\game
2015-12-07 08:51:24,450 INFO  [AWT-EventQueue-0] stencyl.sw.app.tasks.OpenGameTask: Opening game: Roosevelt OGPC
2015-12-07 08:51:24,482 DEBUG [pool-1-thread-1] stencyl.core.lib.Game: Loading scene-specific snippet. SceneID: 0
2015-12-07 08:51:24,497 DEBUG [pool-1-thread-1] stencyl.core.lib.ResourceList: Initializing... 0 : player 1
2015-12-07 08:51:24,497 DEBUG [pool-1-thread-1] stencyl.core.lib.ResourceList: Initializing... 1 : player 1
2015-12-07 08:51:24,559 DEBUG [AWT-EventQueue-0] stencyl.core.lib.io.read.SceneReader: Reading header for Scene: 0 (bedroom) from: scenes\0.xml
2015-12-07 08:51:24,575 DEBUG [AWT-EventQueue-0] stencyl.core.lib.io.read.SceneReader: Reading header for Scene: 0 (bedroom) from: scenes\0.xml
2015-12-07 08:51:24,668 DEBUG [AWT-EventQueue-0] stencyl.sw.app.doc.Workspace: Activated: Dashboard
2015-12-07 08:51:24,668 DEBUG [AWT-EventQueue-0] stencyl.sw.util.FileHelper: Trying to delete file that does not exist: C:\Users\KCantrell5436\AppData\Local\Temp\stencyl3737584973413093901\sandbox\build\code
2015-12-07 08:51:24,668 DEBUG [AWT-EventQueue-0] stencyl.sw.util.FileHelper: Deleting: C:\Users\KCantrell5436\AppData\Local\Temp\stencyl3737584973413093901\sandbox\test\temp
2015-12-07 08:51:24,668 DEBUG [AWT-EventQueue-0] stencyl.core.lib.io.read.SceneReader: Reading header for Scene: 0 (bedroom) from: scenes\0.xml
2015-12-07 08:51:24,715 DEBUG [AWT-EventQueue-0] stencyl.sw.app.tasks.OpenGameTask: Took 265ms
2015-12-07 08:51:24,855 DEBUG [AWT-EventQueue-0] stencyl.sw.editors.game.cgroups.CollisionGroupTree: Loading actor group into tree: Actors
2015-12-07 08:51:24,871 DEBUG [AWT-EventQueue-0] stencyl.sw.editors.game.cgroups.CollisionGroupTree: Loading actor group into tree: Doodads
2015-12-07 08:51:24,886 DEBUG [AWT-EventQueue-0] stencyl.sw.editors.game.cgroups.CollisionGroupTree: Loading actor group into tree: Players
2015-12-07 08:51:24,886 DEBUG [AWT-EventQueue-0] stencyl.sw.editors.game.cgroups.CollisionGroupTree: Loading actor group into tree: Regions
2015-12-07 08:51:24,902 DEBUG [AWT-EventQueue-0] stencyl.sw.editors.game.cgroups.CollisionGroupTree: Loading actor group into tree: Tiles
2015-12-07 08:51:25,525 DEBUG [AWT-EventQueue-0] stencyl.core.lib.Atlas: Getting memory for atlas 0
2015-12-07 08:51:25,525 DEBUG [AWT-EventQueue-0] stencyl.core.lib.Atlas: Added resource 'player 1' to atlas 0
2015-12-07 08:51:25,540 DEBUG [AWT-EventQueue-0] stencyl.core.lib.Atlas: Getting memory for atlas 1
2015-12-07 08:51:25,540 DEBUG [AWT-EventQueue-0] stencyl.core.lib.Atlas: Getting memory for atlas 2
2015-12-07 08:51:25,540 DEBUG [AWT-EventQueue-0] stencyl.core.lib.Atlas: Getting memory for atlas 3
2015-12-07 08:51:25,571 DEBUG [AWT-EventQueue-0] stencyl.core.lib.io.read.SceneReader: Reading header for Scene: 0 (bedroom) from: scenes\0.xml
2015-12-07 08:51:32,795 DEBUG [AWT-EventQueue-0] stencyl.sw.app.doc.Workspace: Loading Closed Resource: bedroom
2015-12-07 08:51:32,888 DEBUG [pool-1-thread-1] stencyl.core.lib.io.read.SceneReader: Reading header for Scene: 0 (bedroom) from: scenes\0.xml
2015-12-07 08:51:32,997 DEBUG [pool-1-thread-1] stencyl.sw.editors.scene.Designer: Brush Changed
2015-12-07 08:51:33,558 DEBUG [pool-1-thread-1] stencyl.sw.editors.snippet.designer.palette.Palette: Palette asked to refresh: Position
2015-12-07 08:51:33,620 DEBUG [pool-1-thread-1] stencyl.sw.editors.snippet.designer.palette.Palette: Palette asked to refresh: Conditions
2015-12-07 08:51:33,869 DEBUG [pool-1-thread-1] stencyl.sw.editors.snippet.designer.palette.Palette: Palette asked to refresh: Actors
2015-12-07 08:51:33,932 DEBUG [pool-1-thread-1] stencyl.sw.editors.snippet.designer.palette.Palette: Palette asked to refresh: Keyboard & Mouse
2015-12-07 08:51:34,009 DEBUG [pool-1-thread-1] stencyl.sw.editors.snippet.designer.palette.Palette: Palette asked to refresh: Math
2015-12-07 08:51:34,056 DEBUG [pool-1-thread-1] stencyl.sw.editors.snippet.designer.palette.Palette: Palette asked to refresh: Getters
2015-12-07 08:51:34,181 DEBUG [pool-1-thread-1] stencyl.sw.editors.snippet.designer.palette.Palette: Palette asked to refresh: Sound
2015-12-07 08:51:34,212 DEBUG [pool-1-thread-1] stencyl.sw.editors.snippet.designer.palette.Palette: Palette asked to refresh: Triggers
2015-12-07 08:51:34,258 DEBUG [pool-1-thread-1] stencyl.sw.editors.snippet.designer.palette.Palette: Palette asked to refresh: Web
2015-12-07 08:51:34,305 DEBUG [pool-1-thread-1] stencyl.sw.editors.snippet.designer.palette.Palette: Palette asked to refresh: Drawing
2015-12-07 08:51:34,352 DEBUG [pool-1-thread-1] stencyl.sw.editors.snippet.designer.palette.Palette: Palette asked to refresh: Basic
2015-12-07 08:51:34,352 DEBUG [pool-1-thread-1] stencyl.sw.editors.snippet.designer.palette.Palette: Palette asked to refresh: Custom
2015-12-07 08:51:34,352 DEBUG [pool-1-thread-1] stencyl.sw.editors.snippet.designer.palette.Palette: Palette asked to refresh: Extensions
2015-12-07 08:51:34,352 DEBUG [pool-1-thread-1] stencyl.sw.editors.snippet.designer.palette.Palette: Palette asked to refresh: Position
2015-12-07 08:51:34,414 DEBUG [pool-1-thread-1] stencyl.sw.editors.snippet.designer.EditArea: ContextSet for current event: []
2015-12-07 08:51:34,414 DEBUG [pool-1-thread-1] stencyl.sw.editors.snippet.designer.palette.Palette: Palette asked to refresh: Position
2015-12-07 08:51:34,508 DEBUG [AWT-EventQueue-0] stencyl.sw.app.doc.Workspace: Activated: bedroom
2015-12-07 08:51:34,508 DEBUG [pool-1-thread-1] stencyl.sw.app.tasks.OpenResourceTask: Open Took 1713ms
2015-12-07 08:51:34,570 DEBUG [AWT-EventQueue-0] stencyl.sw.app.tasks.OpenResourceTask: Total Took 1775ms
2015-12-07 08:51:36,407 DEBUG [AWT-EventQueue-0] stencyl.sw.app.doc.Workspace: Activated: Dashboard
2015-12-07 08:55:00,683 DEBUG [AWT-EventQueue-0] stencyl.sw.SW: Frame was maximized
2015-12-07 08:58:14,903 DEBUG [AWT-EventQueue-0] stencyl.sw.app.doc.Workspace: Activated: bedroom
2015-12-07 08:58:21,918 DEBUG [AWT-EventQueue-0] stencyl.sw.app.doc.Workspace: Activated: Dashboard
2015-12-07 08:58:32,165 DEBUG [AWT-EventQueue-0] stencyl.sw.app.App: Action: Scene
2015-12-07 08:58:39,993 DEBUG [AWT-EventQueue-0] stencyl.sw.app.doc.Workspace: Loading Closed Resource: Bedroom
2015-12-07 08:58:40,055 DEBUG [AWT-EventQueue-0] stencyl.sw.app.doc.Workspace: Unable to refresh document (Bedroom)
2015-12-07 08:58:40,149 DEBUG [AWT-EventQueue-0] stencyl.sw.app.doc.Workspace: Activated: Bedroom
2015-12-07 08:58:40,180 DEBUG [pool-1-thread-2] stencyl.sw.editors.scene.Designer: Brush Changed
2015-12-07 08:58:40,234 DEBUG [pool-1-thread-2] stencyl.sw.editors.scene.Designer: Brush Changed
2015-12-07 08:58:40,250 DEBUG [pool-1-thread-2] stencyl.sw.editors.scene.Designer: Brush Changed
2015-12-07 08:58:40,250 DEBUG [pool-1-thread-2] stencyl.sw.editors.scene.Designer: Brush Changed
2015-12-07 08:58:40,250 DEBUG [pool-1-thread-2] stencyl.sw.editors.scene.Designer: Brush Changed
2015-12-07 08:58:40,265 DEBUG [pool-1-thread-2] stencyl.core.lib.io.read.SceneReader: Reading header for Scene: 0 (bedroom) from: scenes\0.xml
2015-12-07 08:58:40,281 DEBUG [pool-1-thread-2] stencyl.sw.app.tasks.OpenResourceTask: Open Took 288ms
2015-12-07 08:58:40,328 DEBUG [AWT-EventQueue-0] stencyl.sw.app.tasks.OpenResourceTask: Total Took 335ms
2015-12-07 09:02:13,801 WARN  [Timer-0] stencyl.sw.SW: Running low on free memory: 100.0
2015-12-07 09:02:13,801 ERROR [AWT-EventQueue-0] root: Out-of-memory error on thread AWT-EventQueue-0: Java heap space
java.lang.OutOfMemoryError: Java heap space
	at java.awt.image.DataBufferInt.<init>(DataBufferInt.java:75)
	at java.awt.image.Raster.createPackedRaster(Raster.java:467)
	at java.awt.image.DirectColorModel.createCompatibleWritableRaster(DirectColorModel.java:1032)
	at java.awt.image.BufferedImage.<init>(BufferedImage.java:333)
	at stencyl.sw.util.gfx.ImageUtil.scaleManually(ImageUtil.java:288)
	at stencyl.sw.util.gfx.ImageUtil.scale(ImageUtil.java:282)
	at stencyl.sw.util.gfx.ImageUtil.rescaleImage(ImageUtil.java:320)
	at stencyl.sw.util.gfx.ImageUtil.rescaleImage(ImageUtil.java:306)
	at stencyl.sw.editors.animation.FrameImportDialog.actionPerformed(FrameImportDialog.java:602)
	at stencyl.sw.actions.SAction.actionPerformed(SAction.java:120)
	at javax.swing.AbstractButton.fireActionPerformed(AbstractButton.java:2022)
	at javax.swing.AbstractButton$Handler.actionPerformed(AbstractButton.java:2348)
	at javax.swing.DefaultButtonModel.fireActionPerformed(DefaultButtonModel.java:402)
	at javax.swing.DefaultButtonModel.setPressed(DefaultButtonModel.java:259)
	at javax.swing.plaf.basic.BasicButtonListener.mouseReleased(BasicButtonListener.java:252)
	at java.awt.AWTEventMulticaster.mouseReleased(AWTEventMulticaster.java:289)
	at java.awt.Component.processMouseEvent(Component.java:6535)
	at javax.swing.JComponent.processMouseEvent(JComponent.java:3324)
	at java.awt.Component.processEvent(Component.java:6300)
	at java.awt.Container.processEvent(Container.java:2236)
	at java.awt.Component.dispatchEventImpl(Component.java:4891)
	at java.awt.Container.dispatchEventImpl(Container.java:2294)
	at java.awt.Component.dispatchEvent(Component.java:4713)
	at java.awt.LightweightDispatcher.retargetMouseEvent(Container.java:4888)
	at java.awt.LightweightDispatcher.processMouseEvent(Container.java:4525)
	at java.awt.LightweightDispatcher.dispatchEvent(Container.java:4466)
	at java.awt.Container.dispatchEventImpl(Container.java:2280)
	at java.awt.Window.dispatchEventImpl(Window.java:2750)
	at java.awt.Component.dispatchEvent(Component.java:4713)
	at java.awt.EventQueue.dispatchEventImpl(EventQueue.java:758)
	at java.awt.EventQueue.access$500(EventQueue.java:97)
	at java.awt.EventQueue$3.run(EventQueue.java:709)
2015-12-07 09:02:13,801 WARN  [Timer-0] stencyl.sw.util.dg.MessageDialog: Stencyl has reached 90% memory usage. - You should save your work and restart Stencyl. Visit the 'Ask a Question' forum on Stencyl.com for solutions.
2015-12-07 09:02:26,467 WARN  [Timer-0] stencyl.sw.SW: Running low on free memory: 100.0
2015-12-07 09:02:29,477 WARN  [Timer-0] stencyl.sw.SW: Running low on free memory: 100.0
2015-12-07 09:02:30,460 DEBUG [AWT-EventQueue-0] stencyl.sw.app.doc.Workspace: Activated: Dashboard
2015-12-07 09:02:32,487 WARN  [Timer-0] stencyl.sw.SW: Running low on free memory: 100.0
2015-12-07 09:02:34,392 DEBUG [AWT-EventQueue-0] stencyl.sw.app.App: Action: Close Game
2015-12-07 09:02:35,500 WARN  [Timer-0] stencyl.sw.SW: Running low on free memory: 100.0
2015-12-07 09:02:36,950 INFO  [pool-1-thread-3] stencyl.sw.io.write.MasterWriter: Saving game in place.
2015-12-07 09:02:36,966 DEBUG [pool-1-thread-3] stencyl.sw.util.FileHelper: Saving backup file C:\Users\KCantrell5436\Google Drive\Roosevelt OGPC\stencylworks\games\Roosevelt OGPC\game.xml.bak.
2015-12-07 09:02:38,510 WARN  [Timer-0] stencyl.sw.SW: Running low on free memory: 100.0
2015-12-07 09:02:38,525 DEBUG [pool-1-thread-3] stencyl.sw.io.write.MasterWriter: Writing out local resources.
2015-12-07 09:02:38,541 DEBUG [pool-1-thread-3] stencyl.sw.util.FileHelper: Saving backup file C:\Users\KCantrell5436\Google Drive\Roosevelt OGPC\stencylworks\games\Roosevelt OGPC\resources\data.xml.bak.
2015-12-07 09:02:38,541 DEBUG [pool-1-thread-3] stencyl.sw.editors.scene.Designer: Brush Changed
2015-12-07 09:02:38,541 DEBUG [pool-1-thread-3] stencyl.sw.editors.scene.Designer: Brush Changed
2015-12-07 09:02:38,556 DEBUG [pool-1-thread-3] stencyl.sw.editors.scene.Designer: Brush Changed
2015-12-07 09:02:38,588 DEBUG [pool-1-thread-3] stencyl.core.lib.io.read.SceneReader: Reading header for Scene: 0 (bedroom) from: scenes\0.xml
2015-12-07 09:02:38,588 DEBUG [pool-1-thread-3] stencyl.sw.io.write.resource.TilesetWriter: Writing out Tileset to: C:\Users\KCantrell5436\Google Drive\Roosevelt OGPC\stencylworks\games\Roosevelt OGPC\resources\2.png
2015-12-07 09:02:38,603 DEBUG [pool-1-thread-3] stencyl.sw.io.write.resource.TilesetWriter: Writing out Tileset to: C:\Users\KCantrell5436\Google Drive\Roosevelt OGPC\stencylworks\games\Roosevelt OGPC\resources\2@1.5x.png
2015-12-07 09:02:38,603 DEBUG [pool-1-thread-3] stencyl.sw.io.write.resource.TilesetWriter: Writing out Tileset to: C:\Users\KCantrell5436\Google Drive\Roosevelt OGPC\stencylworks\games\Roosevelt OGPC\resources\2@2x.png
2015-12-07 09:02:38,603 DEBUG [pool-1-thread-3] stencyl.sw.io.write.resource.TilesetWriter: Writing out Tileset to: C:\Users\KCantrell5436\Google Drive\Roosevelt OGPC\stencylworks\games\Roosevelt OGPC\resources\2@4x.png
2015-12-07 09:02:38,603 DEBUG [pool-1-thread-3] stencyl.sw.io.write.resource.TilesetWriter: Mark tileset as clean (disk).
2015-12-07 09:02:38,619 DEBUG [pool-1-thread-3] stencyl.sw.io.write.resource.SpriteWriter: Mark actor's sprite as clean (disk).
2015-12-07 09:02:38,619 DEBUG [pool-1-thread-3] stencyl.sw.io.write.MasterWriter: Writing out scenes.
2015-12-07 09:02:38,634 DEBUG [pool-1-thread-3] stencyl.sw.editors.scene.SceneRenderer: Saving thumbnail: C:\Users\KCantrell5436\Google Drive\Roosevelt OGPC\stencylworks\games\Roosevelt OGPC\scenes\0.png
2015-12-07 09:02:38,650 DEBUG [pool-1-thread-3] stencyl.sw.io.write.resource.SceneWriter: Writing terrain.
2015-12-07 09:02:38,650 DEBUG [pool-1-thread-3] stencyl.thirdparty.org.phys2d.Combiner: Num Tiles: 0
2015-12-07 09:02:38,650 DEBUG [pool-1-thread-3] stencyl.thirdparty.org.phys2d.Combiner: Coverage: 0.0%
2015-12-07 09:02:38,650 DEBUG [pool-1-thread-3] stencyl.thirdparty.org.phys2d.Combiner: Segments: (1,1)
2015-12-07 09:02:38,650 DEBUG [pool-1-thread-3] stencyl.thirdparty.org.phys2d.Combiner: Using Pairwise
2015-12-07 09:02:38,650 DEBUG [pool-1-thread-3] stencyl.thirdparty.org.phys2d.Combiner: Combine took: 0ms
2015-12-07 09:02:38,650 DEBUG [pool-1-thread-3] stencyl.sw.io.write.resource.SceneWriter: Terrain processing took: 0ms
2015-12-07 09:02:38,681 DEBUG [pool-1-thread-3] stencyl.core.lib.io.read.SceneReader: Reading header for Scene: 0 (bedroom) from: scenes\0.xml
2015-12-07 09:02:38,681 DEBUG [pool-1-thread-3] stencyl.sw.io.write.resource.ScenesWriter: Writing out Scene bedroom
2015-12-07 09:02:38,681 DEBUG [pool-1-thread-3] stencyl.sw.io.write.MasterWriter: Copying over snippets.
2015-12-07 09:02:38,697 DEBUG [pool-1-thread-3] stencyl.sw.util.FileHelper: Saving backup file C:\Users\KCantrell5436\Google Drive\Roosevelt OGPC\stencylworks\games\Roosevelt OGPC\snippets\list.xml.bak.
2015-12-07 09:02:38,712 DEBUG [pool-1-thread-3] stencyl.sw.io.write.resource.SnippetsWriter: Copy from opened to disk: SceneEvents_0
2015-12-07 09:02:38,712 DEBUG [pool-1-thread-3] stencyl.sw.util.FileHelper: Deleting: C:\Users\KCantrell5436\Google Drive\Roosevelt OGPC\stencylworks\games\Roosevelt OGPC\behavior-hx\SceneEvents_0.hx
2015-12-07 09:02:38,712 DEBUG [pool-1-thread-3] stencyl.sw.io.write.resource.SnippetsWriter: Copied to: C:\Users\KCantrell5436\Google Drive\Roosevelt OGPC\stencylworks\games\Roosevelt OGPC\snippets\SceneEvents_0.design
2015-12-07 09:02:38,728 DEBUG [pool-1-thread-3] stencyl.sw.io.write.MasterWriter: Saving block favorites.
2015-12-07 09:02:38,728 INFO  [pool-1-thread-3] stencyl.sw.io.write.MasterWriter: Done writing game.
2015-12-07 09:02:38,790 DEBUG [AWT-EventQueue-0] stencyl.sw.app.doc.Workspace: Resetting workspace.
2015-12-07 09:02:38,790 DEBUG [AWT-EventQueue-0] stencyl.sw.app.doc.Workspace: Closed Document: bedroom0
2015-12-07 09:02:38,822 DEBUG [AWT-EventQueue-0] stencyl.sw.app.doc.Workspace: Closed Document: Bedroom2
2015-12-07 09:02:38,853 DEBUG [AWT-EventQueue-0] stencyl.sw.app.doc.Workspace: Activated: Welcome Center
2015-12-07 09:02:40,366 INFO  [AWT-EventQueue-0] stencyl.sw.app.App: Attempting to quit out of Stencyl.
2015-12-07 09:02:40,366 DEBUG [AWT-EventQueue-0] stencyl.sw.util.Util: Running command: [taskkill, /im, neko.exe, /f]
2015-12-07 09:02:40,459 DEBUG [Thread-9] stencyl.sw.util.StreamGobbler: [taskkill] ERROR: The process "neko.exe" not found.
2015-12-07 09:02:40,459 DEBUG [AWT-EventQueue-0] stencyl.sw.util.Util: Process 'taskkill' exited with code: 128
2015-12-07 09:02:40,459 DEBUG [AWT-EventQueue-0] stencyl.sw.util.Util: Running command: [taskkill, /im, adb.exe, /f]
2015-12-07 09:02:40,522 DEBUG [Thread-10] stencyl.sw.util.StreamGobbler: [taskkill] ERROR: The process "adb.exe" not found.
2015-12-07 09:02:40,522 DEBUG [AWT-EventQueue-0] stencyl.sw.util.Util: Process 'taskkill' exited with code: 128
2015-12-07 09:02:40,537 DEBUG [AWT-EventQueue-0] stencyl.sw.util.Util: Running command: [taskkill, /im, arm-linux-androideabi-g++.exe, /f]
2015-12-07 09:02:40,600 DEBUG [Thread-11] stencyl.sw.util.StreamGobbler: [taskkill] ERROR: The process "arm-linux-androideabi-g++.exe" not found.
2015-12-07 09:02:40,600 DEBUG [AWT-EventQueue-0] stencyl.sw.util.Util: Process 'taskkill' exited with code: 128
2015-12-07 09:02:40,600 DEBUG [AWT-EventQueue-0] stencyl.sw.util.Util: Running command: [taskkill, /im, cc1plus.exe, /f]
2015-12-07 09:02:40,662 DEBUG [Thread-12] stencyl.sw.util.StreamGobbler: [taskkill] ERROR: The process "cc1plus.exe" not found.
2015-12-07 09:02:40,678 DEBUG [AWT-EventQueue-0] stencyl.sw.util.Util: Process 'taskkill' exited with code: 128
2015-12-07 09:02:40,678 DEBUG [AWT-EventQueue-0] stencyl.sw.util.Util: Running command: [taskkill, /im, tail.exe, /f]
2015-12-07 09:02:40,740 DEBUG [Thread-13] stencyl.sw.util.StreamGobbler: [taskkill] ERROR: The process "tail.exe" not found.
2015-12-07 09:02:40,740 DEBUG [AWT-EventQueue-0] stencyl.sw.util.Util: Process 'taskkill' exited with code: 128
2015-12-07 09:02:40,740 DEBUG [AWT-EventQueue-0] stencyl.sw.util.Util: Running command: [taskkill, /im, ios-sim.exe, /f]
2015-12-07 09:02:40,802 DEBUG [Thread-14] stencyl.sw.util.StreamGobbler: [taskkill] ERROR: The process "ios-sim.exe" not found.
2015-12-07 09:02:40,802 DEBUG [AWT-EventQueue-0] stencyl.sw.util.Util: Process 'taskkill' exited with code: 128
2015-12-07 09:02:40,802 DEBUG [AWT-EventQueue-0] stencyl.sw.app.App: Destroying extensions.
2015-12-07 09:02:40,802 DEBUG [AWT-EventQueue-0] stencyl.sw.app.App: Performing final close.
2015-12-07 09:02:40,818 INFO  [AWT-EventQueue-0] stencyl.sw.app.App: Exiting...
2015-12-07 09:02:40,818 DEBUG [AWT-EventQueue-0] stencyl.sw.app.App: Destroying Temporary Sandbox.
2015-12-07 09:02:40,818 DEBUG [AWT-EventQueue-0] stencyl.sw.util.FileHelper: Deleting: C:\Users\KCantrell5436\AppData\Local\Temp\stencyl3737584973413093901
