2015-12-02 09:38:33,499 INFO  [main] stencyl.sw.Session: Logfile: C:\Users\glafond5733\AppData\Roaming\Stencyl\stencylworks\logs\2015-12-02_09-38-21.log
2015-12-02 09:38:33,499 INFO  [main] stencyl.sw.Session: Logfile: C:\Users\glafond5733\AppData\Roaming\Stencyl\stencylworks\logs\2015-12-02_09-38-21.log
2015-12-02 09:38:33,894 INFO  [main] stencyl.sw.Session: OS Name: Windows 7
2015-12-02 09:38:33,894 INFO  [main] stencyl.sw.Session: OS Version: 6.1 (64-bit)
2015-12-02 09:38:33,894 INFO  [main] stencyl.sw.Session: Java Version: 1.8.0_60
2015-12-02 09:38:33,894 INFO  [main] stencyl.sw.Session: Stencyl Version: 3.3.2 (b8734)
2015-12-02 09:38:33,894 INFO  [main] stencyl.sw.Session: OS Name: Windows 7
2015-12-02 09:38:33,897 INFO  [main] stencyl.sw.Session: OS Version: 6.1 (64-bit)
2015-12-02 09:38:33,897 INFO  [main] stencyl.sw.Session: Java Version: 1.8.0_60
2015-12-02 09:38:33,897 INFO  [main] stencyl.sw.Session: Stencyl Version: 3.3.2 (b8734)
2015-12-02 09:38:33,897 INFO  [main] stencyl.sw.Session: Stencyl Workspace: C:\Users\glafond5733\AppData\Roaming\Stencyl\
2015-12-02 09:38:33,899 INFO  [main] stencyl.sw.Session: User Working Directory: C:\Program Files (x86)\Stencyl
2015-12-02 09:38:33,899 INFO  [main] stencyl.sw.Session: User Home Directory: C:\Users\glafond5733
2015-12-02 09:38:33,899 INFO  [main] stencyl.sw.Session: Stencyl Workspace: C:\Users\glafond5733\AppData\Roaming\Stencyl\
2015-12-02 09:38:33,899 INFO  [main] stencyl.sw.Session: System Path: C:\ProgramData\Oracle\Java\javapath;C:\Program Files (x86)\Intel\iCLS Client\;C:\Program Files\Intel\iCLS Client\;C:\WINDOWS\system32;C:\WINDOWS;C:\WINDOWS\System32\Wbem;C:\WINDOWS\System32\WindowsPowerShell\v1.0\;C:\WINDOWS\CCM;C:\WINDOWS\CCM;C:\Program Files (x86)\QuickTime\QTSystem\;C:\Program Files\Intel\Intel(R) Management Engine Components\DAL;C:\Program Files\Intel\Intel(R) Management Engine Components\IPT;C:\Program Files (x86)\Intel\Intel(R) Management Engine Components\DAL;C:\Program Files (x86)\Intel\Intel(R) Management Engine Components\IPT;C:\Program Files (x86)\Stencyl\runtimes\jre-win\bin
2015-12-02 09:38:33,899 INFO  [main] stencyl.sw.Session: User Working Directory: C:\Program Files (x86)\Stencyl
2015-12-02 09:38:33,899 INFO  [main] stencyl.sw.Session: User Home Directory: C:\Users\glafond5733
2015-12-02 09:38:33,899 INFO  [main] stencyl.sw.Session: System Path: C:\ProgramData\Oracle\Java\javapath;C:\Program Files (x86)\Intel\iCLS Client\;C:\Program Files\Intel\iCLS Client\;C:\WINDOWS\system32;C:\WINDOWS;C:\WINDOWS\System32\Wbem;C:\WINDOWS\System32\WindowsPowerShell\v1.0\;C:\WINDOWS\CCM;C:\WINDOWS\CCM;C:\Program Files (x86)\QuickTime\QTSystem\;C:\Program Files\Intel\Intel(R) Management Engine Components\DAL;C:\Program Files\Intel\Intel(R) Management Engine Components\IPT;C:\Program Files (x86)\Intel\Intel(R) Management Engine Components\DAL;C:\Program Files (x86)\Intel\Intel(R) Management Engine Components\IPT;C:\Program Files (x86)\Stencyl\runtimes\jre-win\bin
2015-12-02 09:38:36,800 DEBUG [main] stencyl.sw.util.FileHelper: Deleting: C:\Users\GLAFON~1\AppData\Local\Temp\stencyl4363571829478050471
2015-12-02 09:38:36,800 DEBUG [main] stencyl.sw.util.FileHelper: Deleting: C:\Users\GLAFON~1\AppData\Local\Temp\stencyl3000631954995614369
2015-12-02 09:38:36,909 DEBUG [main] stencyl.sw.loc.LanguagePack: Reading... lang\en\global-phrases.lang
2015-12-02 09:38:36,909 DEBUG [main] stencyl.sw.loc.LanguagePack: Reading... lang\en\global-phrases.lang
2015-12-02 09:38:37,049 DEBUG [main] stencyl.sw.loc.LanguagePack: Reading... lang\en\global-errors.lang
2015-12-02 09:38:37,049 DEBUG [main] stencyl.sw.loc.LanguagePack: Reading... lang\en\global-errors.lang
2015-12-02 09:38:37,174 DEBUG [main] stencyl.sw.loc.LanguagePack: Reading... lang\en\global-menu.lang
2015-12-02 09:38:37,174 DEBUG [main] stencyl.sw.loc.LanguagePack: Reading... lang\en\global-menu.lang
2015-12-02 09:38:37,283 DEBUG [main] stencyl.sw.loc.LanguagePack: Reading... lang\en\global-welcome.lang
2015-12-02 09:38:37,283 DEBUG [main] stencyl.sw.loc.LanguagePack: Reading... lang\en\global-welcome.lang
2015-12-02 09:38:37,362 DEBUG [main] stencyl.sw.loc.LanguagePack: Reading... lang\en\global-dashboard.lang
2015-12-02 09:38:37,362 DEBUG [main] stencyl.sw.loc.LanguagePack: Reading... lang\en\global-dashboard.lang
2015-12-02 09:38:37,502 DEBUG [main] stencyl.sw.loc.LanguagePack: Reading... lang\en\global-publish.lang
2015-12-02 09:38:37,502 DEBUG [main] stencyl.sw.loc.LanguagePack: Reading... lang\en\global-publish.lang
2015-12-02 09:38:37,565 DEBUG [main] stencyl.sw.loc.LanguagePack: Reading... lang\en\global-updater.lang
2015-12-02 09:38:37,565 DEBUG [main] stencyl.sw.loc.LanguagePack: Reading... lang\en\global-updater.lang
2015-12-02 09:38:37,643 DEBUG [main] stencyl.sw.loc.LanguagePack: Reading... lang\en\global-chat.lang
2015-12-02 09:38:37,643 DEBUG [main] stencyl.sw.loc.LanguagePack: Reading... lang\en\global-chat.lang
2015-12-02 09:38:37,754 DEBUG [main] stencyl.sw.loc.LanguagePack: Reading... lang\en\global-misc.lang
2015-12-02 09:38:37,754 DEBUG [main] stencyl.sw.loc.LanguagePack: Reading... lang\en\global-misc.lang
2015-12-02 09:38:37,772 DEBUG [main] stencyl.sw.loc.LanguagePack: Reading... lang\en\global-forge.lang
2015-12-02 09:38:37,775 DEBUG [main] stencyl.sw.loc.LanguagePack: Reading... lang\en\global-forge.lang
2015-12-02 09:38:37,824 DEBUG [main] stencyl.sw.loc.LanguagePack: Reading... lang\en\global-prefs.lang
2015-12-02 09:38:37,824 DEBUG [main] stencyl.sw.loc.LanguagePack: Reading... lang\en\global-prefs.lang
2015-12-02 09:38:37,911 DEBUG [main] stencyl.sw.loc.LanguagePack: Reading... lang\en\global-creategame.lang
2015-12-02 09:38:37,911 DEBUG [main] stencyl.sw.loc.LanguagePack: Reading... lang\en\global-creategame.lang
2015-12-02 09:38:37,945 DEBUG [main] stencyl.sw.loc.LanguagePack: Reading... lang\en\behavior-main.lang
2015-12-02 09:38:37,945 DEBUG [main] stencyl.sw.loc.LanguagePack: Reading... lang\en\behavior-main.lang
2015-12-02 09:38:38,022 DEBUG [main] stencyl.sw.loc.LanguagePack: Reading... lang\en\behavior-blocks.lang
2015-12-02 09:38:38,025 DEBUG [main] stencyl.sw.loc.LanguagePack: Reading... lang\en\behavior-blocks.lang
2015-12-02 09:38:38,156 DEBUG [main] stencyl.sw.loc.LanguagePack: Reading... lang\en\behavior-blockhelp.lang
2015-12-02 09:38:38,161 DEBUG [main] stencyl.sw.loc.LanguagePack: Reading... lang\en\behavior-blockhelp.lang
2015-12-02 09:38:38,262 DEBUG [main] stencyl.sw.loc.LanguagePack: Reading... lang\en\behavior-events.lang
2015-12-02 09:38:38,262 DEBUG [main] stencyl.sw.loc.LanguagePack: Reading... lang\en\behavior-events.lang
2015-12-02 09:38:38,262 DEBUG [main] stencyl.sw.loc.LanguagePack: Reading... lang\en\behavior-code.lang
2015-12-02 09:38:38,262 DEBUG [main] stencyl.sw.loc.LanguagePack: Reading... lang\en\behavior-code.lang
2015-12-02 09:38:38,262 DEBUG [main] stencyl.sw.loc.LanguagePack: Reading... lang\en\behavior-attributes.lang
2015-12-02 09:38:38,262 DEBUG [main] stencyl.sw.loc.LanguagePack: Reading... lang\en\behavior-attributes.lang
2015-12-02 09:38:38,308 DEBUG [main] stencyl.sw.loc.LanguagePack: Reading... lang\en\behavior-create.lang
2015-12-02 09:38:38,308 DEBUG [main] stencyl.sw.loc.LanguagePack: Reading... lang\en\behavior-create.lang
2015-12-02 09:38:38,308 DEBUG [main] stencyl.sw.loc.LanguagePack: Reading... lang\en\behavior-byob.lang
2015-12-02 09:38:38,308 DEBUG [main] stencyl.sw.loc.LanguagePack: Reading... lang\en\behavior-byob.lang
2015-12-02 09:38:38,311 DEBUG [main] stencyl.sw.loc.LanguagePack: Reading... lang\en\editor-actor-main.lang
2015-12-02 09:38:38,311 DEBUG [main] stencyl.sw.loc.LanguagePack: Reading... lang\en\editor-actor-main.lang
2015-12-02 09:38:38,357 DEBUG [main] stencyl.sw.loc.LanguagePack: Reading... lang\en\editor-actor-physics.lang
2015-12-02 09:38:38,357 DEBUG [main] stencyl.sw.loc.LanguagePack: Reading... lang\en\editor-actor-physics.lang
2015-12-02 09:38:38,357 DEBUG [main] stencyl.sw.loc.LanguagePack: Reading... lang\en\editor-background.lang
2015-12-02 09:38:38,357 DEBUG [main] stencyl.sw.loc.LanguagePack: Reading... lang\en\editor-background.lang
2015-12-02 09:38:38,447 DEBUG [main] stencyl.sw.loc.LanguagePack: Reading... lang\en\editor-behaviorchooser.lang
2015-12-02 09:38:38,447 DEBUG [main] stencyl.sw.loc.LanguagePack: Reading... lang\en\editor-behaviorchooser.lang
2015-12-02 09:38:38,447 DEBUG [main] stencyl.sw.loc.LanguagePack: Reading... lang\en\editor-desktop.lang
2015-12-02 09:38:38,447 DEBUG [main] stencyl.sw.loc.LanguagePack: Reading... lang\en\editor-desktop.lang
2015-12-02 09:38:38,473 DEBUG [main] stencyl.sw.loc.LanguagePack: Reading... lang\en\editor-font.lang
2015-12-02 09:38:38,473 DEBUG [main] stencyl.sw.loc.LanguagePack: Reading... lang\en\editor-font.lang
2015-12-02 09:38:38,540 DEBUG [main] stencyl.sw.loc.LanguagePack: Reading... lang\en\editor-sound.lang
2015-12-02 09:38:38,540 DEBUG [main] stencyl.sw.loc.LanguagePack: Reading... lang\en\editor-sound.lang
2015-12-02 09:38:38,612 DEBUG [main] stencyl.sw.loc.LanguagePack: Reading... lang\en\editor-tileset.lang
2015-12-02 09:38:38,612 DEBUG [main] stencyl.sw.loc.LanguagePack: Reading... lang\en\editor-tileset.lang
2015-12-02 09:38:38,612 DEBUG [main] stencyl.sw.loc.LanguagePack: Reading... lang\en\editor-preloader.lang
2015-12-02 09:38:38,612 DEBUG [main] stencyl.sw.loc.LanguagePack: Reading... lang\en\editor-preloader.lang
2015-12-02 09:38:38,657 DEBUG [main] stencyl.sw.loc.LanguagePack: Reading... lang\en\editor-mobile.lang
2015-12-02 09:38:38,657 DEBUG [main] stencyl.sw.loc.LanguagePack: Reading... lang\en\editor-mobile.lang
2015-12-02 09:38:38,702 DEBUG [main] stencyl.sw.loc.LanguagePack: Reading... lang\en\editor-groups.lang
2015-12-02 09:38:38,702 DEBUG [main] stencyl.sw.loc.LanguagePack: Reading... lang\en\editor-groups.lang
2015-12-02 09:38:38,793 DEBUG [main] stencyl.sw.loc.LanguagePack: Reading... lang\en\editor-attributes.lang
2015-12-02 09:38:38,793 DEBUG [main] stencyl.sw.loc.LanguagePack: Reading... lang\en\editor-attributes.lang
2015-12-02 09:38:38,855 DEBUG [main] stencyl.sw.loc.LanguagePack: Reading... lang\en\editor-input.lang
2015-12-02 09:38:38,855 DEBUG [main] stencyl.sw.loc.LanguagePack: Reading... lang\en\editor-input.lang
2015-12-02 09:38:38,855 DEBUG [main] stencyl.sw.loc.LanguagePack: Reading... lang\en\editor-animation.lang
2015-12-02 09:38:38,855 DEBUG [main] stencyl.sw.loc.LanguagePack: Reading... lang\en\editor-animation.lang
2015-12-02 09:38:38,886 DEBUG [main] stencyl.sw.loc.LanguagePack: Reading... lang\en\editor-scene-main.lang
2015-12-02 09:38:38,886 DEBUG [main] stencyl.sw.loc.LanguagePack: Reading... lang\en\editor-scene-main.lang
2015-12-02 09:38:38,902 DEBUG [main] stencyl.sw.loc.LanguagePack: Reading... lang\en\editor-scene-create.lang
2015-12-02 09:38:38,902 DEBUG [main] stencyl.sw.loc.LanguagePack: Reading... lang\en\editor-scene-create.lang
2015-12-02 09:38:39,032 DEBUG [main] stencyl.sw.loc.LanguagePack: Reading... lang\en\editor-scene-tools.lang
2015-12-02 09:38:39,032 DEBUG [main] stencyl.sw.loc.LanguagePack: Reading... lang\en\editor-scene-tools.lang
2015-12-02 09:38:39,032 DEBUG [main] stencyl.sw.loc.LanguagePack: Reading... lang\en\global-phrases.lang
2015-12-02 09:38:39,032 DEBUG [main] stencyl.sw.loc.LanguagePack: Reading... lang\en\global-phrases.lang
2015-12-02 09:38:39,032 DEBUG [main] stencyl.sw.loc.LanguagePack: Reading... lang\en\global-errors.lang
2015-12-02 09:38:39,032 DEBUG [main] stencyl.sw.loc.LanguagePack: Reading... lang\en\global-errors.lang
2015-12-02 09:38:39,032 DEBUG [main] stencyl.sw.loc.LanguagePack: Reading... lang\en\global-menu.lang
2015-12-02 09:38:39,032 DEBUG [main] stencyl.sw.loc.LanguagePack: Reading... lang\en\global-menu.lang
2015-12-02 09:38:39,032 DEBUG [main] stencyl.sw.loc.LanguagePack: Reading... lang\en\global-welcome.lang
2015-12-02 09:38:39,032 DEBUG [main] stencyl.sw.loc.LanguagePack: Reading... lang\en\global-dashboard.lang
2015-12-02 09:38:39,032 DEBUG [main] stencyl.sw.loc.LanguagePack: Reading... lang\en\global-welcome.lang
2015-12-02 09:38:39,032 DEBUG [main] stencyl.sw.loc.LanguagePack: Reading... lang\en\global-publish.lang
2015-12-02 09:38:39,032 DEBUG [main] stencyl.sw.loc.LanguagePack: Reading... lang\en\global-dashboard.lang
2015-12-02 09:38:39,032 DEBUG [main] stencyl.sw.loc.LanguagePack: Reading... lang\en\global-updater.lang
2015-12-02 09:38:39,032 DEBUG [main] stencyl.sw.loc.LanguagePack: Reading... lang\en\global-chat.lang
2015-12-02 09:38:39,032 DEBUG [main] stencyl.sw.loc.LanguagePack: Reading... lang\en\global-publish.lang
2015-12-02 09:38:39,032 DEBUG [main] stencyl.sw.loc.LanguagePack: Reading... lang\en\global-misc.lang
2015-12-02 09:38:39,032 DEBUG [main] stencyl.sw.loc.LanguagePack: Reading... lang\en\global-updater.lang
2015-12-02 09:38:39,032 DEBUG [main] stencyl.sw.loc.LanguagePack: Reading... lang\en\global-chat.lang
2015-12-02 09:38:39,032 DEBUG [main] stencyl.sw.loc.LanguagePack: Reading... lang\en\global-forge.lang
2015-12-02 09:38:39,032 DEBUG [main] stencyl.sw.loc.LanguagePack: Reading... lang\en\global-prefs.lang
2015-12-02 09:38:39,032 DEBUG [main] stencyl.sw.loc.LanguagePack: Reading... lang\en\global-misc.lang
2015-12-02 09:38:39,032 DEBUG [main] stencyl.sw.loc.LanguagePack: Reading... lang\en\global-creategame.lang
2015-12-02 09:38:39,032 DEBUG [main] stencyl.sw.loc.LanguagePack: Reading... lang\en\global-forge.lang
2015-12-02 09:38:39,032 DEBUG [main] stencyl.sw.loc.LanguagePack: Reading... lang\en\behavior-main.lang
2015-12-02 09:38:39,032 DEBUG [main] stencyl.sw.loc.LanguagePack: Reading... lang\en\global-prefs.lang
2015-12-02 09:38:39,035 DEBUG [main] stencyl.sw.loc.LanguagePack: Reading... lang\en\global-creategame.lang
2015-12-02 09:38:39,032 DEBUG [main] stencyl.sw.loc.LanguagePack: Reading... lang\en\behavior-blocks.lang
2015-12-02 09:38:39,035 DEBUG [main] stencyl.sw.loc.LanguagePack: Reading... lang\en\behavior-main.lang
2015-12-02 09:38:39,035 DEBUG [main] stencyl.sw.loc.LanguagePack: Reading... lang\en\behavior-blocks.lang
2015-12-02 09:38:39,035 DEBUG [main] stencyl.sw.loc.LanguagePack: Reading... lang\en\behavior-blockhelp.lang
2015-12-02 09:38:39,035 DEBUG [main] stencyl.sw.loc.LanguagePack: Reading... lang\en\behavior-blockhelp.lang
2015-12-02 09:38:39,035 DEBUG [main] stencyl.sw.loc.LanguagePack: Reading... lang\en\behavior-events.lang
2015-12-02 09:38:39,035 DEBUG [main] stencyl.sw.loc.LanguagePack: Reading... lang\en\behavior-code.lang
2015-12-02 09:38:39,035 DEBUG [main] stencyl.sw.loc.LanguagePack: Reading... lang\en\behavior-attributes.lang
2015-12-02 09:38:39,035 DEBUG [main] stencyl.sw.loc.LanguagePack: Reading... lang\en\behavior-create.lang
2015-12-02 09:38:39,035 DEBUG [main] stencyl.sw.loc.LanguagePack: Reading... lang\en\behavior-events.lang
2015-12-02 09:38:39,035 DEBUG [main] stencyl.sw.loc.LanguagePack: Reading... lang\en\behavior-byob.lang
2015-12-02 09:38:39,035 DEBUG [main] stencyl.sw.loc.LanguagePack: Reading... lang\en\behavior-code.lang
2015-12-02 09:38:39,035 DEBUG [main] stencyl.sw.loc.LanguagePack: Reading... lang\en\editor-actor-main.lang
2015-12-02 09:38:39,035 DEBUG [main] stencyl.sw.loc.LanguagePack: Reading... lang\en\editor-actor-physics.lang
2015-12-02 09:38:39,035 DEBUG [main] stencyl.sw.loc.LanguagePack: Reading... lang\en\behavior-attributes.lang
2015-12-02 09:38:39,035 DEBUG [main] stencyl.sw.loc.LanguagePack: Reading... lang\en\editor-background.lang
2015-12-02 09:38:39,035 DEBUG [main] stencyl.sw.loc.LanguagePack: Reading... lang\en\behavior-create.lang
2015-12-02 09:38:39,035 DEBUG [main] stencyl.sw.loc.LanguagePack: Reading... lang\en\editor-behaviorchooser.lang
2015-12-02 09:38:39,035 DEBUG [main] stencyl.sw.loc.LanguagePack: Reading... lang\en\behavior-byob.lang
2015-12-02 09:38:39,035 DEBUG [main] stencyl.sw.loc.LanguagePack: Reading... lang\en\editor-desktop.lang
2015-12-02 09:38:39,035 DEBUG [main] stencyl.sw.loc.LanguagePack: Reading... lang\en\editor-actor-main.lang
2015-12-02 09:38:39,035 DEBUG [main] stencyl.sw.loc.LanguagePack: Reading... lang\en\editor-actor-physics.lang
2015-12-02 09:38:39,035 DEBUG [main] stencyl.sw.loc.LanguagePack: Reading... lang\en\editor-background.lang
2015-12-02 09:38:39,035 DEBUG [main] stencyl.sw.loc.LanguagePack: Reading... lang\en\editor-font.lang
2015-12-02 09:38:39,035 DEBUG [main] stencyl.sw.loc.LanguagePack: Reading... lang\en\editor-behaviorchooser.lang
2015-12-02 09:38:39,035 DEBUG [main] stencyl.sw.loc.LanguagePack: Reading... lang\en\editor-sound.lang
2015-12-02 09:38:39,035 DEBUG [main] stencyl.sw.loc.LanguagePack: Reading... lang\en\editor-desktop.lang
2015-12-02 09:38:39,035 DEBUG [main] stencyl.sw.loc.LanguagePack: Reading... lang\en\editor-tileset.lang
2015-12-02 09:38:39,035 DEBUG [main] stencyl.sw.loc.LanguagePack: Reading... lang\en\editor-font.lang
2015-12-02 09:38:39,035 DEBUG [main] stencyl.sw.loc.LanguagePack: Reading... lang\en\editor-preloader.lang
2015-12-02 09:38:39,035 DEBUG [main] stencyl.sw.loc.LanguagePack: Reading... lang\en\editor-mobile.lang
2015-12-02 09:38:39,035 DEBUG [main] stencyl.sw.loc.LanguagePack: Reading... lang\en\editor-groups.lang
2015-12-02 09:38:39,035 DEBUG [main] stencyl.sw.loc.LanguagePack: Reading... lang\en\editor-sound.lang
2015-12-02 09:38:39,035 DEBUG [main] stencyl.sw.loc.LanguagePack: Reading... lang\en\editor-attributes.lang
2015-12-02 09:38:39,035 DEBUG [main] stencyl.sw.loc.LanguagePack: Reading... lang\en\editor-tileset.lang
2015-12-02 09:38:39,035 DEBUG [main] stencyl.sw.loc.LanguagePack: Reading... lang\en\editor-input.lang
2015-12-02 09:38:39,035 DEBUG [main] stencyl.sw.loc.LanguagePack: Reading... lang\en\editor-preloader.lang
2015-12-02 09:38:39,035 DEBUG [main] stencyl.sw.loc.LanguagePack: Reading... lang\en\editor-mobile.lang
2015-12-02 09:38:39,035 DEBUG [main] stencyl.sw.loc.LanguagePack: Reading... lang\en\editor-groups.lang
2015-12-02 09:38:39,035 DEBUG [main] stencyl.sw.loc.LanguagePack: Reading... lang\en\editor-attributes.lang
2015-12-02 09:38:39,035 DEBUG [main] stencyl.sw.loc.LanguagePack: Reading... lang\en\editor-animation.lang
2015-12-02 09:38:39,035 DEBUG [main] stencyl.sw.loc.LanguagePack: Reading... lang\en\editor-input.lang
2015-12-02 09:38:39,035 DEBUG [main] stencyl.sw.loc.LanguagePack: Reading... lang\en\editor-animation.lang
2015-12-02 09:38:39,037 DEBUG [main] stencyl.sw.loc.LanguagePack: Reading... lang\en\editor-scene-main.lang
2015-12-02 09:38:39,037 DEBUG [main] stencyl.sw.loc.LanguagePack: Reading... lang\en\editor-scene-main.lang
2015-12-02 09:38:39,037 DEBUG [main] stencyl.sw.loc.LanguagePack: Reading... lang\en\editor-scene-create.lang
2015-12-02 09:38:39,037 DEBUG [main] stencyl.sw.loc.LanguagePack: Reading... lang\en\editor-scene-create.lang
2015-12-02 09:38:39,037 DEBUG [main] stencyl.sw.loc.LanguagePack: Reading... lang\en\editor-scene-tools.lang
2015-12-02 09:38:39,040 DEBUG [main] stencyl.sw.loc.LanguagePack: Reading... lang\en\editor-scene-tools.lang
2015-12-02 09:38:39,040 INFO  [AWT-EventQueue-0] stencyl.sw.SW: Initializing Stencyl.
2015-12-02 09:38:39,040 INFO  [AWT-EventQueue-0] stencyl.sw.SW: Initializing Stencyl.
2015-12-02 09:38:39,371 DEBUG [AWT-EventQueue-0] stencyl.sw.Splash: Set Splash message: Look
2015-12-02 09:38:39,371 DEBUG [AWT-EventQueue-0] stencyl.sw.Splash: Set Splash message: Look
2015-12-02 09:39:01,251 INFO  [AWT-EventQueue-0] stencyl.sw.ext.ExtensionDependencyManager: Haxelib actuate 1.6.5
2015-12-02 09:39:01,251 INFO  [AWT-EventQueue-0] stencyl.sw.ext.ExtensionDependencyManager: Haxelib actuate 1.6.5
2015-12-02 09:39:01,289 INFO  [AWT-EventQueue-0] stencyl.sw.ext.ExtensionDependencyManager: Haxelib box2d 1.11.0
2015-12-02 09:39:01,289 INFO  [AWT-EventQueue-0] stencyl.sw.ext.ExtensionDependencyManager: Haxelib box2d 1.11.0
2015-12-02 09:39:01,291 INFO  [AWT-EventQueue-0] stencyl.sw.ext.ExtensionDependencyManager: Haxelib box2d-fake 1.11.0
2015-12-02 09:39:01,291 INFO  [AWT-EventQueue-0] stencyl.sw.ext.ExtensionDependencyManager: Haxelib box2d-fake 1.11.0
2015-12-02 09:39:01,291 INFO  [AWT-EventQueue-0] stencyl.sw.ext.ExtensionDependencyManager: Haxelib console 1.0.0
2015-12-02 09:39:01,291 INFO  [AWT-EventQueue-0] stencyl.sw.ext.ExtensionDependencyManager: Haxelib console 1.0.0
2015-12-02 09:39:01,294 INFO  [AWT-EventQueue-0] stencyl.sw.ext.ExtensionDependencyManager: Haxelib format 3.1.2
2015-12-02 09:39:01,294 INFO  [AWT-EventQueue-0] stencyl.sw.ext.ExtensionDependencyManager: Haxelib format 3.1.2
2015-12-02 09:39:01,360 INFO  [AWT-EventQueue-0] stencyl.sw.ext.ExtensionDependencyManager: Haxelib hxcpp 3.2.0
2015-12-02 09:39:01,360 INFO  [AWT-EventQueue-0] stencyl.sw.ext.ExtensionDependencyManager: Haxelib hxcpp 3.2.0
2015-12-02 09:39:01,360 INFO  [AWT-EventQueue-0] stencyl.sw.ext.ExtensionDependencyManager: Haxelib hxtelemetry 0.3.1
2015-12-02 09:39:01,360 INFO  [AWT-EventQueue-0] stencyl.sw.ext.ExtensionDependencyManager: Haxelib hxtelemetry 0.3.1
2015-12-02 09:39:01,385 INFO  [AWT-EventQueue-0] stencyl.sw.ext.ExtensionDependencyManager: Haxelib layout 1.1.0
2015-12-02 09:39:01,387 INFO  [AWT-EventQueue-0] stencyl.sw.ext.ExtensionDependencyManager: Haxelib lime 2.6.8
2015-12-02 09:39:01,387 INFO  [AWT-EventQueue-0] stencyl.sw.ext.ExtensionDependencyManager: Haxelib layout 1.1.0
2015-12-02 09:39:01,390 INFO  [AWT-EventQueue-0] stencyl.sw.ext.ExtensionDependencyManager: Haxelib lime 2.6.8
2015-12-02 09:39:01,461 INFO  [AWT-EventQueue-0] stencyl.sw.ext.ExtensionDependencyManager: Haxelib openfl 3.3.8
2015-12-02 09:39:01,461 INFO  [AWT-EventQueue-0] stencyl.sw.ext.ExtensionDependencyManager: Haxelib openfl 3.3.8
2015-12-02 09:39:01,461 INFO  [AWT-EventQueue-0] stencyl.sw.ext.ExtensionDependencyManager: Haxelib polygonal-ds 1.4.1
2015-12-02 09:39:01,461 INFO  [AWT-EventQueue-0] stencyl.sw.ext.ExtensionDependencyManager: Haxelib polygonal-ds 1.4.1
2015-12-02 09:39:01,476 INFO  [AWT-EventQueue-0] stencyl.sw.ext.ExtensionDependencyManager: Haxelib polygonal-printf 1.0.0.beta
2015-12-02 09:39:01,476 INFO  [AWT-EventQueue-0] stencyl.sw.ext.ExtensionDependencyManager: Haxelib polygonal-printf 1.0.0.beta
2015-12-02 09:39:01,476 INFO  [AWT-EventQueue-0] stencyl.sw.ext.ExtensionDependencyManager: Haxelib stencyl 1.0.0
2015-12-02 09:39:01,476 INFO  [AWT-EventQueue-0] stencyl.sw.ext.ExtensionDependencyManager: Haxelib stencyl 1.0.0
2015-12-02 09:39:01,476 INFO  [AWT-EventQueue-0] stencyl.sw.ext.ExtensionDependencyManager: Haxelib stencyl-cppia 1.0.0
2015-12-02 09:39:01,476 INFO  [AWT-EventQueue-0] stencyl.sw.ext.ExtensionDependencyManager: Haxelib stencyl-cppia 1.0.0
2015-12-02 09:39:01,476 INFO  [AWT-EventQueue-0] stencyl.sw.ext.ExtensionDependencyManager: Haxelib svg 1.0.8
2015-12-02 09:39:01,476 INFO  [AWT-EventQueue-0] stencyl.sw.ext.ExtensionDependencyManager: Haxelib svg 1.0.8
2015-12-02 09:39:01,476 INFO  [AWT-EventQueue-0] stencyl.sw.ext.ExtensionDependencyManager: Haxelib swf 1.7.4
2015-12-02 09:39:01,476 INFO  [AWT-EventQueue-0] stencyl.sw.ext.ExtensionDependencyManager: Haxelib swf 1.7.4
2015-12-02 09:39:01,476 INFO  [AWT-EventQueue-0] stencyl.sw.ext.ExtensionDependencyManager: Haxelib tilelayer 0.2.1
2015-12-02 09:39:01,476 INFO  [AWT-EventQueue-0] stencyl.sw.ext.ExtensionDependencyManager: Haxelib tilelayer 0.2.1
2015-12-02 09:39:01,648 DEBUG [AWT-EventQueue-0] stencyl.sw.util.FileHelper: Matching (non-hidden) files within C:\Users\glafond5733\AppData\Roaming\Stencyl\stencylworks\extensions: []
2015-12-02 09:39:01,648 DEBUG [AWT-EventQueue-0] stencyl.sw.util.FileHelper: Matching (non-hidden) files within C:\Users\glafond5733\AppData\Roaming\Stencyl\stencylworks\extensions: []
2015-12-02 09:39:01,648 DEBUG [AWT-EventQueue-0] stencyl.sw.util.FileHelper: Matching (non-hidden) files within C:\Users\glafond5733\AppData\Roaming\Stencyl\stencylworks\extensions: []
2015-12-02 09:39:01,648 DEBUG [AWT-EventQueue-0] stencyl.sw.editors.game.advanced.EngineExtensionManager: Loading engine extensions...
2015-12-02 09:39:01,648 DEBUG [AWT-EventQueue-0] stencyl.sw.util.FileHelper: Matching (non-hidden) files within C:\Users\glafond5733\AppData\Roaming\Stencyl\stencylworks\extensions: []
2015-12-02 09:39:01,648 DEBUG [AWT-EventQueue-0] stencyl.sw.editors.game.advanced.EngineExtensionManager: Loading engine extensions...
2015-12-02 09:39:01,897 DEBUG [AWT-EventQueue-0] stencyl.sw.util.FileHelper: Directories within C:\Users\glafond5733\AppData\Roaming\Stencyl\stencylworks\engine-extensions: [C:\Users\glafond5733\AppData\Roaming\Stencyl\stencylworks\engine-extensions\ads, C:\Users\glafond5733\AppData\Roaming\Stencyl\stencylworks\engine-extensions\gamecenter, C:\Users\glafond5733\AppData\Roaming\Stencyl\stencylworks\engine-extensions\gestures, C:\Users\glafond5733\AppData\Roaming\Stencyl\stencylworks\engine-extensions\google, C:\Users\glafond5733\AppData\Roaming\Stencyl\stencylworks\engine-extensions\hypertouch, C:\Users\glafond5733\AppData\Roaming\Stencyl\stencylworks\engine-extensions\joystick, C:\Users\glafond5733\AppData\Roaming\Stencyl\stencylworks\engine-extensions\label, C:\Users\glafond5733\AppData\Roaming\Stencyl\stencylworks\engine-extensions\native, C:\Users\glafond5733\AppData\Roaming\Stencyl\stencylworks\engine-extensions\purchases, C:\Users\glafond5733\AppData\Roaming\Stencyl\stencylworks\engine-extensions\test, C:\Users\glafond5733\AppData\Roaming\Stencyl\stencylworks\engine-extensions\test-flash, C:\Users\glafond5733\AppData\Roaming\Stencyl\stencylworks\engine-extensions\test-native, C:\Users\glafond5733\AppData\Roaming\Stencyl\stencylworks\engine-extensions\tileapi]
2015-12-02 09:39:01,897 DEBUG [AWT-EventQueue-0] stencyl.sw.editors.game.advanced.EngineExtensionManager: ads is a core engine extension. Skip.
2015-12-02 09:39:01,897 DEBUG [AWT-EventQueue-0] stencyl.sw.editors.game.advanced.EngineExtensionManager: gamecenter is a core engine extension. Skip.
2015-12-02 09:39:01,897 DEBUG [AWT-EventQueue-0] stencyl.sw.editors.game.advanced.EngineExtensionManager: gestures is a core engine extension. Skip.
2015-12-02 09:39:01,897 DEBUG [AWT-EventQueue-0] stencyl.sw.util.FileHelper: Directories within C:\Users\glafond5733\AppData\Roaming\Stencyl\stencylworks\engine-extensions: [C:\Users\glafond5733\AppData\Roaming\Stencyl\stencylworks\engine-extensions\ads, C:\Users\glafond5733\AppData\Roaming\Stencyl\stencylworks\engine-extensions\gamecenter, C:\Users\glafond5733\AppData\Roaming\Stencyl\stencylworks\engine-extensions\gestures, C:\Users\glafond5733\AppData\Roaming\Stencyl\stencylworks\engine-extensions\google, C:\Users\glafond5733\AppData\Roaming\Stencyl\stencylworks\engine-extensions\hypertouch, C:\Users\glafond5733\AppData\Roaming\Stencyl\stencylworks\engine-extensions\joystick, C:\Users\glafond5733\AppData\Roaming\Stencyl\stencylworks\engine-extensions\label, C:\Users\glafond5733\AppData\Roaming\Stencyl\stencylworks\engine-extensions\native, C:\Users\glafond5733\AppData\Roaming\Stencyl\stencylworks\engine-extensions\purchases, C:\Users\glafond5733\AppData\Roaming\Stencyl\stencylworks\engine-extensions\test, C:\Users\glafond5733\AppData\Roaming\Stencyl\stencylworks\engine-extensions\test-flash, C:\Users\glafond5733\AppData\Roaming\Stencyl\stencylworks\engine-extensions\test-native, C:\Users\glafond5733\AppData\Roaming\Stencyl\stencylworks\engine-extensions\tileapi]
2015-12-02 09:39:01,897 DEBUG [AWT-EventQueue-0] stencyl.sw.editors.game.advanced.EngineExtensionManager: ads is a core engine extension. Skip.
2015-12-02 09:39:01,897 DEBUG [AWT-EventQueue-0] stencyl.sw.editors.game.advanced.EngineExtensionManager: gamecenter is a core engine extension. Skip.
2015-12-02 09:39:01,897 DEBUG [AWT-EventQueue-0] stencyl.sw.editors.game.advanced.EngineExtensionManager: gestures is a core engine extension. Skip.
2015-12-02 09:39:01,915 DEBUG [AWT-EventQueue-0] stencyl.sw.editors.game.advanced.EngineExtensionManager: google is not a valid engine extension. Skip.
2015-12-02 09:39:01,915 DEBUG [AWT-EventQueue-0] stencyl.sw.editors.game.advanced.EngineExtensionManager: hypertouch is a core engine extension. Skip.
2015-12-02 09:39:01,915 DEBUG [AWT-EventQueue-0] stencyl.sw.editors.game.advanced.EngineExtensionManager: joystick is a core engine extension. Skip.
2015-12-02 09:39:01,915 DEBUG [AWT-EventQueue-0] stencyl.sw.editors.game.advanced.EngineExtensionManager: google is not a valid engine extension. Skip.
2015-12-02 09:39:01,915 DEBUG [AWT-EventQueue-0] stencyl.sw.editors.game.advanced.EngineExtensionManager: hypertouch is a core engine extension. Skip.
2015-12-02 09:39:01,915 DEBUG [AWT-EventQueue-0] stencyl.sw.editors.game.advanced.EngineExtensionManager: joystick is a core engine extension. Skip.
2015-12-02 09:39:01,990 DEBUG [AWT-EventQueue-0] stencyl.sw.editors.game.advanced.EngineExtensionManager: label is engine extension: Labels (1.0.0).
2015-12-02 09:39:01,990 DEBUG [AWT-EventQueue-0] stencyl.sw.editors.game.advanced.EngineExtensionManager: label is engine extension: Labels (1.0.0).
2015-12-02 09:39:01,990 DEBUG [AWT-EventQueue-0] stencyl.sw.editors.game.advanced.EngineExtensionManager: native is a core engine extension. Skip.
2015-12-02 09:39:01,990 DEBUG [AWT-EventQueue-0] stencyl.sw.editors.game.advanced.EngineExtensionManager: native is a core engine extension. Skip.
2015-12-02 09:39:01,990 DEBUG [AWT-EventQueue-0] stencyl.sw.editors.game.advanced.EngineExtensionManager: purchases is a core engine extension. Skip.
2015-12-02 09:39:01,990 DEBUG [AWT-EventQueue-0] stencyl.sw.editors.game.advanced.EngineExtensionManager: purchases is a core engine extension. Skip.
2015-12-02 09:39:02,028 DEBUG [AWT-EventQueue-0] stencyl.sw.editors.game.advanced.EngineExtensionManager: test is engine extension: Test Extension (1.0.0).
2015-12-02 09:39:02,028 DEBUG [AWT-EventQueue-0] stencyl.sw.editors.game.advanced.EngineExtensionManager: test is engine extension: Test Extension (1.0.0).
2015-12-02 09:39:02,028 DEBUG [AWT-EventQueue-0] stencyl.sw.editors.game.advanced.EngineExtensionManager: test-flash is engine extension: Test Extension (Flash SWF) (1.0.0).
2015-12-02 09:39:02,028 DEBUG [AWT-EventQueue-0] stencyl.sw.editors.game.advanced.EngineExtensionManager: test-flash is engine extension: Test Extension (Flash SWF) (1.0.0).
2015-12-02 09:39:02,098 DEBUG [AWT-EventQueue-0] stencyl.sw.editors.game.advanced.EngineExtensionManager: test-native is engine extension: Test Extension (Native) (1.0.0).
2015-12-02 09:39:02,098 DEBUG [AWT-EventQueue-0] stencyl.sw.editors.game.advanced.EngineExtensionManager: test-native is engine extension: Test Extension (Native) (1.0.0).
2015-12-02 09:39:02,128 DEBUG [AWT-EventQueue-0] stencyl.sw.editors.game.advanced.EngineExtensionManager: tileapi is engine extension: Tile API (1.0.0).
2015-12-02 09:39:02,128 INFO  [AWT-EventQueue-0] stencyl.sw.editors.game.advanced.EngineExtensionManager: Engine Extensions: [Labels (1.0.0), Test Extension (1.0.0), Test Extension (Flash SWF) (1.0.0), Test Extension (Native) (1.0.0), Tile API (1.0.0)]
2015-12-02 09:39:02,128 DEBUG [AWT-EventQueue-0] stencyl.sw.editors.game.advanced.EngineExtensionManager: tileapi is engine extension: Tile API (1.0.0).
2015-12-02 09:39:02,128 INFO  [AWT-EventQueue-0] stencyl.sw.editors.game.advanced.EngineExtensionManager: Engine Extensions: [Labels (1.0.0), Test Extension (1.0.0), Test Extension (Flash SWF) (1.0.0), Test Extension (Native) (1.0.0), Tile API (1.0.0)]
2015-12-02 09:39:02,128 WARN  [AWT-EventQueue-0] stencyl.sw.app.ExtensionManager: Couldn't load extension settings.
2015-12-02 09:39:02,128 WARN  [AWT-EventQueue-0] stencyl.sw.app.ExtensionManager: Couldn't load extension settings.
2015-12-02 09:39:02,165 INFO  [AWT-EventQueue-0] stencyl.sw.app.ExtensionManager: Toolset Extensions: []
2015-12-02 09:39:02,165 INFO  [AWT-EventQueue-0] stencyl.sw.app.ExtensionManager: Toolset Extensions: []
2015-12-02 09:39:08,315 DEBUG [AWT-EventQueue-0] stencyl.sw.app.doc.Workspace: Activated: Welcome Center
2015-12-02 09:39:08,315 DEBUG [AWT-EventQueue-0] stencyl.sw.app.doc.Workspace: Activated: Welcome Center
2015-12-02 09:39:08,357 DEBUG [AWT-EventQueue-0] stencyl.sw.app.App: Non-silent Authentication.
2015-12-02 09:39:08,372 DEBUG [AWT-EventQueue-0] stencyl.sw.app.App: Non-silent Authentication.
2015-12-02 09:39:08,372 DEBUG [AWT-EventQueue-0] stencyl.sw.Splash: Dispose Splash
2015-12-02 09:39:08,372 DEBUG [AWT-EventQueue-0] stencyl.sw.Splash: Dispose Splash
2015-12-02 09:39:10,116 DEBUG [pool-1-thread-1] stencyl.sw.app.tasks.AuthenticateTask: Response: guest
2015-12-02 09:39:10,116 DEBUG [pool-1-thread-1] stencyl.sw.app.tasks.AuthenticateTask: Response: guest
2015-12-02 09:39:10,116 INFO  [pool-1-thread-1] stencyl.sw.app.tasks.AuthenticateTask: Could not log in. Check your login credentials.
2015-12-02 09:39:10,116 INFO  [pool-1-thread-1] stencyl.sw.app.tasks.AuthenticateTask: Could not log in. Check your login credentials.
2015-12-02 09:39:14,837 INFO  [AWT-EventQueue-0] stencyl.sw.app.App: Attempting to quit out of Stencyl.
2015-12-02 09:39:14,993 DEBUG [AWT-EventQueue-0] stencyl.sw.util.Util: Running command: [taskkill, /im, neko.exe, /f]
2015-12-02 09:39:16,055 DEBUG [Thread-6] stencyl.sw.util.StreamGobbler: [taskkill] ERROR: The process "neko.exe" not found.
2015-12-02 09:39:16,055 DEBUG [AWT-EventQueue-0] stencyl.sw.util.Util: Process 'taskkill' exited with code: 128
2015-12-02 09:39:16,055 DEBUG [AWT-EventQueue-0] stencyl.sw.util.Util: Running command: [taskkill, /im, adb.exe, /f]
2015-12-02 09:39:16,118 DEBUG [Thread-7] stencyl.sw.util.StreamGobbler: [taskkill] ERROR: The process "adb.exe" not found.
2015-12-02 09:39:16,118 DEBUG [AWT-EventQueue-0] stencyl.sw.util.Util: Process 'taskkill' exited with code: 128
2015-12-02 09:39:16,118 DEBUG [AWT-EventQueue-0] stencyl.sw.util.Util: Running command: [taskkill, /im, arm-linux-androideabi-g++.exe, /f]
2015-12-02 09:39:16,180 DEBUG [Thread-8] stencyl.sw.util.StreamGobbler: [taskkill] ERROR: The process "arm-linux-androideabi-g++.exe" not found.
2015-12-02 09:39:16,180 DEBUG [AWT-EventQueue-0] stencyl.sw.util.Util: Process 'taskkill' exited with code: 128
2015-12-02 09:39:16,180 DEBUG [AWT-EventQueue-0] stencyl.sw.util.Util: Running command: [taskkill, /im, cc1plus.exe, /f]
2015-12-02 09:39:16,242 DEBUG [Thread-9] stencyl.sw.util.StreamGobbler: [taskkill] ERROR: The process "cc1plus.exe" not found.
2015-12-02 09:39:16,242 DEBUG [AWT-EventQueue-0] stencyl.sw.util.Util: Process 'taskkill' exited with code: 128
2015-12-02 09:39:16,242 DEBUG [AWT-EventQueue-0] stencyl.sw.util.Util: Running command: [taskkill, /im, tail.exe, /f]
2015-12-02 09:39:16,305 DEBUG [Thread-10] stencyl.sw.util.StreamGobbler: [taskkill] ERROR: The process "tail.exe" not found.
2015-12-02 09:39:16,305 DEBUG [AWT-EventQueue-0] stencyl.sw.util.Util: Process 'taskkill' exited with code: 128
2015-12-02 09:39:16,305 DEBUG [AWT-EventQueue-0] stencyl.sw.util.Util: Running command: [taskkill, /im, ios-sim.exe, /f]
2015-12-02 09:39:16,367 DEBUG [Thread-11] stencyl.sw.util.StreamGobbler: [taskkill] ERROR: The process "ios-sim.exe" not found.
2015-12-02 09:39:16,367 DEBUG [AWT-EventQueue-0] stencyl.sw.util.Util: Process 'taskkill' exited with code: 128
2015-12-02 09:39:16,367 DEBUG [AWT-EventQueue-0] stencyl.sw.app.App: Destroying extensions.
2015-12-02 09:39:16,367 DEBUG [AWT-EventQueue-0] stencyl.sw.app.App: Performing final close.
2015-12-02 09:39:16,367 INFO  [AWT-EventQueue-0] stencyl.sw.app.App: Exiting...
2015-12-02 09:39:16,367 DEBUG [AWT-EventQueue-0] stencyl.sw.app.App: Destroying Temporary Sandbox.
2015-12-02 09:39:16,367 DEBUG [AWT-EventQueue-0] stencyl.sw.util.FileHelper: Deleting: C:\Users\glafond5733\AppData\Local\Temp\stencyl3000631954995614369
2015-12-02 09:39:19,548 DEBUG [AWT-EventQueue-0] stencyl.sw.util.FileHelper: Deleting: C:\Users\glafond5733\AppData\Local\Temp\stencyl4363571829478050471\sandbox\test\temp
2015-12-02 09:39:19,610 DEBUG [AWT-EventQueue-0] stencyl.sw.util.FileHelper: Deleting: C:\Users\glafond5733\AppData\Roaming\Stencyl\stencylworks\preview\scripts
2015-12-02 09:39:19,735 DEBUG [AWT-EventQueue-0] stencyl.sw.util.FileHelper: Deleting: C:\Users\glafond5733\AppData\Roaming\Stencyl\stencylworks\preview\game
2015-12-02 09:39:19,735 INFO  [AWT-EventQueue-0] stencyl.sw.app.tasks.OpenGameTask: Opening game: Invaders
2015-12-02 09:39:20,577 DEBUG [pool-1-thread-1] stencyl.core.lib.Game: Loading scene-specific snippet. SceneID: 0
2015-12-02 09:39:20,764 DEBUG [pool-1-thread-1] stencyl.core.lib.ResourceList: Initializing... 8 : Background Music
2015-12-02 09:39:20,764 DEBUG [pool-1-thread-1] stencyl.core.lib.ResourceList: Initializing... 4 : Bullet
2015-12-02 09:39:20,764 DEBUG [pool-1-thread-1] stencyl.core.lib.ResourceList: Initializing... 5 : Bullet
2015-12-02 09:39:21,044 DEBUG [pool-1-thread-1] stencyl.core.lib.ResourceList: Initializing... 2 : Enemy Ship
2015-12-02 09:39:21,044 DEBUG [pool-1-thread-1] stencyl.core.lib.ResourceList: Initializing... 3 : Enemy Ship
2015-12-02 09:39:21,153 DEBUG [pool-1-thread-1] stencyl.core.lib.ResourceList: Initializing... 7 : Explosion
2015-12-02 09:39:21,153 DEBUG [pool-1-thread-1] stencyl.core.lib.ResourceList: Initializing... 0 : Ship
2015-12-02 09:39:21,153 DEBUG [pool-1-thread-1] stencyl.core.lib.ResourceList: Initializing... 1 : Ship
2015-12-02 09:39:21,216 DEBUG [pool-1-thread-1] stencyl.core.lib.ResourceList: Initializing... 6 : Stars
2015-12-02 09:39:21,294 DEBUG [pool-1-thread-1] stencyl.core.engine.sound.ISoundClip: Loading Sound 7
2015-12-02 09:39:21,294 DEBUG [pool-1-thread-1] stencyl.core.engine.sound.ISoundClip: Loading Sound 8
2015-12-02 09:39:22,429 DEBUG [AWT-EventQueue-0] stencyl.core.lib.io.read.SceneReader: Reading header for Scene: 0 (Level One) from: scenes\0.xml
2015-12-02 09:39:22,616 DEBUG [AWT-EventQueue-0] stencyl.core.lib.io.read.SceneReader: Reading header for Scene: 0 (Level One) from: scenes\0.xml
2015-12-02 09:39:22,740 DEBUG [AWT-EventQueue-0] stencyl.sw.app.doc.Workspace: Activated: Dashboard
2015-12-02 09:39:22,740 DEBUG [AWT-EventQueue-0] stencyl.sw.util.FileHelper: Trying to delete file that does not exist: C:\Users\glafond5733\AppData\Local\Temp\stencyl4363571829478050471\sandbox\build\code
2015-12-02 09:39:22,740 DEBUG [AWT-EventQueue-0] stencyl.sw.util.FileHelper: Deleting: C:\Users\glafond5733\AppData\Local\Temp\stencyl4363571829478050471\sandbox\test\temp
2015-12-02 09:39:22,740 DEBUG [AWT-EventQueue-0] stencyl.core.lib.io.read.SceneReader: Reading header for Scene: 0 (Level One) from: scenes\0.xml
2015-12-02 09:39:23,021 DEBUG [AWT-EventQueue-0] stencyl.sw.app.tasks.OpenGameTask: Took 3286ms
2015-12-02 09:39:23,769 DEBUG [AWT-EventQueue-0] stencyl.sw.editors.game.cgroups.CollisionGroupTree: Loading actor group into tree: Actors
2015-12-02 09:39:23,832 DEBUG [AWT-EventQueue-0] stencyl.sw.editors.game.cgroups.CollisionGroupTree: Loading actor group into tree: Doodads
2015-12-02 09:39:23,832 DEBUG [AWT-EventQueue-0] stencyl.sw.editors.game.cgroups.CollisionGroupTree: Loading actor group into tree: Players
2015-12-02 09:39:23,847 DEBUG [AWT-EventQueue-0] stencyl.sw.editors.game.cgroups.CollisionGroupTree: Loading actor group into tree: Regions
2015-12-02 09:39:23,847 DEBUG [AWT-EventQueue-0] stencyl.sw.editors.game.cgroups.CollisionGroupTree: Loading actor group into tree: Tiles
2015-12-02 09:39:23,863 DEBUG [AWT-EventQueue-0] stencyl.sw.editors.game.cgroups.CollisionGroupTree: Loading actor group into tree: Bullets
2015-12-02 09:39:23,863 DEBUG [AWT-EventQueue-0] stencyl.sw.editors.game.cgroups.CollisionGroupTree: Loading actor group into tree: Enemies
2015-12-02 09:39:29,148 DEBUG [AWT-EventQueue-0] stencyl.core.lib.Atlas: Getting memory for atlas 0
2015-12-02 09:39:29,148 DEBUG [AWT-EventQueue-0] stencyl.core.lib.Atlas: Added resource 'Ship' to atlas 0
2015-12-02 09:39:29,148 DEBUG [AWT-EventQueue-0] stencyl.core.lib.Atlas: Added resource 'Enemy Ship' to atlas 0
2015-12-02 09:39:29,148 DEBUG [AWT-EventQueue-0] stencyl.core.lib.Atlas: Added resource 'Bullet' to atlas 0
2015-12-02 09:39:29,164 DEBUG [AWT-EventQueue-0] stencyl.core.lib.Atlas: Added resource 'Stars' to atlas 0
2015-12-02 09:39:29,210 DEBUG [AWT-EventQueue-0] stencyl.core.lib.Atlas: Added resource 'Explosion' to atlas 0
2015-12-02 09:39:29,210 DEBUG [AWT-EventQueue-0] stencyl.core.lib.Atlas: Added resource 'Background Music' to atlas 0
2015-12-02 09:39:29,382 DEBUG [AWT-EventQueue-0] stencyl.core.lib.Atlas: Getting memory for atlas 1
2015-12-02 09:39:29,382 DEBUG [AWT-EventQueue-0] stencyl.core.lib.Atlas: Getting memory for atlas 2
2015-12-02 09:39:29,382 DEBUG [AWT-EventQueue-0] stencyl.core.lib.Atlas: Getting memory for atlas 3
2015-12-02 09:39:29,616 DEBUG [AWT-EventQueue-0] stencyl.core.lib.io.read.SceneReader: Reading header for Scene: 0 (Level One) from: scenes\0.xml
2015-12-02 09:39:30,115 DEBUG [AWT-EventQueue-0] stencyl.sw.app.doc.Workspace: Loading Closed Resource: Level One
2015-12-02 09:39:30,115 DEBUG [AWT-EventQueue-0] stencyl.sw.app.doc.Workspace: Loading Closed Resource: Level One
2015-12-02 09:39:30,115 DEBUG [pool-1-thread-1] stencyl.core.lib.io.read.SceneReader: Reading header for Scene: 0 (Level One) from: scenes\0.xml
2015-12-02 09:39:30,115 DEBUG [pool-1-thread-2] stencyl.core.lib.io.read.SceneReader: Reading header for Scene: 0 (Level One) from: scenes\0.xml
2015-12-02 09:39:31,720 DEBUG [pool-1-thread-2] stencyl.sw.editors.scene.Designer: Brush Changed
2015-12-02 09:39:31,720 DEBUG [pool-1-thread-1] stencyl.sw.editors.scene.Designer: Brush Changed
2015-12-02 09:39:33,311 DEBUG [pool-1-thread-1] stencyl.sw.editors.snippet.designer.EditArea: Verifying Top Level... init
2015-12-02 09:39:33,311 DEBUG [pool-1-thread-1] stencyl.sw.editors.snippet.designer.block.BlockField: Result for: init - false
2015-12-02 09:39:33,311 DEBUG [pool-1-thread-2] stencyl.sw.editors.snippet.designer.EditArea: Verifying Top Level... init
2015-12-02 09:39:33,311 DEBUG [pool-1-thread-2] stencyl.sw.editors.snippet.designer.block.BlockField: Result for: init - false
2015-12-02 09:39:33,903 DEBUG [pool-1-thread-2] stencyl.sw.editors.snippet.designer.palette.Palette: Palette asked to refresh: Position
2015-12-02 09:39:33,903 DEBUG [pool-1-thread-1] stencyl.sw.editors.snippet.designer.palette.Palette: Palette asked to refresh: Position
2015-12-02 09:39:34,059 DEBUG [pool-1-thread-2] stencyl.sw.editors.snippet.designer.palette.Palette: Palette asked to refresh: Conditions
2015-12-02 09:39:34,059 DEBUG [pool-1-thread-1] stencyl.sw.editors.snippet.designer.palette.Palette: Palette asked to refresh: Conditions
2015-12-02 09:39:34,402 DEBUG [pool-1-thread-2] stencyl.sw.editors.snippet.designer.palette.Palette: Palette asked to refresh: Actors
2015-12-02 09:39:34,402 DEBUG [pool-1-thread-1] stencyl.sw.editors.snippet.designer.palette.Palette: Palette asked to refresh: Actors
2015-12-02 09:39:34,511 DEBUG [pool-1-thread-2] stencyl.sw.editors.snippet.designer.palette.Palette: Palette asked to refresh: Keyboard & Mouse
2015-12-02 09:39:34,511 DEBUG [pool-1-thread-1] stencyl.sw.editors.snippet.designer.palette.Palette: Palette asked to refresh: Keyboard & Mouse
2015-12-02 09:39:34,592 DEBUG [pool-1-thread-2] stencyl.sw.editors.snippet.designer.palette.Palette: Palette asked to refresh: Math
2015-12-02 09:39:34,596 DEBUG [pool-1-thread-1] stencyl.sw.editors.snippet.designer.palette.Palette: Palette asked to refresh: Math
2015-12-02 09:39:34,665 DEBUG [pool-1-thread-2] stencyl.sw.editors.snippet.designer.palette.Palette: Palette asked to refresh: Getters
2015-12-02 09:39:34,665 DEBUG [pool-1-thread-1] stencyl.sw.editors.snippet.designer.palette.Palette: Palette asked to refresh: Getters
2015-12-02 09:39:34,805 DEBUG [pool-1-thread-2] stencyl.sw.editors.snippet.designer.palette.Palette: Palette asked to refresh: Sound
2015-12-02 09:39:34,805 DEBUG [pool-1-thread-1] stencyl.sw.editors.snippet.designer.palette.Palette: Palette asked to refresh: Sound
2015-12-02 09:39:34,961 DEBUG [pool-1-thread-1] stencyl.sw.editors.snippet.designer.palette.Palette: Palette asked to refresh: Triggers
2015-12-02 09:39:34,977 DEBUG [pool-1-thread-2] stencyl.sw.editors.snippet.designer.palette.Palette: Palette asked to refresh: Triggers
2015-12-02 09:39:35,039 DEBUG [pool-1-thread-1] stencyl.sw.editors.snippet.designer.palette.Palette: Palette asked to refresh: Web
2015-12-02 09:39:35,039 DEBUG [pool-1-thread-2] stencyl.sw.editors.snippet.designer.palette.Palette: Palette asked to refresh: Web
2015-12-02 09:39:35,102 DEBUG [pool-1-thread-1] stencyl.sw.editors.snippet.designer.palette.Palette: Palette asked to refresh: Drawing
2015-12-02 09:39:35,133 DEBUG [pool-1-thread-2] stencyl.sw.editors.snippet.designer.palette.Palette: Palette asked to refresh: Drawing
2015-12-02 09:39:35,148 DEBUG [pool-1-thread-1] stencyl.sw.editors.snippet.designer.palette.Palette: Palette asked to refresh: Basic
2015-12-02 09:39:35,164 DEBUG [pool-1-thread-1] stencyl.sw.editors.snippet.designer.palette.Palette: Palette asked to refresh: Custom
2015-12-02 09:39:35,164 DEBUG [pool-1-thread-1] stencyl.sw.editors.snippet.designer.palette.Palette: Palette asked to refresh: Extensions
2015-12-02 09:39:35,164 DEBUG [pool-1-thread-1] stencyl.sw.editors.snippet.designer.palette.Palette: Palette asked to refresh: Position
2015-12-02 09:39:35,164 DEBUG [pool-1-thread-2] stencyl.sw.editors.snippet.designer.palette.Palette: Palette asked to refresh: Basic
2015-12-02 09:39:35,180 DEBUG [pool-1-thread-2] stencyl.sw.editors.snippet.designer.palette.Palette: Palette asked to refresh: Custom
2015-12-02 09:39:35,182 DEBUG [pool-1-thread-2] stencyl.sw.editors.snippet.designer.palette.Palette: Palette asked to refresh: Extensions
2015-12-02 09:39:35,182 DEBUG [pool-1-thread-2] stencyl.sw.editors.snippet.designer.palette.Palette: Palette asked to refresh: Position
2015-12-02 09:39:35,387 DEBUG [pool-1-thread-1] stencyl.sw.editors.snippet.designer.EditArea: ContextSet for current event: [[e]3-1, [h]engine:com.stencyl.Engine, [c]com.stencyl.behavior.Script, [b]3, [s]com.stencyl.behavior.Script]
2015-12-02 09:39:35,387 DEBUG [pool-1-thread-2] stencyl.sw.editors.snippet.designer.EditArea: ContextSet for current event: [[e]3-1, [h]engine:com.stencyl.Engine, [c]com.stencyl.behavior.Script, [b]3, [s]com.stencyl.behavior.Script]
2015-12-02 09:39:35,387 DEBUG [pool-1-thread-2] stencyl.sw.editors.snippet.designer.palette.Palette: Palette asked to refresh: Position
2015-12-02 09:39:35,387 DEBUG [pool-1-thread-1] stencyl.sw.editors.snippet.designer.palette.Palette: Palette asked to refresh: Position
2015-12-02 09:39:35,387 DEBUG [pool-1-thread-2] stencyl.sw.editors.snippet.designer.palette.Palette: Refreshing with context [[e]3-1, [h]engine:com.stencyl.Engine, [c]com.stencyl.behavior.Script, [b]3, [s]com.stencyl.behavior.Script]
2015-12-02 09:39:35,387 DEBUG [pool-1-thread-1] stencyl.sw.editors.snippet.designer.palette.Palette: Refreshing with context [[e]3-1, [h]engine:com.stencyl.Engine, [c]com.stencyl.behavior.Script, [b]3, [s]com.stencyl.behavior.Script]
2015-12-02 09:39:35,643 DEBUG [AWT-EventQueue-0] stencyl.sw.app.doc.Workspace: Activated: Level One
2015-12-02 09:39:35,643 DEBUG [pool-1-thread-2] stencyl.sw.app.tasks.OpenResourceTask: Open Took 5528ms
2015-12-02 09:39:35,643 DEBUG [pool-1-thread-1] stencyl.sw.app.tasks.OpenResourceTask: Open Took 5528ms
2015-12-02 09:39:35,799 DEBUG [AWT-EventQueue-0] stencyl.sw.app.tasks.OpenResourceTask: Total Took 5684ms
2015-12-02 09:39:35,815 DEBUG [AWT-EventQueue-0] stencyl.sw.app.tasks.OpenResourceTask: Total Took 5700ms
2015-12-02 09:40:13,755 DEBUG [AWT-EventQueue-0] stencyl.sw.SW: Frame was maximized
2015-12-02 09:40:17,160 ERROR [AWT-EventQueue-0] root: Unexpected problem on thread AWT-EventQueue-0: Document "Level One0" is not opened.
java.lang.IllegalArgumentException: Document "Level One0" is not opened.
	at com.jidesoft.document.DocumentPane.setActiveDocument(Unknown Source)
	at com.jidesoft.document.DocumentPane.setActiveDocument(Unknown Source)
	at com.jidesoft.document.DocumentPane.a(Unknown Source)
	at com.jidesoft.document.DocumentPane.a(Unknown Source)
	at com.jidesoft.document.DocumentPane.a(Unknown Source)
	at com.jidesoft.document.DocumentPane.closeDocument(Unknown Source)
	at com.jidesoft.document.DocumentPane.closeSingleDocument(Unknown Source)
	at com.jidesoft.document.DocumentPane$27.actionPerformed(Unknown Source)
	at com.jidesoft.plaf.basic.BasicJideTabbedPaneUI$CloseTabAction.actionPerformed(Unknown Source)
	at javax.swing.AbstractButton.fireActionPerformed(AbstractButton.java:2022)
	at javax.swing.AbstractButton$Handler.actionPerformed(AbstractButton.java:2348)
	at javax.swing.DefaultButtonModel.fireActionPerformed(DefaultButtonModel.java:402)
	at javax.swing.DefaultButtonModel.setPressed(DefaultButtonModel.java:259)
	at javax.swing.plaf.basic.BasicButtonListener.mouseReleased(BasicButtonListener.java:252)
	at java.awt.AWTEventMulticaster.mouseReleased(AWTEventMulticaster.java:289)
	at java.awt.AWTEventMulticaster.mouseReleased(AWTEventMulticaster.java:289)
	at java.awt.AWTEventMulticaster.mouseReleased(AWTEventMulticaster.java:289)
	at java.awt.Component.processMouseEvent(Component.java:6535)
	at javax.swing.JComponent.processMouseEvent(JComponent.java:3324)
	at java.awt.Component.processEvent(Component.java:6300)
	at java.awt.Container.processEvent(Container.java:2236)
	at java.awt.Component.dispatchEventImpl(Component.java:4891)
	at java.awt.Container.dispatchEventImpl(Container.java:2294)
	at java.awt.Component.dispatchEvent(Component.java:4713)
	at java.awt.LightweightDispatcher.retargetMouseEvent(Container.java:4888)
	at java.awt.LightweightDispatcher.processMouseEvent(Container.java:4525)
	at java.awt.LightweightDispatcher.dispatchEvent(Container.java:4466)
	at java.awt.Container.dispatchEventImpl(Container.java:2280)
	at java.awt.Window.dispatchEventImpl(Window.java:2750)
	at java.awt.Component.dispatchEvent(Component.java:4713)
	at java.awt.EventQueue.dispatchEventImpl(EventQueue.java:758)
	at java.awt.EventQueue.access$500(EventQueue.java:97)
	at java.awt.EventQueue$3.run(EventQueue.java:709)
	at java.awt.EventQueue$3.run(EventQueue.java:703)
	at java.security.AccessController.doPrivileged(Native Method)
	at java.security.ProtectionDomain$JavaSecurityAccessImpl.doIntersectionPrivilege(ProtectionDomain.java:76)
	at java.security.ProtectionDomain$JavaSecurityAccessImpl.doIntersectionPrivilege(ProtectionDomain.java:86)
	at java.awt.EventQueue$4.run(EventQueue.java:731)
	at java.awt.EventQueue$4.run(EventQueue.java:729)
	at java.security.AccessController.doPrivileged(Native Method)
	at java.security.ProtectionDomain$JavaSecurityAccessImpl.doIntersectionPrivilege(ProtectionDomain.java:76)
	at java.awt.EventQueue.dispatchEvent(EventQueue.java:728)
	at java.awt.EventDispatchThread.pumpOneEventForFilters(EventDispatchThread.java:201)
	at java.awt.EventDispatchThread.pumpEventsForFilter(EventDispatchThread.java:116)
	at java.awt.EventDispatchThread.pumpEventsForHierarchy(EventDispatchThread.java:105)
	at java.awt.EventDispatchThread.pumpEvents(EventDispatchThread.java:101)
	at java.awt.EventDispatchThread.pumpEvents(EventDispatchThread.java:93)
	at java.awt.EventDispatchThread.run(EventDispatchThread.java:82)
2015-12-02 09:40:23,084 ERROR [AWT-EventQueue-0] root: Unexpected problem on thread AWT-EventQueue-0: Document "Level One0" is not opened.
java.lang.IllegalArgumentException: Document "Level One0" is not opened.
	at com.jidesoft.document.DocumentPane.setActiveDocument(Unknown Source)
	at com.jidesoft.document.DocumentPane.setActiveDocument(Unknown Source)
	at com.jidesoft.document.DocumentPane.activateGroup(Unknown Source)
	at com.jidesoft.document.b.a(Unknown Source)
	at com.jidesoft.document.b.eventDispatched(Unknown Source)
	at java.awt.Toolkit$SelectiveAWTEventListener.eventDispatched(Toolkit.java:2425)
	at java.awt.Toolkit$ToolkitEventMulticaster.eventDispatched(Toolkit.java:2317)
	at java.awt.Toolkit$ToolkitEventMulticaster.eventDispatched(Toolkit.java:2316)
	at java.awt.Toolkit$ToolkitEventMulticaster.eventDispatched(Toolkit.java:2316)
	at java.awt.Toolkit$ToolkitEventMulticaster.eventDispatched(Toolkit.java:2316)
	at java.awt.Toolkit$ToolkitEventMulticaster.eventDispatched(Toolkit.java:2316)
	at java.awt.Toolkit$ToolkitEventMulticaster.eventDispatched(Toolkit.java:2316)
	at java.awt.Toolkit$ToolkitEventMulticaster.eventDispatched(Toolkit.java:2316)
	at java.awt.Toolkit$ToolkitEventMulticaster.eventDispatched(Toolkit.java:2316)
	at java.awt.Toolkit$ToolkitEventMulticaster.eventDispatched(Toolkit.java:2316)
	at java.awt.Toolkit$ToolkitEventMulticaster.eventDispatched(Toolkit.java:2316)
	at java.awt.Toolkit.notifyAWTEventListeners(Toolkit.java:2275)
	at java.awt.Component.dispatchEventImpl(Component.java:4787)
	at java.awt.Container.dispatchEventImpl(Container.java:2294)
	at java.awt.Component.dispatchEvent(Component.java:4713)
	at java.awt.LightweightDispatcher.retargetMouseEvent(Container.java:4888)
	at java.awt.LightweightDispatcher.processMouseEvent(Container.java:4522)
	at java.awt.LightweightDispatcher.dispatchEvent(Container.java:4466)
	at java.awt.Container.dispatchEventImpl(Container.java:2280)
	at java.awt.Window.dispatchEventImpl(Window.java:2750)
	at java.awt.Component.dispatchEvent(Component.java:4713)
	at java.awt.EventQueue.dispatchEventImpl(EventQueue.java:758)
	at java.awt.EventQueue.access$500(EventQueue.java:97)
	at java.awt.EventQueue$3.run(EventQueue.java:709)
	at java.awt.EventQueue$3.run(EventQueue.java:703)
	at java.security.AccessController.doPrivileged(Native Method)
	at java.security.ProtectionDomain$JavaSecurityAccessImpl.doIntersectionPrivilege(ProtectionDomain.java:76)
	at java.security.ProtectionDomain$JavaSecurityAccessImpl.doIntersectionPrivilege(ProtectionDomain.java:86)
	at java.awt.EventQueue$4.run(EventQueue.java:731)
	at java.awt.EventQueue$4.run(EventQueue.java:729)
	at java.security.AccessController.doPrivileged(Native Method)
	at java.security.ProtectionDomain$JavaSecurityAccessImpl.doIntersectionPrivilege(ProtectionDomain.java:76)
	at java.awt.EventQueue.dispatchEvent(EventQueue.java:728)
	at java.awt.EventDispatchThread.pumpOneEventForFilters(EventDispatchThread.java:201)
	at java.awt.EventDispatchThread.pumpEventsForFilter(EventDispatchThread.java:116)
	at java.awt.EventDispatchThread.pumpEventsForHierarchy(EventDispatchThread.java:105)
	at java.awt.EventDispatchThread.pumpEvents(EventDispatchThread.java:101)
	at java.awt.EventDispatchThread.pumpEvents(EventDispatchThread.java:93)
	at java.awt.EventDispatchThread.run(EventDispatchThread.java:82)
2015-12-02 09:40:36,772 DEBUG [AWT-EventQueue-0] stencyl.sw.app.doc.Workspace: Unable to refresh document (Level One)
2015-12-02 09:40:36,788 DEBUG [AWT-EventQueue-0] stencyl.sw.editors.snippet.designer.EditArea: ContextSet for current event: [[e]3-1, [h]engine:com.stencyl.Engine, [c]com.stencyl.behavior.Script, [b]3, [s]com.stencyl.behavior.Script]
2015-12-02 09:40:36,788 DEBUG [AWT-EventQueue-0] stencyl.sw.editors.snippet.designer.palette.Palette: Palette asked to refresh: Position
2015-12-02 09:40:36,788 DEBUG [AWT-EventQueue-0] stencyl.sw.editors.snippet.designer.EditArea: ContextSet for current event: [[h]engine:com.stencyl.Engine, [e]3-2, [c]com.stencyl.behavior.Script, [b]3, [s]com.stencyl.behavior.Script]
2015-12-02 09:40:36,788 DEBUG [AWT-EventQueue-0] stencyl.sw.editors.snippet.designer.palette.Palette: Palette asked to refresh: Position
2015-12-02 09:40:36,788 DEBUG [AWT-EventQueue-0] stencyl.sw.editors.snippet.designer.palette.Palette: Refreshing with context [[h]engine:com.stencyl.Engine, [e]3-2, [c]com.stencyl.behavior.Script, [b]3, [s]com.stencyl.behavior.Script]
2015-12-02 09:40:42,802 DEBUG [AWT-EventQueue-0] stencyl.sw.editors.snippet.designer.palette.Palette: Palette asked to refresh: Getters
2015-12-02 09:40:42,817 DEBUG [AWT-EventQueue-0] stencyl.sw.editors.snippet.designer.palette.Palette: Refreshing with context [[h]engine:com.stencyl.Engine, [e]3-2, [c]com.stencyl.behavior.Script, [b]3, [s]com.stencyl.behavior.Script]
2015-12-02 09:40:42,817 DEBUG [AWT-EventQueue-0] stencyl.sw.editors.snippet.designer.palette.Palette: Palette asked to refresh: Getters
2015-12-02 09:40:44,751 DEBUG [AWT-EventQueue-0] stencyl.sw.editors.snippet.designer.palette.Palette: Palette asked to refresh: Game Attributes
2015-12-02 09:40:44,751 DEBUG [AWT-EventQueue-0] stencyl.sw.editors.snippet.designer.palette.Palette: Refreshing with context [[h]engine:com.stencyl.Engine, [e]3-2, [c]com.stencyl.behavior.Script, [b]3, [s]com.stencyl.behavior.Script]
2015-12-02 09:40:44,766 DEBUG [AWT-EventQueue-0] stencyl.sw.editors.snippet.designer.palette.Palette: Palette asked to refresh: Game Attributes
2015-12-02 09:40:46,325 DEBUG [AWT-EventQueue-0] stencyl.sw.editors.snippet.designer.palette.Palette: Palette asked to refresh: Setters
2015-12-02 09:40:46,325 DEBUG [AWT-EventQueue-0] stencyl.sw.editors.snippet.designer.palette.Palette: Refreshing with context [[h]engine:com.stencyl.Engine, [e]3-2, [c]com.stencyl.behavior.Script, [b]3, [s]com.stencyl.behavior.Script]
2015-12-02 09:40:46,325 DEBUG [AWT-EventQueue-0] stencyl.sw.editors.snippet.designer.palette.Palette: Palette asked to refresh: Setters
2015-12-02 09:40:47,276 DEBUG [AWT-EventQueue-0] stencyl.sw.editors.snippet.designer.palette.Palette: Palette asked to refresh: Getters
2015-12-02 09:40:47,276 DEBUG [AWT-EventQueue-0] stencyl.sw.editors.snippet.designer.palette.Palette: Palette asked to refresh: Getters
2015-12-02 09:40:49,973 DEBUG [AWT-EventQueue-0] stencyl.sw.app.doc.Workspace: Activated: Dashboard
2015-12-02 09:40:52,873 ERROR [AWT-EventQueue-0] root: Unexpected problem on thread AWT-EventQueue-0: Document "Level One0" is not opened.
java.lang.IllegalArgumentException: Document "Level One0" is not opened.
	at com.jidesoft.document.DocumentPane.setActiveDocument(Unknown Source)
	at com.jidesoft.document.DocumentPane.setActiveDocument(Unknown Source)
	at com.jidesoft.document.DocumentPane.activateGroup(Unknown Source)
	at com.jidesoft.document.b.a(Unknown Source)
	at com.jidesoft.document.b.eventDispatched(Unknown Source)
	at java.awt.Toolkit$SelectiveAWTEventListener.eventDispatched(Toolkit.java:2425)
	at java.awt.Toolkit$ToolkitEventMulticaster.eventDispatched(Toolkit.java:2317)
	at java.awt.Toolkit$ToolkitEventMulticaster.eventDispatched(Toolkit.java:2316)
	at java.awt.Toolkit$ToolkitEventMulticaster.eventDispatched(Toolkit.java:2316)
	at java.awt.Toolkit$ToolkitEventMulticaster.eventDispatched(Toolkit.java:2316)
	at java.awt.Toolkit$ToolkitEventMulticaster.eventDispatched(Toolkit.java:2316)
	at java.awt.Toolkit$ToolkitEventMulticaster.eventDispatched(Toolkit.java:2316)
	at java.awt.Toolkit$ToolkitEventMulticaster.eventDispatched(Toolkit.java:2316)
	at java.awt.Toolkit$ToolkitEventMulticaster.eventDispatched(Toolkit.java:2316)
	at java.awt.Toolkit$ToolkitEventMulticaster.eventDispatched(Toolkit.java:2316)
	at java.awt.Toolkit$ToolkitEventMulticaster.eventDispatched(Toolkit.java:2316)
	at java.awt.Toolkit.notifyAWTEventListeners(Toolkit.java:2275)
	at java.awt.Component.dispatchEventImpl(Component.java:4787)
	at java.awt.Container.dispatchEventImpl(Container.java:2294)
	at java.awt.Component.dispatchEvent(Component.java:4713)
	at java.awt.LightweightDispatcher.retargetMouseEvent(Container.java:4888)
	at java.awt.LightweightDispatcher.processMouseEvent(Container.java:4522)
	at java.awt.LightweightDispatcher.dispatchEvent(Container.java:4466)
	at java.awt.Container.dispatchEventImpl(Container.java:2280)
	at java.awt.Window.dispatchEventImpl(Window.java:2750)
	at java.awt.Component.dispatchEvent(Component.java:4713)
	at java.awt.EventQueue.dispatchEventImpl(EventQueue.java:758)
	at java.awt.EventQueue.access$500(EventQueue.java:97)
	at java.awt.EventQueue$3.run(EventQueue.java:709)
	at java.awt.EventQueue$3.run(EventQueue.java:703)
	at java.security.AccessController.doPrivileged(Native Method)
	at java.security.ProtectionDomain$JavaSecurityAccessImpl.doIntersectionPrivilege(ProtectionDomain.java:76)
	at java.security.ProtectionDomain$JavaSecurityAccessImpl.doIntersectionPrivilege(ProtectionDomain.java:86)
	at java.awt.EventQueue$4.run(EventQueue.java:731)
	at java.awt.EventQueue$4.run(EventQueue.java:729)
	at java.security.AccessController.doPrivileged(Native Method)
	at java.security.ProtectionDomain$JavaSecurityAccessImpl.doIntersectionPrivilege(ProtectionDomain.java:76)
	at java.awt.EventQueue.dispatchEvent(EventQueue.java:728)
	at java.awt.EventDispatchThread.pumpOneEventForFilters(EventDispatchThread.java:201)
	at java.awt.EventDispatchThread.pumpEventsForFilter(EventDispatchThread.java:116)
	at java.awt.EventDispatchThread.pumpEventsForHierarchy(EventDispatchThread.java:105)
	at java.awt.EventDispatchThread.pumpEvents(EventDispatchThread.java:101)
	at java.awt.EventDispatchThread.pumpEvents(EventDispatchThread.java:93)
	at java.awt.EventDispatchThread.run(EventDispatchThread.java:82)
2015-12-02 09:40:57,087 DEBUG [AWT-EventQueue-0] stencyl.sw.editors.scene.Designer: Brush Changed
2015-12-02 09:40:57,158 DEBUG [AWT-EventQueue-0] stencyl.sw.editors.scene.Designer: Brush Changed
2015-12-02 09:40:57,158 DEBUG [AWT-EventQueue-0] stencyl.sw.editors.scene.Designer: Brush Changed
2015-12-02 09:40:58,280 DEBUG [AWT-EventQueue-0] stencyl.sw.app.doc.Workspace: Loading Closed Resource: Bullet
2015-12-02 09:40:59,060 DEBUG [pool-1-thread-3] stencyl.sw.editors.actor.collision.PreviewPanel: Selected: 1 [X,Y: 0, 0 ]
2015-12-02 09:40:59,278 DEBUG [pool-1-thread-3] stencyl.sw.editors.snippet.designer.palette.Palette: Palette asked to refresh: Position
2015-12-02 09:40:59,325 DEBUG [pool-1-thread-3] stencyl.sw.editors.snippet.designer.palette.Palette: Palette asked to refresh: Conditions
2015-12-02 09:40:59,543 DEBUG [pool-1-thread-3] stencyl.sw.editors.snippet.designer.palette.Palette: Palette asked to refresh: Actors
2015-12-02 09:40:59,605 DEBUG [pool-1-thread-3] stencyl.sw.editors.snippet.designer.palette.Palette: Palette asked to refresh: Keyboard & Mouse
2015-12-02 09:40:59,652 DEBUG [pool-1-thread-3] stencyl.sw.editors.snippet.designer.palette.Palette: Palette asked to refresh: Math
2015-12-02 09:40:59,683 DEBUG [pool-1-thread-3] stencyl.sw.editors.snippet.designer.palette.Palette: Palette asked to refresh: Getters
2015-12-02 09:40:59,777 DEBUG [pool-1-thread-3] stencyl.sw.editors.snippet.designer.palette.Palette: Palette asked to refresh: Sound
2015-12-02 09:40:59,808 DEBUG [pool-1-thread-3] stencyl.sw.editors.snippet.designer.palette.Palette: Palette asked to refresh: Triggers
2015-12-02 09:40:59,855 DEBUG [pool-1-thread-3] stencyl.sw.editors.snippet.designer.palette.Palette: Palette asked to refresh: Web
2015-12-02 09:40:59,886 DEBUG [pool-1-thread-3] stencyl.sw.editors.snippet.designer.palette.Palette: Palette asked to refresh: Drawing
2015-12-02 09:40:59,933 DEBUG [pool-1-thread-3] stencyl.sw.editors.snippet.designer.palette.Palette: Palette asked to refresh: Basic
2015-12-02 09:40:59,933 DEBUG [pool-1-thread-3] stencyl.sw.editors.snippet.designer.palette.Palette: Palette asked to refresh: Custom
2015-12-02 09:40:59,933 DEBUG [pool-1-thread-3] stencyl.sw.editors.snippet.designer.palette.Palette: Palette asked to refresh: Extensions
2015-12-02 09:40:59,933 DEBUG [pool-1-thread-3] stencyl.sw.editors.snippet.designer.palette.Palette: Palette asked to refresh: Position
2015-12-02 09:40:59,948 DEBUG [pool-1-thread-3] stencyl.sw.editors.snippet.designer.EditArea: ContextSet for current event: []
2015-12-02 09:40:59,948 DEBUG [pool-1-thread-3] stencyl.sw.editors.snippet.designer.palette.Palette: Palette asked to refresh: Position
2015-12-02 09:41:00,073 DEBUG [AWT-EventQueue-0] stencyl.sw.app.doc.Workspace: Activated: Bullet
2015-12-02 09:41:00,073 DEBUG [pool-1-thread-3] stencyl.sw.app.tasks.OpenResourceTask: Open Took 1793ms
2015-12-02 09:41:00,120 DEBUG [AWT-EventQueue-0] stencyl.sw.app.tasks.OpenResourceTask: Total Took 1840ms
2015-12-02 09:41:02,115 ERROR [AWT-EventQueue-0] root: Unexpected problem on thread AWT-EventQueue-0: Document "Level One0" is not opened.
java.lang.IllegalArgumentException: Document "Level One0" is not opened.
	at com.jidesoft.document.DocumentPane.setActiveDocument(Unknown Source)
	at com.jidesoft.document.DocumentPane.setActiveDocument(Unknown Source)
	at com.jidesoft.document.DocumentPane.activateGroup(Unknown Source)
	at com.jidesoft.document.b.a(Unknown Source)
	at com.jidesoft.document.b.eventDispatched(Unknown Source)
	at java.awt.Toolkit$SelectiveAWTEventListener.eventDispatched(Toolkit.java:2425)
	at java.awt.Toolkit$ToolkitEventMulticaster.eventDispatched(Toolkit.java:2317)
	at java.awt.Toolkit$ToolkitEventMulticaster.eventDispatched(Toolkit.java:2316)
	at java.awt.Toolkit$ToolkitEventMulticaster.eventDispatched(Toolkit.java:2316)
	at java.awt.Toolkit$ToolkitEventMulticaster.eventDispatched(Toolkit.java:2316)
	at java.awt.Toolkit$ToolkitEventMulticaster.eventDispatched(Toolkit.java:2316)
	at java.awt.Toolkit$ToolkitEventMulticaster.eventDispatched(Toolkit.java:2316)
	at java.awt.Toolkit$ToolkitEventMulticaster.eventDispatched(Toolkit.java:2316)
	at java.awt.Toolkit$ToolkitEventMulticaster.eventDispatched(Toolkit.java:2316)
	at java.awt.Toolkit$ToolkitEventMulticaster.eventDispatched(Toolkit.java:2316)
	at java.awt.Toolkit$ToolkitEventMulticaster.eventDispatched(Toolkit.java:2316)
	at java.awt.Toolkit$ToolkitEventMulticaster.eventDispatched(Toolkit.java:2316)
	at java.awt.Toolkit$ToolkitEventMulticaster.eventDispatched(Toolkit.java:2316)
	at java.awt.Toolkit.notifyAWTEventListeners(Toolkit.java:2275)
	at java.awt.Component.dispatchEventImpl(Component.java:4787)
	at java.awt.Container.dispatchEventImpl(Container.java:2294)
	at java.awt.Component.dispatchEvent(Component.java:4713)
	at java.awt.LightweightDispatcher.retargetMouseEvent(Container.java:4888)
	at java.awt.LightweightDispatcher.processMouseEvent(Container.java:4534)
	at java.awt.LightweightDispatcher.dispatchEvent(Container.java:4466)
	at java.awt.Container.dispatchEventImpl(Container.java:2280)
	at java.awt.Window.dispatchEventImpl(Window.java:2750)
	at java.awt.Component.dispatchEvent(Component.java:4713)
	at java.awt.EventQueue.dispatchEventImpl(EventQueue.java:758)
	at java.awt.EventQueue.access$500(EventQueue.java:97)
	at java.awt.EventQueue$3.run(EventQueue.java:709)
	at java.awt.EventQueue$3.run(EventQueue.java:703)
	at java.security.AccessController.doPrivileged(Native Method)
	at java.security.ProtectionDomain$JavaSecurityAccessImpl.doIntersectionPrivilege(ProtectionDomain.java:76)
	at java.security.ProtectionDomain$JavaSecurityAccessImpl.doIntersectionPrivilege(ProtectionDomain.java:86)
	at java.awt.EventQueue$4.run(EventQueue.java:731)
	at java.awt.EventQueue$4.run(EventQueue.java:729)
	at java.security.AccessController.doPrivileged(Native Method)
	at java.security.ProtectionDomain$JavaSecurityAccessImpl.doIntersectionPrivilege(ProtectionDomain.java:76)
	at java.awt.EventQueue.dispatchEvent(EventQueue.java:728)
	at java.awt.EventDispatchThread.pumpOneEventForFilters(EventDispatchThread.java:201)
	at java.awt.EventDispatchThread.pumpEventsForFilter(EventDispatchThread.java:116)
	at java.awt.EventDispatchThread.pumpEventsForHierarchy(EventDispatchThread.java:105)
	at java.awt.EventDispatchThread.pumpEvents(EventDispatchThread.java:101)
	at java.awt.EventDispatchThread.pumpEvents(EventDispatchThread.java:93)
	at java.awt.EventDispatchThread.run(EventDispatchThread.java:82)
2015-12-02 09:41:05,062 DEBUG [AWT-EventQueue-0] stencyl.sw.editors.scene.Designer: Brush Changed
2015-12-02 09:41:07,852 DEBUG [AWT-EventQueue-0] stencyl.sw.app.doc.Workspace: Loading Closed Resource: Enemy Ship
2015-12-02 09:41:08,258 DEBUG [pool-1-thread-3] stencyl.sw.editors.actor.collision.PreviewPanel: Selected: 1 [X,Y: 0, 0 ]
2015-12-02 09:41:08,460 DEBUG [pool-1-thread-3] stencyl.sw.editors.snippet.designer.palette.Palette: Palette asked to refresh: Position
2015-12-02 09:41:08,507 DEBUG [pool-1-thread-3] stencyl.sw.editors.snippet.designer.palette.Palette: Palette asked to refresh: Conditions
2015-12-02 09:41:08,679 DEBUG [pool-1-thread-3] stencyl.sw.editors.snippet.designer.palette.Palette: Palette asked to refresh: Actors
2015-12-02 09:41:08,772 DEBUG [pool-1-thread-3] stencyl.sw.editors.snippet.designer.palette.Palette: Palette asked to refresh: Keyboard & Mouse
2015-12-02 09:41:08,819 DEBUG [pool-1-thread-3] stencyl.sw.editors.snippet.designer.palette.Palette: Palette asked to refresh: Math
2015-12-02 09:41:08,850 DEBUG [pool-1-thread-3] stencyl.sw.editors.snippet.designer.palette.Palette: Palette asked to refresh: Getters
2015-12-02 09:41:08,944 DEBUG [pool-1-thread-3] stencyl.sw.editors.snippet.designer.palette.Palette: Palette asked to refresh: Sound
2015-12-02 09:41:08,959 DEBUG [pool-1-thread-3] stencyl.sw.editors.snippet.designer.palette.Palette: Palette asked to refresh: Triggers
2015-12-02 09:41:09,006 DEBUG [pool-1-thread-3] stencyl.sw.editors.snippet.designer.palette.Palette: Palette asked to refresh: Web
2015-12-02 09:41:09,037 DEBUG [pool-1-thread-3] stencyl.sw.editors.snippet.designer.palette.Palette: Palette asked to refresh: Drawing
2015-12-02 09:41:09,068 DEBUG [pool-1-thread-3] stencyl.sw.editors.snippet.designer.palette.Palette: Palette asked to refresh: Basic
2015-12-02 09:41:09,068 DEBUG [pool-1-thread-3] stencyl.sw.editors.snippet.designer.palette.Palette: Palette asked to refresh: Custom
2015-12-02 09:41:09,068 DEBUG [pool-1-thread-3] stencyl.sw.editors.snippet.designer.palette.Palette: Palette asked to refresh: Extensions
2015-12-02 09:41:09,068 DEBUG [pool-1-thread-3] stencyl.sw.editors.snippet.designer.palette.Palette: Palette asked to refresh: Position
2015-12-02 09:41:09,084 DEBUG [pool-1-thread-3] stencyl.sw.editors.snippet.designer.EditArea: ContextSet for current event: []
2015-12-02 09:41:09,084 DEBUG [pool-1-thread-3] stencyl.sw.editors.snippet.designer.palette.Palette: Palette asked to refresh: Position
2015-12-02 09:41:09,146 DEBUG [AWT-EventQueue-0] stencyl.sw.app.doc.Workspace: Activated: Enemy Ship
2015-12-02 09:41:09,146 DEBUG [pool-1-thread-3] stencyl.sw.app.tasks.OpenResourceTask: Open Took 1294ms
2015-12-02 09:41:09,193 DEBUG [AWT-EventQueue-0] stencyl.sw.app.tasks.OpenResourceTask: Total Took 1341ms
2015-12-02 09:41:11,220 ERROR [AWT-EventQueue-0] root: Unexpected problem on thread AWT-EventQueue-0: Document "Level One0" is not opened.
java.lang.IllegalArgumentException: Document "Level One0" is not opened.
	at com.jidesoft.document.DocumentPane.setActiveDocument(Unknown Source)
	at com.jidesoft.document.DocumentPane.setActiveDocument(Unknown Source)
	at com.jidesoft.document.DocumentPane.activateGroup(Unknown Source)
	at com.jidesoft.document.b.a(Unknown Source)
	at com.jidesoft.document.b.eventDispatched(Unknown Source)
	at java.awt.Toolkit$SelectiveAWTEventListener.eventDispatched(Toolkit.java:2425)
	at java.awt.Toolkit$ToolkitEventMulticaster.eventDispatched(Toolkit.java:2317)
	at java.awt.Toolkit$ToolkitEventMulticaster.eventDispatched(Toolkit.java:2316)
	at java.awt.Toolkit$ToolkitEventMulticaster.eventDispatched(Toolkit.java:2316)
	at java.awt.Toolkit$ToolkitEventMulticaster.eventDispatched(Toolkit.java:2316)
	at java.awt.Toolkit$ToolkitEventMulticaster.eventDispatched(Toolkit.java:2316)
	at java.awt.Toolkit$ToolkitEventMulticaster.eventDispatched(Toolkit.java:2316)
	at java.awt.Toolkit$ToolkitEventMulticaster.eventDispatched(Toolkit.java:2316)
	at java.awt.Toolkit$ToolkitEventMulticaster.eventDispatched(Toolkit.java:2316)
	at java.awt.Toolkit$ToolkitEventMulticaster.eventDispatched(Toolkit.java:2316)
	at java.awt.Toolkit$ToolkitEventMulticaster.eventDispatched(Toolkit.java:2316)
	at java.awt.Toolkit$ToolkitEventMulticaster.eventDispatched(Toolkit.java:2316)
	at java.awt.Toolkit$ToolkitEventMulticaster.eventDispatched(Toolkit.java:2316)
	at java.awt.Toolkit$ToolkitEventMulticaster.eventDispatched(Toolkit.java:2316)
	at java.awt.Toolkit.notifyAWTEventListeners(Toolkit.java:2275)
	at java.awt.Component.dispatchEventImpl(Component.java:4787)
	at java.awt.Container.dispatchEventImpl(Container.java:2294)
	at java.awt.Component.dispatchEvent(Component.java:4713)
	at java.awt.LightweightDispatcher.retargetMouseEvent(Container.java:4888)
	at java.awt.LightweightDispatcher.processMouseEvent(Container.java:4534)
	at java.awt.LightweightDispatcher.dispatchEvent(Container.java:4466)
	at java.awt.Container.dispatchEventImpl(Container.java:2280)
	at java.awt.Window.dispatchEventImpl(Window.java:2750)
	at java.awt.Component.dispatchEvent(Component.java:4713)
	at java.awt.EventQueue.dispatchEventImpl(EventQueue.java:758)
	at java.awt.EventQueue.access$500(EventQueue.java:97)
	at java.awt.EventQueue$3.run(EventQueue.java:709)
	at java.awt.EventQueue$3.run(EventQueue.java:703)
	at java.security.AccessController.doPrivileged(Native Method)
	at java.security.ProtectionDomain$JavaSecurityAccessImpl.doIntersectionPrivilege(ProtectionDomain.java:76)
	at java.security.ProtectionDomain$JavaSecurityAccessImpl.doIntersectionPrivilege(ProtectionDomain.java:86)
	at java.awt.EventQueue$4.run(EventQueue.java:731)
	at java.awt.EventQueue$4.run(EventQueue.java:729)
	at java.security.AccessController.doPrivileged(Native Method)
	at java.security.ProtectionDomain$JavaSecurityAccessImpl.doIntersectionPrivilege(ProtectionDomain.java:76)
	at java.awt.EventQueue.dispatchEvent(EventQueue.java:728)
	at java.awt.EventDispatchThread.pumpOneEventForFilters(EventDispatchThread.java:201)
	at java.awt.EventDispatchThread.pumpEventsForFilter(EventDispatchThread.java:116)
	at java.awt.EventDispatchThread.pumpEventsForHierarchy(EventDispatchThread.java:105)
	at java.awt.EventDispatchThread.pumpEvents(EventDispatchThread.java:101)
	at java.awt.EventDispatchThread.pumpEvents(EventDispatchThread.java:93)
	at java.awt.EventDispatchThread.run(EventDispatchThread.java:82)
2015-12-02 09:41:14,094 DEBUG [AWT-EventQueue-0] stencyl.sw.editors.scene.Designer: Brush Changed
2015-12-02 09:41:14,171 DEBUG [AWT-EventQueue-0] stencyl.sw.app.doc.Workspace: Loading Closed Resource: Ship
2015-12-02 09:41:14,608 DEBUG [pool-1-thread-3] stencyl.sw.editors.actor.collision.PreviewPanel: Selected: 1 [X,Y: 0, 0 ]
2015-12-02 09:41:14,795 DEBUG [pool-1-thread-3] stencyl.sw.editors.snippet.designer.EditArea: Verifying Top Level... step
2015-12-02 09:41:14,795 DEBUG [pool-1-thread-3] stencyl.sw.editors.snippet.designer.block.BlockField: Result for: if - false
2015-12-02 09:41:14,795 DEBUG [pool-1-thread-3] stencyl.sw.editors.snippet.designer.block.BlockField: Result for: else-if - false
2015-12-02 09:41:14,795 DEBUG [pool-1-thread-3] stencyl.sw.editors.snippet.designer.block.BlockField: Result for: step - false
2015-12-02 09:41:14,967 DEBUG [pool-1-thread-3] stencyl.sw.editors.snippet.designer.palette.Palette: Palette asked to refresh: Position
2015-12-02 09:41:15,013 DEBUG [pool-1-thread-3] stencyl.sw.editors.snippet.designer.palette.Palette: Palette asked to refresh: Conditions
2015-12-02 09:41:15,185 DEBUG [pool-1-thread-3] stencyl.sw.editors.snippet.designer.palette.Palette: Palette asked to refresh: Actors
2015-12-02 09:41:15,528 DEBUG [pool-1-thread-3] stencyl.sw.editors.snippet.designer.palette.Palette: Palette asked to refresh: Keyboard & Mouse
2015-12-02 09:41:15,590 DEBUG [pool-1-thread-3] stencyl.sw.editors.snippet.designer.palette.Palette: Palette asked to refresh: Math
2015-12-02 09:41:15,637 DEBUG [pool-1-thread-3] stencyl.sw.editors.snippet.designer.palette.Palette: Palette asked to refresh: Getters
2015-12-02 09:41:15,762 DEBUG [pool-1-thread-3] stencyl.sw.editors.snippet.designer.palette.Palette: Palette asked to refresh: Sound
2015-12-02 09:41:15,793 DEBUG [pool-1-thread-3] stencyl.sw.editors.snippet.designer.palette.Palette: Palette asked to refresh: Triggers
2015-12-02 09:41:15,855 DEBUG [pool-1-thread-3] stencyl.sw.editors.snippet.designer.palette.Palette: Palette asked to refresh: Web
2015-12-02 09:41:15,902 DEBUG [pool-1-thread-3] stencyl.sw.editors.snippet.designer.palette.Palette: Palette asked to refresh: Drawing
2015-12-02 09:41:15,933 DEBUG [pool-1-thread-3] stencyl.sw.editors.snippet.designer.palette.Palette: Palette asked to refresh: Basic
2015-12-02 09:41:15,933 DEBUG [pool-1-thread-3] stencyl.sw.editors.snippet.designer.palette.Palette: Palette asked to refresh: Custom
2015-12-02 09:41:15,933 DEBUG [pool-1-thread-3] stencyl.sw.editors.snippet.designer.palette.Palette: Palette asked to refresh: Extensions
2015-12-02 09:41:15,933 DEBUG [pool-1-thread-3] stencyl.sw.editors.snippet.designer.palette.Palette: Palette asked to refresh: Position
2015-12-02 09:41:16,027 DEBUG [pool-1-thread-3] stencyl.sw.editors.snippet.designer.EditArea: ContextSet for current event: [[e]0-1, [h]engine:com.stencyl.Engine, [c]com.stencyl.behavior.Script, [b]0, [s]com.stencyl.behavior.Script]
2015-12-02 09:41:16,027 DEBUG [pool-1-thread-3] stencyl.sw.editors.snippet.designer.palette.Palette: Palette asked to refresh: Position
2015-12-02 09:41:16,027 DEBUG [pool-1-thread-3] stencyl.sw.editors.snippet.designer.palette.Palette: Refreshing with context [[e]0-1, [h]engine:com.stencyl.Engine, [c]com.stencyl.behavior.Script, [b]0, [s]com.stencyl.behavior.Script]
2015-12-02 09:41:16,151 DEBUG [AWT-EventQueue-0] stencyl.sw.app.doc.Workspace: Activated: Ship
2015-12-02 09:41:16,151 DEBUG [pool-1-thread-3] stencyl.sw.app.tasks.OpenResourceTask: Open Took 1980ms
2015-12-02 09:41:16,198 DEBUG [AWT-EventQueue-0] stencyl.sw.app.tasks.OpenResourceTask: Total Took 2027ms
2015-12-02 09:41:19,955 ERROR [AWT-EventQueue-0] root: Unexpected problem on thread AWT-EventQueue-0: Document "Level One0" is not opened.
java.lang.IllegalArgumentException: Document "Level One0" is not opened.
	at com.jidesoft.document.DocumentPane.setActiveDocument(Unknown Source)
	at com.jidesoft.document.DocumentPane.setActiveDocument(Unknown Source)
	at com.jidesoft.document.DocumentPane.activateGroup(Unknown Source)
	at com.jidesoft.document.b.a(Unknown Source)
	at com.jidesoft.document.b.eventDispatched(Unknown Source)
	at java.awt.Toolkit$SelectiveAWTEventListener.eventDispatched(Toolkit.java:2425)
	at java.awt.Toolkit$ToolkitEventMulticaster.eventDispatched(Toolkit.java:2317)
	at java.awt.Toolkit$ToolkitEventMulticaster.eventDispatched(Toolkit.java:2316)
	at java.awt.Toolkit$ToolkitEventMulticaster.eventDispatched(Toolkit.java:2316)
	at java.awt.Toolkit$ToolkitEventMulticaster.eventDispatched(Toolkit.java:2316)
	at java.awt.Toolkit$ToolkitEventMulticaster.eventDispatched(Toolkit.java:2316)
	at java.awt.Toolkit$ToolkitEventMulticaster.eventDispatched(Toolkit.java:2316)
	at java.awt.Toolkit$ToolkitEventMulticaster.eventDispatched(Toolkit.java:2316)
	at java.awt.Toolkit$ToolkitEventMulticaster.eventDispatched(Toolkit.java:2316)
	at java.awt.Toolkit$ToolkitEventMulticaster.eventDispatched(Toolkit.java:2316)
	at java.awt.Toolkit$ToolkitEventMulticaster.eventDispatched(Toolkit.java:2316)
	at java.awt.Toolkit$ToolkitEventMulticaster.eventDispatched(Toolkit.java:2316)
	at java.awt.Toolkit$ToolkitEventMulticaster.eventDispatched(Toolkit.java:2316)
	at java.awt.Toolkit$ToolkitEventMulticaster.eventDispatched(Toolkit.java:2316)
	at java.awt.Toolkit$ToolkitEventMulticaster.eventDispatched(Toolkit.java:2316)
	at java.awt.Toolkit.notifyAWTEventListeners(Toolkit.java:2275)
	at java.awt.Component.dispatchEventImpl(Component.java:4787)
	at java.awt.Container.dispatchEventImpl(Container.java:2294)
	at java.awt.Component.dispatchEvent(Component.java:4713)
	at java.awt.LightweightDispatcher.retargetMouseEvent(Container.java:4888)
	at java.awt.LightweightDispatcher.processMouseEvent(Container.java:4534)
	at java.awt.LightweightDispatcher.dispatchEvent(Container.java:4466)
	at java.awt.Container.dispatchEventImpl(Container.java:2280)
	at java.awt.Window.dispatchEventImpl(Window.java:2750)
	at java.awt.Component.dispatchEvent(Component.java:4713)
	at java.awt.EventQueue.dispatchEventImpl(EventQueue.java:758)
	at java.awt.EventQueue.access$500(EventQueue.java:97)
	at java.awt.EventQueue$3.run(EventQueue.java:709)
	at java.awt.EventQueue$3.run(EventQueue.java:703)
	at java.security.AccessController.doPrivileged(Native Method)
	at java.security.ProtectionDomain$JavaSecurityAccessImpl.doIntersectionPrivilege(ProtectionDomain.java:76)
	at java.security.ProtectionDomain$JavaSecurityAccessImpl.doIntersectionPrivilege(ProtectionDomain.java:86)
	at java.awt.EventQueue$4.run(EventQueue.java:731)
	at java.awt.EventQueue$4.run(EventQueue.java:729)
	at java.security.AccessController.doPrivileged(Native Method)
	at java.security.ProtectionDomain$JavaSecurityAccessImpl.doIntersectionPrivilege(ProtectionDomain.java:76)
	at java.awt.EventQueue.dispatchEvent(EventQueue.java:728)
	at java.awt.EventDispatchThread.pumpOneEventForFilters(EventDispatchThread.java:201)
	at java.awt.EventDispatchThread.pumpEventsForFilter(EventDispatchThread.java:116)
	at java.awt.EventDispatchThread.pumpEventsForHierarchy(EventDispatchThread.java:105)
	at java.awt.EventDispatchThread.pumpEvents(EventDispatchThread.java:101)
	at java.awt.EventDispatchThread.pumpEvents(EventDispatchThread.java:93)
	at java.awt.EventDispatchThread.run(EventDispatchThread.java:82)
2015-12-02 09:41:23,759 DEBUG [AWT-EventQueue-0] stencyl.sw.app.doc.Workspace: Activated: Enemy Ship
2015-12-02 09:41:24,523 DEBUG [AWT-EventQueue-0] stencyl.sw.app.doc.Workspace: Activated: Bullet
2015-12-02 09:41:27,002 ERROR [AWT-EventQueue-0] root: Unexpected problem on thread AWT-EventQueue-0: Document "Level One0" is not opened.
java.lang.IllegalArgumentException: Document "Level One0" is not opened.
	at com.jidesoft.document.DocumentPane.setActiveDocument(Unknown Source)
	at com.jidesoft.document.DocumentPane.setActiveDocument(Unknown Source)
	at com.jidesoft.document.DocumentPane.activateGroup(Unknown Source)
	at com.jidesoft.document.b.a(Unknown Source)
	at com.jidesoft.document.b.eventDispatched(Unknown Source)
	at java.awt.Toolkit$SelectiveAWTEventListener.eventDispatched(Toolkit.java:2425)
	at java.awt.Toolkit$ToolkitEventMulticaster.eventDispatched(Toolkit.java:2317)
	at java.awt.Toolkit$ToolkitEventMulticaster.eventDispatched(Toolkit.java:2316)
	at java.awt.Toolkit$ToolkitEventMulticaster.eventDispatched(Toolkit.java:2316)
	at java.awt.Toolkit$ToolkitEventMulticaster.eventDispatched(Toolkit.java:2316)
	at java.awt.Toolkit$ToolkitEventMulticaster.eventDispatched(Toolkit.java:2316)
	at java.awt.Toolkit$ToolkitEventMulticaster.eventDispatched(Toolkit.java:2316)
	at java.awt.Toolkit$ToolkitEventMulticaster.eventDispatched(Toolkit.java:2316)
	at java.awt.Toolkit$ToolkitEventMulticaster.eventDispatched(Toolkit.java:2316)
	at java.awt.Toolkit$ToolkitEventMulticaster.eventDispatched(Toolkit.java:2316)
	at java.awt.Toolkit$ToolkitEventMulticaster.eventDispatched(Toolkit.java:2316)
	at java.awt.Toolkit$ToolkitEventMulticaster.eventDispatched(Toolkit.java:2316)
	at java.awt.Toolkit$ToolkitEventMulticaster.eventDispatched(Toolkit.java:2316)
	at java.awt.Toolkit$ToolkitEventMulticaster.eventDispatched(Toolkit.java:2316)
	at java.awt.Toolkit$ToolkitEventMulticaster.eventDispatched(Toolkit.java:2316)
	at java.awt.Toolkit.notifyAWTEventListeners(Toolkit.java:2275)
	at java.awt.Component.dispatchEventImpl(Component.java:4787)
	at java.awt.Container.dispatchEventImpl(Container.java:2294)
	at java.awt.Component.dispatchEvent(Component.java:4713)
	at java.awt.LightweightDispatcher.retargetMouseEvent(Container.java:4888)
	at java.awt.LightweightDispatcher.processMouseEvent(Container.java:4534)
	at java.awt.LightweightDispatcher.dispatchEvent(Container.java:4466)
	at java.awt.Container.dispatchEventImpl(Container.java:2280)
	at java.awt.Window.dispatchEventImpl(Window.java:2750)
	at java.awt.Component.dispatchEvent(Component.java:4713)
	at java.awt.EventQueue.dispatchEventImpl(EventQueue.java:758)
	at java.awt.EventQueue.access$500(EventQueue.java:97)
	at java.awt.EventQueue$3.run(EventQueue.java:709)
	at java.awt.EventQueue$3.run(EventQueue.java:703)
	at java.security.AccessController.doPrivileged(Native Method)
	at java.security.ProtectionDomain$JavaSecurityAccessImpl.doIntersectionPrivilege(ProtectionDomain.java:76)
	at java.security.ProtectionDomain$JavaSecurityAccessImpl.doIntersectionPrivilege(ProtectionDomain.java:86)
	at java.awt.EventQueue$4.run(EventQueue.java:731)
	at java.awt.EventQueue$4.run(EventQueue.java:729)
	at java.security.AccessController.doPrivileged(Native Method)
	at java.security.ProtectionDomain$JavaSecurityAccessImpl.doIntersectionPrivilege(ProtectionDomain.java:76)
	at java.awt.EventQueue.dispatchEvent(EventQueue.java:728)
	at java.awt.EventDispatchThread.pumpOneEventForFilters(EventDispatchThread.java:201)
	at java.awt.EventDispatchThread.pumpEventsForFilter(EventDispatchThread.java:116)
	at java.awt.EventDispatchThread.pumpEventsForHierarchy(EventDispatchThread.java:105)
	at java.awt.EventDispatchThread.pumpEvents(EventDispatchThread.java:101)
	at java.awt.EventDispatchThread.pumpEvents(EventDispatchThread.java:93)
	at java.awt.EventDispatchThread.run(EventDispatchThread.java:82)
2015-12-02 09:41:31,524 DEBUG [AWT-EventQueue-0] stencyl.sw.app.doc.Workspace: Activated: Ship
2015-12-02 09:41:37,076 DEBUG [AWT-EventQueue-0] stencyl.sw.editors.snippet.designer.palette.Palette: Palette asked to refresh: Getters
2015-12-02 09:41:37,076 DEBUG [AWT-EventQueue-0] stencyl.sw.editors.snippet.designer.palette.Palette: Refreshing with context [[e]0-1, [h]engine:com.stencyl.Engine, [c]com.stencyl.behavior.Script, [b]0, [s]com.stencyl.behavior.Script]
2015-12-02 09:41:37,092 DEBUG [AWT-EventQueue-0] stencyl.sw.editors.snippet.designer.palette.Palette: Palette asked to refresh: Getters
2015-12-02 09:41:49,917 DEBUG [AWT-EventQueue-0] stencyl.sw.app.App: Action: Save Game
2015-12-02 09:41:49,964 INFO  [pool-1-thread-3] stencyl.sw.io.write.MasterWriter: Saving game in place.
2015-12-02 09:41:50,198 DEBUG [pool-1-thread-3] stencyl.sw.util.FileHelper: Saving backup file C:\Users\glafond5733\AppData\Roaming\Stencyl\stencylworks\games\Invaders\game.xml.bak.
2015-12-02 09:41:56,327 DEBUG [pool-1-thread-3] stencyl.sw.io.write.MasterWriter: Writing out local resources.
2015-12-02 09:41:56,343 DEBUG [pool-1-thread-3] stencyl.sw.util.FileHelper: Saving backup file C:\Users\glafond5733\AppData\Roaming\Stencyl\stencylworks\games\Invaders\resources\data.xml.bak.
2015-12-02 09:41:56,359 DEBUG [pool-1-thread-3] stencyl.core.lib.io.read.SceneReader: Reading header for Scene: 0 (Level One) from: scenes\0.xml
2015-12-02 09:41:56,421 DEBUG [pool-1-thread-3] stencyl.sw.io.write.resource.SpriteWriter: Mark actor's sprite as clean (disk).
2015-12-02 09:41:56,421 DEBUG [pool-1-thread-3] stencyl.core.lib.io.read.SceneReader: Reading header for Scene: 0 (Level One) from: scenes\0.xml
2015-12-02 09:41:56,437 DEBUG [pool-1-thread-3] stencyl.sw.io.write.resource.SpriteWriter: Mark actor's sprite as clean (disk).
2015-12-02 09:41:56,437 DEBUG [pool-1-thread-3] stencyl.sw.editors.snippet.designer.block.Block: Write out thisActor
2015-12-02 09:41:56,437 DEBUG [pool-1-thread-3] stencyl.sw.editors.snippet.designer.block.Block: Write out generic element ID: 3
2015-12-02 09:41:56,437 DEBUG [pool-1-thread-3] stencyl.sw.editors.snippet.designer.block.Block: Write out thisActor
2015-12-02 09:41:56,437 DEBUG [pool-1-thread-3] stencyl.sw.editors.snippet.designer.block.Block: Write out generic element ID: 2
2015-12-02 09:41:56,468 DEBUG [pool-1-thread-3] stencyl.core.lib.io.read.SceneReader: Reading header for Scene: 0 (Level One) from: scenes\0.xml
2015-12-02 09:41:56,468 DEBUG [pool-1-thread-3] stencyl.sw.io.write.resource.SpriteWriter: Mark actor's sprite as clean (disk).
2015-12-02 09:41:56,468 DEBUG [pool-1-thread-3] stencyl.sw.io.write.resource.BackgroundWriter: Skip writing out Background.
2015-12-02 09:41:56,468 DEBUG [pool-1-thread-3] stencyl.sw.io.write.resource.BackgroundWriter: Mark background as clean (disk).
2015-12-02 09:41:56,468 DEBUG [pool-1-thread-3] stencyl.sw.io.write.MasterWriter: Writing out scenes.
2015-12-02 09:41:56,483 DEBUG [pool-1-thread-3] stencyl.sw.io.write.MasterWriter: Copying over snippets.
2015-12-02 09:41:56,795 DEBUG [pool-1-thread-3] stencyl.sw.util.FileHelper: Saving backup file C:\Users\glafond5733\AppData\Roaming\Stencyl\stencylworks\games\Invaders\snippets\list.xml.bak.
2015-12-02 09:41:56,811 DEBUG [pool-1-thread-3] stencyl.sw.editors.snippet.designer.block.Block: Write out thisActor
2015-12-02 09:41:56,811 DEBUG [pool-1-thread-3] stencyl.sw.editors.snippet.designer.block.Block: Write out generic element ID: 3
2015-12-02 09:41:56,811 DEBUG [pool-1-thread-3] stencyl.sw.editors.snippet.designer.block.Block: Write out thisActor
2015-12-02 09:41:56,811 DEBUG [pool-1-thread-3] stencyl.sw.editors.snippet.designer.block.Block: Write out generic element ID: 2
2015-12-02 09:41:56,936 DEBUG [pool-1-thread-3] stencyl.sw.io.write.resource.SnippetsWriter: Copy from opened to disk: ActorEvents_4
2015-12-02 09:41:57,076 DEBUG [pool-1-thread-3] stencyl.sw.util.FileHelper: Trying to delete file that does not exist: C:\Users\glafond5733\AppData\Roaming\Stencyl\stencylworks\games\Invaders\behavior-hx\ActorEvents_4.hx
2015-12-02 09:41:57,076 DEBUG [pool-1-thread-3] stencyl.sw.io.write.resource.SnippetsWriter: Copied to: C:\Users\glafond5733\AppData\Roaming\Stencyl\stencylworks\games\Invaders\snippets\ActorEvents_4.design
2015-12-02 09:41:57,076 DEBUG [pool-1-thread-3] stencyl.sw.io.write.resource.SnippetsWriter: Copy from opened to disk: ActorEvents_2
2015-12-02 09:41:57,076 DEBUG [pool-1-thread-3] stencyl.sw.util.FileHelper: Trying to delete file that does not exist: C:\Users\glafond5733\AppData\Roaming\Stencyl\stencylworks\games\Invaders\behavior-hx\ActorEvents_2.hx
2015-12-02 09:41:57,076 DEBUG [pool-1-thread-3] stencyl.sw.io.write.resource.SnippetsWriter: Copied to: C:\Users\glafond5733\AppData\Roaming\Stencyl\stencylworks\games\Invaders\snippets\ActorEvents_2.design
2015-12-02 09:41:57,076 DEBUG [pool-1-thread-3] stencyl.sw.io.write.resource.SnippetsWriter: Copy from opened to disk: ActorEvents_0
2015-12-02 09:41:57,076 DEBUG [pool-1-thread-3] stencyl.sw.editors.snippet.designer.block.Block: Write out thisActor
2015-12-02 09:41:57,076 DEBUG [pool-1-thread-3] stencyl.sw.editors.snippet.designer.block.Block: Write out generic element ID: 3
2015-12-02 09:41:57,076 DEBUG [pool-1-thread-3] stencyl.sw.editors.snippet.designer.block.Block: Write out thisActor
2015-12-02 09:41:57,076 DEBUG [pool-1-thread-3] stencyl.sw.editors.snippet.designer.block.Block: Write out generic element ID: 2
2015-12-02 09:41:57,076 DEBUG [pool-1-thread-3] stencyl.sw.util.FileHelper: Trying to delete file that does not exist: C:\Users\glafond5733\AppData\Roaming\Stencyl\stencylworks\games\Invaders\behavior-hx\ActorEvents_0.hx
2015-12-02 09:41:57,076 DEBUG [pool-1-thread-3] stencyl.sw.io.write.resource.SnippetsWriter: Copied to: C:\Users\glafond5733\AppData\Roaming\Stencyl\stencylworks\games\Invaders\snippets\ActorEvents_0.design
2015-12-02 09:41:57,092 DEBUG [pool-1-thread-3] stencyl.sw.io.write.MasterWriter: Saving block favorites.
2015-12-02 09:41:57,092 INFO  [pool-1-thread-3] stencyl.sw.io.write.MasterWriter: Done writing game.
2015-12-02 09:41:57,996 INFO  [AWT-EventQueue-0] stencyl.sw.app.App: Attempting to quit out of Stencyl.
2015-12-02 09:42:00,211 INFO  [pool-1-thread-3] stencyl.sw.io.write.MasterWriter: Saving game in place.
2015-12-02 09:42:00,242 DEBUG [pool-1-thread-3] stencyl.sw.util.FileHelper: Saving backup file C:\Users\glafond5733\AppData\Roaming\Stencyl\stencylworks\games\Invaders\game.xml.bak.
2015-12-02 09:42:01,724 DEBUG [pool-1-thread-3] stencyl.sw.io.write.MasterWriter: Writing out local resources.
2015-12-02 09:42:01,739 DEBUG [pool-1-thread-3] stencyl.sw.util.FileHelper: Saving backup file C:\Users\glafond5733\AppData\Roaming\Stencyl\stencylworks\games\Invaders\resources\data.xml.bak.
2015-12-02 09:42:01,739 DEBUG [pool-1-thread-3] stencyl.core.lib.io.read.SceneReader: Reading header for Scene: 0 (Level One) from: scenes\0.xml
2015-12-02 09:42:01,755 DEBUG [pool-1-thread-3] stencyl.sw.io.write.resource.SpriteWriter: Mark actor's sprite as clean (disk).
2015-12-02 09:42:01,755 DEBUG [pool-1-thread-3] stencyl.core.lib.io.read.SceneReader: Reading header for Scene: 0 (Level One) from: scenes\0.xml
2015-12-02 09:42:01,755 DEBUG [pool-1-thread-3] stencyl.sw.io.write.resource.SpriteWriter: Mark actor's sprite as clean (disk).
2015-12-02 09:42:01,771 DEBUG [pool-1-thread-3] stencyl.sw.editors.snippet.designer.block.Block: Write out thisActor
2015-12-02 09:42:01,771 DEBUG [pool-1-thread-3] stencyl.sw.editors.snippet.designer.block.Block: Write out generic element ID: 3
2015-12-02 09:42:01,771 DEBUG [pool-1-thread-3] stencyl.sw.editors.snippet.designer.block.Block: Write out thisActor
2015-12-02 09:42:01,771 DEBUG [pool-1-thread-3] stencyl.sw.editors.snippet.designer.block.Block: Write out generic element ID: 2
2015-12-02 09:42:01,802 DEBUG [pool-1-thread-3] stencyl.core.lib.io.read.SceneReader: Reading header for Scene: 0 (Level One) from: scenes\0.xml
2015-12-02 09:42:01,802 DEBUG [pool-1-thread-3] stencyl.sw.io.write.resource.SpriteWriter: Mark actor's sprite as clean (disk).
2015-12-02 09:42:01,817 DEBUG [pool-1-thread-3] stencyl.sw.io.write.resource.BackgroundWriter: Skip writing out Background.
2015-12-02 09:42:01,817 DEBUG [pool-1-thread-3] stencyl.sw.io.write.resource.BackgroundWriter: Mark background as clean (disk).
2015-12-02 09:42:01,817 DEBUG [pool-1-thread-3] stencyl.sw.io.write.MasterWriter: Writing out scenes.
2015-12-02 09:42:01,817 DEBUG [pool-1-thread-3] stencyl.sw.io.write.MasterWriter: Copying over snippets.
2015-12-02 09:42:01,817 DEBUG [pool-1-thread-3] stencyl.sw.util.FileHelper: Saving backup file C:\Users\glafond5733\AppData\Roaming\Stencyl\stencylworks\games\Invaders\snippets\list.xml.bak.
2015-12-02 09:42:01,833 DEBUG [pool-1-thread-3] stencyl.sw.editors.snippet.designer.block.Block: Write out thisActor
2015-12-02 09:42:01,833 DEBUG [pool-1-thread-3] stencyl.sw.editors.snippet.designer.block.Block: Write out generic element ID: 3
2015-12-02 09:42:01,833 DEBUG [pool-1-thread-3] stencyl.sw.editors.snippet.designer.block.Block: Write out thisActor
2015-12-02 09:42:01,833 DEBUG [pool-1-thread-3] stencyl.sw.editors.snippet.designer.block.Block: Write out generic element ID: 2
2015-12-02 09:42:01,880 DEBUG [pool-1-thread-3] stencyl.sw.io.write.resource.SnippetsWriter: Copy from opened to disk: ActorEvents_4
2015-12-02 09:42:01,880 DEBUG [pool-1-thread-3] stencyl.sw.util.FileHelper: Trying to delete file that does not exist: C:\Users\glafond5733\AppData\Roaming\Stencyl\stencylworks\games\Invaders\behavior-hx\ActorEvents_4.hx
2015-12-02 09:42:01,895 DEBUG [pool-1-thread-3] stencyl.sw.io.write.resource.SnippetsWriter: Copied to: C:\Users\glafond5733\AppData\Roaming\Stencyl\stencylworks\games\Invaders\snippets\ActorEvents_4.design
2015-12-02 09:42:01,895 DEBUG [pool-1-thread-3] stencyl.sw.io.write.resource.SnippetsWriter: Copy from opened to disk: ActorEvents_2
2015-12-02 09:42:01,895 DEBUG [pool-1-thread-3] stencyl.sw.util.FileHelper: Trying to delete file that does not exist: C:\Users\glafond5733\AppData\Roaming\Stencyl\stencylworks\games\Invaders\behavior-hx\ActorEvents_2.hx
2015-12-02 09:42:01,895 DEBUG [pool-1-thread-3] stencyl.sw.io.write.resource.SnippetsWriter: Copied to: C:\Users\glafond5733\AppData\Roaming\Stencyl\stencylworks\games\Invaders\snippets\ActorEvents_2.design
2015-12-02 09:42:01,895 DEBUG [pool-1-thread-3] stencyl.sw.io.write.resource.SnippetsWriter: Copy from opened to disk: ActorEvents_0
2015-12-02 09:42:01,895 DEBUG [pool-1-thread-3] stencyl.sw.editors.snippet.designer.block.Block: Write out thisActor
2015-12-02 09:42:01,895 DEBUG [pool-1-thread-3] stencyl.sw.editors.snippet.designer.block.Block: Write out generic element ID: 3
2015-12-02 09:42:01,895 DEBUG [pool-1-thread-3] stencyl.sw.editors.snippet.designer.block.Block: Write out thisActor
2015-12-02 09:42:01,895 DEBUG [pool-1-thread-3] stencyl.sw.editors.snippet.designer.block.Block: Write out generic element ID: 2
2015-12-02 09:42:01,895 DEBUG [pool-1-thread-3] stencyl.sw.util.FileHelper: Trying to delete file that does not exist: C:\Users\glafond5733\AppData\Roaming\Stencyl\stencylworks\games\Invaders\behavior-hx\ActorEvents_0.hx
2015-12-02 09:42:01,895 DEBUG [pool-1-thread-3] stencyl.sw.io.write.resource.SnippetsWriter: Copied to: C:\Users\glafond5733\AppData\Roaming\Stencyl\stencylworks\games\Invaders\snippets\ActorEvents_0.design
2015-12-02 09:42:01,911 DEBUG [pool-1-thread-3] stencyl.sw.io.write.MasterWriter: Saving block favorites.
2015-12-02 09:42:01,911 INFO  [pool-1-thread-3] stencyl.sw.io.write.MasterWriter: Done writing game.
2015-12-02 09:42:01,958 DEBUG [AWT-EventQueue-0] stencyl.sw.util.Util: Running command: [taskkill, /im, neko.exe, /f]
2015-12-02 09:42:02,036 DEBUG [Thread-7] stencyl.sw.util.StreamGobbler: [taskkill] ERROR: The process "neko.exe" not found.
2015-12-02 09:42:02,036 DEBUG [AWT-EventQueue-0] stencyl.sw.util.Util: Process 'taskkill' exited with code: 128
2015-12-02 09:42:02,036 DEBUG [AWT-EventQueue-0] stencyl.sw.util.Util: Running command: [taskkill, /im, adb.exe, /f]
2015-12-02 09:42:02,114 DEBUG [Thread-8] stencyl.sw.util.StreamGobbler: [taskkill] ERROR: The process "adb.exe" not found.
2015-12-02 09:42:02,114 DEBUG [AWT-EventQueue-0] stencyl.sw.util.Util: Process 'taskkill' exited with code: 128
2015-12-02 09:42:02,114 DEBUG [AWT-EventQueue-0] stencyl.sw.util.Util: Running command: [taskkill, /im, arm-linux-androideabi-g++.exe, /f]
2015-12-02 09:42:02,176 DEBUG [Thread-9] stencyl.sw.util.StreamGobbler: [taskkill] ERROR: The process "arm-linux-androideabi-g++.exe" not found.
2015-12-02 09:42:02,192 DEBUG [AWT-EventQueue-0] stencyl.sw.util.Util: Process 'taskkill' exited with code: 128
2015-12-02 09:42:02,192 DEBUG [AWT-EventQueue-0] stencyl.sw.util.Util: Running command: [taskkill, /im, cc1plus.exe, /f]
2015-12-02 09:42:02,254 DEBUG [Thread-10] stencyl.sw.util.StreamGobbler: [taskkill] ERROR: The process "cc1plus.exe" not found.
2015-12-02 09:42:02,270 DEBUG [AWT-EventQueue-0] stencyl.sw.util.Util: Process 'taskkill' exited with code: 128
2015-12-02 09:42:02,270 DEBUG [AWT-EventQueue-0] stencyl.sw.util.Util: Running command: [taskkill, /im, tail.exe, /f]
2015-12-02 09:42:02,348 DEBUG [Thread-11] stencyl.sw.util.StreamGobbler: [taskkill] ERROR: The process "tail.exe" not found.
2015-12-02 09:42:02,363 DEBUG [AWT-EventQueue-0] stencyl.sw.util.Util: Process 'taskkill' exited with code: 128
2015-12-02 09:42:02,363 DEBUG [AWT-EventQueue-0] stencyl.sw.util.Util: Running command: [taskkill, /im, ios-sim.exe, /f]
2015-12-02 09:42:02,441 DEBUG [Thread-12] stencyl.sw.util.StreamGobbler: [taskkill] ERROR: The process "ios-sim.exe" not found.
2015-12-02 09:42:02,457 DEBUG [AWT-EventQueue-0] stencyl.sw.util.Util: Process 'taskkill' exited with code: 128
2015-12-02 09:42:02,457 DEBUG [AWT-EventQueue-0] stencyl.sw.app.App: Destroying extensions.
2015-12-02 09:42:02,457 DEBUG [AWT-EventQueue-0] stencyl.sw.app.App: Performing final close.
2015-12-02 09:42:02,457 INFO  [AWT-EventQueue-0] stencyl.sw.app.App: Exiting...
2015-12-02 09:42:02,457 DEBUG [AWT-EventQueue-0] stencyl.sw.app.App: Destroying Temporary Sandbox.
2015-12-02 09:42:02,457 DEBUG [AWT-EventQueue-0] stencyl.sw.util.FileHelper: Deleting: C:\Users\glafond5733\AppData\Local\Temp\stencyl4363571829478050471
