2015-12-10 10:38:13,281 INFO  [main] stencyl.sw.Session: Logfile: C:\Users\rmills0865\AppData\Roaming\Stencyl\stencylworks\logs\2015-12-10_10-38-13.log
2015-12-10 10:38:13,281 INFO  [main] stencyl.sw.Session: OS Name: Windows 7
2015-12-10 10:38:13,281 INFO  [main] stencyl.sw.Session: OS Version: 6.1 (64-bit)
2015-12-10 10:38:13,281 INFO  [main] stencyl.sw.Session: Java Version: 1.8.0_60
2015-12-10 10:38:13,281 INFO  [main] stencyl.sw.Session: Stencyl Version: 3.3.2 (b8734)
2015-12-10 10:38:13,281 INFO  [main] stencyl.sw.Session: Stencyl Workspace: C:\Users\rmills0865\AppData\Roaming\Stencyl\
2015-12-10 10:38:13,281 INFO  [main] stencyl.sw.Session: User Working Directory: C:\Program Files (x86)\Stencyl
2015-12-10 10:38:13,281 INFO  [main] stencyl.sw.Session: User Home Directory: C:\Users\rmills0865
2015-12-10 10:38:13,281 INFO  [main] stencyl.sw.Session: System Path: C:\ProgramData\Oracle\Java\javapath;C:\Program Files (x86)\Intel\iCLS Client\;C:\Program Files\Intel\iCLS Client\;C:\Windows\system32;C:\Windows;C:\Windows\System32\Wbem;C:\Windows\System32\WindowsPowerShell\v1.0\;C:\Windows\CCM;C:\Program Files\Intel\Intel(R) Management Engine Components\DAL;C:\Program Files\Intel\Intel(R) Management Engine Components\IPT;C:\Program Files (x86)\Intel\Intel(R) Management Engine Components\DAL;C:\Program Files (x86)\Intel\Intel(R) Management Engine Components\IPT;C:\Program Files (x86)\QuickTime\QTSystem\;C:\Program Files (x86)\Stencyl\runtimes\jre-win\bin
2015-12-10 10:38:13,359 DEBUG [main] stencyl.sw.util.FileHelper: Deleting: C:\Users\RMILLS~1\AppData\Local\Temp\stencyl6031560325961258117
2015-12-10 10:38:13,359 DEBUG [main] stencyl.sw.loc.LanguagePack: Reading... lang\en\global-phrases.lang
2015-12-10 10:38:13,374 DEBUG [main] stencyl.sw.loc.LanguagePack: Reading... lang\en\global-errors.lang
2015-12-10 10:38:13,374 DEBUG [main] stencyl.sw.loc.LanguagePack: Reading... lang\en\global-menu.lang
2015-12-10 10:38:13,374 DEBUG [main] stencyl.sw.loc.LanguagePack: Reading... lang\en\global-welcome.lang
2015-12-10 10:38:13,374 DEBUG [main] stencyl.sw.loc.LanguagePack: Reading... lang\en\global-dashboard.lang
2015-12-10 10:38:13,374 DEBUG [main] stencyl.sw.loc.LanguagePack: Reading... lang\en\global-publish.lang
2015-12-10 10:38:13,374 DEBUG [main] stencyl.sw.loc.LanguagePack: Reading... lang\en\global-updater.lang
2015-12-10 10:38:13,374 DEBUG [main] stencyl.sw.loc.LanguagePack: Reading... lang\en\global-chat.lang
2015-12-10 10:38:13,374 DEBUG [main] stencyl.sw.loc.LanguagePack: Reading... lang\en\global-misc.lang
2015-12-10 10:38:13,390 DEBUG [main] stencyl.sw.loc.LanguagePack: Reading... lang\en\global-forge.lang
2015-12-10 10:38:13,390 DEBUG [main] stencyl.sw.loc.LanguagePack: Reading... lang\en\global-prefs.lang
2015-12-10 10:38:13,390 DEBUG [main] stencyl.sw.loc.LanguagePack: Reading... lang\en\global-creategame.lang
2015-12-10 10:38:13,390 DEBUG [main] stencyl.sw.loc.LanguagePack: Reading... lang\en\behavior-main.lang
2015-12-10 10:38:13,390 DEBUG [main] stencyl.sw.loc.LanguagePack: Reading... lang\en\behavior-blocks.lang
2015-12-10 10:38:13,405 DEBUG [main] stencyl.sw.loc.LanguagePack: Reading... lang\en\behavior-blockhelp.lang
2015-12-10 10:38:13,405 DEBUG [main] stencyl.sw.loc.LanguagePack: Reading... lang\en\behavior-events.lang
2015-12-10 10:38:13,405 DEBUG [main] stencyl.sw.loc.LanguagePack: Reading... lang\en\behavior-code.lang
2015-12-10 10:38:13,405 DEBUG [main] stencyl.sw.loc.LanguagePack: Reading... lang\en\behavior-attributes.lang
2015-12-10 10:38:13,405 DEBUG [main] stencyl.sw.loc.LanguagePack: Reading... lang\en\behavior-create.lang
2015-12-10 10:38:13,405 DEBUG [main] stencyl.sw.loc.LanguagePack: Reading... lang\en\behavior-byob.lang
2015-12-10 10:38:13,405 DEBUG [main] stencyl.sw.loc.LanguagePack: Reading... lang\en\editor-actor-main.lang
2015-12-10 10:38:13,405 DEBUG [main] stencyl.sw.loc.LanguagePack: Reading... lang\en\editor-actor-physics.lang
2015-12-10 10:38:13,405 DEBUG [main] stencyl.sw.loc.LanguagePack: Reading... lang\en\editor-background.lang
2015-12-10 10:38:13,405 DEBUG [main] stencyl.sw.loc.LanguagePack: Reading... lang\en\editor-behaviorchooser.lang
2015-12-10 10:38:13,405 DEBUG [main] stencyl.sw.loc.LanguagePack: Reading... lang\en\editor-desktop.lang
2015-12-10 10:38:13,405 DEBUG [main] stencyl.sw.loc.LanguagePack: Reading... lang\en\editor-font.lang
2015-12-10 10:38:13,405 DEBUG [main] stencyl.sw.loc.LanguagePack: Reading... lang\en\editor-sound.lang
2015-12-10 10:38:13,405 DEBUG [main] stencyl.sw.loc.LanguagePack: Reading... lang\en\editor-tileset.lang
2015-12-10 10:38:13,405 DEBUG [main] stencyl.sw.loc.LanguagePack: Reading... lang\en\editor-preloader.lang
2015-12-10 10:38:13,405 DEBUG [main] stencyl.sw.loc.LanguagePack: Reading... lang\en\editor-mobile.lang
2015-12-10 10:38:13,405 DEBUG [main] stencyl.sw.loc.LanguagePack: Reading... lang\en\editor-groups.lang
2015-12-10 10:38:13,405 DEBUG [main] stencyl.sw.loc.LanguagePack: Reading... lang\en\editor-attributes.lang
2015-12-10 10:38:13,405 DEBUG [main] stencyl.sw.loc.LanguagePack: Reading... lang\en\editor-input.lang
2015-12-10 10:38:13,405 DEBUG [main] stencyl.sw.loc.LanguagePack: Reading... lang\en\editor-animation.lang
2015-12-10 10:38:13,405 DEBUG [main] stencyl.sw.loc.LanguagePack: Reading... lang\en\editor-scene-main.lang
2015-12-10 10:38:13,405 DEBUG [main] stencyl.sw.loc.LanguagePack: Reading... lang\en\editor-scene-create.lang
2015-12-10 10:38:13,405 DEBUG [main] stencyl.sw.loc.LanguagePack: Reading... lang\en\editor-scene-tools.lang
2015-12-10 10:38:13,405 DEBUG [main] stencyl.sw.loc.LanguagePack: Reading... lang\en\global-phrases.lang
2015-12-10 10:38:13,405 DEBUG [main] stencyl.sw.loc.LanguagePack: Reading... lang\en\global-errors.lang
2015-12-10 10:38:13,405 DEBUG [main] stencyl.sw.loc.LanguagePack: Reading... lang\en\global-menu.lang
2015-12-10 10:38:13,405 DEBUG [main] stencyl.sw.loc.LanguagePack: Reading... lang\en\global-welcome.lang
2015-12-10 10:38:13,405 DEBUG [main] stencyl.sw.loc.LanguagePack: Reading... lang\en\global-dashboard.lang
2015-12-10 10:38:13,405 DEBUG [main] stencyl.sw.loc.LanguagePack: Reading... lang\en\global-publish.lang
2015-12-10 10:38:13,405 DEBUG [main] stencyl.sw.loc.LanguagePack: Reading... lang\en\global-updater.lang
2015-12-10 10:38:13,421 DEBUG [main] stencyl.sw.loc.LanguagePack: Reading... lang\en\global-chat.lang
2015-12-10 10:38:13,421 DEBUG [main] stencyl.sw.loc.LanguagePack: Reading... lang\en\global-misc.lang
2015-12-10 10:38:13,421 DEBUG [main] stencyl.sw.loc.LanguagePack: Reading... lang\en\global-forge.lang
2015-12-10 10:38:13,421 DEBUG [main] stencyl.sw.loc.LanguagePack: Reading... lang\en\global-prefs.lang
2015-12-10 10:38:13,421 DEBUG [main] stencyl.sw.loc.LanguagePack: Reading... lang\en\global-creategame.lang
2015-12-10 10:38:13,421 DEBUG [main] stencyl.sw.loc.LanguagePack: Reading... lang\en\behavior-main.lang
2015-12-10 10:38:13,421 DEBUG [main] stencyl.sw.loc.LanguagePack: Reading... lang\en\behavior-blocks.lang
2015-12-10 10:38:13,421 DEBUG [main] stencyl.sw.loc.LanguagePack: Reading... lang\en\behavior-blockhelp.lang
2015-12-10 10:38:13,421 DEBUG [main] stencyl.sw.loc.LanguagePack: Reading... lang\en\behavior-events.lang
2015-12-10 10:38:13,421 DEBUG [main] stencyl.sw.loc.LanguagePack: Reading... lang\en\behavior-code.lang
2015-12-10 10:38:13,421 DEBUG [main] stencyl.sw.loc.LanguagePack: Reading... lang\en\behavior-attributes.lang
2015-12-10 10:38:13,421 DEBUG [main] stencyl.sw.loc.LanguagePack: Reading... lang\en\behavior-create.lang
2015-12-10 10:38:13,421 DEBUG [main] stencyl.sw.loc.LanguagePack: Reading... lang\en\behavior-byob.lang
2015-12-10 10:38:13,421 DEBUG [main] stencyl.sw.loc.LanguagePack: Reading... lang\en\editor-actor-main.lang
2015-12-10 10:38:13,421 DEBUG [main] stencyl.sw.loc.LanguagePack: Reading... lang\en\editor-actor-physics.lang
2015-12-10 10:38:13,421 DEBUG [main] stencyl.sw.loc.LanguagePack: Reading... lang\en\editor-background.lang
2015-12-10 10:38:13,421 DEBUG [main] stencyl.sw.loc.LanguagePack: Reading... lang\en\editor-behaviorchooser.lang
2015-12-10 10:38:13,421 DEBUG [main] stencyl.sw.loc.LanguagePack: Reading... lang\en\editor-desktop.lang
2015-12-10 10:38:13,421 DEBUG [main] stencyl.sw.loc.LanguagePack: Reading... lang\en\editor-font.lang
2015-12-10 10:38:13,421 DEBUG [main] stencyl.sw.loc.LanguagePack: Reading... lang\en\editor-sound.lang
2015-12-10 10:38:13,421 DEBUG [main] stencyl.sw.loc.LanguagePack: Reading... lang\en\editor-tileset.lang
2015-12-10 10:38:13,421 DEBUG [main] stencyl.sw.loc.LanguagePack: Reading... lang\en\editor-preloader.lang
2015-12-10 10:38:13,437 DEBUG [main] stencyl.sw.loc.LanguagePack: Reading... lang\en\editor-mobile.lang
2015-12-10 10:38:13,437 DEBUG [main] stencyl.sw.loc.LanguagePack: Reading... lang\en\editor-groups.lang
2015-12-10 10:38:13,437 DEBUG [main] stencyl.sw.loc.LanguagePack: Reading... lang\en\editor-attributes.lang
2015-12-10 10:38:13,437 DEBUG [main] stencyl.sw.loc.LanguagePack: Reading... lang\en\editor-input.lang
2015-12-10 10:38:13,437 DEBUG [main] stencyl.sw.loc.LanguagePack: Reading... lang\en\editor-animation.lang
2015-12-10 10:38:13,437 DEBUG [main] stencyl.sw.loc.LanguagePack: Reading... lang\en\editor-scene-main.lang
2015-12-10 10:38:13,437 DEBUG [main] stencyl.sw.loc.LanguagePack: Reading... lang\en\editor-scene-create.lang
2015-12-10 10:38:13,437 DEBUG [main] stencyl.sw.loc.LanguagePack: Reading... lang\en\editor-scene-tools.lang
2015-12-10 10:38:13,437 INFO  [AWT-EventQueue-0] stencyl.sw.SW: Initializing Stencyl.
2015-12-10 10:38:13,437 DEBUG [AWT-EventQueue-0] stencyl.sw.Splash: Set Splash message: Look
2015-12-10 10:38:14,123 INFO  [AWT-EventQueue-0] stencyl.sw.ext.ExtensionDependencyManager: Haxelib actuate 1.6.5
2015-12-10 10:38:14,123 INFO  [AWT-EventQueue-0] stencyl.sw.ext.ExtensionDependencyManager: Haxelib box2d 1.11.0
2015-12-10 10:38:14,123 INFO  [AWT-EventQueue-0] stencyl.sw.ext.ExtensionDependencyManager: Haxelib box2d-fake 1.11.0
2015-12-10 10:38:14,123 INFO  [AWT-EventQueue-0] stencyl.sw.ext.ExtensionDependencyManager: Haxelib console 1.0.0
2015-12-10 10:38:14,123 INFO  [AWT-EventQueue-0] stencyl.sw.ext.ExtensionDependencyManager: Haxelib format 3.1.2
2015-12-10 10:38:14,123 INFO  [AWT-EventQueue-0] stencyl.sw.ext.ExtensionDependencyManager: Haxelib hxcpp 3.2.0
2015-12-10 10:38:14,123 INFO  [AWT-EventQueue-0] stencyl.sw.ext.ExtensionDependencyManager: Haxelib hxtelemetry 0.3.1
2015-12-10 10:38:14,123 INFO  [AWT-EventQueue-0] stencyl.sw.ext.ExtensionDependencyManager: Haxelib layout 1.1.0
2015-12-10 10:38:14,123 INFO  [AWT-EventQueue-0] stencyl.sw.ext.ExtensionDependencyManager: Haxelib lime 2.6.8
2015-12-10 10:38:14,123 INFO  [AWT-EventQueue-0] stencyl.sw.ext.ExtensionDependencyManager: Haxelib openfl 3.3.8
2015-12-10 10:38:14,123 INFO  [AWT-EventQueue-0] stencyl.sw.ext.ExtensionDependencyManager: Haxelib polygonal-ds 1.4.1
2015-12-10 10:38:14,123 INFO  [AWT-EventQueue-0] stencyl.sw.ext.ExtensionDependencyManager: Haxelib polygonal-printf 1.0.0.beta
2015-12-10 10:38:14,123 INFO  [AWT-EventQueue-0] stencyl.sw.ext.ExtensionDependencyManager: Haxelib stencyl 1.0.0
2015-12-10 10:38:14,139 INFO  [AWT-EventQueue-0] stencyl.sw.ext.ExtensionDependencyManager: Haxelib stencyl-cppia 1.0.0
2015-12-10 10:38:14,139 INFO  [AWT-EventQueue-0] stencyl.sw.ext.ExtensionDependencyManager: Haxelib svg 1.0.8
2015-12-10 10:38:14,139 INFO  [AWT-EventQueue-0] stencyl.sw.ext.ExtensionDependencyManager: Haxelib swf 1.7.4
2015-12-10 10:38:14,139 INFO  [AWT-EventQueue-0] stencyl.sw.ext.ExtensionDependencyManager: Haxelib tilelayer 0.2.1
2015-12-10 10:38:14,154 DEBUG [AWT-EventQueue-0] stencyl.sw.util.FileHelper: Matching (non-hidden) files within C:\Users\rmills0865\AppData\Roaming\Stencyl\stencylworks\extensions: []
2015-12-10 10:38:14,154 DEBUG [AWT-EventQueue-0] stencyl.sw.util.FileHelper: Matching (non-hidden) files within C:\Users\rmills0865\AppData\Roaming\Stencyl\stencylworks\extensions: []
2015-12-10 10:38:14,154 DEBUG [AWT-EventQueue-0] stencyl.sw.editors.game.advanced.EngineExtensionManager: Loading engine extensions...
2015-12-10 10:38:14,154 DEBUG [AWT-EventQueue-0] stencyl.sw.util.FileHelper: Directories within C:\Users\rmills0865\AppData\Roaming\Stencyl\stencylworks\engine-extensions: [C:\Users\rmills0865\AppData\Roaming\Stencyl\stencylworks\engine-extensions\ads, C:\Users\rmills0865\AppData\Roaming\Stencyl\stencylworks\engine-extensions\gamecenter, C:\Users\rmills0865\AppData\Roaming\Stencyl\stencylworks\engine-extensions\gestures, C:\Users\rmills0865\AppData\Roaming\Stencyl\stencylworks\engine-extensions\google, C:\Users\rmills0865\AppData\Roaming\Stencyl\stencylworks\engine-extensions\hypertouch, C:\Users\rmills0865\AppData\Roaming\Stencyl\stencylworks\engine-extensions\joystick, C:\Users\rmills0865\AppData\Roaming\Stencyl\stencylworks\engine-extensions\label, C:\Users\rmills0865\AppData\Roaming\Stencyl\stencylworks\engine-extensions\native, C:\Users\rmills0865\AppData\Roaming\Stencyl\stencylworks\engine-extensions\purchases, C:\Users\rmills0865\AppData\Roaming\Stencyl\stencylworks\engine-extensions\test, C:\Users\rmills0865\AppData\Roaming\Stencyl\stencylworks\engine-extensions\test-flash, C:\Users\rmills0865\AppData\Roaming\Stencyl\stencylworks\engine-extensions\test-native, C:\Users\rmills0865\AppData\Roaming\Stencyl\stencylworks\engine-extensions\tileapi]
2015-12-10 10:38:14,154 DEBUG [AWT-EventQueue-0] stencyl.sw.editors.game.advanced.EngineExtensionManager: ads is a core engine extension. Skip.
2015-12-10 10:38:14,154 DEBUG [AWT-EventQueue-0] stencyl.sw.editors.game.advanced.EngineExtensionManager: gamecenter is a core engine extension. Skip.
2015-12-10 10:38:14,154 DEBUG [AWT-EventQueue-0] stencyl.sw.editors.game.advanced.EngineExtensionManager: gestures is a core engine extension. Skip.
2015-12-10 10:38:14,154 DEBUG [AWT-EventQueue-0] stencyl.sw.editors.game.advanced.EngineExtensionManager: google is not a valid engine extension. Skip.
2015-12-10 10:38:14,154 DEBUG [AWT-EventQueue-0] stencyl.sw.editors.game.advanced.EngineExtensionManager: hypertouch is a core engine extension. Skip.
2015-12-10 10:38:14,154 DEBUG [AWT-EventQueue-0] stencyl.sw.editors.game.advanced.EngineExtensionManager: joystick is a core engine extension. Skip.
2015-12-10 10:38:14,154 DEBUG [AWT-EventQueue-0] stencyl.sw.editors.game.advanced.EngineExtensionManager: label is engine extension: Labels (1.0.0).
2015-12-10 10:38:14,154 DEBUG [AWT-EventQueue-0] stencyl.sw.editors.game.advanced.EngineExtensionManager: native is a core engine extension. Skip.
2015-12-10 10:38:14,154 DEBUG [AWT-EventQueue-0] stencyl.sw.editors.game.advanced.EngineExtensionManager: purchases is a core engine extension. Skip.
2015-12-10 10:38:14,154 DEBUG [AWT-EventQueue-0] stencyl.sw.editors.game.advanced.EngineExtensionManager: test is engine extension: Test Extension (1.0.0).
2015-12-10 10:38:14,154 DEBUG [AWT-EventQueue-0] stencyl.sw.editors.game.advanced.EngineExtensionManager: test-flash is engine extension: Test Extension (Flash SWF) (1.0.0).
2015-12-10 10:38:14,154 DEBUG [AWT-EventQueue-0] stencyl.sw.editors.game.advanced.EngineExtensionManager: test-native is engine extension: Test Extension (Native) (1.0.0).
2015-12-10 10:38:14,170 DEBUG [AWT-EventQueue-0] stencyl.sw.editors.game.advanced.EngineExtensionManager: tileapi is engine extension: Tile API (1.0.0).
2015-12-10 10:38:14,170 INFO  [AWT-EventQueue-0] stencyl.sw.editors.game.advanced.EngineExtensionManager: Engine Extensions: [Labels (1.0.0), Test Extension (1.0.0), Test Extension (Flash SWF) (1.0.0), Test Extension (Native) (1.0.0), Tile API (1.0.0)]
2015-12-10 10:38:14,170 WARN  [AWT-EventQueue-0] stencyl.sw.app.ExtensionManager: Couldn't load extension settings.
2015-12-10 10:38:14,170 INFO  [AWT-EventQueue-0] stencyl.sw.app.ExtensionManager: Toolset Extensions: []
2015-12-10 10:38:14,341 DEBUG [AWT-EventQueue-0] stencyl.sw.app.doc.Workspace: Activated: Welcome Center
2015-12-10 10:38:14,341 DEBUG [AWT-EventQueue-0] stencyl.sw.app.App: Silent Authentication.
2015-12-10 10:38:14,341 DEBUG [AWT-EventQueue-0] stencyl.sw.Splash: Dispose Splash
2015-12-10 10:38:14,482 DEBUG [pool-1-thread-1] stencyl.sw.app.tasks.AuthenticateTask: Response: guest
2015-12-10 10:38:14,482 INFO  [pool-1-thread-1] stencyl.sw.app.tasks.AuthenticateTask: Could not log in. Check your login credentials.
2015-12-10 10:38:20,113 DEBUG [AWT-EventQueue-0] stencyl.sw.util.FileHelper: Deleting: C:\Users\rmills0865\AppData\Local\Temp\stencyl6031560325961258117\sandbox\test\temp
2015-12-10 10:38:20,113 DEBUG [AWT-EventQueue-0] stencyl.sw.util.FileHelper: Deleting: C:\Users\rmills0865\AppData\Roaming\Stencyl\stencylworks\preview\scripts
2015-12-10 10:38:20,113 DEBUG [AWT-EventQueue-0] stencyl.sw.util.FileHelper: Deleting: C:\Users\rmills0865\AppData\Roaming\Stencyl\stencylworks\preview\game
2015-12-10 10:38:20,113 INFO  [AWT-EventQueue-0] stencyl.sw.app.tasks.OpenGameTask: Opening game: project5
2015-12-10 10:38:20,363 DEBUG [pool-1-thread-1] stencyl.core.lib.Game: Loading scene-specific snippet. SceneID: 0
2015-12-10 10:38:20,410 DEBUG [pool-1-thread-1] stencyl.core.lib.ResourceList: Initializing... 1 : Ball
2015-12-10 10:38:20,441 DEBUG [pool-1-thread-1] stencyl.core.lib.ResourceList: Initializing... 50 : Enemy
2015-12-10 10:38:20,457 DEBUG [pool-1-thread-1] stencyl.core.lib.ResourceList: Initializing... 0 : Hero
2015-12-10 10:38:20,457 DEBUG [pool-1-thread-1] stencyl.core.lib.ResourceList: Initializing... 51 : Pronger
2015-12-10 10:38:20,457 DEBUG [pool-1-thread-1] stencyl.core.lib.ResourceList: Initializing... 47 : Switch Activated
2015-12-10 10:38:20,457 DEBUG [pool-1-thread-1] stencyl.core.lib.ResourceList: Initializing... 31 : Tiles
2015-12-10 10:38:20,472 DEBUG [pool-1-thread-1] stencyl.core.engine.sound.ISoundClip: Loading Sound 47
2015-12-10 10:38:20,566 DEBUG [AWT-EventQueue-0] stencyl.core.lib.io.read.SceneReader: Reading header for Scene: 0 (Level 1) from: scenes\0.xml
2015-12-10 10:38:20,597 DEBUG [AWT-EventQueue-0] stencyl.core.lib.io.read.SceneReader: Reading header for Scene: 0 (Level 1) from: scenes\0.xml
2015-12-10 10:38:20,675 DEBUG [AWT-EventQueue-0] stencyl.sw.app.doc.Workspace: Activated: Dashboard
2015-12-10 10:38:20,675 DEBUG [AWT-EventQueue-0] stencyl.sw.util.FileHelper: Trying to delete file that does not exist: C:\Users\rmills0865\AppData\Local\Temp\stencyl6031560325961258117\sandbox\build\code
2015-12-10 10:38:20,675 DEBUG [AWT-EventQueue-0] stencyl.sw.util.FileHelper: Deleting: C:\Users\rmills0865\AppData\Local\Temp\stencyl6031560325961258117\sandbox\test\temp
2015-12-10 10:38:20,691 DEBUG [AWT-EventQueue-0] stencyl.core.lib.io.read.SceneReader: Reading header for Scene: 0 (Level 1) from: scenes\0.xml
2015-12-10 10:38:20,737 DEBUG [AWT-EventQueue-0] stencyl.sw.app.tasks.OpenGameTask: Took 624ms
2015-12-10 10:38:20,784 DEBUG [AWT-EventQueue-0] stencyl.sw.editors.game.attributes.AttributeTree: Loading attribute into tree: Location Of Enemy X
2015-12-10 10:38:20,831 DEBUG [AWT-EventQueue-0] stencyl.sw.editors.game.attributes.AttributeTree: Loading attribute into tree: Location Of Enemy Y
2015-12-10 10:38:20,831 DEBUG [AWT-EventQueue-0] stencyl.sw.editors.game.attributes.AttributeTree: Loading attribute into tree: Location Of Hero X
2015-12-10 10:38:20,847 DEBUG [AWT-EventQueue-0] stencyl.sw.editors.game.attributes.AttributeTree: Loading attribute into tree: Location Of Hero Y
2015-12-10 10:38:20,847 DEBUG [AWT-EventQueue-0] stencyl.sw.editors.game.attributes.AttributeTree: Loading attribute into tree: Heros Y cord
2015-12-10 10:38:20,909 DEBUG [AWT-EventQueue-0] stencyl.sw.editors.game.cgroups.CollisionGroupTree: Loading actor group into tree: Actors
2015-12-10 10:38:20,925 DEBUG [AWT-EventQueue-0] stencyl.sw.editors.game.cgroups.CollisionGroupTree: Loading actor group into tree: Doodads
2015-12-10 10:38:20,925 DEBUG [AWT-EventQueue-0] stencyl.sw.editors.game.cgroups.CollisionGroupTree: Loading actor group into tree: Players
2015-12-10 10:38:20,925 DEBUG [AWT-EventQueue-0] stencyl.sw.editors.game.cgroups.CollisionGroupTree: Loading actor group into tree: Regions
2015-12-10 10:38:20,940 DEBUG [AWT-EventQueue-0] stencyl.sw.editors.game.cgroups.CollisionGroupTree: Loading actor group into tree: Tiles
2015-12-10 10:38:21,705 DEBUG [AWT-EventQueue-0] stencyl.core.lib.Atlas: Getting memory for atlas 0
2015-12-10 10:38:21,705 DEBUG [AWT-EventQueue-0] stencyl.core.lib.Atlas: Added resource 'Hero' to atlas 0
2015-12-10 10:38:21,705 DEBUG [AWT-EventQueue-0] stencyl.core.lib.Atlas: Added resource 'Enemy' to atlas 0
2015-12-10 10:38:21,705 DEBUG [AWT-EventQueue-0] stencyl.core.lib.Atlas: Added resource 'Switch Activated' to atlas 0
2015-12-10 10:38:21,705 DEBUG [AWT-EventQueue-0] stencyl.core.lib.Atlas: Added resource 'Tiles' to atlas 0
2015-12-10 10:38:21,736 DEBUG [AWT-EventQueue-0] stencyl.core.lib.io.read.SceneReader: Reading header for Scene: 0 (Level 1) from: scenes\0.xml
2015-12-10 10:38:22,344 DEBUG [AWT-EventQueue-0] stencyl.sw.app.doc.Workspace: Loading Closed Resource: Level 1
2015-12-10 10:38:22,344 DEBUG [pool-1-thread-1] stencyl.core.lib.io.read.SceneReader: Reading header for Scene: 0 (Level 1) from: scenes\0.xml
2015-12-10 10:38:22,453 DEBUG [pool-1-thread-1] stencyl.sw.editors.scene.Designer: Brush Changed
2015-12-10 10:38:22,703 DEBUG [pool-1-thread-1] stencyl.sw.editors.snippet.designer.block.BlockSceneObjectChooser: Fetching element 1 from scene 0
2015-12-10 10:38:22,719 DEBUG [pool-1-thread-1] stencyl.core.lib.io.read.SceneReader: Reading header for Scene: 0 (Level 1) from: scenes\0.xml
2015-12-10 10:38:22,719 DEBUG [pool-1-thread-1] stencyl.sw.editors.snippet.designer.EditArea: Verifying Top Level... init
2015-12-10 10:38:22,719 DEBUG [pool-1-thread-1] stencyl.sw.editors.snippet.designer.block.BlockField: Result for: init - false
2015-12-10 10:38:22,719 DEBUG [pool-1-thread-1] stencyl.sw.editors.snippet.designer.EditArea: Verifying Top Level... step
2015-12-10 10:38:22,719 DEBUG [pool-1-thread-1] stencyl.sw.editors.snippet.designer.block.BlockField: Result for: step - false
2015-12-10 10:38:22,719 DEBUG [pool-1-thread-1] stencyl.sw.editors.snippet.designer.EditArea: Verifying Top Level... draw
2015-12-10 10:38:22,719 DEBUG [pool-1-thread-1] stencyl.sw.editors.snippet.designer.block.BlockField: Result for: draw-text - true
2015-12-10 10:38:22,719 DEBUG [pool-1-thread-1] stencyl.sw.editors.snippet.designer.block.BlockField: Result for: draw-text - true
2015-12-10 10:38:22,719 DEBUG [pool-1-thread-1] stencyl.sw.editors.snippet.designer.block.BlockField: Result for: draw - false
2015-12-10 10:38:23,015 DEBUG [pool-1-thread-1] stencyl.sw.editors.snippet.designer.palette.Palette: Palette asked to refresh: Position
2015-12-10 10:38:23,077 DEBUG [pool-1-thread-1] stencyl.sw.editors.snippet.designer.palette.Palette: Palette asked to refresh: Conditions
2015-12-10 10:38:23,327 DEBUG [pool-1-thread-1] stencyl.sw.editors.snippet.designer.palette.Palette: Palette asked to refresh: Actors
2015-12-10 10:38:23,389 DEBUG [pool-1-thread-1] stencyl.sw.editors.snippet.designer.palette.Palette: Palette asked to refresh: Keyboard & Mouse
2015-12-10 10:38:23,436 DEBUG [pool-1-thread-1] stencyl.sw.editors.snippet.designer.palette.Palette: Palette asked to refresh: Math
2015-12-10 10:38:23,483 DEBUG [pool-1-thread-1] stencyl.sw.editors.snippet.designer.palette.Palette: Palette asked to refresh: Getters
2015-12-10 10:38:23,592 DEBUG [pool-1-thread-1] stencyl.sw.editors.snippet.designer.palette.Palette: Palette asked to refresh: Sound
2015-12-10 10:38:23,639 DEBUG [pool-1-thread-1] stencyl.sw.editors.snippet.designer.palette.Palette: Palette asked to refresh: Triggers
2015-12-10 10:38:23,686 DEBUG [pool-1-thread-1] stencyl.sw.editors.snippet.designer.palette.Palette: Palette asked to refresh: Web
2015-12-10 10:38:23,733 DEBUG [pool-1-thread-1] stencyl.sw.editors.snippet.designer.palette.Palette: Palette asked to refresh: Drawing
2015-12-10 10:38:23,764 DEBUG [pool-1-thread-1] stencyl.sw.editors.snippet.designer.palette.Palette: Palette asked to refresh: Basic
2015-12-10 10:38:23,764 DEBUG [pool-1-thread-1] stencyl.sw.editors.snippet.designer.palette.Palette: Palette asked to refresh: Custom
2015-12-10 10:38:23,764 DEBUG [pool-1-thread-1] stencyl.sw.editors.snippet.designer.palette.Palette: Palette asked to refresh: Extensions
2015-12-10 10:38:23,764 DEBUG [pool-1-thread-1] stencyl.sw.editors.snippet.designer.palette.Palette: Palette asked to refresh: Position
2015-12-10 10:38:23,811 DEBUG [pool-1-thread-1] stencyl.sw.editors.snippet.designer.EditArea: ContextSet for current event: [[s]com.stencyl.behavior.Script, [b]14, [h]engine:com.stencyl.Engine, [c]com.stencyl.behavior.Script, [e]14-1]
2015-12-10 10:38:23,811 DEBUG [pool-1-thread-1] stencyl.sw.editors.snippet.designer.palette.Palette: Palette asked to refresh: Position
2015-12-10 10:38:23,811 DEBUG [pool-1-thread-1] stencyl.sw.editors.snippet.designer.palette.Palette: Refreshing with context [[s]com.stencyl.behavior.Script, [b]14, [h]engine:com.stencyl.Engine, [c]com.stencyl.behavior.Script, [e]14-1]
2015-12-10 10:38:23,857 DEBUG [pool-1-thread-1] stencyl.sw.editors.snippet.designer.block.BlockSceneObjectChooser: Fetching element 1 from scene 0
2015-12-10 10:38:23,857 DEBUG [pool-1-thread-1] stencyl.core.lib.io.read.SceneReader: Reading header for Scene: 0 (Level 1) from: scenes\0.xml
2015-12-10 10:38:23,920 DEBUG [AWT-EventQueue-0] stencyl.sw.app.doc.Workspace: Activated: Level 1
2015-12-10 10:38:23,920 DEBUG [pool-1-thread-1] stencyl.sw.app.tasks.OpenResourceTask: Open Took 1576ms
2015-12-10 10:38:23,982 DEBUG [AWT-EventQueue-0] stencyl.sw.app.tasks.OpenResourceTask: Total Took 1638ms
2015-12-10 10:38:26,696 DEBUG [AWT-EventQueue-0] stencyl.sw.app.App: Action: Test Game...
2015-12-10 10:38:26,712 INFO  [pool-1-thread-1] stencyl.sw.io.write.MasterWriter: Saving game in place.
2015-12-10 10:38:26,774 DEBUG [pool-1-thread-1] stencyl.sw.util.FileHelper: Saving backup file C:\Users\rmills0865\AppData\Roaming\Stencyl\stencylworks\games\project5\game.xml.bak.
2015-12-10 10:38:28,553 DEBUG [pool-1-thread-1] stencyl.sw.io.write.MasterWriter: Writing out local resources.
2015-12-10 10:38:28,568 DEBUG [pool-1-thread-1] stencyl.sw.util.FileHelper: Saving backup file C:\Users\rmills0865\AppData\Roaming\Stencyl\stencylworks\games\project5\resources\data.xml.bak.
2015-12-10 10:38:28,568 DEBUG [pool-1-thread-1] stencyl.sw.io.write.resource.SpriteWriter: Mark actor's sprite as clean (disk).
2015-12-10 10:38:28,568 DEBUG [pool-1-thread-1] stencyl.sw.io.write.resource.SpriteWriter: Mark actor's sprite as clean (disk).
2015-12-10 10:38:28,568 DEBUG [pool-1-thread-1] stencyl.sw.io.write.resource.TilesetWriter: Mark tileset as clean (disk).
2015-12-10 10:38:28,568 DEBUG [pool-1-thread-1] stencyl.sw.io.write.MasterWriter: Writing out scenes.
2015-12-10 10:38:28,584 DEBUG [pool-1-thread-1] stencyl.sw.editors.snippet.designer.block.Block: Write out element ID: 1
2015-12-10 10:38:28,584 DEBUG [pool-1-thread-1] stencyl.sw.editors.snippet.designer.block.BlockSceneObjectChooser: Fetching element 1 from scene 0
2015-12-10 10:38:28,600 DEBUG [pool-1-thread-1] stencyl.sw.editors.scene.SceneRenderer: Saving thumbnail: C:\Users\rmills0865\AppData\Roaming\Stencyl\stencylworks\games\project5\scenes\0.png
2015-12-10 10:38:28,600 DEBUG [pool-1-thread-1] stencyl.sw.io.write.resource.SceneWriter: Writing terrain.
2015-12-10 10:38:28,615 DEBUG [pool-1-thread-1] stencyl.thirdparty.org.phys2d.Combiner: Num Tiles: 50
2015-12-10 10:38:28,615 DEBUG [pool-1-thread-1] stencyl.thirdparty.org.phys2d.Combiner: Coverage: 28.40909%
2015-12-10 10:38:28,615 DEBUG [pool-1-thread-1] stencyl.thirdparty.org.phys2d.Combiner: Segments: (3,3)
2015-12-10 10:38:28,615 DEBUG [pool-1-thread-1] stencyl.thirdparty.org.phys2d.Combiner: Using Quad Space
2015-12-10 10:38:28,631 DEBUG [pool-1-thread-1] stencyl.thirdparty.org.phys2d.Combiner: Combine took: 16ms
2015-12-10 10:38:28,631 DEBUG [pool-1-thread-1] stencyl.sw.io.write.resource.SceneWriter: Terrain processing took: 0ms
2015-12-10 10:38:28,646 DEBUG [pool-1-thread-1] stencyl.core.lib.io.read.SceneReader: Reading header for Scene: 0 (Level 1) from: scenes\0.xml
2015-12-10 10:38:28,662 DEBUG [pool-1-thread-1] stencyl.sw.io.write.resource.ScenesWriter: Writing out Scene Level 1
2015-12-10 10:38:28,662 DEBUG [pool-1-thread-1] stencyl.sw.io.write.MasterWriter: Copying over snippets.
2015-12-10 10:38:28,662 DEBUG [pool-1-thread-1] stencyl.sw.util.FileHelper: Saving backup file C:\Users\rmills0865\AppData\Roaming\Stencyl\stencylworks\games\project5\snippets\list.xml.bak.
2015-12-10 10:38:28,662 DEBUG [pool-1-thread-1] stencyl.sw.editors.snippet.designer.block.Block: Write out element ID: 1
2015-12-10 10:38:28,662 DEBUG [pool-1-thread-1] stencyl.sw.editors.snippet.designer.block.BlockSceneObjectChooser: Fetching element 1 from scene 0
2015-12-10 10:38:28,693 DEBUG [pool-1-thread-1] stencyl.sw.io.write.resource.SnippetsWriter: Copy from opened to disk: SceneEvents_0
2015-12-10 10:38:28,693 DEBUG [pool-1-thread-1] stencyl.sw.editors.snippet.designer.block.Block: Write out element ID: 1
2015-12-10 10:38:28,709 DEBUG [pool-1-thread-1] stencyl.sw.util.FileHelper: Trying to delete file that does not exist: C:\Users\rmills0865\AppData\Roaming\Stencyl\stencylworks\games\project5\behavior-hx\SceneEvents_0.hx
2015-12-10 10:38:28,709 DEBUG [pool-1-thread-1] stencyl.sw.io.write.resource.SnippetsWriter: Copied to: C:\Users\rmills0865\AppData\Roaming\Stencyl\stencylworks\games\project5\snippets\SceneEvents_0.design
2015-12-10 10:38:28,771 DEBUG [pool-3-thread-3] stencyl.sw.editors.snippet.designer.EditArea: Verifying Top Level... init
2015-12-10 10:38:28,771 DEBUG [pool-3-thread-3] stencyl.sw.editors.snippet.designer.block.BlockField: Result for: init - false
2015-12-10 10:38:28,787 DEBUG [pool-3-thread-3] stencyl.sw.io.write.resource.SnippetsWriter: Writing Design Snippet to C:\Users\rmills0865\AppData\Roaming\Stencyl\stencylworks\preview\scripts\SceneEvents_0.hx. Took 16 ms.
2015-12-10 10:38:28,787 DEBUG [pool-3-thread-2] stencyl.sw.io.write.resource.SnippetsWriter: Writing Design Snippet to C:\Users\rmills0865\AppData\Roaming\Stencyl\stencylworks\preview\scripts\ActorEvents_0.hx. Took 16 ms.
2015-12-10 10:38:28,787 DEBUG [pool-3-thread-1] stencyl.sw.io.write.resource.SnippetsWriter: Writing Design Snippet to C:\Users\rmills0865\AppData\Roaming\Stencyl\stencylworks\preview\scripts\ActorEvents_50.hx. Took 16 ms.
2015-12-10 10:38:28,787 DEBUG [pool-3-thread-4] stencyl.sw.io.write.resource.SnippetsWriter: Writing Design Snippet to C:\Users\rmills0865\AppData\Roaming\Stencyl\stencylworks\preview\scripts\Design_16_16_4WayMovement.hx. Took 16 ms.
2015-12-10 10:38:28,787 DEBUG [pool-1-thread-1] stencyl.sw.io.write.MasterWriter: Saving block favorites.
2015-12-10 10:38:28,802 INFO  [pool-1-thread-1] stencyl.sw.io.write.MasterWriter: Done writing game.
2015-12-10 10:38:28,849 INFO  [pool-1-thread-1] stencyl.sw.io.write.MasterWriter: Saving game in place.
2015-12-10 10:38:28,849 DEBUG [pool-1-thread-1] stencyl.sw.util.FileHelper: Saving backup file C:\Users\rmills0865\AppData\Roaming\Stencyl\stencylworks\games\project5\game.xml.bak.
2015-12-10 10:38:30,347 DEBUG [pool-1-thread-1] stencyl.sw.io.write.MasterWriter: Writing out local resources.
2015-12-10 10:38:30,362 DEBUG [pool-1-thread-1] stencyl.sw.util.FileHelper: Saving backup file C:\Users\rmills0865\AppData\Roaming\Stencyl\stencylworks\games\project5\resources\data.xml.bak.
2015-12-10 10:38:30,362 DEBUG [pool-1-thread-1] stencyl.sw.io.write.resource.SpriteWriter: Mark actor's sprite as clean (disk).
2015-12-10 10:38:30,362 DEBUG [pool-1-thread-1] stencyl.sw.io.write.resource.SpriteWriter: Mark actor's sprite as clean (disk).
2015-12-10 10:38:30,362 DEBUG [pool-1-thread-1] stencyl.sw.io.write.resource.TilesetWriter: Mark tileset as clean (disk).
2015-12-10 10:38:30,362 DEBUG [pool-1-thread-1] stencyl.sw.io.write.MasterWriter: Writing out scenes.
2015-12-10 10:38:30,362 DEBUG [pool-1-thread-1] stencyl.sw.editors.snippet.designer.block.Block: Write out element ID: 1
2015-12-10 10:38:30,362 DEBUG [pool-1-thread-1] stencyl.sw.editors.snippet.designer.block.BlockSceneObjectChooser: Fetching element 1 from scene 0
2015-12-10 10:38:30,378 DEBUG [pool-1-thread-1] stencyl.sw.editors.scene.SceneRenderer: Saving thumbnail: C:\Users\rmills0865\AppData\Roaming\Stencyl\stencylworks\games\project5\scenes\0.png
2015-12-10 10:38:30,378 DEBUG [pool-1-thread-1] stencyl.sw.io.write.resource.SceneWriter: Writing terrain.
2015-12-10 10:38:30,378 DEBUG [pool-1-thread-1] stencyl.thirdparty.org.phys2d.Combiner: Num Tiles: 50
2015-12-10 10:38:30,378 DEBUG [pool-1-thread-1] stencyl.thirdparty.org.phys2d.Combiner: Coverage: 28.40909%
2015-12-10 10:38:30,378 DEBUG [pool-1-thread-1] stencyl.thirdparty.org.phys2d.Combiner: Segments: (3,3)
2015-12-10 10:38:30,378 DEBUG [pool-1-thread-1] stencyl.thirdparty.org.phys2d.Combiner: Using Quad Space
2015-12-10 10:38:30,378 DEBUG [pool-1-thread-1] stencyl.thirdparty.org.phys2d.Combiner: Combine took: 0ms
2015-12-10 10:38:30,378 DEBUG [pool-1-thread-1] stencyl.sw.io.write.resource.SceneWriter: Terrain processing took: 0ms
2015-12-10 10:38:30,394 DEBUG [pool-1-thread-1] stencyl.core.lib.io.read.SceneReader: Reading header for Scene: 0 (Level 1) from: scenes\0.xml
2015-12-10 10:38:30,394 DEBUG [pool-1-thread-1] stencyl.sw.io.write.resource.ScenesWriter: Writing out Scene Level 1
2015-12-10 10:38:30,394 DEBUG [pool-1-thread-1] stencyl.sw.io.write.MasterWriter: Copying over snippets.
2015-12-10 10:38:30,409 DEBUG [pool-1-thread-1] stencyl.sw.util.FileHelper: Saving backup file C:\Users\rmills0865\AppData\Roaming\Stencyl\stencylworks\games\project5\snippets\list.xml.bak.
2015-12-10 10:38:30,409 DEBUG [pool-1-thread-1] stencyl.sw.editors.snippet.designer.block.Block: Write out element ID: 1
2015-12-10 10:38:30,409 DEBUG [pool-1-thread-1] stencyl.sw.editors.snippet.designer.block.BlockSceneObjectChooser: Fetching element 1 from scene 0
2015-12-10 10:38:30,425 DEBUG [pool-1-thread-1] stencyl.sw.io.write.resource.SnippetsWriter: Copy from opened to disk: SceneEvents_0
2015-12-10 10:38:30,425 DEBUG [pool-1-thread-1] stencyl.sw.editors.snippet.designer.block.Block: Write out element ID: 1
2015-12-10 10:38:30,425 DEBUG [pool-1-thread-1] stencyl.sw.util.FileHelper: Trying to delete file that does not exist: C:\Users\rmills0865\AppData\Roaming\Stencyl\stencylworks\games\project5\behavior-hx\SceneEvents_0.hx
2015-12-10 10:38:30,425 DEBUG [pool-1-thread-1] stencyl.sw.io.write.resource.SnippetsWriter: Copied to: C:\Users\rmills0865\AppData\Roaming\Stencyl\stencylworks\games\project5\snippets\SceneEvents_0.design
2015-12-10 10:38:30,440 DEBUG [pool-4-thread-3] stencyl.sw.editors.snippet.designer.EditArea: Verifying Top Level... init
2015-12-10 10:38:30,440 DEBUG [pool-4-thread-3] stencyl.sw.editors.snippet.designer.block.BlockField: Result for: init - false
2015-12-10 10:38:30,440 DEBUG [pool-4-thread-1] stencyl.sw.io.write.resource.SnippetsWriter: Writing Design Snippet to C:\Users\rmills0865\AppData\Roaming\Stencyl\stencylworks\preview\scripts\ActorEvents_50.hx. Took 0 ms.
2015-12-10 10:38:30,440 DEBUG [pool-4-thread-2] stencyl.sw.io.write.resource.SnippetsWriter: Writing Design Snippet to C:\Users\rmills0865\AppData\Roaming\Stencyl\stencylworks\preview\scripts\ActorEvents_0.hx. Took 0 ms.
2015-12-10 10:38:30,440 DEBUG [pool-4-thread-3] stencyl.sw.io.write.resource.SnippetsWriter: Writing Design Snippet to C:\Users\rmills0865\AppData\Roaming\Stencyl\stencylworks\preview\scripts\SceneEvents_0.hx. Took 0 ms.
2015-12-10 10:38:30,440 DEBUG [pool-4-thread-4] stencyl.sw.io.write.resource.SnippetsWriter: Writing Design Snippet to C:\Users\rmills0865\AppData\Roaming\Stencyl\stencylworks\preview\scripts\Design_16_16_4WayMovement.hx. Took 0 ms.
2015-12-10 10:38:30,440 DEBUG [pool-1-thread-1] stencyl.sw.io.write.MasterWriter: Saving block favorites.
2015-12-10 10:38:30,440 INFO  [pool-1-thread-1] stencyl.sw.io.write.MasterWriter: Done writing game.
2015-12-10 10:38:30,503 INFO  [AWT-EventQueue-0] stencyl.sw.io.write.resource.HXWriter: Building game with arguments: FLASH, TESTING
2015-12-10 10:38:30,503 DEBUG [AWT-EventQueue-0] stencyl.sw.util.Util: Running command: [taskkill, /im, neko.exe, /f]
2015-12-10 10:38:30,565 DEBUG [Thread-7] stencyl.sw.util.StreamGobbler: [taskkill] ERROR: The process "neko.exe" not found.
2015-12-10 10:38:30,565 DEBUG [AWT-EventQueue-0] stencyl.sw.util.Util: Process 'taskkill' exited with code: 128
2015-12-10 10:38:30,565 DEBUG [AWT-EventQueue-0] stencyl.sw.util.Util: Running command: [taskkill, /im, adb.exe, /f]
2015-12-10 10:38:30,628 DEBUG [Thread-8] stencyl.sw.util.StreamGobbler: [taskkill] ERROR: The process "adb.exe" not found.
2015-12-10 10:38:30,628 DEBUG [AWT-EventQueue-0] stencyl.sw.util.Util: Process 'taskkill' exited with code: 128
2015-12-10 10:38:30,628 DEBUG [AWT-EventQueue-0] stencyl.sw.util.Util: Running command: [taskkill, /im, arm-linux-androideabi-g++.exe, /f]
2015-12-10 10:38:30,674 DEBUG [Thread-9] stencyl.sw.util.StreamGobbler: [taskkill] ERROR: The process "arm-linux-androideabi-g++.exe" not found.
2015-12-10 10:38:30,690 DEBUG [AWT-EventQueue-0] stencyl.sw.util.Util: Process 'taskkill' exited with code: 128
2015-12-10 10:38:30,690 DEBUG [AWT-EventQueue-0] stencyl.sw.util.Util: Running command: [taskkill, /im, cc1plus.exe, /f]
2015-12-10 10:38:30,737 DEBUG [Thread-10] stencyl.sw.util.StreamGobbler: [taskkill] ERROR: The process "cc1plus.exe" not found.
2015-12-10 10:38:30,737 DEBUG [AWT-EventQueue-0] stencyl.sw.util.Util: Process 'taskkill' exited with code: 128
2015-12-10 10:38:30,737 DEBUG [AWT-EventQueue-0] stencyl.sw.util.Util: Running command: [taskkill, /im, tail.exe, /f]
2015-12-10 10:38:30,799 DEBUG [Thread-11] stencyl.sw.util.StreamGobbler: [taskkill] ERROR: The process "tail.exe" not found.
2015-12-10 10:38:30,799 DEBUG [AWT-EventQueue-0] stencyl.sw.util.Util: Process 'taskkill' exited with code: 128
2015-12-10 10:38:30,799 DEBUG [AWT-EventQueue-0] stencyl.sw.util.Util: Running command: [taskkill, /im, ios-sim.exe, /f]
2015-12-10 10:38:30,846 DEBUG [Thread-12] stencyl.sw.util.StreamGobbler: [taskkill] ERROR: The process "ios-sim.exe" not found.
2015-12-10 10:38:30,846 DEBUG [AWT-EventQueue-0] stencyl.sw.util.Util: Process 'taskkill' exited with code: 128
2015-12-10 10:38:30,862 DEBUG [AWT-EventQueue-0] stencyl.sw.util.FileHelper: Deleting: C:\Users\rmills0865\AppData\Roaming\Macromedia\Flash Player\Logs\flashlog.txt
2015-12-10 10:38:30,862 ERROR [AWT-EventQueue-0] stencyl.sw.util.FileHelper: Failed to delete file or directory: C:\Users\rmills0865\AppData\Roaming\Macromedia\Flash Player\Logs\flashlog.txt
2015-12-10 10:38:30,908 DEBUG [pool-1-thread-2] stencyl.sw.util.FileHelper: Deleting: C:\Users\rmills0865\AppData\Roaming\Stencyl\stencylworks\games-generated\project5\Assets\graphics
2015-12-10 10:38:31,142 DEBUG [pool-1-thread-2] stencyl.sw.util.FileHelper: Trying to delete file that does not exist: C:\Users\rmills0865\AppData\Roaming\Stencyl\stencylworks\games-generated\project5\Export\iPhone\build
2015-12-10 10:38:31,142 DEBUG [pool-1-thread-2] stencyl.sw.util.FileHelper: Trying to delete file that does not exist: C:\Users\rmills0865\AppData\Roaming\Stencyl\stencylworks\games-generated\project5\Export\cpp\windows\bin
2015-12-10 10:38:31,408 DEBUG [pool-1-thread-2] stencyl.sw.io.write.resource.HXWriter: Skipping... Hero
2015-12-10 10:38:31,408 DEBUG [pool-1-thread-2] stencyl.sw.io.write.resource.HXWriter: Copying graphics for scale: 1x
2015-12-10 10:38:31,408 DEBUG [pool-1-thread-2] stencyl.sw.io.write.resource.HXWriter: Copying graphics for scale: 1.5x
2015-12-10 10:38:31,439 DEBUG [pool-1-thread-2] stencyl.sw.io.write.resource.HXWriter: Copying graphics for scale: 2x
2015-12-10 10:38:31,454 DEBUG [pool-1-thread-2] stencyl.sw.io.write.resource.HXWriter: Copying graphics for scale: 4x
2015-12-10 10:38:31,486 DEBUG [pool-1-thread-2] stencyl.sw.io.write.resource.HXWriter: Skipping... Enemy
2015-12-10 10:38:31,486 DEBUG [pool-1-thread-2] stencyl.sw.io.write.resource.HXWriter: Copying graphics for scale: 1x
2015-12-10 10:38:31,486 DEBUG [pool-1-thread-2] stencyl.sw.io.write.resource.HXWriter: Copying graphics for scale: 1.5x
2015-12-10 10:38:31,501 DEBUG [pool-1-thread-2] stencyl.sw.io.write.resource.HXWriter: Copying graphics for scale: 2x
2015-12-10 10:38:31,517 DEBUG [pool-1-thread-2] stencyl.sw.io.write.resource.HXWriter: Copying graphics for scale: 4x
2015-12-10 10:38:31,579 DEBUG [pool-1-thread-2] stencyl.sw.io.write.resource.HXWriter: Copying graphics for scale: 1x
2015-12-10 10:38:31,579 DEBUG [pool-1-thread-2] stencyl.sw.io.write.resource.HXWriter: Copying graphics for scale: 1.5x
2015-12-10 10:38:31,610 DEBUG [pool-1-thread-2] stencyl.sw.io.write.resource.HXWriter: Copying graphics for scale: 2x
2015-12-10 10:38:31,610 DEBUG [pool-1-thread-2] stencyl.sw.io.write.resource.HXWriter: Copying graphics for scale: 4x
2015-12-10 10:38:31,626 DEBUG [pool-1-thread-2] stencyl.sw.util.FileHelper: Trying to delete file that does not exist: C:\Users\rmills0865\AppData\Roaming\Stencyl\stencylworks\games-generated\project5\Assets\graphics\3x
2015-12-10 10:38:31,642 DEBUG [pool-1-thread-2] stencyl.sw.util.FileHelper: Copy directory from: C:\Users\rmills0865\AppData\Roaming\Stencyl\stencylworks\games\project5\extras to: C:\Users\rmills0865\AppData\Roaming\Stencyl\stencylworks\games-generated\project5\Assets\data
2015-12-10 10:38:31,642 DEBUG [pool-1-thread-2] stencyl.sw.util.FileHelper: Copy File: C:\Users\rmills0865\AppData\Roaming\Stencyl\stencylworks\games\project5\extras\blur.txt to: C:\Users\rmills0865\AppData\Roaming\Stencyl\stencylworks\games-generated\project5\Assets\data\blur.txt
2015-12-10 10:38:31,673 DEBUG [pool-1-thread-2] stencyl.sw.util.FileHelper: Copy File: C:\Users\rmills0865\AppData\Roaming\Stencyl\stencylworks\games\project5\extras\grain.txt to: C:\Users\rmills0865\AppData\Roaming\Stencyl\stencylworks\games-generated\project5\Assets\data\grain.txt
2015-12-10 10:38:31,688 DEBUG [pool-1-thread-2] stencyl.sw.util.FileHelper: Copy File: C:\Users\rmills0865\AppData\Roaming\Stencyl\stencylworks\games\project5\extras\gray.txt to: C:\Users\rmills0865\AppData\Roaming\Stencyl\stencylworks\games-generated\project5\Assets\data\gray.txt
2015-12-10 10:38:31,704 DEBUG [pool-1-thread-2] stencyl.sw.util.FileHelper: Copy File: C:\Users\rmills0865\AppData\Roaming\Stencyl\stencylworks\games\project5\extras\invert.txt to: C:\Users\rmills0865\AppData\Roaming\Stencyl\stencylworks\games-generated\project5\Assets\data\invert.txt
2015-12-10 10:38:31,704 DEBUG [pool-1-thread-2] stencyl.sw.util.FileHelper: Copy File: C:\Users\rmills0865\AppData\Roaming\Stencyl\stencylworks\games\project5\extras\scanline.txt to: C:\Users\rmills0865\AppData\Roaming\Stencyl\stencylworks\games-generated\project5\Assets\data\scanline.txt
2015-12-10 10:38:31,720 DEBUG [pool-1-thread-2] stencyl.sw.util.FileHelper: Saving backup file C:\Users\rmills0865\AppData\Roaming\Stencyl\stencylworks\games\project5\game.xml.bak.
2015-12-10 10:38:33,139 DEBUG [pool-1-thread-2] stencyl.sw.io.write.resource.HXWriter: Skipping... Hero
2015-12-10 10:38:33,139 DEBUG [pool-1-thread-2] stencyl.sw.io.write.resource.HXWriter: Skipping... Enemy
2015-12-10 10:38:33,155 DEBUG [pool-5-thread-3] stencyl.sw.editors.snippet.designer.EditArea: Verifying Top Level... init
2015-12-10 10:38:33,155 DEBUG [pool-5-thread-3] stencyl.sw.editors.snippet.designer.block.BlockField: Result for: init - false
2015-12-10 10:38:33,155 DEBUG [pool-5-thread-2] stencyl.sw.io.write.resource.SnippetsWriter: Writing Design Snippet to C:\Users\rmills0865\AppData\Roaming\Stencyl\stencylworks\preview\scripts\ActorEvents_0.hx. Took 0 ms.
2015-12-10 10:38:33,155 DEBUG [pool-5-thread-1] stencyl.sw.io.write.resource.SnippetsWriter: Writing Design Snippet to C:\Users\rmills0865\AppData\Roaming\Stencyl\stencylworks\preview\scripts\ActorEvents_50.hx. Took 0 ms.
2015-12-10 10:38:33,155 DEBUG [pool-5-thread-4] stencyl.sw.io.write.resource.SnippetsWriter: Writing Design Snippet to C:\Users\rmills0865\AppData\Roaming\Stencyl\stencylworks\preview\scripts\Design_16_16_4WayMovement.hx. Took 0 ms.
2015-12-10 10:38:33,155 DEBUG [pool-5-thread-3] stencyl.sw.io.write.resource.SnippetsWriter: Writing Design Snippet to C:\Users\rmills0865\AppData\Roaming\Stencyl\stencylworks\preview\scripts\SceneEvents_0.hx. Took 0 ms.
2015-12-10 10:38:33,202 DEBUG [pool-1-thread-2] stencyl.sw.util.Util: Running command: [C:\Program Files (x86)\Stencyl\plaf\haxe\haxelib.exe, run, openfl, -verbose, build, -debug, project.xml, flash]
2015-12-10 10:38:33,623 INFO  [Thread-13] stencyl.sw.util.StreamGobbler: [haxelib.exe] OpenFL Command-Line Tools (3.3.8-LPNIQF)
2015-12-10 10:38:33,623 INFO  [Thread-13] stencyl.sw.util.StreamGobbler: [haxelib.exe] Initializing project...
2015-12-10 10:38:33,623 INFO  [Thread-13] stencyl.sw.util.StreamGobbler: [haxelib.exe] Using project file: project.xml
2015-12-10 10:38:33,623 INFO  [Thread-13] stencyl.sw.util.StreamGobbler: [haxelib.exe] Reading HXCPP config: C:\Users\rmills0865\.hxcpp_config.xml
2015-12-10 10:38:33,810 INFO  [Thread-13] stencyl.sw.util.StreamGobbler: [haxelib.exe] Using target platform: FLASH
2015-12-10 10:38:33,810 INFO  [Thread-13] stencyl.sw.util.StreamGobbler: [haxelib.exe] Running command: UPDATE
2015-12-10 10:38:33,810 DEBUG [Thread-13] stencyl.sw.util.StreamGobbler: [haxelib.exe]  - Embedding asset: (IMAGE) Assets/graphics/1.5x/sprite-1-0.png
2015-12-10 10:38:33,810 DEBUG [Thread-13] stencyl.sw.util.StreamGobbler: [haxelib.exe]  - Embedding asset: (IMAGE) Assets/graphics/1.5x/sprite-1-1.png
2015-12-10 10:38:33,810 DEBUG [Thread-13] stencyl.sw.util.StreamGobbler: [haxelib.exe]  - Embedding asset: (IMAGE) Assets/graphics/1.5x/sprite-1-2.png
2015-12-10 10:38:33,810 DEBUG [Thread-13] stencyl.sw.util.StreamGobbler: [haxelib.exe]  - Embedding asset: (IMAGE) Assets/graphics/1.5x/sprite-1-3.png
2015-12-10 10:38:33,810 DEBUG [Thread-13] stencyl.sw.util.StreamGobbler: [haxelib.exe]  - Embedding asset: (IMAGE) Assets/graphics/1.5x/sprite-51-0.png
2015-12-10 10:38:33,810 DEBUG [Thread-13] stencyl.sw.util.StreamGobbler: [haxelib.exe]  - Embedding asset: (IMAGE) Assets/graphics/1.5x/sprite-51-1.png
2015-12-10 10:38:33,810 DEBUG [Thread-13] stencyl.sw.util.StreamGobbler: [haxelib.exe]  - Embedding asset: (IMAGE) Assets/graphics/1.5x/tileset-31.png
2015-12-10 10:38:33,810 DEBUG [Thread-13] stencyl.sw.util.StreamGobbler: [haxelib.exe]  - Embedding asset: (IMAGE) Assets/graphics/1x/sprite-1-0.png
2015-12-10 10:38:33,810 DEBUG [Thread-13] stencyl.sw.util.StreamGobbler: [haxelib.exe]  - Embedding asset: (IMAGE) Assets/graphics/1x/sprite-1-1.png
2015-12-10 10:38:33,810 DEBUG [Thread-13] stencyl.sw.util.StreamGobbler: [haxelib.exe]  - Embedding asset: (IMAGE) Assets/graphics/1x/sprite-1-2.png
2015-12-10 10:38:33,810 DEBUG [Thread-13] stencyl.sw.util.StreamGobbler: [haxelib.exe]  - Embedding asset: (IMAGE) Assets/graphics/1x/sprite-1-3.png
2015-12-10 10:38:33,810 DEBUG [Thread-13] stencyl.sw.util.StreamGobbler: [haxelib.exe]  - Embedding asset: (IMAGE) Assets/graphics/1x/sprite-51-0.png
2015-12-10 10:38:33,810 DEBUG [Thread-13] stencyl.sw.util.StreamGobbler: [haxelib.exe]  - Embedding asset: (IMAGE) Assets/graphics/1x/sprite-51-1.png
2015-12-10 10:38:33,810 DEBUG [Thread-13] stencyl.sw.util.StreamGobbler: [haxelib.exe]  - Embedding asset: (IMAGE) Assets/graphics/1x/tileset-31.png
2015-12-10 10:38:33,810 DEBUG [Thread-13] stencyl.sw.util.StreamGobbler: [haxelib.exe]  - Embedding asset: (IMAGE) Assets/graphics/2x/sprite-1-0.png
2015-12-10 10:38:33,810 DEBUG [Thread-13] stencyl.sw.util.StreamGobbler: [haxelib.exe]  - Embedding asset: (IMAGE) Assets/graphics/2x/sprite-1-1.png
2015-12-10 10:38:33,810 DEBUG [Thread-13] stencyl.sw.util.StreamGobbler: [haxelib.exe]  - Embedding asset: (IMAGE) Assets/graphics/2x/sprite-1-2.png
2015-12-10 10:38:33,810 DEBUG [Thread-13] stencyl.sw.util.StreamGobbler: [haxelib.exe]  - Embedding asset: (IMAGE) Assets/graphics/2x/sprite-1-3.png
2015-12-10 10:38:33,810 DEBUG [Thread-13] stencyl.sw.util.StreamGobbler: [haxelib.exe]  - Embedding asset: (IMAGE) Assets/graphics/2x/sprite-51-0.png
2015-12-10 10:38:33,810 DEBUG [Thread-13] stencyl.sw.util.StreamGobbler: [haxelib.exe]  - Embedding asset: (IMAGE) Assets/graphics/2x/sprite-51-1.png
2015-12-10 10:38:33,810 DEBUG [Thread-13] stencyl.sw.util.StreamGobbler: [haxelib.exe]  - Embedding asset: (IMAGE) Assets/graphics/2x/tileset-31.png
2015-12-10 10:38:33,810 DEBUG [Thread-13] stencyl.sw.util.StreamGobbler: [haxelib.exe]  - Embedding asset: (IMAGE) Assets/graphics/4x/sprite-1-0.png
2015-12-10 10:38:33,810 DEBUG [Thread-13] stencyl.sw.util.StreamGobbler: [haxelib.exe]  - Embedding asset: (IMAGE) Assets/graphics/4x/sprite-1-1.png
2015-12-10 10:38:33,810 DEBUG [Thread-13] stencyl.sw.util.StreamGobbler: [haxelib.exe]  - Embedding asset: (IMAGE) Assets/graphics/4x/sprite-1-2.png
2015-12-10 10:38:33,810 DEBUG [Thread-13] stencyl.sw.util.StreamGobbler: [haxelib.exe]  - Embedding asset: (IMAGE) Assets/graphics/4x/sprite-1-3.png
2015-12-10 10:38:33,810 DEBUG [Thread-13] stencyl.sw.util.StreamGobbler: [haxelib.exe]  - Embedding asset: (IMAGE) Assets/graphics/4x/sprite-51-0.png
2015-12-10 10:38:33,810 DEBUG [Thread-13] stencyl.sw.util.StreamGobbler: [haxelib.exe]  - Embedding asset: (IMAGE) Assets/graphics/4x/sprite-51-1.png
2015-12-10 10:38:33,810 DEBUG [Thread-13] stencyl.sw.util.StreamGobbler: [haxelib.exe]  - Embedding asset: (IMAGE) Assets/graphics/4x/tileset-31.png
2015-12-10 10:38:33,810 DEBUG [Thread-13] stencyl.sw.util.StreamGobbler: [haxelib.exe]  - Embedding asset: (TEXT) Assets/graphics/default-font.fnt
2015-12-10 10:38:33,810 DEBUG [Thread-13] stencyl.sw.util.StreamGobbler: [haxelib.exe]  - Embedding asset: (IMAGE) Assets/graphics/default-font.png
2015-12-10 10:38:33,810 DEBUG [Thread-13] stencyl.sw.util.StreamGobbler: [haxelib.exe]  - Embedding asset: (IMAGE) Assets/graphics/preloader-badge.png
2015-12-10 10:38:33,810 DEBUG [Thread-13] stencyl.sw.util.StreamGobbler: [haxelib.exe]  - Embedding asset: (IMAGE) Assets/graphics/preloader-bg.png
2015-12-10 10:38:33,810 DEBUG [Thread-13] stencyl.sw.util.StreamGobbler: [haxelib.exe]  - Embedding asset: (IMAGE) Assets/graphics/preloader-bg@1.5x.png
2015-12-10 10:38:33,810 DEBUG [Thread-13] stencyl.sw.util.StreamGobbler: [haxelib.exe]  - Embedding asset: (IMAGE) Assets/graphics/preloader-bg@2x.png
2015-12-10 10:38:33,810 DEBUG [Thread-13] stencyl.sw.util.StreamGobbler: [haxelib.exe]  - Embedding asset: (IMAGE) Assets/graphics/preloader-bg@4x.png
2015-12-10 10:38:33,810 DEBUG [Thread-13] stencyl.sw.util.StreamGobbler: [haxelib.exe]  - Embedding asset: (SOUND) Assets/sfx/sound-47.mp3
2015-12-10 10:38:33,826 DEBUG [Thread-13] stencyl.sw.util.StreamGobbler: [haxelib.exe]  - Embedding asset: (TEXT) Assets/data/behaviors.xml
2015-12-10 10:38:33,826 DEBUG [Thread-13] stencyl.sw.util.StreamGobbler: [haxelib.exe]  - Embedding asset: (TEXT) Assets/data/blur.txt
2015-12-10 10:38:33,826 DEBUG [Thread-13] stencyl.sw.util.StreamGobbler: [haxelib.exe]  - Embedding asset: (TEXT) Assets/data/game.xml
2015-12-10 10:38:33,826 DEBUG [Thread-13] stencyl.sw.util.StreamGobbler: [haxelib.exe]  - Embedding asset: (TEXT) Assets/data/grain.txt
2015-12-10 10:38:33,826 DEBUG [Thread-13] stencyl.sw.util.StreamGobbler: [haxelib.exe]  - Embedding asset: (TEXT) Assets/data/gray.txt
2015-12-10 10:38:33,826 DEBUG [Thread-13] stencyl.sw.util.StreamGobbler: [haxelib.exe]  - Embedding asset: (TEXT) Assets/data/invert.txt
2015-12-10 10:38:33,826 DEBUG [Thread-13] stencyl.sw.util.StreamGobbler: [haxelib.exe]  - Embedding asset: (TEXT) Assets/data/resources.xml
2015-12-10 10:38:33,826 DEBUG [Thread-13] stencyl.sw.util.StreamGobbler: [haxelib.exe]  - Embedding asset: (TEXT) Assets/data/scanline.txt
2015-12-10 10:38:33,826 DEBUG [Thread-13] stencyl.sw.util.StreamGobbler: [haxelib.exe]  - Embedding asset: (BINARY) Assets/data/scene-0.scn
2015-12-10 10:38:33,826 DEBUG [Thread-13] stencyl.sw.util.StreamGobbler: [haxelib.exe]  - Embedding asset: (TEXT) Assets/data/scene-0.xml
2015-12-10 10:38:33,826 DEBUG [Thread-13] stencyl.sw.util.StreamGobbler: [haxelib.exe]  - Embedding asset: (TEXT) Assets/data/scenes.xml
2015-12-10 10:38:33,826 DEBUG [Thread-13] stencyl.sw.util.StreamGobbler: [haxelib.exe]  - Embedding asset: (IMAGE) Assets/graphics/1.5x/sprite-1-0.png
2015-12-10 10:38:33,826 DEBUG [Thread-13] stencyl.sw.util.StreamGobbler: [haxelib.exe]  - Embedding asset: (IMAGE) Assets/graphics/1.5x/sprite-1-1.png
2015-12-10 10:38:33,826 DEBUG [Thread-13] stencyl.sw.util.StreamGobbler: [haxelib.exe]  - Embedding asset: (IMAGE) Assets/graphics/1.5x/sprite-1-2.png
2015-12-10 10:38:33,826 DEBUG [Thread-13] stencyl.sw.util.StreamGobbler: [haxelib.exe]  - Embedding asset: (IMAGE) Assets/graphics/1.5x/sprite-1-3.png
2015-12-10 10:38:33,826 DEBUG [Thread-13] stencyl.sw.util.StreamGobbler: [haxelib.exe]  - Embedding asset: (IMAGE) Assets/graphics/1.5x/sprite-51-0.png
2015-12-10 10:38:33,826 DEBUG [Thread-13] stencyl.sw.util.StreamGobbler: [haxelib.exe]  - Embedding asset: (IMAGE) Assets/graphics/1.5x/sprite-51-1.png
2015-12-10 10:38:33,826 DEBUG [Thread-13] stencyl.sw.util.StreamGobbler: [haxelib.exe]  - Embedding asset: (IMAGE) Assets/graphics/1.5x/tileset-31.png
2015-12-10 10:38:33,826 DEBUG [Thread-13] stencyl.sw.util.StreamGobbler: [haxelib.exe]  - Embedding asset: (IMAGE) Assets/graphics/1x/sprite-1-0.png
2015-12-10 10:38:33,826 DEBUG [Thread-13] stencyl.sw.util.StreamGobbler: [haxelib.exe]  - Embedding asset: (IMAGE) Assets/graphics/1x/sprite-1-1.png
2015-12-10 10:38:33,826 DEBUG [Thread-13] stencyl.sw.util.StreamGobbler: [haxelib.exe]  - Embedding asset: (IMAGE) Assets/graphics/1x/sprite-1-2.png
2015-12-10 10:38:33,826 DEBUG [Thread-13] stencyl.sw.util.StreamGobbler: [haxelib.exe]  - Embedding asset: (IMAGE) Assets/graphics/1x/sprite-1-3.png
2015-12-10 10:38:33,826 DEBUG [Thread-13] stencyl.sw.util.StreamGobbler: [haxelib.exe]  - Embedding asset: (IMAGE) Assets/graphics/1x/sprite-51-0.png
2015-12-10 10:38:33,826 DEBUG [Thread-13] stencyl.sw.util.StreamGobbler: [haxelib.exe]  - Embedding asset: (IMAGE) Assets/graphics/1x/sprite-51-1.png
2015-12-10 10:38:33,826 DEBUG [Thread-13] stencyl.sw.util.StreamGobbler: [haxelib.exe]  - Embedding asset: (IMAGE) Assets/graphics/1x/tileset-31.png
2015-12-10 10:38:33,826 DEBUG [Thread-13] stencyl.sw.util.StreamGobbler: [haxelib.exe]  - Embedding asset: (IMAGE) Assets/graphics/2x/sprite-1-0.png
2015-12-10 10:38:33,826 DEBUG [Thread-13] stencyl.sw.util.StreamGobbler: [haxelib.exe]  - Embedding asset: (IMAGE) Assets/graphics/2x/sprite-1-1.png
2015-12-10 10:38:33,826 DEBUG [Thread-13] stencyl.sw.util.StreamGobbler: [haxelib.exe]  - Embedding asset: (IMAGE) Assets/graphics/2x/sprite-1-2.png
2015-12-10 10:38:33,826 DEBUG [Thread-13] stencyl.sw.util.StreamGobbler: [haxelib.exe]  - Embedding asset: (IMAGE) Assets/graphics/2x/sprite-1-3.png
2015-12-10 10:38:33,826 DEBUG [Thread-13] stencyl.sw.util.StreamGobbler: [haxelib.exe]  - Embedding asset: (IMAGE) Assets/graphics/2x/sprite-51-0.png
2015-12-10 10:38:33,826 DEBUG [Thread-13] stencyl.sw.util.StreamGobbler: [haxelib.exe]  - Embedding asset: (IMAGE) Assets/graphics/2x/sprite-51-1.png
2015-12-10 10:38:33,826 DEBUG [Thread-13] stencyl.sw.util.StreamGobbler: [haxelib.exe]  - Embedding asset: (IMAGE) Assets/graphics/2x/tileset-31.png
2015-12-10 10:38:33,826 DEBUG [Thread-13] stencyl.sw.util.StreamGobbler: [haxelib.exe]  - Embedding asset: (IMAGE) Assets/graphics/4x/sprite-1-0.png
2015-12-10 10:38:33,826 DEBUG [Thread-13] stencyl.sw.util.StreamGobbler: [haxelib.exe]  - Embedding asset: (IMAGE) Assets/graphics/4x/sprite-1-1.png
2015-12-10 10:38:33,826 DEBUG [Thread-13] stencyl.sw.util.StreamGobbler: [haxelib.exe]  - Embedding asset: (IMAGE) Assets/graphics/4x/sprite-1-2.png
2015-12-10 10:38:33,826 DEBUG [Thread-13] stencyl.sw.util.StreamGobbler: [haxelib.exe]  - Embedding asset: (IMAGE) Assets/graphics/4x/sprite-1-3.png
2015-12-10 10:38:33,826 DEBUG [Thread-13] stencyl.sw.util.StreamGobbler: [haxelib.exe]  - Embedding asset: (IMAGE) Assets/graphics/4x/sprite-51-0.png
2015-12-10 10:38:33,826 DEBUG [Thread-13] stencyl.sw.util.StreamGobbler: [haxelib.exe]  - Embedding asset: (IMAGE) Assets/graphics/4x/sprite-51-1.png
2015-12-10 10:38:33,826 DEBUG [Thread-13] stencyl.sw.util.StreamGobbler: [haxelib.exe]  - Embedding asset: (IMAGE) Assets/graphics/4x/tileset-31.png
2015-12-10 10:38:33,826 DEBUG [Thread-13] stencyl.sw.util.StreamGobbler: [haxelib.exe]  - Embedding asset: (TEXT) Assets/graphics/default-font.fnt
2015-12-10 10:38:33,826 DEBUG [Thread-13] stencyl.sw.util.StreamGobbler: [haxelib.exe]  - Embedding asset: (IMAGE) Assets/graphics/default-font.png
2015-12-10 10:38:33,826 DEBUG [Thread-13] stencyl.sw.util.StreamGobbler: [haxelib.exe]  - Embedding asset: (IMAGE) Assets/graphics/preloader-badge.png
2015-12-10 10:38:33,826 DEBUG [Thread-13] stencyl.sw.util.StreamGobbler: [haxelib.exe]  - Embedding asset: (IMAGE) Assets/graphics/preloader-bg.png
2015-12-10 10:38:33,826 DEBUG [Thread-13] stencyl.sw.util.StreamGobbler: [haxelib.exe]  - Embedding asset: (IMAGE) Assets/graphics/preloader-bg@1.5x.png
2015-12-10 10:38:33,826 DEBUG [Thread-13] stencyl.sw.util.StreamGobbler: [haxelib.exe]  - Embedding asset: (IMAGE) Assets/graphics/preloader-bg@2x.png
2015-12-10 10:38:33,826 DEBUG [Thread-13] stencyl.sw.util.StreamGobbler: [haxelib.exe]  - Embedding asset: (IMAGE) Assets/graphics/preloader-bg@4x.png
2015-12-10 10:38:33,826 DEBUG [Thread-13] stencyl.sw.util.StreamGobbler: [haxelib.exe]  - Embedding asset: (SOUND) Assets/sfx/sound-47.mp3
2015-12-10 10:38:33,826 DEBUG [Thread-13] stencyl.sw.util.StreamGobbler: [haxelib.exe]  - Embedding asset: (TEXT) Assets/data/behaviors.xml
2015-12-10 10:38:33,826 DEBUG [Thread-13] stencyl.sw.util.StreamGobbler: [haxelib.exe]  - Embedding asset: (TEXT) Assets/data/blur.txt
2015-12-10 10:38:33,826 DEBUG [Thread-13] stencyl.sw.util.StreamGobbler: [haxelib.exe]  - Embedding asset: (TEXT) Assets/data/game.xml
2015-12-10 10:38:33,826 DEBUG [Thread-13] stencyl.sw.util.StreamGobbler: [haxelib.exe]  - Embedding asset: (TEXT) Assets/data/grain.txt
2015-12-10 10:38:33,826 DEBUG [Thread-13] stencyl.sw.util.StreamGobbler: [haxelib.exe]  - Embedding asset: (TEXT) Assets/data/gray.txt
2015-12-10 10:38:33,826 DEBUG [Thread-13] stencyl.sw.util.StreamGobbler: [haxelib.exe]  - Embedding asset: (TEXT) Assets/data/invert.txt
2015-12-10 10:38:33,826 DEBUG [Thread-13] stencyl.sw.util.StreamGobbler: [haxelib.exe]  - Embedding asset: (TEXT) Assets/data/resources.xml
2015-12-10 10:38:33,826 DEBUG [Thread-13] stencyl.sw.util.StreamGobbler: [haxelib.exe]  - Embedding asset: (TEXT) Assets/data/scanline.txt
2015-12-10 10:38:33,826 DEBUG [Thread-13] stencyl.sw.util.StreamGobbler: [haxelib.exe]  - Embedding asset: (BINARY) Assets/data/scene-0.scn
2015-12-10 10:38:33,826 DEBUG [Thread-13] stencyl.sw.util.StreamGobbler: [haxelib.exe]  - Embedding asset: (TEXT) Assets/data/scene-0.xml
2015-12-10 10:38:33,826 DEBUG [Thread-13] stencyl.sw.util.StreamGobbler: [haxelib.exe]  - Embedding asset: (TEXT) Assets/data/scenes.xml
2015-12-10 10:38:34,106 DEBUG [Thread-13] stencyl.sw.util.StreamGobbler: [haxelib.exe]  - Copying template file: C:\Program Files (x86)\Stencyl\plaf\haxe\lib/lime/lime/templates/haxe/ApplicationMain.hx -> Export/flash/haxe/ApplicationMain.hx
2015-12-10 10:38:34,169 DEBUG [Thread-13] stencyl.sw.util.StreamGobbler: [haxelib.exe]  - Copying template file: C:\Program Files (x86)\Stencyl\plaf\haxe\lib/lime/lime/templates/haxe/DefaultAssetLibrary.hx -> Export/flash/haxe/DefaultAssetLibrary.hx
2015-12-10 10:38:34,184 DEBUG [Thread-13] stencyl.sw.util.StreamGobbler: [haxelib.exe]  - Copying template file: C:\Program Files (x86)\Stencyl\plaf\haxe\lib/openfl/openfl/templates/haxe/ApplicationMain.hx -> Export/flash/haxe/ApplicationMain.hx
2015-12-10 10:38:34,184 DEBUG [Thread-13] stencyl.sw.util.StreamGobbler: [haxelib.exe]  - Copying template file: C:\Program Files (x86)\Stencyl\plaf\haxe\lib/openfl/openfl/templates/haxe/NMEPreloader.hx -> Export/flash/haxe/NMEPreloader.hx
2015-12-10 10:38:34,200 DEBUG [Thread-13] stencyl.sw.util.StreamGobbler: [haxelib.exe]  - Copying template file: C:\Program Files (x86)\Stencyl\plaf\haxe\lib/lime/lime/templates/flash/hxml/debug.hxml -> Export/flash/haxe/debug.hxml
2015-12-10 10:38:34,200 DEBUG [Thread-13] stencyl.sw.util.StreamGobbler: [haxelib.exe]  - Copying template file: C:\Program Files (x86)\Stencyl\plaf\haxe\lib/lime/lime/templates/flash/hxml/final.hxml -> Export/flash/haxe/final.hxml
2015-12-10 10:38:34,200 DEBUG [Thread-13] stencyl.sw.util.StreamGobbler: [haxelib.exe]  - Copying template file: C:\Program Files (x86)\Stencyl\plaf\haxe\lib/lime/lime/templates/flash/hxml/release.hxml -> Export/flash/haxe/release.hxml
2015-12-10 10:38:34,200 DEBUG [Thread-13] stencyl.sw.util.StreamGobbler: [haxelib.exe]  - Copying template file: C:\Program Files (x86)\Stencyl\plaf\haxe\lib/openfl/openfl/templates/flash/hxml/debug.hxml -> Export/flash/haxe/debug.hxml
2015-12-10 10:38:34,200 DEBUG [Thread-13] stencyl.sw.util.StreamGobbler: [haxelib.exe]  - Copying template file: C:\Program Files (x86)\Stencyl\plaf\haxe\lib/openfl/openfl/templates/flash/hxml/final.hxml -> Export/flash/haxe/final.hxml
2015-12-10 10:38:34,200 DEBUG [Thread-13] stencyl.sw.util.StreamGobbler: [haxelib.exe]  - Copying template file: C:\Program Files (x86)\Stencyl\plaf\haxe\lib/openfl/openfl/templates/flash/hxml/release.hxml -> Export/flash/haxe/release.hxml
2015-12-10 10:38:34,216 INFO  [Thread-13] stencyl.sw.util.StreamGobbler: [haxelib.exe] Running command: BUILD
2015-12-10 10:38:34,216 DEBUG [Thread-13] stencyl.sw.util.StreamGobbler: [haxelib.exe]  - Running command: haxe -main ApplicationMain -cp "C:/Program Files (x86)/Stencyl/plaf/haxe/lib/openfl/openfl" -D openfl=3.3.8 -cp "C:/Program Files (x86)/Stencyl/plaf/haxe/lib/lime/lime" -D lime=2.6.8 -cp "C:/Program Files (x86)/Stencyl/plaf/haxe/lib/actuate/1,6,5" -D actuate=1.6.5 -cp "C:/Program Files (x86)/Stencyl/plaf/haxe/lib/console/1,00" -D console=0.0.0 -cp "C:/Program Files (x86)/Stencyl/plaf/haxe/lib/polygonal-ds/1,4,1" -D polygonal-ds=1.4.1 -cp "C:/Program Files (x86)/Stencyl/plaf/haxe/lib/polygonal-printf/1,0,0-beta" -D polygonal-printf=1.0.0-beta -cp "C:/Program Files (x86)/Stencyl/plaf/haxe/lib/box2d/1,11" -D box2d=0.0.0 -cp "C:/Program Files (x86)/Stencyl/plaf/haxe/lib/stencyl/1,00" -D stencyl=0.0.0 -cp Source -cp "C:\Program Files (x86)\Stencyl\plaf\haxe\extensions/gestures" -D native-trace -D openfl-next -D tools=2.6.8 -D flash-use-stage -D no-compilation -D openfl-flash -D verbose=1 -D web --remap nme:openfl -D network-sandbox -D as3_native -D swf-directblit -swf-lib newgrounds.swf -swf-lib cpmstar.swf -resource Assets/graphics/preloader-bg.png@preloader-bg -swf-lib Export/flash/obj/assets.swf -swf-version 11 -swf Export/flash/bin/project5.swf -cp Export/flash/haxe -debug
2015-12-10 10:38:37,850 DEBUG [pool-1-thread-2] stencyl.sw.util.Util: Process 'haxelib.exe' exited with code: 0
2015-12-10 10:38:37,850 INFO  [pool-1-thread-2] stencyl.sw.io.write.resource.HXWriter: Finished: Building for Flash.
2015-12-10 10:38:37,850 DEBUG [pool-1-thread-2] stencyl.sw.util.Util: Running command: [C:\Program Files (x86)\Stencyl\ext-tools\players\flash-10-win, C:\Users\rmills0865\AppData\Roaming\Stencyl\stencylworks\games-generated\project5\Export\flash\bin\project5.swf]
2015-12-10 10:38:38,545 INFO  [pool-1-thread-1] stencyl.sw.app.filewatcher.ExternalAppLauncher: [Flash] Universal#initScreen(194): Stage Width: 480
2015-12-10 10:38:38,545 INFO  [pool-1-thread-1] stencyl.sw.app.filewatcher.ExternalAppLauncher: [Flash] Universal#initScreen(195): Stage Height: 320
2015-12-10 10:38:38,545 INFO  [pool-1-thread-1] stencyl.sw.app.filewatcher.ExternalAppLauncher: [Flash] Universal#initScreen(196): Screen Width: 480
2015-12-10 10:38:38,545 INFO  [pool-1-thread-1] stencyl.sw.app.filewatcher.ExternalAppLauncher: [Flash] Universal#initScreen(197): Screen Height: 320
2015-12-10 10:38:38,545 INFO  [pool-1-thread-1] stencyl.sw.app.filewatcher.ExternalAppLauncher: [Flash] Universal#initScreen(198): Screen DPI: 72
2015-12-10 10:38:38,545 INFO  [pool-1-thread-1] stencyl.sw.app.filewatcher.ExternalAppLauncher: [Flash] Universal#initScreen(377): Max Scale: 4
2015-12-10 10:38:38,545 INFO  [pool-1-thread-1] stencyl.sw.app.filewatcher.ExternalAppLauncher: [Flash] Universal#initScreen(378): Engine Scale: 1x
2015-12-10 10:38:38,545 INFO  [pool-1-thread-1] stencyl.sw.app.filewatcher.ExternalAppLauncher: [Flash] Universal#initScreen(732): Scale X: 1
2015-12-10 10:38:38,545 INFO  [pool-1-thread-1] stencyl.sw.app.filewatcher.ExternalAppLauncher: [Flash] Universal#initScreen(733): Scale Y: 1
2015-12-10 10:38:43,325 DEBUG [AWT-EventQueue-0] stencyl.sw.editors.scene.select.SelectionController: Checking if no items: null
2015-12-10 10:38:43,325 DEBUG [AWT-EventQueue-0] stencyl.sw.editors.scene.select.SelectionController: Working with Actors and/or Tiles
2015-12-10 10:38:43,325 DEBUG [AWT-EventQueue-0] stencyl.sw.editors.scene.select.SelectionController: Case 1: Select New Object (Nothing Previously Selected).
2015-12-10 10:38:43,325 DEBUG [AWT-EventQueue-0] stencyl.sw.editors.scene.select.SelectionController: Start Rubberband.
2015-12-10 10:38:43,635 DEBUG [AWT-EventQueue-0] stencyl.sw.editors.scene.select.SelectionController: End Rubberband Selection.
2015-12-10 10:38:46,285 DEBUG [AWT-EventQueue-0] stencyl.sw.app.doc.Workspace: Activated: Dashboard
2015-12-10 10:38:47,245 DEBUG [AWT-EventQueue-0] stencyl.sw.app.doc.Workspace: Activated: Level 1
2015-12-10 10:38:49,475 INFO  [AWT-EventQueue-0] stencyl.sw.app.App: Attempting to quit out of Stencyl.
2015-12-10 10:38:51,815 INFO  [pool-1-thread-2] stencyl.sw.io.write.MasterWriter: Saving game in place.
2015-12-10 10:38:51,815 DEBUG [pool-1-thread-2] stencyl.sw.util.FileHelper: Saving backup file C:\Users\rmills0865\AppData\Roaming\Stencyl\stencylworks\games\project5\game.xml.bak.
2015-12-10 10:38:53,255 DEBUG [pool-1-thread-2] stencyl.sw.io.write.MasterWriter: Writing out local resources.
2015-12-10 10:38:53,265 DEBUG [pool-1-thread-2] stencyl.sw.util.FileHelper: Saving backup file C:\Users\rmills0865\AppData\Roaming\Stencyl\stencylworks\games\project5\resources\data.xml.bak.
2015-12-10 10:38:53,265 DEBUG [pool-1-thread-2] stencyl.sw.io.write.resource.SpriteWriter: Mark actor's sprite as clean (disk).
2015-12-10 10:38:53,265 DEBUG [pool-1-thread-2] stencyl.sw.io.write.resource.SpriteWriter: Mark actor's sprite as clean (disk).
2015-12-10 10:38:53,265 DEBUG [pool-1-thread-2] stencyl.sw.io.write.resource.TilesetWriter: Mark tileset as clean (disk).
2015-12-10 10:38:53,265 DEBUG [pool-1-thread-2] stencyl.sw.io.write.MasterWriter: Writing out scenes.
2015-12-10 10:38:53,265 DEBUG [pool-1-thread-2] stencyl.sw.editors.snippet.designer.block.Block: Write out element ID: 1
2015-12-10 10:38:53,275 DEBUG [pool-1-thread-2] stencyl.sw.editors.snippet.designer.block.BlockSceneObjectChooser: Fetching element 1 from scene 0
2015-12-10 10:38:53,275 DEBUG [pool-1-thread-2] stencyl.sw.editors.scene.SceneRenderer: Saving thumbnail: C:\Users\rmills0865\AppData\Roaming\Stencyl\stencylworks\games\project5\scenes\0.png
2015-12-10 10:38:53,285 DEBUG [pool-1-thread-2] stencyl.sw.io.write.resource.SceneWriter: Writing terrain.
2015-12-10 10:38:53,285 DEBUG [pool-1-thread-2] stencyl.thirdparty.org.phys2d.Combiner: Num Tiles: 50
2015-12-10 10:38:53,285 DEBUG [pool-1-thread-2] stencyl.thirdparty.org.phys2d.Combiner: Coverage: 28.40909%
2015-12-10 10:38:53,285 DEBUG [pool-1-thread-2] stencyl.thirdparty.org.phys2d.Combiner: Segments: (3,3)
2015-12-10 10:38:53,285 DEBUG [pool-1-thread-2] stencyl.thirdparty.org.phys2d.Combiner: Using Quad Space
2015-12-10 10:38:53,285 DEBUG [pool-1-thread-2] stencyl.thirdparty.org.phys2d.Combiner: Combine took: 0ms
2015-12-10 10:38:53,285 DEBUG [pool-1-thread-2] stencyl.sw.io.write.resource.SceneWriter: Terrain processing took: 0ms
2015-12-10 10:38:53,295 DEBUG [pool-1-thread-2] stencyl.core.lib.io.read.SceneReader: Reading header for Scene: 0 (Level 1) from: scenes\0.xml
2015-12-10 10:38:53,305 DEBUG [pool-1-thread-2] stencyl.sw.io.write.resource.ScenesWriter: Writing out Scene Level 1
2015-12-10 10:38:53,305 DEBUG [pool-1-thread-2] stencyl.sw.io.write.MasterWriter: Copying over snippets.
2015-12-10 10:38:53,305 DEBUG [pool-1-thread-2] stencyl.sw.util.FileHelper: Saving backup file C:\Users\rmills0865\AppData\Roaming\Stencyl\stencylworks\games\project5\snippets\list.xml.bak.
2015-12-10 10:38:53,305 DEBUG [pool-1-thread-2] stencyl.sw.editors.snippet.designer.block.Block: Write out element ID: 1
2015-12-10 10:38:53,315 DEBUG [pool-1-thread-2] stencyl.sw.editors.snippet.designer.block.BlockSceneObjectChooser: Fetching element 1 from scene 0
2015-12-10 10:38:53,335 DEBUG [pool-1-thread-2] stencyl.sw.io.write.resource.SnippetsWriter: Copy from opened to disk: SceneEvents_0
2015-12-10 10:38:53,335 DEBUG [pool-1-thread-2] stencyl.sw.editors.snippet.designer.block.Block: Write out element ID: 1
2015-12-10 10:38:53,335 DEBUG [pool-1-thread-2] stencyl.sw.util.FileHelper: Deleting: C:\Users\rmills0865\AppData\Roaming\Stencyl\stencylworks\games\project5\behavior-hx\SceneEvents_0.hx
2015-12-10 10:38:53,335 DEBUG [pool-1-thread-2] stencyl.sw.io.write.resource.SnippetsWriter: Copied to: C:\Users\rmills0865\AppData\Roaming\Stencyl\stencylworks\games\project5\snippets\SceneEvents_0.design
2015-12-10 10:38:53,345 DEBUG [pool-1-thread-2] stencyl.sw.io.write.MasterWriter: Saving block favorites.
2015-12-10 10:38:53,345 INFO  [pool-1-thread-2] stencyl.sw.io.write.MasterWriter: Done writing game.
2015-12-10 10:38:53,395 DEBUG [AWT-EventQueue-0] stencyl.sw.util.Util: Running command: [taskkill, /im, neko.exe, /f]
2015-12-10 10:38:53,455 DEBUG [Thread-15] stencyl.sw.util.StreamGobbler: [taskkill] ERROR: The process "neko.exe" not found.
2015-12-10 10:38:53,455 DEBUG [AWT-EventQueue-0] stencyl.sw.util.Util: Process 'taskkill' exited with code: 128
2015-12-10 10:38:53,455 DEBUG [AWT-EventQueue-0] stencyl.sw.util.Util: Running command: [taskkill, /im, adb.exe, /f]
2015-12-10 10:38:53,515 DEBUG [Thread-16] stencyl.sw.util.StreamGobbler: [taskkill] ERROR: The process "adb.exe" not found.
2015-12-10 10:38:53,515 DEBUG [AWT-EventQueue-0] stencyl.sw.util.Util: Process 'taskkill' exited with code: 128
2015-12-10 10:38:53,515 DEBUG [AWT-EventQueue-0] stencyl.sw.util.Util: Running command: [taskkill, /im, arm-linux-androideabi-g++.exe, /f]
2015-12-10 10:38:53,575 DEBUG [Thread-17] stencyl.sw.util.StreamGobbler: [taskkill] ERROR: The process "arm-linux-androideabi-g++.exe" not found.
2015-12-10 10:38:53,575 DEBUG [AWT-EventQueue-0] stencyl.sw.util.Util: Process 'taskkill' exited with code: 128
2015-12-10 10:38:53,585 DEBUG [AWT-EventQueue-0] stencyl.sw.util.Util: Running command: [taskkill, /im, cc1plus.exe, /f]
2015-12-10 10:38:53,645 DEBUG [Thread-18] stencyl.sw.util.StreamGobbler: [taskkill] ERROR: The process "cc1plus.exe" not found.
2015-12-10 10:38:53,645 DEBUG [AWT-EventQueue-0] stencyl.sw.util.Util: Process 'taskkill' exited with code: 128
2015-12-10 10:38:53,645 DEBUG [AWT-EventQueue-0] stencyl.sw.util.Util: Running command: [taskkill, /im, tail.exe, /f]
2015-12-10 10:38:53,705 DEBUG [Thread-19] stencyl.sw.util.StreamGobbler: [taskkill] ERROR: The process "tail.exe" not found.
2015-12-10 10:38:53,705 DEBUG [AWT-EventQueue-0] stencyl.sw.util.Util: Process 'taskkill' exited with code: 128
2015-12-10 10:38:53,705 DEBUG [AWT-EventQueue-0] stencyl.sw.util.Util: Running command: [taskkill, /im, ios-sim.exe, /f]
2015-12-10 10:38:53,765 DEBUG [Thread-20] stencyl.sw.util.StreamGobbler: [taskkill] ERROR: The process "ios-sim.exe" not found.
2015-12-10 10:38:53,775 DEBUG [AWT-EventQueue-0] stencyl.sw.util.Util: Process 'taskkill' exited with code: 128
2015-12-10 10:38:53,775 DEBUG [AWT-EventQueue-0] stencyl.sw.app.App: Destroying extensions.
2015-12-10 10:38:53,775 DEBUG [AWT-EventQueue-0] stencyl.sw.app.App: Performing final close.
2015-12-10 10:38:53,775 INFO  [AWT-EventQueue-0] stencyl.sw.app.App: Exiting...
2015-12-10 10:38:53,775 DEBUG [AWT-EventQueue-0] stencyl.sw.app.App: Destroying Temporary Sandbox.
2015-12-10 10:38:53,775 DEBUG [AWT-EventQueue-0] stencyl.sw.util.FileHelper: Deleting: C:\Users\rmills0865\AppData\Local\Temp\stencyl6031560325961258117
