2015-12-02 10:43:08,041 INFO  [main] stencyl.sw.Session: Logfile: C:\Users\glafond5733\AppData\Roaming\Stencyl\stencylworks\logs\2015-12-02_10-43-07.log
2015-12-02 10:43:08,057 INFO  [main] stencyl.sw.Session: OS Name: Windows 7
2015-12-02 10:43:08,057 INFO  [main] stencyl.sw.Session: OS Version: 6.1 (64-bit)
2015-12-02 10:43:08,057 INFO  [main] stencyl.sw.Session: Java Version: 1.8.0_60
2015-12-02 10:43:08,057 INFO  [main] stencyl.sw.Session: Stencyl Version: 3.3.2 (b8734)
2015-12-02 10:43:08,057 INFO  [main] stencyl.sw.Session: Stencyl Workspace: C:\Users\glafond5733\AppData\Roaming\Stencyl\
2015-12-02 10:43:08,057 INFO  [main] stencyl.sw.Session: User Working Directory: C:\Program Files (x86)\Stencyl
2015-12-02 10:43:08,057 INFO  [main] stencyl.sw.Session: User Home Directory: C:\Users\glafond5733
2015-12-02 10:43:08,057 INFO  [main] stencyl.sw.Session: System Path: C:\ProgramData\Oracle\Java\javapath;C:\Program Files (x86)\Intel\iCLS Client\;C:\Program Files\Intel\iCLS Client\;C:\WINDOWS\system32;C:\WINDOWS;C:\WINDOWS\System32\Wbem;C:\WINDOWS\System32\WindowsPowerShell\v1.0\;C:\WINDOWS\CCM;C:\WINDOWS\CCM;C:\Program Files (x86)\QuickTime\QTSystem\;C:\Program Files\Intel\Intel(R) Management Engine Components\DAL;C:\Program Files\Intel\Intel(R) Management Engine Components\IPT;C:\Program Files (x86)\Intel\Intel(R) Management Engine Components\DAL;C:\Program Files (x86)\Intel\Intel(R) Management Engine Components\IPT;C:\Program Files (x86)\Stencyl\runtimes\jre-win\bin
2015-12-02 10:43:08,135 DEBUG [main] stencyl.sw.util.FileHelper: Deleting: C:\Users\GLAFON~1\AppData\Local\Temp\stencyl5403683573047156336
2015-12-02 10:43:08,135 DEBUG [main] stencyl.sw.loc.LanguagePack: Reading... lang\en\global-phrases.lang
2015-12-02 10:43:08,135 DEBUG [main] stencyl.sw.loc.LanguagePack: Reading... lang\en\global-errors.lang
2015-12-02 10:43:08,135 DEBUG [main] stencyl.sw.loc.LanguagePack: Reading... lang\en\global-menu.lang
2015-12-02 10:43:08,135 DEBUG [main] stencyl.sw.loc.LanguagePack: Reading... lang\en\global-welcome.lang
2015-12-02 10:43:08,135 DEBUG [main] stencyl.sw.loc.LanguagePack: Reading... lang\en\global-dashboard.lang
2015-12-02 10:43:08,135 DEBUG [main] stencyl.sw.loc.LanguagePack: Reading... lang\en\global-publish.lang
2015-12-02 10:43:08,135 DEBUG [main] stencyl.sw.loc.LanguagePack: Reading... lang\en\global-updater.lang
2015-12-02 10:43:08,135 DEBUG [main] stencyl.sw.loc.LanguagePack: Reading... lang\en\global-chat.lang
2015-12-02 10:43:08,150 DEBUG [main] stencyl.sw.loc.LanguagePack: Reading... lang\en\global-misc.lang
2015-12-02 10:43:08,150 DEBUG [main] stencyl.sw.loc.LanguagePack: Reading... lang\en\global-forge.lang
2015-12-02 10:43:08,150 DEBUG [main] stencyl.sw.loc.LanguagePack: Reading... lang\en\global-prefs.lang
2015-12-02 10:43:08,150 DEBUG [main] stencyl.sw.loc.LanguagePack: Reading... lang\en\global-creategame.lang
2015-12-02 10:43:08,150 DEBUG [main] stencyl.sw.loc.LanguagePack: Reading... lang\en\behavior-main.lang
2015-12-02 10:43:08,150 DEBUG [main] stencyl.sw.loc.LanguagePack: Reading... lang\en\behavior-blocks.lang
2015-12-02 10:43:08,166 DEBUG [main] stencyl.sw.loc.LanguagePack: Reading... lang\en\behavior-blockhelp.lang
2015-12-02 10:43:08,166 DEBUG [main] stencyl.sw.loc.LanguagePack: Reading... lang\en\behavior-events.lang
2015-12-02 10:43:08,166 DEBUG [main] stencyl.sw.loc.LanguagePack: Reading... lang\en\behavior-code.lang
2015-12-02 10:43:08,166 DEBUG [main] stencyl.sw.loc.LanguagePack: Reading... lang\en\behavior-attributes.lang
2015-12-02 10:43:08,166 DEBUG [main] stencyl.sw.loc.LanguagePack: Reading... lang\en\behavior-create.lang
2015-12-02 10:43:08,166 DEBUG [main] stencyl.sw.loc.LanguagePack: Reading... lang\en\behavior-byob.lang
2015-12-02 10:43:08,166 DEBUG [main] stencyl.sw.loc.LanguagePack: Reading... lang\en\editor-actor-main.lang
2015-12-02 10:43:08,166 DEBUG [main] stencyl.sw.loc.LanguagePack: Reading... lang\en\editor-actor-physics.lang
2015-12-02 10:43:08,166 DEBUG [main] stencyl.sw.loc.LanguagePack: Reading... lang\en\editor-background.lang
2015-12-02 10:43:08,166 DEBUG [main] stencyl.sw.loc.LanguagePack: Reading... lang\en\editor-behaviorchooser.lang
2015-12-02 10:43:08,166 DEBUG [main] stencyl.sw.loc.LanguagePack: Reading... lang\en\editor-desktop.lang
2015-12-02 10:43:08,166 DEBUG [main] stencyl.sw.loc.LanguagePack: Reading... lang\en\editor-font.lang
2015-12-02 10:43:08,166 DEBUG [main] stencyl.sw.loc.LanguagePack: Reading... lang\en\editor-sound.lang
2015-12-02 10:43:08,166 DEBUG [main] stencyl.sw.loc.LanguagePack: Reading... lang\en\editor-tileset.lang
2015-12-02 10:43:08,166 DEBUG [main] stencyl.sw.loc.LanguagePack: Reading... lang\en\editor-preloader.lang
2015-12-02 10:43:08,166 DEBUG [main] stencyl.sw.loc.LanguagePack: Reading... lang\en\editor-mobile.lang
2015-12-02 10:43:08,166 DEBUG [main] stencyl.sw.loc.LanguagePack: Reading... lang\en\editor-groups.lang
2015-12-02 10:43:08,166 DEBUG [main] stencyl.sw.loc.LanguagePack: Reading... lang\en\editor-attributes.lang
2015-12-02 10:43:08,166 DEBUG [main] stencyl.sw.loc.LanguagePack: Reading... lang\en\editor-input.lang
2015-12-02 10:43:08,166 DEBUG [main] stencyl.sw.loc.LanguagePack: Reading... lang\en\editor-animation.lang
2015-12-02 10:43:08,182 DEBUG [main] stencyl.sw.loc.LanguagePack: Reading... lang\en\editor-scene-main.lang
2015-12-02 10:43:08,182 DEBUG [main] stencyl.sw.loc.LanguagePack: Reading... lang\en\editor-scene-create.lang
2015-12-02 10:43:08,182 DEBUG [main] stencyl.sw.loc.LanguagePack: Reading... lang\en\editor-scene-tools.lang
2015-12-02 10:43:08,182 DEBUG [main] stencyl.sw.loc.LanguagePack: Reading... lang\en\global-phrases.lang
2015-12-02 10:43:08,182 DEBUG [main] stencyl.sw.loc.LanguagePack: Reading... lang\en\global-errors.lang
2015-12-02 10:43:08,182 DEBUG [main] stencyl.sw.loc.LanguagePack: Reading... lang\en\global-menu.lang
2015-12-02 10:43:08,182 DEBUG [main] stencyl.sw.loc.LanguagePack: Reading... lang\en\global-welcome.lang
2015-12-02 10:43:08,182 DEBUG [main] stencyl.sw.loc.LanguagePack: Reading... lang\en\global-dashboard.lang
2015-12-02 10:43:08,182 DEBUG [main] stencyl.sw.loc.LanguagePack: Reading... lang\en\global-publish.lang
2015-12-02 10:43:08,182 DEBUG [main] stencyl.sw.loc.LanguagePack: Reading... lang\en\global-updater.lang
2015-12-02 10:43:08,182 DEBUG [main] stencyl.sw.loc.LanguagePack: Reading... lang\en\global-chat.lang
2015-12-02 10:43:08,182 DEBUG [main] stencyl.sw.loc.LanguagePack: Reading... lang\en\global-misc.lang
2015-12-02 10:43:08,182 DEBUG [main] stencyl.sw.loc.LanguagePack: Reading... lang\en\global-forge.lang
2015-12-02 10:43:08,182 DEBUG [main] stencyl.sw.loc.LanguagePack: Reading... lang\en\global-prefs.lang
2015-12-02 10:43:08,182 DEBUG [main] stencyl.sw.loc.LanguagePack: Reading... lang\en\global-creategame.lang
2015-12-02 10:43:08,182 DEBUG [main] stencyl.sw.loc.LanguagePack: Reading... lang\en\behavior-main.lang
2015-12-02 10:43:08,182 DEBUG [main] stencyl.sw.loc.LanguagePack: Reading... lang\en\behavior-blocks.lang
2015-12-02 10:43:08,182 DEBUG [main] stencyl.sw.loc.LanguagePack: Reading... lang\en\behavior-blockhelp.lang
2015-12-02 10:43:08,182 DEBUG [main] stencyl.sw.loc.LanguagePack: Reading... lang\en\behavior-events.lang
2015-12-02 10:43:08,182 DEBUG [main] stencyl.sw.loc.LanguagePack: Reading... lang\en\behavior-code.lang
2015-12-02 10:43:08,182 DEBUG [main] stencyl.sw.loc.LanguagePack: Reading... lang\en\behavior-attributes.lang
2015-12-02 10:43:08,182 DEBUG [main] stencyl.sw.loc.LanguagePack: Reading... lang\en\behavior-create.lang
2015-12-02 10:43:08,182 DEBUG [main] stencyl.sw.loc.LanguagePack: Reading... lang\en\behavior-byob.lang
2015-12-02 10:43:08,182 DEBUG [main] stencyl.sw.loc.LanguagePack: Reading... lang\en\editor-actor-main.lang
2015-12-02 10:43:08,182 DEBUG [main] stencyl.sw.loc.LanguagePack: Reading... lang\en\editor-actor-physics.lang
2015-12-02 10:43:08,182 DEBUG [main] stencyl.sw.loc.LanguagePack: Reading... lang\en\editor-background.lang
2015-12-02 10:43:08,182 DEBUG [main] stencyl.sw.loc.LanguagePack: Reading... lang\en\editor-behaviorchooser.lang
2015-12-02 10:43:08,182 DEBUG [main] stencyl.sw.loc.LanguagePack: Reading... lang\en\editor-desktop.lang
2015-12-02 10:43:08,182 DEBUG [main] stencyl.sw.loc.LanguagePack: Reading... lang\en\editor-font.lang
2015-12-02 10:43:08,197 DEBUG [main] stencyl.sw.loc.LanguagePack: Reading... lang\en\editor-sound.lang
2015-12-02 10:43:08,197 DEBUG [main] stencyl.sw.loc.LanguagePack: Reading... lang\en\editor-tileset.lang
2015-12-02 10:43:08,197 DEBUG [main] stencyl.sw.loc.LanguagePack: Reading... lang\en\editor-preloader.lang
2015-12-02 10:43:08,197 DEBUG [main] stencyl.sw.loc.LanguagePack: Reading... lang\en\editor-mobile.lang
2015-12-02 10:43:08,197 DEBUG [main] stencyl.sw.loc.LanguagePack: Reading... lang\en\editor-groups.lang
2015-12-02 10:43:08,197 DEBUG [main] stencyl.sw.loc.LanguagePack: Reading... lang\en\editor-attributes.lang
2015-12-02 10:43:08,197 DEBUG [main] stencyl.sw.loc.LanguagePack: Reading... lang\en\editor-input.lang
2015-12-02 10:43:08,197 DEBUG [main] stencyl.sw.loc.LanguagePack: Reading... lang\en\editor-animation.lang
2015-12-02 10:43:08,197 DEBUG [main] stencyl.sw.loc.LanguagePack: Reading... lang\en\editor-scene-main.lang
2015-12-02 10:43:08,197 DEBUG [main] stencyl.sw.loc.LanguagePack: Reading... lang\en\editor-scene-create.lang
2015-12-02 10:43:08,197 DEBUG [main] stencyl.sw.loc.LanguagePack: Reading... lang\en\editor-scene-tools.lang
2015-12-02 10:43:08,197 INFO  [AWT-EventQueue-0] stencyl.sw.SW: Initializing Stencyl.
2015-12-02 10:43:08,197 DEBUG [AWT-EventQueue-0] stencyl.sw.Splash: Set Splash message: Look
2015-12-02 10:43:08,774 INFO  [AWT-EventQueue-0] stencyl.sw.ext.ExtensionDependencyManager: Haxelib actuate 1.6.5
2015-12-02 10:43:08,774 INFO  [AWT-EventQueue-0] stencyl.sw.ext.ExtensionDependencyManager: Haxelib box2d 1.11.0
2015-12-02 10:43:08,774 INFO  [AWT-EventQueue-0] stencyl.sw.ext.ExtensionDependencyManager: Haxelib box2d-fake 1.11.0
2015-12-02 10:43:08,774 INFO  [AWT-EventQueue-0] stencyl.sw.ext.ExtensionDependencyManager: Haxelib console 1.0.0
2015-12-02 10:43:08,774 INFO  [AWT-EventQueue-0] stencyl.sw.ext.ExtensionDependencyManager: Haxelib format 3.1.2
2015-12-02 10:43:08,774 INFO  [AWT-EventQueue-0] stencyl.sw.ext.ExtensionDependencyManager: Haxelib hxcpp 3.2.0
2015-12-02 10:43:08,774 INFO  [AWT-EventQueue-0] stencyl.sw.ext.ExtensionDependencyManager: Haxelib hxtelemetry 0.3.1
2015-12-02 10:43:08,774 INFO  [AWT-EventQueue-0] stencyl.sw.ext.ExtensionDependencyManager: Haxelib layout 1.1.0
2015-12-02 10:43:08,774 INFO  [AWT-EventQueue-0] stencyl.sw.ext.ExtensionDependencyManager: Haxelib lime 2.6.8
2015-12-02 10:43:08,774 INFO  [AWT-EventQueue-0] stencyl.sw.ext.ExtensionDependencyManager: Haxelib openfl 3.3.8
2015-12-02 10:43:08,774 INFO  [AWT-EventQueue-0] stencyl.sw.ext.ExtensionDependencyManager: Haxelib polygonal-ds 1.4.1
2015-12-02 10:43:08,774 INFO  [AWT-EventQueue-0] stencyl.sw.ext.ExtensionDependencyManager: Haxelib polygonal-printf 1.0.0.beta
2015-12-02 10:43:08,774 INFO  [AWT-EventQueue-0] stencyl.sw.ext.ExtensionDependencyManager: Haxelib stencyl 1.0.0
2015-12-02 10:43:08,774 INFO  [AWT-EventQueue-0] stencyl.sw.ext.ExtensionDependencyManager: Haxelib stencyl-cppia 1.0.0
2015-12-02 10:43:08,790 INFO  [AWT-EventQueue-0] stencyl.sw.ext.ExtensionDependencyManager: Haxelib svg 1.0.8
2015-12-02 10:43:08,790 INFO  [AWT-EventQueue-0] stencyl.sw.ext.ExtensionDependencyManager: Haxelib swf 1.7.4
2015-12-02 10:43:08,790 INFO  [AWT-EventQueue-0] stencyl.sw.ext.ExtensionDependencyManager: Haxelib tilelayer 0.2.1
2015-12-02 10:43:08,806 DEBUG [AWT-EventQueue-0] stencyl.sw.util.FileHelper: Matching (non-hidden) files within C:\Users\glafond5733\AppData\Roaming\Stencyl\stencylworks\extensions: []
2015-12-02 10:43:08,806 DEBUG [AWT-EventQueue-0] stencyl.sw.util.FileHelper: Matching (non-hidden) files within C:\Users\glafond5733\AppData\Roaming\Stencyl\stencylworks\extensions: []
2015-12-02 10:43:08,806 DEBUG [AWT-EventQueue-0] stencyl.sw.editors.game.advanced.EngineExtensionManager: Loading engine extensions...
2015-12-02 10:43:08,806 DEBUG [AWT-EventQueue-0] stencyl.sw.util.FileHelper: Directories within C:\Users\glafond5733\AppData\Roaming\Stencyl\stencylworks\engine-extensions: [C:\Users\glafond5733\AppData\Roaming\Stencyl\stencylworks\engine-extensions\ads, C:\Users\glafond5733\AppData\Roaming\Stencyl\stencylworks\engine-extensions\gamecenter, C:\Users\glafond5733\AppData\Roaming\Stencyl\stencylworks\engine-extensions\gestures, C:\Users\glafond5733\AppData\Roaming\Stencyl\stencylworks\engine-extensions\google, C:\Users\glafond5733\AppData\Roaming\Stencyl\stencylworks\engine-extensions\hypertouch, C:\Users\glafond5733\AppData\Roaming\Stencyl\stencylworks\engine-extensions\joystick, C:\Users\glafond5733\AppData\Roaming\Stencyl\stencylworks\engine-extensions\label, C:\Users\glafond5733\AppData\Roaming\Stencyl\stencylworks\engine-extensions\native, C:\Users\glafond5733\AppData\Roaming\Stencyl\stencylworks\engine-extensions\purchases, C:\Users\glafond5733\AppData\Roaming\Stencyl\stencylworks\engine-extensions\test, C:\Users\glafond5733\AppData\Roaming\Stencyl\stencylworks\engine-extensions\test-flash, C:\Users\glafond5733\AppData\Roaming\Stencyl\stencylworks\engine-extensions\test-native, C:\Users\glafond5733\AppData\Roaming\Stencyl\stencylworks\engine-extensions\tileapi]
2015-12-02 10:43:08,806 DEBUG [AWT-EventQueue-0] stencyl.sw.editors.game.advanced.EngineExtensionManager: ads is a core engine extension. Skip.
2015-12-02 10:43:08,806 DEBUG [AWT-EventQueue-0] stencyl.sw.editors.game.advanced.EngineExtensionManager: gamecenter is a core engine extension. Skip.
2015-12-02 10:43:08,806 DEBUG [AWT-EventQueue-0] stencyl.sw.editors.game.advanced.EngineExtensionManager: gestures is a core engine extension. Skip.
2015-12-02 10:43:08,806 DEBUG [AWT-EventQueue-0] stencyl.sw.editors.game.advanced.EngineExtensionManager: google is not a valid engine extension. Skip.
2015-12-02 10:43:08,806 DEBUG [AWT-EventQueue-0] stencyl.sw.editors.game.advanced.EngineExtensionManager: hypertouch is a core engine extension. Skip.
2015-12-02 10:43:08,806 DEBUG [AWT-EventQueue-0] stencyl.sw.editors.game.advanced.EngineExtensionManager: joystick is a core engine extension. Skip.
2015-12-02 10:43:08,806 DEBUG [AWT-EventQueue-0] stencyl.sw.editors.game.advanced.EngineExtensionManager: label is engine extension: Labels (1.0.0).
2015-12-02 10:43:08,806 DEBUG [AWT-EventQueue-0] stencyl.sw.editors.game.advanced.EngineExtensionManager: native is a core engine extension. Skip.
2015-12-02 10:43:08,806 DEBUG [AWT-EventQueue-0] stencyl.sw.editors.game.advanced.EngineExtensionManager: purchases is a core engine extension. Skip.
2015-12-02 10:43:08,806 DEBUG [AWT-EventQueue-0] stencyl.sw.editors.game.advanced.EngineExtensionManager: test is engine extension: Test Extension (1.0.0).
2015-12-02 10:43:08,806 DEBUG [AWT-EventQueue-0] stencyl.sw.editors.game.advanced.EngineExtensionManager: test-flash is engine extension: Test Extension (Flash SWF) (1.0.0).
2015-12-02 10:43:08,806 DEBUG [AWT-EventQueue-0] stencyl.sw.editors.game.advanced.EngineExtensionManager: test-native is engine extension: Test Extension (Native) (1.0.0).
2015-12-02 10:43:08,806 DEBUG [AWT-EventQueue-0] stencyl.sw.editors.game.advanced.EngineExtensionManager: tileapi is engine extension: Tile API (1.0.0).
2015-12-02 10:43:08,806 INFO  [AWT-EventQueue-0] stencyl.sw.editors.game.advanced.EngineExtensionManager: Engine Extensions: [Labels (1.0.0), Test Extension (1.0.0), Test Extension (Flash SWF) (1.0.0), Test Extension (Native) (1.0.0), Tile API (1.0.0)]
2015-12-02 10:43:08,806 WARN  [AWT-EventQueue-0] stencyl.sw.app.ExtensionManager: Couldn't load extension settings.
2015-12-02 10:43:08,821 INFO  [AWT-EventQueue-0] stencyl.sw.app.ExtensionManager: Toolset Extensions: []
2015-12-02 10:43:08,837 DEBUG [AWT-EventQueue-0] stencyl.sw.SW: Maximized frame.
2015-12-02 10:43:08,977 DEBUG [AWT-EventQueue-0] stencyl.sw.app.doc.Workspace: Activated: Welcome Center
2015-12-02 10:43:08,993 DEBUG [AWT-EventQueue-0] stencyl.sw.app.App: Non-silent Authentication.
2015-12-02 10:43:08,993 DEBUG [AWT-EventQueue-0] stencyl.sw.Splash: Dispose Splash
2015-12-02 10:43:09,102 DEBUG [pool-1-thread-1] stencyl.sw.app.tasks.AuthenticateTask: Response: guest
2015-12-02 10:43:09,102 INFO  [pool-1-thread-1] stencyl.sw.app.tasks.AuthenticateTask: Could not log in. Check your login credentials.
2015-12-02 10:43:13,595 DEBUG [AWT-EventQueue-0] stencyl.sw.util.FileHelper: Deleting: C:\Users\glafond5733\AppData\Local\Temp\stencyl5403683573047156336\sandbox\test\temp
2015-12-02 10:43:13,595 DEBUG [AWT-EventQueue-0] stencyl.sw.util.FileHelper: Deleting: C:\Users\glafond5733\AppData\Roaming\Stencyl\stencylworks\preview\scripts
2015-12-02 10:43:13,610 DEBUG [AWT-EventQueue-0] stencyl.sw.util.FileHelper: Deleting: C:\Users\glafond5733\AppData\Roaming\Stencyl\stencylworks\preview\game
2015-12-02 10:43:13,610 INFO  [AWT-EventQueue-0] stencyl.sw.app.tasks.OpenGameTask: Opening game: Invaders
2015-12-02 10:43:13,642 DEBUG [pool-1-thread-1] stencyl.core.lib.Game: Loading scene-specific snippet. SceneID: 0
2015-12-02 10:43:13,642 DEBUG [pool-1-thread-1] stencyl.core.lib.ResourceList: Initializing... 8 : Background Music
2015-12-02 10:43:13,642 DEBUG [pool-1-thread-1] stencyl.core.lib.ResourceList: Initializing... 4 : Bullet
2015-12-02 10:43:13,642 DEBUG [pool-1-thread-1] stencyl.core.lib.ResourceList: Initializing... 5 : Bullet
2015-12-02 10:43:13,642 DEBUG [pool-1-thread-1] stencyl.core.lib.ResourceList: Initializing... 9 : Default Font
2015-12-02 10:43:13,642 DEBUG [pool-1-thread-1] stencyl.core.lib.ResourceList: Initializing... 2 : Enemy Ship
2015-12-02 10:43:13,642 DEBUG [pool-1-thread-1] stencyl.core.lib.ResourceList: Initializing... 3 : Enemy Ship
2015-12-02 10:43:13,657 DEBUG [pool-1-thread-1] stencyl.core.lib.ResourceList: Initializing... 7 : Explosion
2015-12-02 10:43:13,657 DEBUG [pool-1-thread-1] stencyl.core.lib.ResourceList: Initializing... 0 : Ship
2015-12-02 10:43:13,657 DEBUG [pool-1-thread-1] stencyl.core.lib.ResourceList: Initializing... 1 : Ship
2015-12-02 10:43:13,657 DEBUG [pool-1-thread-1] stencyl.core.lib.ResourceList: Initializing... 6 : Stars
2015-12-02 10:43:13,657 DEBUG [pool-1-thread-1] stencyl.core.engine.sound.ISoundClip: Loading Sound 7
2015-12-02 10:43:13,657 DEBUG [pool-1-thread-1] stencyl.core.engine.sound.ISoundClip: Loading Sound 8
2015-12-02 10:43:13,720 DEBUG [AWT-EventQueue-0] stencyl.core.lib.io.read.SceneReader: Reading header for Scene: 0 (Level One) from: scenes\0.xml
2015-12-02 10:43:13,720 DEBUG [AWT-EventQueue-0] stencyl.core.lib.io.read.SceneReader: Reading header for Scene: 0 (Level One) from: scenes\0.xml
2015-12-02 10:43:13,813 DEBUG [AWT-EventQueue-0] stencyl.sw.app.doc.Workspace: Activated: Dashboard
2015-12-02 10:43:13,813 DEBUG [AWT-EventQueue-0] stencyl.sw.util.FileHelper: Trying to delete file that does not exist: C:\Users\glafond5733\AppData\Local\Temp\stencyl5403683573047156336\sandbox\build\code
2015-12-02 10:43:13,813 DEBUG [AWT-EventQueue-0] stencyl.sw.util.FileHelper: Deleting: C:\Users\glafond5733\AppData\Local\Temp\stencyl5403683573047156336\sandbox\test\temp
2015-12-02 10:43:13,813 DEBUG [AWT-EventQueue-0] stencyl.core.lib.io.read.SceneReader: Reading header for Scene: 0 (Level One) from: scenes\0.xml
2015-12-02 10:43:13,860 DEBUG [AWT-EventQueue-0] stencyl.sw.app.tasks.OpenGameTask: Took 250ms
2015-12-02 10:43:13,969 DEBUG [AWT-EventQueue-0] stencyl.sw.editors.game.cgroups.CollisionGroupTree: Loading actor group into tree: Actors
2015-12-02 10:43:13,969 DEBUG [AWT-EventQueue-0] stencyl.sw.editors.game.cgroups.CollisionGroupTree: Loading actor group into tree: Doodads
2015-12-02 10:43:13,985 DEBUG [AWT-EventQueue-0] stencyl.sw.editors.game.cgroups.CollisionGroupTree: Loading actor group into tree: Players
2015-12-02 10:43:13,985 DEBUG [AWT-EventQueue-0] stencyl.sw.editors.game.cgroups.CollisionGroupTree: Loading actor group into tree: Regions
2015-12-02 10:43:14,000 DEBUG [AWT-EventQueue-0] stencyl.sw.editors.game.cgroups.CollisionGroupTree: Loading actor group into tree: Tiles
2015-12-02 10:43:14,000 DEBUG [AWT-EventQueue-0] stencyl.sw.editors.game.cgroups.CollisionGroupTree: Loading actor group into tree: Bullets
2015-12-02 10:43:14,000 DEBUG [AWT-EventQueue-0] stencyl.sw.editors.game.cgroups.CollisionGroupTree: Loading actor group into tree: Enemies
2015-12-02 10:43:14,624 DEBUG [AWT-EventQueue-0] stencyl.core.lib.Atlas: Getting memory for atlas 0
2015-12-02 10:43:14,624 DEBUG [AWT-EventQueue-0] stencyl.core.lib.Atlas: Added resource 'Ship' to atlas 0
2015-12-02 10:43:14,624 DEBUG [AWT-EventQueue-0] stencyl.core.lib.Atlas: Added resource 'Enemy Ship' to atlas 0
2015-12-02 10:43:14,624 DEBUG [AWT-EventQueue-0] stencyl.core.lib.Atlas: Added resource 'Bullet' to atlas 0
2015-12-02 10:43:14,624 DEBUG [AWT-EventQueue-0] stencyl.core.lib.Atlas: Added resource 'Stars' to atlas 0
2015-12-02 10:43:14,624 DEBUG [AWT-EventQueue-0] stencyl.core.lib.Atlas: Added resource 'Explosion' to atlas 0
2015-12-02 10:43:14,624 DEBUG [AWT-EventQueue-0] stencyl.core.lib.Atlas: Added resource 'Background Music' to atlas 0
2015-12-02 10:43:14,624 DEBUG [AWT-EventQueue-0] stencyl.core.lib.Atlas: Added resource 'Default Font' to atlas 0
2015-12-02 10:43:14,640 DEBUG [AWT-EventQueue-0] stencyl.core.lib.Atlas: Getting memory for atlas 1
2015-12-02 10:43:14,640 DEBUG [AWT-EventQueue-0] stencyl.core.lib.Atlas: Getting memory for atlas 2
2015-12-02 10:43:14,640 DEBUG [AWT-EventQueue-0] stencyl.core.lib.Atlas: Getting memory for atlas 3
2015-12-02 10:43:14,671 DEBUG [AWT-EventQueue-0] stencyl.core.lib.io.read.SceneReader: Reading header for Scene: 0 (Level One) from: scenes\0.xml
2015-12-02 10:43:16,138 DEBUG [AWT-EventQueue-0] stencyl.sw.app.doc.Workspace: Loading Closed Resource: Level One
2015-12-02 10:43:16,153 DEBUG [pool-1-thread-1] stencyl.core.lib.io.read.SceneReader: Reading header for Scene: 0 (Level One) from: scenes\0.xml
2015-12-02 10:43:16,247 DEBUG [pool-1-thread-1] stencyl.sw.editors.scene.Designer: Brush Changed
2015-12-02 10:43:16,481 DEBUG [pool-1-thread-1] stencyl.sw.editors.snippet.designer.EditArea: Verifying Top Level... event-group-create-kill
2015-12-02 10:43:16,481 DEBUG [pool-1-thread-1] stencyl.sw.editors.snippet.designer.block.BlockField: Result for: incdec - true
2015-12-02 10:43:16,481 DEBUG [pool-1-thread-1] stencyl.sw.editors.snippet.designer.block.BlockField: Result for: event-group-create-kill - false
2015-12-02 10:43:16,496 DEBUG [pool-1-thread-1] stencyl.sw.editors.snippet.designer.EditArea: Verifying Top Level... step
2015-12-02 10:43:16,496 DEBUG [pool-1-thread-1] stencyl.sw.editors.snippet.designer.block.BlockField: Result for: eq - true
2015-12-02 10:43:16,496 DEBUG [pool-1-thread-1] stencyl.sw.editors.snippet.designer.block.BlockField: Result for: if - false
2015-12-02 10:43:16,496 DEBUG [pool-1-thread-1] stencyl.sw.editors.snippet.designer.block.BlockField: Result for: step - false
2015-12-02 10:43:16,496 DEBUG [pool-1-thread-1] stencyl.sw.editors.snippet.designer.EditArea: Verifying Top Level... draw
2015-12-02 10:43:16,496 DEBUG [pool-1-thread-1] stencyl.sw.editors.snippet.designer.block.BlockField: Result for: draw-text - true
2015-12-02 10:43:16,496 DEBUG [pool-1-thread-1] stencyl.sw.editors.snippet.designer.block.BlockField: Result for: draw-text - true
2015-12-02 10:43:16,496 DEBUG [pool-1-thread-1] stencyl.sw.editors.snippet.designer.block.BlockField: Result for: draw-text - true
2015-12-02 10:43:16,496 DEBUG [pool-1-thread-1] stencyl.sw.editors.snippet.designer.block.BlockField: Result for: if - false
2015-12-02 10:43:16,496 DEBUG [pool-1-thread-1] stencyl.sw.editors.snippet.designer.block.BlockField: Result for: draw - false
2015-12-02 10:43:16,777 DEBUG [pool-1-thread-1] stencyl.sw.editors.snippet.designer.palette.Palette: Palette asked to refresh: Position
2015-12-02 10:43:16,840 DEBUG [pool-1-thread-1] stencyl.sw.editors.snippet.designer.palette.Palette: Palette asked to refresh: Conditions
2015-12-02 10:43:17,089 DEBUG [pool-1-thread-1] stencyl.sw.editors.snippet.designer.palette.Palette: Palette asked to refresh: Actors
2015-12-02 10:43:17,152 DEBUG [pool-1-thread-1] stencyl.sw.editors.snippet.designer.palette.Palette: Palette asked to refresh: Keyboard & Mouse
2015-12-02 10:43:17,214 DEBUG [pool-1-thread-1] stencyl.sw.editors.snippet.designer.palette.Palette: Palette asked to refresh: Math
2015-12-02 10:43:17,261 DEBUG [pool-1-thread-1] stencyl.sw.editors.snippet.designer.palette.Palette: Palette asked to refresh: Getters
2015-12-02 10:43:17,370 DEBUG [pool-1-thread-1] stencyl.sw.editors.snippet.designer.palette.Palette: Palette asked to refresh: Sound
2015-12-02 10:43:17,401 DEBUG [pool-1-thread-1] stencyl.sw.editors.snippet.designer.palette.Palette: Palette asked to refresh: Triggers
2015-12-02 10:43:17,464 DEBUG [pool-1-thread-1] stencyl.sw.editors.snippet.designer.palette.Palette: Palette asked to refresh: Web
2015-12-02 10:43:17,510 DEBUG [pool-1-thread-1] stencyl.sw.editors.snippet.designer.palette.Palette: Palette asked to refresh: Drawing
2015-12-02 10:43:17,542 DEBUG [pool-1-thread-1] stencyl.sw.editors.snippet.designer.palette.Palette: Palette asked to refresh: Basic
2015-12-02 10:43:17,542 DEBUG [pool-1-thread-1] stencyl.sw.editors.snippet.designer.palette.Palette: Palette asked to refresh: Custom
2015-12-02 10:43:17,557 DEBUG [pool-1-thread-1] stencyl.sw.editors.snippet.designer.palette.Palette: Palette asked to refresh: Extensions
2015-12-02 10:43:17,557 DEBUG [pool-1-thread-1] stencyl.sw.editors.snippet.designer.palette.Palette: Palette asked to refresh: Position
2015-12-02 10:43:17,588 DEBUG [pool-1-thread-1] stencyl.sw.editors.snippet.designer.EditArea: ContextSet for current event: [[b]3, [h]engine:com.stencyl.Engine, [h]eventActor:com.stencyl.models.Actor, [c]com.stencyl.behavior.Script, [e]3-1, [s]com.stencyl.behavior.Script]
2015-12-02 10:43:17,588 DEBUG [pool-1-thread-1] stencyl.sw.editors.snippet.designer.palette.Palette: Palette asked to refresh: Position
2015-12-02 10:43:17,588 DEBUG [pool-1-thread-1] stencyl.sw.editors.snippet.designer.palette.Palette: Refreshing with context [[b]3, [h]engine:com.stencyl.Engine, [h]eventActor:com.stencyl.models.Actor, [c]com.stencyl.behavior.Script, [e]3-1, [s]com.stencyl.behavior.Script]
2015-12-02 10:43:17,713 DEBUG [AWT-EventQueue-0] stencyl.sw.app.doc.Workspace: Activated: Level One
2015-12-02 10:43:17,713 DEBUG [pool-1-thread-1] stencyl.sw.app.tasks.OpenResourceTask: Open Took 1575ms
2015-12-02 10:43:17,776 DEBUG [AWT-EventQueue-0] stencyl.sw.app.tasks.OpenResourceTask: Total Took 1638ms
2015-12-02 10:44:01,835 DEBUG [AWT-EventQueue-0] stencyl.sw.editors.scene.Designer: Brush Changed
2015-12-02 10:44:01,906 DEBUG [AWT-EventQueue-0] stencyl.sw.editors.scene.Designer: Brush Changed
2015-12-02 10:44:01,906 DEBUG [AWT-EventQueue-0] stencyl.sw.editors.scene.Designer: Brush Changed
2015-12-02 10:44:03,481 DEBUG [AWT-EventQueue-0] stencyl.sw.editors.scene.Designer: Brush Changed
2015-12-02 10:44:03,762 DEBUG [AWT-EventQueue-0] stencyl.sw.app.doc.Workspace: Loading Closed Resource: Ship
2015-12-02 10:44:03,887 DEBUG [pool-1-thread-1] stencyl.sw.editors.actor.collision.PreviewPanel: Selected: 1 [X,Y: 0, 0 ]
2015-12-02 10:44:03,934 DEBUG [pool-1-thread-1] stencyl.sw.editors.snippet.designer.EditArea: Verifying Top Level... step
2015-12-02 10:44:03,934 DEBUG [pool-1-thread-1] stencyl.sw.editors.snippet.designer.block.BlockField: Result for: if - false
2015-12-02 10:44:03,934 DEBUG [pool-1-thread-1] stencyl.sw.editors.snippet.designer.block.BlockField: Result for: else-if - false
2015-12-02 10:44:03,934 DEBUG [pool-1-thread-1] stencyl.sw.editors.snippet.designer.block.BlockField: Result for: set-dxy - true
2015-12-02 10:44:03,934 DEBUG [pool-1-thread-1] stencyl.sw.editors.snippet.designer.block.BlockField: Result for: else-if - false
2015-12-02 10:44:03,934 DEBUG [pool-1-thread-1] stencyl.sw.editors.snippet.designer.block.BlockField: Result for: step - false
2015-12-02 10:44:03,965 DEBUG [pool-1-thread-1] stencyl.sw.editors.snippet.designer.EditArea: Verifying Top Level... step
2015-12-02 10:44:03,965 DEBUG [pool-1-thread-1] stencyl.sw.editors.snippet.designer.block.BlockField: Result for: set-xy - true
2015-12-02 10:44:03,965 DEBUG [pool-1-thread-1] stencyl.sw.editors.snippet.designer.block.BlockField: Result for: less - true
2015-12-02 10:44:03,965 DEBUG [pool-1-thread-1] stencyl.sw.editors.snippet.designer.block.BlockField: Result for: if - false
2015-12-02 10:44:03,965 DEBUG [pool-1-thread-1] stencyl.sw.editors.snippet.designer.block.BlockField: Result for: minus - true
2015-12-02 10:44:03,965 DEBUG [pool-1-thread-1] stencyl.sw.editors.snippet.designer.block.BlockField: Result for: else-if - false
2015-12-02 10:44:03,965 DEBUG [pool-1-thread-1] stencyl.sw.editors.snippet.designer.block.BlockField: Result for: step - false
2015-12-02 10:44:03,980 DEBUG [pool-1-thread-1] stencyl.sw.editors.snippet.designer.EditArea: Verifying Top Level... event-key-press-release
2015-12-02 10:44:03,980 DEBUG [pool-1-thread-1] stencyl.sw.editors.snippet.designer.block.BlockField: Result for: push-shove - true
2015-12-02 10:44:03,980 DEBUG [pool-1-thread-1] stencyl.sw.editors.snippet.designer.block.BlockField: Result for: push-shove - true
2015-12-02 10:44:03,980 DEBUG [pool-1-thread-1] stencyl.sw.editors.snippet.designer.block.BlockField: Result for: push-shove - true
2015-12-02 10:44:03,980 DEBUG [pool-1-thread-1] stencyl.sw.editors.snippet.designer.block.BlockField: Result for: event-key-press-release - false
2015-12-02 10:44:04,152 DEBUG [pool-1-thread-1] stencyl.sw.editors.snippet.designer.palette.Palette: Palette asked to refresh: Position
2015-12-02 10:44:04,199 DEBUG [pool-1-thread-1] stencyl.sw.editors.snippet.designer.palette.Palette: Palette asked to refresh: Conditions
2015-12-02 10:44:04,355 DEBUG [pool-1-thread-1] stencyl.sw.editors.snippet.designer.palette.Palette: Palette asked to refresh: Actors
2015-12-02 10:44:04,402 DEBUG [pool-1-thread-1] stencyl.sw.editors.snippet.designer.palette.Palette: Palette asked to refresh: Keyboard & Mouse
2015-12-02 10:44:04,589 DEBUG [pool-1-thread-1] stencyl.sw.editors.snippet.designer.palette.Palette: Palette asked to refresh: Math
2015-12-02 10:44:04,620 DEBUG [pool-1-thread-1] stencyl.sw.editors.snippet.designer.palette.Palette: Palette asked to refresh: Getters
2015-12-02 10:44:04,698 DEBUG [pool-1-thread-1] stencyl.sw.editors.snippet.designer.palette.Palette: Palette asked to refresh: Sound
2015-12-02 10:44:04,729 DEBUG [pool-1-thread-1] stencyl.sw.editors.snippet.designer.palette.Palette: Palette asked to refresh: Triggers
2015-12-02 10:44:04,760 DEBUG [pool-1-thread-1] stencyl.sw.editors.snippet.designer.palette.Palette: Palette asked to refresh: Web
2015-12-02 10:44:04,792 DEBUG [pool-1-thread-1] stencyl.sw.editors.snippet.designer.palette.Palette: Palette asked to refresh: Drawing
2015-12-02 10:44:04,823 DEBUG [pool-1-thread-1] stencyl.sw.editors.snippet.designer.palette.Palette: Palette asked to refresh: Basic
2015-12-02 10:44:04,823 DEBUG [pool-1-thread-1] stencyl.sw.editors.snippet.designer.palette.Palette: Palette asked to refresh: Custom
2015-12-02 10:44:04,823 DEBUG [pool-1-thread-1] stencyl.sw.editors.snippet.designer.palette.Palette: Palette asked to refresh: Extensions
2015-12-02 10:44:04,823 DEBUG [pool-1-thread-1] stencyl.sw.editors.snippet.designer.palette.Palette: Palette asked to refresh: Position
2015-12-02 10:44:04,854 DEBUG [pool-1-thread-1] stencyl.sw.editors.snippet.designer.EditArea: ContextSet for current event: [[b]0, [h]engine:com.stencyl.Engine, [c]com.stencyl.behavior.Script, [s]com.stencyl.behavior.Script, [e]0-1]
2015-12-02 10:44:04,854 DEBUG [pool-1-thread-1] stencyl.sw.editors.snippet.designer.palette.Palette: Palette asked to refresh: Position
2015-12-02 10:44:04,854 DEBUG [pool-1-thread-1] stencyl.sw.editors.snippet.designer.palette.Palette: Refreshing with context [[b]0, [h]engine:com.stencyl.Engine, [c]com.stencyl.behavior.Script, [s]com.stencyl.behavior.Script, [e]0-1]
2015-12-02 10:44:04,979 DEBUG [AWT-EventQueue-0] stencyl.sw.app.doc.Workspace: Activated: Ship
2015-12-02 10:44:04,994 DEBUG [pool-1-thread-1] stencyl.sw.app.tasks.OpenResourceTask: Open Took 1232ms
2015-12-02 10:44:05,041 DEBUG [AWT-EventQueue-0] stencyl.sw.app.tasks.OpenResourceTask: Total Took 1279ms
2015-12-02 10:44:08,021 DEBUG [AWT-EventQueue-0] stencyl.sw.app.doc.Workspace: Activated: Level One
2015-12-02 10:44:09,238 DEBUG [AWT-EventQueue-0] stencyl.sw.editors.scene.Designer: Brush Changed
2015-12-02 10:44:09,331 DEBUG [AWT-EventQueue-0] stencyl.sw.app.doc.Workspace: Loading Closed Resource: Enemy Ship
2015-12-02 10:44:09,440 DEBUG [pool-1-thread-1] stencyl.sw.editors.actor.collision.PreviewPanel: Selected: 1 [X,Y: 0, 0 ]
2015-12-02 10:44:09,456 DEBUG [pool-1-thread-1] stencyl.sw.editors.snippet.designer.EditArea: Verifying Top Level... event-custom
2015-12-02 10:44:09,456 DEBUG [pool-1-thread-1] stencyl.sw.editors.snippet.designer.block.BlockField: Result for: incdec - true
2015-12-02 10:44:09,456 DEBUG [pool-1-thread-1] stencyl.sw.editors.snippet.designer.block.BlockField: Result for: dolater - true
2015-12-02 10:44:09,456 DEBUG [pool-1-thread-1] stencyl.sw.editors.snippet.designer.block.BlockField: Result for: dolater - false
2015-12-02 10:44:09,456 DEBUG [pool-1-thread-1] stencyl.sw.editors.snippet.designer.block.BlockField: Result for: event-custom - true
2015-12-02 10:44:09,456 DEBUG [pool-1-thread-1] stencyl.sw.editors.snippet.designer.block.BlockField: Result for: event-custom - false
2015-12-02 10:44:09,456 DEBUG [pool-1-thread-1] stencyl.sw.editors.snippet.designer.EditArea: Verifying Top Level... init
2015-12-02 10:44:09,456 DEBUG [pool-1-thread-1] stencyl.sw.editors.snippet.designer.block.BlockField: Result for: set-val-1-1 - true
2015-12-02 10:44:09,456 DEBUG [pool-1-thread-1] stencyl.sw.editors.snippet.designer.block.BlockField: Result for: init - false
2015-12-02 10:44:09,472 DEBUG [pool-1-thread-1] stencyl.sw.editors.snippet.designer.EditArea: Verifying Top Level... step
2015-12-02 10:44:09,472 DEBUG [pool-1-thread-1] stencyl.sw.editors.snippet.designer.block.BlockField: Result for: lesseq - true
2015-12-02 10:44:09,472 DEBUG [pool-1-thread-1] stencyl.sw.editors.snippet.designer.block.BlockField: Result for: if - false
2015-12-02 10:44:09,472 DEBUG [pool-1-thread-1] stencyl.sw.editors.snippet.designer.block.BlockField: Result for: step - false
2015-12-02 10:44:09,643 DEBUG [pool-1-thread-1] stencyl.sw.editors.snippet.designer.palette.Palette: Palette asked to refresh: Position
2015-12-02 10:44:09,674 DEBUG [pool-1-thread-1] stencyl.sw.editors.snippet.designer.palette.Palette: Palette asked to refresh: Conditions
2015-12-02 10:44:09,830 DEBUG [pool-1-thread-1] stencyl.sw.editors.snippet.designer.palette.Palette: Palette asked to refresh: Actors
2015-12-02 10:44:09,877 DEBUG [pool-1-thread-1] stencyl.sw.editors.snippet.designer.palette.Palette: Palette asked to refresh: Keyboard & Mouse
2015-12-02 10:44:09,908 DEBUG [pool-1-thread-1] stencyl.sw.editors.snippet.designer.palette.Palette: Palette asked to refresh: Math
2015-12-02 10:44:09,986 DEBUG [pool-1-thread-1] stencyl.sw.editors.snippet.designer.palette.Palette: Palette asked to refresh: Getters
2015-12-02 10:44:10,064 DEBUG [pool-1-thread-1] stencyl.sw.editors.snippet.designer.palette.Palette: Palette asked to refresh: Sound
2015-12-02 10:44:10,080 DEBUG [pool-1-thread-1] stencyl.sw.editors.snippet.designer.palette.Palette: Palette asked to refresh: Triggers
2015-12-02 10:44:10,111 DEBUG [pool-1-thread-1] stencyl.sw.editors.snippet.designer.palette.Palette: Palette asked to refresh: Web
2015-12-02 10:44:10,158 DEBUG [pool-1-thread-1] stencyl.sw.editors.snippet.designer.palette.Palette: Palette asked to refresh: Drawing
2015-12-02 10:44:10,174 DEBUG [pool-1-thread-1] stencyl.sw.editors.snippet.designer.palette.Palette: Palette asked to refresh: Basic
2015-12-02 10:44:10,174 DEBUG [pool-1-thread-1] stencyl.sw.editors.snippet.designer.palette.Palette: Palette asked to refresh: Custom
2015-12-02 10:44:10,174 DEBUG [pool-1-thread-1] stencyl.sw.editors.snippet.designer.palette.Palette: Palette asked to refresh: Extensions
2015-12-02 10:44:10,174 DEBUG [pool-1-thread-1] stencyl.sw.editors.snippet.designer.palette.Palette: Palette asked to refresh: Position
2015-12-02 10:44:10,205 DEBUG [pool-1-thread-1] stencyl.sw.editors.snippet.designer.EditArea: ContextSet for current event: [[b]1, [h]engine:com.stencyl.Engine, [c]com.stencyl.behavior.Script, [s]com.stencyl.behavior.Script, [e]1-1]
2015-12-02 10:44:10,205 DEBUG [pool-1-thread-1] stencyl.sw.editors.snippet.designer.palette.Palette: Palette asked to refresh: Position
2015-12-02 10:44:10,205 DEBUG [pool-1-thread-1] stencyl.sw.editors.snippet.designer.palette.Palette: Refreshing with context [[b]1, [h]engine:com.stencyl.Engine, [c]com.stencyl.behavior.Script, [s]com.stencyl.behavior.Script, [e]1-1]
2015-12-02 10:44:10,283 DEBUG [AWT-EventQueue-0] stencyl.sw.app.doc.Workspace: Activated: Enemy Ship
2015-12-02 10:44:10,283 DEBUG [pool-1-thread-1] stencyl.sw.app.tasks.OpenResourceTask: Open Took 952ms
2015-12-02 10:44:10,330 DEBUG [AWT-EventQueue-0] stencyl.sw.app.tasks.OpenResourceTask: Total Took 999ms
2015-12-02 10:44:12,186 DEBUG [AWT-EventQueue-0] stencyl.sw.app.doc.Workspace: Activated: Level One
2015-12-02 10:44:13,481 DEBUG [AWT-EventQueue-0] stencyl.sw.editors.scene.Designer: Brush Changed
2015-12-02 10:44:13,606 DEBUG [AWT-EventQueue-0] stencyl.sw.app.doc.Workspace: Loading Closed Resource: Bullet
2015-12-02 10:44:13,652 DEBUG [pool-1-thread-1] stencyl.sw.editors.actor.collision.PreviewPanel: Selected: 1 [X,Y: 0, 0 ]
2015-12-02 10:44:13,668 DEBUG [pool-1-thread-1] stencyl.sw.editors.snippet.designer.EditArea: Verifying Top Level... event-collide-actortotype
2015-12-02 10:44:13,668 DEBUG [pool-1-thread-1] stencyl.sw.editors.snippet.designer.block.BlockField: Result for: shout - true
2015-12-02 10:44:13,668 DEBUG [pool-1-thread-1] stencyl.sw.editors.snippet.designer.block.BlockField: Result for: event-collide-actortotype - false
2015-12-02 10:44:13,684 DEBUG [pool-1-thread-1] stencyl.sw.editors.snippet.designer.EditArea: Verifying Top Level... event-actor-screen
2015-12-02 10:44:13,684 DEBUG [pool-1-thread-1] stencyl.sw.editors.snippet.designer.block.BlockField: Result for: event-actor-screen - false
2015-12-02 10:44:13,855 DEBUG [pool-1-thread-1] stencyl.sw.editors.snippet.designer.palette.Palette: Palette asked to refresh: Position
2015-12-02 10:44:13,886 DEBUG [pool-1-thread-1] stencyl.sw.editors.snippet.designer.palette.Palette: Palette asked to refresh: Conditions
2015-12-02 10:44:14,027 DEBUG [pool-1-thread-1] stencyl.sw.editors.snippet.designer.palette.Palette: Palette asked to refresh: Actors
2015-12-02 10:44:14,074 DEBUG [pool-1-thread-1] stencyl.sw.editors.snippet.designer.palette.Palette: Palette asked to refresh: Keyboard & Mouse
2015-12-02 10:44:14,120 DEBUG [pool-1-thread-1] stencyl.sw.editors.snippet.designer.palette.Palette: Palette asked to refresh: Math
2015-12-02 10:44:14,136 DEBUG [pool-1-thread-1] stencyl.sw.editors.snippet.designer.palette.Palette: Palette asked to refresh: Getters
2015-12-02 10:44:14,261 DEBUG [pool-1-thread-1] stencyl.sw.editors.snippet.designer.palette.Palette: Palette asked to refresh: Sound
2015-12-02 10:44:14,276 DEBUG [pool-1-thread-1] stencyl.sw.editors.snippet.designer.palette.Palette: Palette asked to refresh: Triggers
2015-12-02 10:44:14,308 DEBUG [pool-1-thread-1] stencyl.sw.editors.snippet.designer.palette.Palette: Palette asked to refresh: Web
2015-12-02 10:44:14,339 DEBUG [pool-1-thread-1] stencyl.sw.editors.snippet.designer.palette.Palette: Palette asked to refresh: Drawing
2015-12-02 10:44:14,370 DEBUG [pool-1-thread-1] stencyl.sw.editors.snippet.designer.palette.Palette: Palette asked to refresh: Basic
2015-12-02 10:44:14,370 DEBUG [pool-1-thread-1] stencyl.sw.editors.snippet.designer.palette.Palette: Palette asked to refresh: Custom
2015-12-02 10:44:14,370 DEBUG [pool-1-thread-1] stencyl.sw.editors.snippet.designer.palette.Palette: Palette asked to refresh: Extensions
2015-12-02 10:44:14,370 DEBUG [pool-1-thread-1] stencyl.sw.editors.snippet.designer.palette.Palette: Palette asked to refresh: Position
2015-12-02 10:44:14,386 DEBUG [pool-1-thread-1] stencyl.sw.editors.snippet.designer.EditArea: ContextSet for current event: [[e]2-1, [h]engine:com.stencyl.Engine, [c]com.stencyl.behavior.Script, [s]com.stencyl.behavior.Script, [b]2, [h]event:com.stencyl.models.actor.Collision]
2015-12-02 10:44:14,386 DEBUG [pool-1-thread-1] stencyl.sw.editors.snippet.designer.palette.Palette: Palette asked to refresh: Position
2015-12-02 10:44:14,386 DEBUG [pool-1-thread-1] stencyl.sw.editors.snippet.designer.palette.Palette: Refreshing with context [[e]2-1, [h]engine:com.stencyl.Engine, [c]com.stencyl.behavior.Script, [s]com.stencyl.behavior.Script, [b]2, [h]event:com.stencyl.models.actor.Collision]
2015-12-02 10:44:14,464 DEBUG [AWT-EventQueue-0] stencyl.sw.app.doc.Workspace: Activated: Bullet
2015-12-02 10:44:14,479 DEBUG [pool-1-thread-1] stencyl.sw.app.tasks.OpenResourceTask: Open Took 873ms
2015-12-02 10:44:14,526 DEBUG [AWT-EventQueue-0] stencyl.sw.app.tasks.OpenResourceTask: Total Took 920ms
2015-12-02 10:44:17,646 DEBUG [AWT-EventQueue-0] stencyl.sw.app.doc.Workspace: Activated: Enemy Ship
2015-12-02 10:44:19,612 DEBUG [AWT-EventQueue-0] stencyl.sw.app.doc.Workspace: Activated: Ship
2015-12-02 10:44:21,608 DEBUG [AWT-EventQueue-0] stencyl.sw.app.doc.Workspace: Activated: Level One
2015-12-02 10:44:31,548 DEBUG [AWT-EventQueue-0] stencyl.sw.editors.snippet.designer.EditArea: ContextSet for current event: [[b]3, [h]engine:com.stencyl.Engine, [c]com.stencyl.behavior.Script, [s]com.stencyl.behavior.Script, [e]3-2]
2015-12-02 10:44:31,548 DEBUG [AWT-EventQueue-0] stencyl.sw.editors.snippet.designer.palette.Palette: Palette asked to refresh: Position
2015-12-02 10:44:31,548 DEBUG [AWT-EventQueue-0] stencyl.sw.editors.snippet.designer.palette.Palette: Refreshing with context [[b]3, [h]engine:com.stencyl.Engine, [c]com.stencyl.behavior.Script, [s]com.stencyl.behavior.Script, [e]3-2]
2015-12-02 10:44:31,657 DEBUG [AWT-EventQueue-0] stencyl.sw.editors.snippet.designer.EditArea: ContextSet for current event: [[b]3, [h]engine:com.stencyl.Engine, [c]com.stencyl.behavior.Script, [s]com.stencyl.behavior.Script, [e]3-2]
2015-12-02 10:44:31,657 DEBUG [AWT-EventQueue-0] stencyl.sw.editors.snippet.designer.palette.Palette: Palette asked to refresh: Position
2015-12-02 10:44:32,188 DEBUG [AWT-EventQueue-0] stencyl.sw.editors.snippet.designer.EditArea: ContextSet for current event: [[b]3, [h]engine:com.stencyl.Engine, [h]g:com.stencyl.graphics.G, [c]com.stencyl.behavior.Script, [s]com.stencyl.behavior.Script, [e]3-3]
2015-12-02 10:44:32,188 DEBUG [AWT-EventQueue-0] stencyl.sw.editors.snippet.designer.palette.Palette: Palette asked to refresh: Position
2015-12-02 10:44:32,188 DEBUG [AWT-EventQueue-0] stencyl.sw.editors.snippet.designer.palette.Palette: Refreshing with context [[b]3, [h]engine:com.stencyl.Engine, [h]g:com.stencyl.graphics.G, [c]com.stencyl.behavior.Script, [s]com.stencyl.behavior.Script, [e]3-3]
2015-12-02 10:44:32,266 DEBUG [AWT-EventQueue-0] stencyl.sw.editors.snippet.designer.EditArea: ContextSet for current event: [[b]3, [h]engine:com.stencyl.Engine, [h]g:com.stencyl.graphics.G, [c]com.stencyl.behavior.Script, [s]com.stencyl.behavior.Script, [e]3-3]
2015-12-02 10:44:32,266 DEBUG [AWT-EventQueue-0] stencyl.sw.editors.snippet.designer.palette.Palette: Palette asked to refresh: Position
2015-12-02 10:44:33,467 DEBUG [AWT-EventQueue-0] stencyl.sw.app.doc.Workspace: Activated: Enemy Ship
2015-12-02 10:44:35,105 DEBUG [AWT-EventQueue-0] stencyl.sw.app.doc.Workspace: Activated: Ship
2015-12-02 10:44:36,883 DEBUG [AWT-EventQueue-0] stencyl.sw.app.doc.Workspace: Activated: Enemy Ship
2015-12-02 10:44:42,046 DEBUG [AWT-EventQueue-0] stencyl.sw.editors.snippet.designer.EditArea: ContextSet for current event: [[b]1, [h]engine:com.stencyl.Engine, [c]com.stencyl.behavior.Script, [s]com.stencyl.behavior.Script, [e]1-1]
2015-12-02 10:44:42,046 DEBUG [AWT-EventQueue-0] stencyl.sw.editors.snippet.designer.palette.Palette: Palette asked to refresh: Position
2015-12-02 10:44:42,046 DEBUG [AWT-EventQueue-0] stencyl.sw.editors.snippet.designer.EditArea: ContextSet for current event: [[b]1, [h]engine:com.stencyl.Engine, [c]com.stencyl.behavior.Script, [s]com.stencyl.behavior.Script, [e]1-4]
2015-12-02 10:44:42,046 DEBUG [AWT-EventQueue-0] stencyl.sw.editors.snippet.designer.palette.Palette: Palette asked to refresh: Position
2015-12-02 10:44:42,046 DEBUG [AWT-EventQueue-0] stencyl.sw.editors.snippet.designer.palette.Palette: Refreshing with context [[b]1, [h]engine:com.stencyl.Engine, [c]com.stencyl.behavior.Script, [s]com.stencyl.behavior.Script, [e]1-4]
2015-12-02 10:44:44,714 DEBUG [AWT-EventQueue-0] stencyl.sw.app.doc.Workspace: Activated: Ship
2015-12-02 10:44:46,352 DEBUG [AWT-EventQueue-0] stencyl.sw.app.doc.Workspace: Activated: Bullet
2015-12-02 10:44:47,272 DEBUG [AWT-EventQueue-0] stencyl.sw.app.doc.Workspace: Activated: Enemy Ship*
2015-12-02 10:44:48,162 DEBUG [AWT-EventQueue-0] stencyl.sw.editors.snippet.designer.EditArea: ContextSet for current event: [[b]1, [h]engine:com.stencyl.Engine, [c]com.stencyl.behavior.Script, [s]com.stencyl.behavior.Script, [e]1-1]
2015-12-02 10:44:48,162 DEBUG [AWT-EventQueue-0] stencyl.sw.editors.snippet.designer.palette.Palette: Palette asked to refresh: Position
2015-12-02 10:44:48,162 DEBUG [AWT-EventQueue-0] stencyl.sw.editors.snippet.designer.palette.Palette: Refreshing with context [[b]1, [h]engine:com.stencyl.Engine, [c]com.stencyl.behavior.Script, [s]com.stencyl.behavior.Script, [e]1-1]
2015-12-02 10:44:48,224 DEBUG [AWT-EventQueue-0] stencyl.sw.editors.snippet.designer.EditArea: ContextSet for current event: [[b]1, [h]engine:com.stencyl.Engine, [c]com.stencyl.behavior.Script, [s]com.stencyl.behavior.Script, [e]1-1]
2015-12-02 10:44:48,224 DEBUG [AWT-EventQueue-0] stencyl.sw.editors.snippet.designer.palette.Palette: Palette asked to refresh: Position
2015-12-02 10:44:51,703 DEBUG [AWT-EventQueue-0] stencyl.sw.editors.snippet.designer.EditArea: ContextSet for current event: [[b]1, [h]engine:com.stencyl.Engine, [e]1-3, [c]com.stencyl.behavior.Script, [s]com.stencyl.behavior.Script]
2015-12-02 10:44:51,703 DEBUG [AWT-EventQueue-0] stencyl.sw.editors.snippet.designer.palette.Palette: Palette asked to refresh: Position
2015-12-02 10:44:51,703 DEBUG [AWT-EventQueue-0] stencyl.sw.editors.snippet.designer.palette.Palette: Refreshing with context [[b]1, [h]engine:com.stencyl.Engine, [e]1-3, [c]com.stencyl.behavior.Script, [s]com.stencyl.behavior.Script]
2015-12-02 10:44:51,781 DEBUG [AWT-EventQueue-0] stencyl.sw.editors.snippet.designer.EditArea: ContextSet for current event: [[b]1, [h]engine:com.stencyl.Engine, [e]1-3, [c]com.stencyl.behavior.Script, [s]com.stencyl.behavior.Script]
2015-12-02 10:44:51,781 DEBUG [AWT-EventQueue-0] stencyl.sw.editors.snippet.designer.palette.Palette: Palette asked to refresh: Position
2015-12-02 10:44:52,342 DEBUG [AWT-EventQueue-0] stencyl.sw.editors.snippet.designer.EditArea: ContextSet for current event: [[b]1, [h]engine:com.stencyl.Engine, [c]com.stencyl.behavior.Script, [s]com.stencyl.behavior.Script, [e]1-4]
2015-12-02 10:44:52,342 DEBUG [AWT-EventQueue-0] stencyl.sw.editors.snippet.designer.palette.Palette: Palette asked to refresh: Position
2015-12-02 10:44:52,342 DEBUG [AWT-EventQueue-0] stencyl.sw.editors.snippet.designer.palette.Palette: Refreshing with context [[b]1, [h]engine:com.stencyl.Engine, [c]com.stencyl.behavior.Script, [s]com.stencyl.behavior.Script, [e]1-4]
2015-12-02 10:44:52,420 DEBUG [AWT-EventQueue-0] stencyl.sw.editors.snippet.designer.EditArea: ContextSet for current event: [[b]1, [h]engine:com.stencyl.Engine, [c]com.stencyl.behavior.Script, [s]com.stencyl.behavior.Script, [e]1-4]
2015-12-02 10:44:52,420 DEBUG [AWT-EventQueue-0] stencyl.sw.editors.snippet.designer.palette.Palette: Palette asked to refresh: Position
2015-12-02 10:44:58,348 DEBUG [SwingWorker-pool-3-thread-1] stencyl.sw.editors.snippet.designer.palette.Palette: Palette asked to refresh: search
2015-12-02 10:44:58,348 DEBUG [SwingWorker-pool-3-thread-1] stencyl.sw.editors.snippet.designer.palette.Palette: Refreshing with context [[b]1, [h]engine:com.stencyl.Engine, [c]com.stencyl.behavior.Script, [s]com.stencyl.behavior.Script, [e]1-4]
2015-12-02 10:45:01,624 INFO  [AWT-EventQueue-0] stencyl.sw.editors.snippet.designer.block.BlockSceneObjectChooser: Set to this actor
2015-12-02 10:45:04,390 DEBUG [SwingWorker-pool-3-thread-2] stencyl.sw.editors.snippet.designer.palette.Palette: Palette asked to refresh: search
2015-12-02 10:45:04,390 DEBUG [SwingWorker-pool-3-thread-2] stencyl.sw.editors.snippet.designer.palette.Palette: Refreshing with context [[b]1, [h]engine:com.stencyl.Engine, [c]com.stencyl.behavior.Script, [s]com.stencyl.behavior.Script, [e]1-4]
2015-12-02 10:45:07,728 DEBUG [AWT-EventQueue-0] stencyl.sw.editors.snippet.designer.palette.Palette: Palette asked to refresh: Position
2015-12-02 10:45:07,728 DEBUG [AWT-EventQueue-0] stencyl.sw.editors.snippet.designer.palette.Palette: Palette asked to refresh: Position
2015-12-02 10:45:20,988 DEBUG [SwingWorker-pool-3-thread-3] stencyl.sw.editors.snippet.designer.palette.Palette: Palette asked to refresh: search
2015-12-02 10:45:20,988 DEBUG [SwingWorker-pool-3-thread-3] stencyl.sw.editors.snippet.designer.palette.Palette: Refreshing with context [[b]1, [h]engine:com.stencyl.Engine, [c]com.stencyl.behavior.Script, [s]com.stencyl.behavior.Script, [e]1-4]
2015-12-02 10:45:29,359 DEBUG [SwingWorker-pool-3-thread-4] stencyl.sw.editors.snippet.designer.palette.Palette: Palette asked to refresh: search
2015-12-02 10:45:29,359 DEBUG [SwingWorker-pool-3-thread-4] stencyl.sw.editors.snippet.designer.palette.Palette: Refreshing with context [[b]1, [h]engine:com.stencyl.Engine, [c]com.stencyl.behavior.Script, [s]com.stencyl.behavior.Script, [e]1-4]
2015-12-02 10:45:33,033 DEBUG [AWT-EventQueue-0] stencyl.sw.editors.snippet.designer.palette.Palette: Palette asked to refresh: Position
2015-12-02 10:45:33,033 DEBUG [AWT-EventQueue-0] stencyl.sw.editors.snippet.designer.palette.Palette: Palette asked to refresh: Position
2015-12-02 10:45:40,931 DEBUG [AWT-EventQueue-0] stencyl.sw.editors.snippet.designer.palette.Palette: Palette asked to refresh: Motion
2015-12-02 10:45:40,931 DEBUG [AWT-EventQueue-0] stencyl.sw.editors.snippet.designer.palette.Palette: Refreshing with context [[b]1, [h]engine:com.stencyl.Engine, [c]com.stencyl.behavior.Script, [s]com.stencyl.behavior.Script, [e]1-4]
2015-12-02 10:45:40,963 DEBUG [AWT-EventQueue-0] stencyl.sw.editors.snippet.designer.palette.Palette: Palette asked to refresh: Motion
2015-12-02 10:45:44,285 INFO  [AWT-EventQueue-0] stencyl.sw.editors.snippet.designer.block.BlockSceneObjectChooser: Set to this actor
2015-12-02 10:45:50,821 DEBUG [AWT-EventQueue-0] stencyl.sw.editors.snippet.designer.palette.Palette: Palette asked to refresh: Conditions
2015-12-02 10:45:50,821 DEBUG [AWT-EventQueue-0] stencyl.sw.editors.snippet.designer.palette.Palette: Refreshing with context [[b]1, [h]engine:com.stencyl.Engine, [c]com.stencyl.behavior.Script, [s]com.stencyl.behavior.Script, [e]1-4]
2015-12-02 10:45:50,837 DEBUG [AWT-EventQueue-0] stencyl.sw.editors.snippet.designer.palette.Palette: Palette asked to refresh: Conditions
2015-12-02 10:45:54,815 DEBUG [AWT-EventQueue-0] stencyl.sw.editors.snippet.designer.palette.Palette: Palette asked to refresh: Loops
2015-12-02 10:45:54,815 DEBUG [AWT-EventQueue-0] stencyl.sw.editors.snippet.designer.palette.Palette: Refreshing with context [[b]1, [h]engine:com.stencyl.Engine, [c]com.stencyl.behavior.Script, [s]com.stencyl.behavior.Script, [e]1-4]
2015-12-02 10:45:54,831 DEBUG [AWT-EventQueue-0] stencyl.sw.editors.snippet.designer.palette.Palette: Palette asked to refresh: Loops
2015-12-02 10:46:37,953 DEBUG [AWT-EventQueue-0] stencyl.sw.editors.snippet.designer.palette.Palette: Palette asked to refresh: Time
2015-12-02 10:46:37,953 DEBUG [AWT-EventQueue-0] stencyl.sw.editors.snippet.designer.palette.Palette: Refreshing with context [[b]1, [h]engine:com.stencyl.Engine, [c]com.stencyl.behavior.Script, [s]com.stencyl.behavior.Script, [e]1-4]
2015-12-02 10:46:37,968 DEBUG [AWT-EventQueue-0] stencyl.sw.editors.snippet.designer.palette.Palette: Palette asked to refresh: Time
2015-12-02 10:46:44,775 INFO  [AWT-EventQueue-0] stencyl.sw.editors.snippet.designer.block.BlockSceneObjectChooser: Set to this actor
2015-12-02 10:46:56,911 INFO  [AWT-EventQueue-0] stencyl.sw.editors.snippet.designer.block.BlockSceneObjectChooser: Set to this actor
2015-12-02 10:47:20,034 INFO  [AWT-EventQueue-0] stencyl.sw.app.App: Attempting to quit out of Stencyl.
2015-12-02 10:47:21,688 INFO  [pool-1-thread-2] stencyl.sw.io.write.MasterWriter: Saving game in place.
2015-12-02 10:47:21,704 DEBUG [pool-1-thread-2] stencyl.sw.util.FileHelper: Saving backup file C:\Users\glafond5733\AppData\Roaming\Stencyl\stencylworks\games\Invaders\game.xml.bak.
2015-12-02 10:47:23,217 DEBUG [pool-1-thread-2] stencyl.sw.io.write.MasterWriter: Writing out local resources.
2015-12-02 10:47:23,217 DEBUG [pool-1-thread-2] stencyl.sw.util.FileHelper: Saving backup file C:\Users\glafond5733\AppData\Roaming\Stencyl\stencylworks\games\Invaders\resources\data.xml.bak.
2015-12-02 10:47:23,217 DEBUG [pool-1-thread-2] stencyl.sw.editors.snippet.designer.block.Block: Write out thisActor
2015-12-02 10:47:23,232 DEBUG [pool-1-thread-2] stencyl.sw.editors.snippet.designer.block.Block: Write out thisActor
2015-12-02 10:47:23,232 DEBUG [pool-1-thread-2] stencyl.sw.editors.snippet.designer.block.Block: Write out generic element ID: 2
2015-12-02 10:47:23,232 DEBUG [pool-1-thread-2] stencyl.sw.editors.snippet.designer.block.Block: Write out thisActor
2015-12-02 10:47:23,232 DEBUG [pool-1-thread-2] stencyl.sw.editors.snippet.designer.block.Block: Write out thisActor
2015-12-02 10:47:23,248 DEBUG [pool-1-thread-2] stencyl.core.lib.io.read.SceneReader: Reading header for Scene: 0 (Level One) from: scenes\0.xml
2015-12-02 10:47:23,264 DEBUG [pool-1-thread-2] stencyl.sw.io.write.resource.SpriteWriter: Mark actor's sprite as clean (disk).
2015-12-02 10:47:23,264 DEBUG [pool-1-thread-2] stencyl.sw.io.write.resource.FontWriter: Mark font as clean (disk).
2015-12-02 10:47:23,264 DEBUG [pool-1-thread-2] stencyl.sw.editors.snippet.designer.block.Block: Write out thisActor
2015-12-02 10:47:23,264 DEBUG [pool-1-thread-2] stencyl.sw.editors.snippet.designer.block.Block: Write out thisActor
2015-12-02 10:47:23,264 DEBUG [pool-1-thread-2] stencyl.sw.editors.snippet.designer.block.Block: Write out thisActor
2015-12-02 10:47:23,264 DEBUG [pool-1-thread-2] stencyl.sw.editors.snippet.designer.block.Block: Write out generic element ID: 7
2015-12-02 10:47:23,264 DEBUG [pool-1-thread-2] stencyl.sw.editors.snippet.designer.block.Block: Write out thisActor
2015-12-02 10:47:23,264 DEBUG [pool-1-thread-2] stencyl.sw.editors.snippet.designer.block.Block: Write out thisActor
2015-12-02 10:47:23,264 DEBUG [pool-1-thread-2] stencyl.sw.editors.snippet.designer.block.Block: Write out thisActor
2015-12-02 10:47:23,264 DEBUG [pool-1-thread-2] stencyl.sw.editors.snippet.designer.block.Block: Write out thisActor
2015-12-02 10:47:23,264 DEBUG [pool-1-thread-2] stencyl.sw.editors.snippet.designer.block.Block: Write out thisActor
2015-12-02 10:47:23,310 DEBUG [pool-1-thread-2] stencyl.core.lib.io.read.SceneReader: Reading header for Scene: 0 (Level One) from: scenes\0.xml
2015-12-02 10:47:23,326 DEBUG [pool-1-thread-2] stencyl.sw.io.write.resource.SpriteWriter: Mark actor's sprite as clean (disk).
2015-12-02 10:47:23,326 DEBUG [pool-1-thread-2] stencyl.sw.editors.snippet.designer.block.Block: Write out thisActor
2015-12-02 10:47:23,326 DEBUG [pool-1-thread-2] stencyl.sw.editors.snippet.designer.block.Block: Write out generic element ID: 3
2015-12-02 10:47:23,326 DEBUG [pool-1-thread-2] stencyl.sw.editors.snippet.designer.block.Block: Write out thisActor
2015-12-02 10:47:23,326 DEBUG [pool-1-thread-2] stencyl.sw.editors.snippet.designer.block.Block: Write out generic element ID: 2
2015-12-02 10:47:23,326 DEBUG [pool-1-thread-2] stencyl.sw.editors.snippet.designer.block.Block: Write out thisActor
2015-12-02 10:47:23,326 DEBUG [pool-1-thread-2] stencyl.sw.editors.snippet.designer.block.Block: Write out generic element ID: 3
2015-12-02 10:47:23,326 DEBUG [pool-1-thread-2] stencyl.sw.editors.snippet.designer.block.Block: Write out generic element ID: 2
2015-12-02 10:47:23,326 DEBUG [pool-1-thread-2] stencyl.sw.editors.snippet.designer.block.Block: Write out thisActor
2015-12-02 10:47:23,326 DEBUG [pool-1-thread-2] stencyl.sw.editors.snippet.designer.block.Block: Write out thisActor
2015-12-02 10:47:23,326 DEBUG [pool-1-thread-2] stencyl.sw.editors.snippet.designer.block.Block: Write out thisActor
2015-12-02 10:47:23,326 DEBUG [pool-1-thread-2] stencyl.sw.editors.snippet.designer.block.Block: Write out thisActor
2015-12-02 10:47:23,326 DEBUG [pool-1-thread-2] stencyl.sw.editors.snippet.designer.block.Block: Write out thisActor
2015-12-02 10:47:23,326 DEBUG [pool-1-thread-2] stencyl.sw.editors.snippet.designer.block.Block: Write out thisActor
2015-12-02 10:47:23,326 DEBUG [pool-1-thread-2] stencyl.sw.editors.snippet.designer.block.Block: Write out generic element ID: 4
2015-12-02 10:47:23,326 DEBUG [pool-1-thread-2] stencyl.sw.editors.snippet.designer.block.Block: Write out thisActor
2015-12-02 10:47:23,326 DEBUG [pool-1-thread-2] stencyl.sw.editors.snippet.designer.block.Block: Write out thisActor
2015-12-02 10:47:23,326 DEBUG [pool-1-thread-2] stencyl.sw.editors.snippet.designer.block.Block: Write out Last Created
2015-12-02 10:47:23,326 DEBUG [pool-1-thread-2] stencyl.sw.editors.snippet.designer.block.Block: Write out generic element ID: 4
2015-12-02 10:47:23,420 DEBUG [pool-1-thread-2] stencyl.core.lib.io.read.SceneReader: Reading header for Scene: 0 (Level One) from: scenes\0.xml
2015-12-02 10:47:23,435 DEBUG [pool-1-thread-2] stencyl.sw.io.write.resource.SpriteWriter: Mark actor's sprite as clean (disk).
2015-12-02 10:47:23,435 DEBUG [pool-1-thread-2] stencyl.sw.io.write.resource.BackgroundWriter: Skip writing out Background.
2015-12-02 10:47:23,435 DEBUG [pool-1-thread-2] stencyl.sw.io.write.resource.BackgroundWriter: Mark background as clean (disk).
2015-12-02 10:47:23,435 DEBUG [pool-1-thread-2] stencyl.sw.io.write.MasterWriter: Writing out scenes.
2015-12-02 10:47:23,435 DEBUG [pool-1-thread-2] stencyl.sw.editors.snippet.designer.block.Block: Write out generic element ID: 4
2015-12-02 10:47:23,435 DEBUG [pool-1-thread-2] stencyl.sw.editors.snippet.designer.block.Block: Write out generic element ID: 9
2015-12-02 10:47:23,451 DEBUG [pool-1-thread-2] stencyl.sw.editors.scene.SceneRenderer: Saving thumbnail: C:\Users\glafond5733\AppData\Roaming\Stencyl\stencylworks\games\Invaders\scenes\0.png
2015-12-02 10:47:23,482 DEBUG [pool-1-thread-2] stencyl.sw.io.write.resource.SceneWriter: Writing terrain.
2015-12-02 10:47:23,482 DEBUG [pool-1-thread-2] stencyl.thirdparty.org.phys2d.Combiner: Num Tiles: 0
2015-12-02 10:47:23,482 DEBUG [pool-1-thread-2] stencyl.thirdparty.org.phys2d.Combiner: Coverage: 0.0%
2015-12-02 10:47:23,482 DEBUG [pool-1-thread-2] stencyl.thirdparty.org.phys2d.Combiner: Segments: (1,1)
2015-12-02 10:47:23,482 DEBUG [pool-1-thread-2] stencyl.thirdparty.org.phys2d.Combiner: Using Pairwise
2015-12-02 10:47:23,482 DEBUG [pool-1-thread-2] stencyl.thirdparty.org.phys2d.Combiner: Combine took: 0ms
2015-12-02 10:47:23,482 DEBUG [pool-1-thread-2] stencyl.sw.io.write.resource.SceneWriter: Terrain processing took: 0ms
2015-12-02 10:47:23,482 DEBUG [pool-1-thread-2] stencyl.core.lib.io.read.SceneReader: Reading header for Scene: 0 (Level One) from: scenes\0.xml
2015-12-02 10:47:23,498 DEBUG [pool-1-thread-2] stencyl.sw.io.write.resource.ScenesWriter: Writing out Scene Level One
2015-12-02 10:47:23,498 DEBUG [pool-1-thread-2] stencyl.sw.io.write.MasterWriter: Copying over snippets.
2015-12-02 10:47:23,498 DEBUG [pool-1-thread-2] stencyl.sw.util.FileHelper: Saving backup file C:\Users\glafond5733\AppData\Roaming\Stencyl\stencylworks\games\Invaders\snippets\list.xml.bak.
2015-12-02 10:47:23,498 DEBUG [pool-1-thread-2] stencyl.sw.editors.snippet.designer.block.Block: Write out thisActor
2015-12-02 10:47:23,498 DEBUG [pool-1-thread-2] stencyl.sw.editors.snippet.designer.block.Block: Write out generic element ID: 3
2015-12-02 10:47:23,498 DEBUG [pool-1-thread-2] stencyl.sw.editors.snippet.designer.block.Block: Write out thisActor
2015-12-02 10:47:23,498 DEBUG [pool-1-thread-2] stencyl.sw.editors.snippet.designer.block.Block: Write out generic element ID: 2
2015-12-02 10:47:23,498 DEBUG [pool-1-thread-2] stencyl.sw.editors.snippet.designer.block.Block: Write out thisActor
2015-12-02 10:47:23,498 DEBUG [pool-1-thread-2] stencyl.sw.editors.snippet.designer.block.Block: Write out generic element ID: 3
2015-12-02 10:47:23,498 DEBUG [pool-1-thread-2] stencyl.sw.editors.snippet.designer.block.Block: Write out generic element ID: 2
2015-12-02 10:47:23,498 DEBUG [pool-1-thread-2] stencyl.sw.editors.snippet.designer.block.Block: Write out thisActor
2015-12-02 10:47:23,498 DEBUG [pool-1-thread-2] stencyl.sw.editors.snippet.designer.block.Block: Write out thisActor
2015-12-02 10:47:23,498 DEBUG [pool-1-thread-2] stencyl.sw.editors.snippet.designer.block.Block: Write out thisActor
2015-12-02 10:47:23,498 DEBUG [pool-1-thread-2] stencyl.sw.editors.snippet.designer.block.Block: Write out thisActor
2015-12-02 10:47:23,498 DEBUG [pool-1-thread-2] stencyl.sw.editors.snippet.designer.block.Block: Write out thisActor
2015-12-02 10:47:23,498 DEBUG [pool-1-thread-2] stencyl.sw.editors.snippet.designer.block.Block: Write out thisActor
2015-12-02 10:47:23,498 DEBUG [pool-1-thread-2] stencyl.sw.editors.snippet.designer.block.Block: Write out generic element ID: 4
2015-12-02 10:47:23,498 DEBUG [pool-1-thread-2] stencyl.sw.editors.snippet.designer.block.Block: Write out thisActor
2015-12-02 10:47:23,498 DEBUG [pool-1-thread-2] stencyl.sw.editors.snippet.designer.block.Block: Write out thisActor
2015-12-02 10:47:23,498 DEBUG [pool-1-thread-2] stencyl.sw.editors.snippet.designer.block.Block: Write out Last Created
2015-12-02 10:47:23,498 DEBUG [pool-1-thread-2] stencyl.sw.editors.snippet.designer.block.Block: Write out generic element ID: 4
2015-12-02 10:47:23,576 DEBUG [pool-1-thread-2] stencyl.sw.editors.snippet.designer.block.Block: Write out thisActor
2015-12-02 10:47:23,576 DEBUG [pool-1-thread-2] stencyl.sw.editors.snippet.designer.block.Block: Write out thisActor
2015-12-02 10:47:23,576 DEBUG [pool-1-thread-2] stencyl.sw.editors.snippet.designer.block.Block: Write out thisActor
2015-12-02 10:47:23,576 DEBUG [pool-1-thread-2] stencyl.sw.editors.snippet.designer.block.Block: Write out generic element ID: 7
2015-12-02 10:47:23,576 DEBUG [pool-1-thread-2] stencyl.sw.editors.snippet.designer.block.Block: Write out thisActor
2015-12-02 10:47:23,576 DEBUG [pool-1-thread-2] stencyl.sw.editors.snippet.designer.block.Block: Write out thisActor
2015-12-02 10:47:23,576 DEBUG [pool-1-thread-2] stencyl.sw.editors.snippet.designer.block.Block: Write out thisActor
2015-12-02 10:47:23,576 DEBUG [pool-1-thread-2] stencyl.sw.editors.snippet.designer.block.Block: Write out thisActor
2015-12-02 10:47:23,576 DEBUG [pool-1-thread-2] stencyl.sw.editors.snippet.designer.block.Block: Write out thisActor
2015-12-02 10:47:23,591 DEBUG [pool-1-thread-2] stencyl.sw.editors.snippet.designer.block.Block: Write out thisActor
2015-12-02 10:47:23,591 DEBUG [pool-1-thread-2] stencyl.sw.editors.snippet.designer.block.Block: Write out thisActor
2015-12-02 10:47:23,591 DEBUG [pool-1-thread-2] stencyl.sw.editors.snippet.designer.block.Block: Write out generic element ID: 2
2015-12-02 10:47:23,591 DEBUG [pool-1-thread-2] stencyl.sw.editors.snippet.designer.block.Block: Write out thisActor
2015-12-02 10:47:23,591 DEBUG [pool-1-thread-2] stencyl.sw.editors.snippet.designer.block.Block: Write out thisActor
2015-12-02 10:47:23,622 DEBUG [pool-1-thread-2] stencyl.sw.editors.snippet.designer.block.Block: Write out generic element ID: 4
2015-12-02 10:47:23,622 DEBUG [pool-1-thread-2] stencyl.sw.editors.snippet.designer.block.Block: Write out generic element ID: 9
2015-12-02 10:47:23,669 DEBUG [pool-1-thread-2] stencyl.sw.io.write.resource.SnippetsWriter: Copy from opened to disk: ActorEvents_0
2015-12-02 10:47:23,669 DEBUG [pool-1-thread-2] stencyl.sw.editors.snippet.designer.block.Block: Write out thisActor
2015-12-02 10:47:23,669 DEBUG [pool-1-thread-2] stencyl.sw.editors.snippet.designer.block.Block: Write out generic element ID: 3
2015-12-02 10:47:23,669 DEBUG [pool-1-thread-2] stencyl.sw.editors.snippet.designer.block.Block: Write out thisActor
2015-12-02 10:47:23,669 DEBUG [pool-1-thread-2] stencyl.sw.editors.snippet.designer.block.Block: Write out generic element ID: 2
2015-12-02 10:47:23,669 DEBUG [pool-1-thread-2] stencyl.sw.editors.snippet.designer.block.Block: Write out thisActor
2015-12-02 10:47:23,669 DEBUG [pool-1-thread-2] stencyl.sw.editors.snippet.designer.block.Block: Write out generic element ID: 3
2015-12-02 10:47:23,669 DEBUG [pool-1-thread-2] stencyl.sw.editors.snippet.designer.block.Block: Write out generic element ID: 2
2015-12-02 10:47:23,669 DEBUG [pool-1-thread-2] stencyl.sw.editors.snippet.designer.block.Block: Write out thisActor
2015-12-02 10:47:23,669 DEBUG [pool-1-thread-2] stencyl.sw.editors.snippet.designer.block.Block: Write out thisActor
2015-12-02 10:47:23,669 DEBUG [pool-1-thread-2] stencyl.sw.editors.snippet.designer.block.Block: Write out thisActor
2015-12-02 10:47:23,669 DEBUG [pool-1-thread-2] stencyl.sw.editors.snippet.designer.block.Block: Write out thisActor
2015-12-02 10:47:23,669 DEBUG [pool-1-thread-2] stencyl.sw.editors.snippet.designer.block.Block: Write out thisActor
2015-12-02 10:47:23,669 DEBUG [pool-1-thread-2] stencyl.sw.editors.snippet.designer.block.Block: Write out thisActor
2015-12-02 10:47:23,669 DEBUG [pool-1-thread-2] stencyl.sw.editors.snippet.designer.block.Block: Write out generic element ID: 4
2015-12-02 10:47:23,669 DEBUG [pool-1-thread-2] stencyl.sw.editors.snippet.designer.block.Block: Write out thisActor
2015-12-02 10:47:23,669 DEBUG [pool-1-thread-2] stencyl.sw.editors.snippet.designer.block.Block: Write out thisActor
2015-12-02 10:47:23,669 DEBUG [pool-1-thread-2] stencyl.sw.editors.snippet.designer.block.Block: Write out Last Created
2015-12-02 10:47:23,669 DEBUG [pool-1-thread-2] stencyl.sw.editors.snippet.designer.block.Block: Write out generic element ID: 4
2015-12-02 10:47:23,669 DEBUG [pool-1-thread-2] stencyl.sw.util.FileHelper: Trying to delete file that does not exist: C:\Users\glafond5733\AppData\Roaming\Stencyl\stencylworks\games\Invaders\behavior-hx\ActorEvents_0.hx
2015-12-02 10:47:23,669 DEBUG [pool-1-thread-2] stencyl.sw.io.write.resource.SnippetsWriter: Copied to: C:\Users\glafond5733\AppData\Roaming\Stencyl\stencylworks\games\Invaders\snippets\ActorEvents_0.design
2015-12-02 10:47:23,669 DEBUG [pool-1-thread-2] stencyl.sw.io.write.resource.SnippetsWriter: Copy from opened to disk: ActorEvents_2
2015-12-02 10:47:23,669 DEBUG [pool-1-thread-2] stencyl.sw.editors.snippet.designer.block.Block: Write out thisActor
2015-12-02 10:47:23,669 DEBUG [pool-1-thread-2] stencyl.sw.editors.snippet.designer.block.Block: Write out thisActor
2015-12-02 10:47:23,669 DEBUG [pool-1-thread-2] stencyl.sw.editors.snippet.designer.block.Block: Write out thisActor
2015-12-02 10:47:23,669 DEBUG [pool-1-thread-2] stencyl.sw.editors.snippet.designer.block.Block: Write out generic element ID: 7
2015-12-02 10:47:23,669 DEBUG [pool-1-thread-2] stencyl.sw.editors.snippet.designer.block.Block: Write out thisActor
2015-12-02 10:47:23,669 DEBUG [pool-1-thread-2] stencyl.sw.editors.snippet.designer.block.Block: Write out thisActor
2015-12-02 10:47:23,669 DEBUG [pool-1-thread-2] stencyl.sw.editors.snippet.designer.block.Block: Write out thisActor
2015-12-02 10:47:23,669 DEBUG [pool-1-thread-2] stencyl.sw.editors.snippet.designer.block.Block: Write out thisActor
2015-12-02 10:47:23,669 DEBUG [pool-1-thread-2] stencyl.sw.editors.snippet.designer.block.Block: Write out thisActor
2015-12-02 10:47:23,669 DEBUG [pool-1-thread-2] stencyl.sw.util.FileHelper: Trying to delete file that does not exist: C:\Users\glafond5733\AppData\Roaming\Stencyl\stencylworks\games\Invaders\behavior-hx\ActorEvents_2.hx
2015-12-02 10:47:23,669 DEBUG [pool-1-thread-2] stencyl.sw.io.write.resource.SnippetsWriter: Copied to: C:\Users\glafond5733\AppData\Roaming\Stencyl\stencylworks\games\Invaders\snippets\ActorEvents_2.design
2015-12-02 10:47:23,669 DEBUG [pool-1-thread-2] stencyl.sw.io.write.resource.SnippetsWriter: Copy from opened to disk: ActorEvents_4
2015-12-02 10:47:23,669 DEBUG [pool-1-thread-2] stencyl.sw.editors.snippet.designer.block.Block: Write out thisActor
2015-12-02 10:47:23,669 DEBUG [pool-1-thread-2] stencyl.sw.editors.snippet.designer.block.Block: Write out thisActor
2015-12-02 10:47:23,669 DEBUG [pool-1-thread-2] stencyl.sw.editors.snippet.designer.block.Block: Write out generic element ID: 2
2015-12-02 10:47:23,669 DEBUG [pool-1-thread-2] stencyl.sw.editors.snippet.designer.block.Block: Write out thisActor
2015-12-02 10:47:23,669 DEBUG [pool-1-thread-2] stencyl.sw.editors.snippet.designer.block.Block: Write out thisActor
2015-12-02 10:47:23,669 DEBUG [pool-1-thread-2] stencyl.sw.util.FileHelper: Trying to delete file that does not exist: C:\Users\glafond5733\AppData\Roaming\Stencyl\stencylworks\games\Invaders\behavior-hx\ActorEvents_4.hx
2015-12-02 10:47:23,669 DEBUG [pool-1-thread-2] stencyl.sw.io.write.resource.SnippetsWriter: Copied to: C:\Users\glafond5733\AppData\Roaming\Stencyl\stencylworks\games\Invaders\snippets\ActorEvents_4.design
2015-12-02 10:47:23,669 DEBUG [pool-1-thread-2] stencyl.sw.io.write.resource.SnippetsWriter: Copy from opened to disk: SceneEvents_0
2015-12-02 10:47:23,669 DEBUG [pool-1-thread-2] stencyl.sw.editors.snippet.designer.block.Block: Write out generic element ID: 4
2015-12-02 10:47:23,669 DEBUG [pool-1-thread-2] stencyl.sw.editors.snippet.designer.block.Block: Write out generic element ID: 9
2015-12-02 10:47:23,669 DEBUG [pool-1-thread-2] stencyl.sw.util.FileHelper: Trying to delete file that does not exist: C:\Users\glafond5733\AppData\Roaming\Stencyl\stencylworks\games\Invaders\behavior-hx\SceneEvents_0.hx
2015-12-02 10:47:23,685 DEBUG [pool-1-thread-2] stencyl.sw.io.write.resource.SnippetsWriter: Copied to: C:\Users\glafond5733\AppData\Roaming\Stencyl\stencylworks\games\Invaders\snippets\SceneEvents_0.design
2015-12-02 10:47:23,685 DEBUG [pool-1-thread-2] stencyl.sw.io.write.MasterWriter: Saving block favorites.
2015-12-02 10:47:23,685 INFO  [pool-1-thread-2] stencyl.sw.io.write.MasterWriter: Done writing game.
2015-12-02 10:47:23,732 DEBUG [AWT-EventQueue-0] stencyl.sw.util.Util: Running command: [taskkill, /im, neko.exe, /f]
2015-12-02 10:47:23,794 DEBUG [Thread-7] stencyl.sw.util.StreamGobbler: [taskkill] ERROR: The process "neko.exe" not found.
2015-12-02 10:47:23,794 DEBUG [AWT-EventQueue-0] stencyl.sw.util.Util: Process 'taskkill' exited with code: 128
2015-12-02 10:47:23,794 DEBUG [AWT-EventQueue-0] stencyl.sw.util.Util: Running command: [taskkill, /im, adb.exe, /f]
2015-12-02 10:47:23,856 DEBUG [Thread-8] stencyl.sw.util.StreamGobbler: [taskkill] ERROR: The process "adb.exe" not found.
2015-12-02 10:47:23,856 DEBUG [AWT-EventQueue-0] stencyl.sw.util.Util: Process 'taskkill' exited with code: 128
2015-12-02 10:47:23,856 DEBUG [AWT-EventQueue-0] stencyl.sw.util.Util: Running command: [taskkill, /im, arm-linux-androideabi-g++.exe, /f]
2015-12-02 10:47:23,919 DEBUG [Thread-9] stencyl.sw.util.StreamGobbler: [taskkill] ERROR: The process "arm-linux-androideabi-g++.exe" not found.
2015-12-02 10:47:23,919 DEBUG [AWT-EventQueue-0] stencyl.sw.util.Util: Process 'taskkill' exited with code: 128
2015-12-02 10:47:23,919 DEBUG [AWT-EventQueue-0] stencyl.sw.util.Util: Running command: [taskkill, /im, cc1plus.exe, /f]
2015-12-02 10:47:23,966 DEBUG [Thread-10] stencyl.sw.util.StreamGobbler: [taskkill] ERROR: The process "cc1plus.exe" not found.
2015-12-02 10:47:23,981 DEBUG [AWT-EventQueue-0] stencyl.sw.util.Util: Process 'taskkill' exited with code: 128
2015-12-02 10:47:23,981 DEBUG [AWT-EventQueue-0] stencyl.sw.util.Util: Running command: [taskkill, /im, tail.exe, /f]
2015-12-02 10:47:24,028 DEBUG [Thread-11] stencyl.sw.util.StreamGobbler: [taskkill] ERROR: The process "tail.exe" not found.
2015-12-02 10:47:24,028 DEBUG [AWT-EventQueue-0] stencyl.sw.util.Util: Process 'taskkill' exited with code: 128
2015-12-02 10:47:24,028 DEBUG [AWT-EventQueue-0] stencyl.sw.util.Util: Running command: [taskkill, /im, ios-sim.exe, /f]
2015-12-02 10:47:24,090 DEBUG [Thread-12] stencyl.sw.util.StreamGobbler: [taskkill] ERROR: The process "ios-sim.exe" not found.
2015-12-02 10:47:24,090 DEBUG [AWT-EventQueue-0] stencyl.sw.util.Util: Process 'taskkill' exited with code: 128
2015-12-02 10:47:24,090 DEBUG [AWT-EventQueue-0] stencyl.sw.app.App: Destroying extensions.
2015-12-02 10:47:24,090 DEBUG [AWT-EventQueue-0] stencyl.sw.app.App: Performing final close.
2015-12-02 10:47:24,090 INFO  [AWT-EventQueue-0] stencyl.sw.app.App: Exiting...
2015-12-02 10:47:24,090 DEBUG [AWT-EventQueue-0] stencyl.sw.app.App: Destroying Temporary Sandbox.
2015-12-02 10:47:24,090 DEBUG [AWT-EventQueue-0] stencyl.sw.util.FileHelper: Deleting: C:\Users\glafond5733\AppData\Local\Temp\stencyl5403683573047156336
