2015-12-10 09:41:31,909 INFO  [main] stencyl.sw.Session: Logfile: C:\Users\rmills0865\AppData\Roaming\Stencyl\stencylworks\logs\2015-12-10_09-41-24.log
2015-12-10 09:41:31,971 INFO  [main] stencyl.sw.Session: OS Name: Windows 7
2015-12-10 09:41:31,971 INFO  [main] stencyl.sw.Session: OS Version: 6.1 (64-bit)
2015-12-10 09:41:31,971 INFO  [main] stencyl.sw.Session: Java Version: 1.8.0_60
2015-12-10 09:41:31,971 INFO  [main] stencyl.sw.Session: Stencyl Version: 3.3.2 (b8734)
2015-12-10 09:41:31,971 INFO  [main] stencyl.sw.Session: Stencyl Workspace: C:\Users\rmills0865\AppData\Roaming\Stencyl\
2015-12-10 09:41:31,971 INFO  [main] stencyl.sw.Session: User Working Directory: C:\Program Files (x86)\Stencyl
2015-12-10 09:41:31,971 INFO  [main] stencyl.sw.Session: User Home Directory: C:\Users\rmills0865
2015-12-10 09:41:31,971 INFO  [main] stencyl.sw.Session: System Path: C:\ProgramData\Oracle\Java\javapath;C:\Program Files (x86)\Intel\iCLS Client\;C:\Program Files\Intel\iCLS Client\;C:\Windows\system32;C:\Windows;C:\Windows\System32\Wbem;C:\Windows\System32\WindowsPowerShell\v1.0\;C:\Windows\CCM;C:\Program Files\Intel\Intel(R) Management Engine Components\DAL;C:\Program Files\Intel\Intel(R) Management Engine Components\IPT;C:\Program Files (x86)\Intel\Intel(R) Management Engine Components\DAL;C:\Program Files (x86)\Intel\Intel(R) Management Engine Components\IPT;C:\Program Files (x86)\QuickTime\QTSystem\;C:\Program Files (x86)\Stencyl\runtimes\jre-win\bin
2015-12-10 09:41:34,292 DEBUG [main] stencyl.sw.util.FileHelper: Deleting: C:\Users\RMILLS~1\AppData\Local\Temp\stencyl2756351966213526493
2015-12-10 09:41:34,339 DEBUG [main] stencyl.sw.loc.LanguagePack: Reading... lang\en\global-phrases.lang
2015-12-10 09:41:34,759 DEBUG [main] stencyl.sw.loc.LanguagePack: Reading... lang\en\global-errors.lang
2015-12-10 09:41:34,915 DEBUG [main] stencyl.sw.loc.LanguagePack: Reading... lang\en\global-menu.lang
2015-12-10 09:41:34,946 DEBUG [main] stencyl.sw.loc.LanguagePack: Reading... lang\en\global-welcome.lang
2015-12-10 09:41:34,977 DEBUG [main] stencyl.sw.loc.LanguagePack: Reading... lang\en\global-dashboard.lang
2015-12-10 09:41:34,977 DEBUG [main] stencyl.sw.loc.LanguagePack: Reading... lang\en\global-publish.lang
2015-12-10 09:41:35,055 DEBUG [main] stencyl.sw.loc.LanguagePack: Reading... lang\en\global-updater.lang
2015-12-10 09:41:35,055 DEBUG [main] stencyl.sw.loc.LanguagePack: Reading... lang\en\global-chat.lang
2015-12-10 09:41:35,055 DEBUG [main] stencyl.sw.loc.LanguagePack: Reading... lang\en\global-misc.lang
2015-12-10 09:41:35,071 DEBUG [main] stencyl.sw.loc.LanguagePack: Reading... lang\en\global-forge.lang
2015-12-10 09:41:35,071 DEBUG [main] stencyl.sw.loc.LanguagePack: Reading... lang\en\global-prefs.lang
2015-12-10 09:41:35,133 DEBUG [main] stencyl.sw.loc.LanguagePack: Reading... lang\en\global-creategame.lang
2015-12-10 09:41:35,133 DEBUG [main] stencyl.sw.loc.LanguagePack: Reading... lang\en\behavior-main.lang
2015-12-10 09:41:35,429 DEBUG [main] stencyl.sw.loc.LanguagePack: Reading... lang\en\behavior-blocks.lang
2015-12-10 09:41:35,756 DEBUG [main] stencyl.sw.loc.LanguagePack: Reading... lang\en\behavior-blockhelp.lang
2015-12-10 09:41:35,803 DEBUG [main] stencyl.sw.loc.LanguagePack: Reading... lang\en\behavior-events.lang
2015-12-10 09:41:35,834 DEBUG [main] stencyl.sw.loc.LanguagePack: Reading... lang\en\behavior-code.lang
2015-12-10 09:41:35,834 DEBUG [main] stencyl.sw.loc.LanguagePack: Reading... lang\en\behavior-attributes.lang
2015-12-10 09:41:36,006 DEBUG [main] stencyl.sw.loc.LanguagePack: Reading... lang\en\behavior-create.lang
2015-12-10 09:41:36,021 DEBUG [main] stencyl.sw.loc.LanguagePack: Reading... lang\en\behavior-byob.lang
2015-12-10 09:41:36,052 DEBUG [main] stencyl.sw.loc.LanguagePack: Reading... lang\en\editor-actor-main.lang
2015-12-10 09:41:36,146 DEBUG [main] stencyl.sw.loc.LanguagePack: Reading... lang\en\editor-actor-physics.lang
2015-12-10 09:41:36,208 DEBUG [main] stencyl.sw.loc.LanguagePack: Reading... lang\en\editor-background.lang
2015-12-10 09:41:36,208 DEBUG [main] stencyl.sw.loc.LanguagePack: Reading... lang\en\editor-behaviorchooser.lang
2015-12-10 09:41:36,208 DEBUG [main] stencyl.sw.loc.LanguagePack: Reading... lang\en\editor-desktop.lang
2015-12-10 09:41:36,255 DEBUG [main] stencyl.sw.loc.LanguagePack: Reading... lang\en\editor-font.lang
2015-12-10 09:41:36,255 DEBUG [main] stencyl.sw.loc.LanguagePack: Reading... lang\en\editor-sound.lang
2015-12-10 09:41:36,286 DEBUG [main] stencyl.sw.loc.LanguagePack: Reading... lang\en\editor-tileset.lang
2015-12-10 09:41:36,286 DEBUG [main] stencyl.sw.loc.LanguagePack: Reading... lang\en\editor-preloader.lang
2015-12-10 09:41:36,364 DEBUG [main] stencyl.sw.loc.LanguagePack: Reading... lang\en\editor-mobile.lang
2015-12-10 09:41:36,442 DEBUG [main] stencyl.sw.loc.LanguagePack: Reading... lang\en\editor-groups.lang
2015-12-10 09:41:36,442 DEBUG [main] stencyl.sw.loc.LanguagePack: Reading... lang\en\editor-attributes.lang
2015-12-10 09:41:36,442 DEBUG [main] stencyl.sw.loc.LanguagePack: Reading... lang\en\editor-input.lang
2015-12-10 09:41:36,442 DEBUG [main] stencyl.sw.loc.LanguagePack: Reading... lang\en\editor-animation.lang
2015-12-10 09:41:36,442 DEBUG [main] stencyl.sw.loc.LanguagePack: Reading... lang\en\editor-scene-main.lang
2015-12-10 09:41:36,473 DEBUG [main] stencyl.sw.loc.LanguagePack: Reading... lang\en\editor-scene-create.lang
2015-12-10 09:41:36,504 DEBUG [main] stencyl.sw.loc.LanguagePack: Reading... lang\en\editor-scene-tools.lang
2015-12-10 09:41:36,504 DEBUG [main] stencyl.sw.loc.LanguagePack: Reading... lang\en\global-phrases.lang
2015-12-10 09:41:36,504 DEBUG [main] stencyl.sw.loc.LanguagePack: Reading... lang\en\global-errors.lang
2015-12-10 09:41:36,504 DEBUG [main] stencyl.sw.loc.LanguagePack: Reading... lang\en\global-menu.lang
2015-12-10 09:41:36,520 DEBUG [main] stencyl.sw.loc.LanguagePack: Reading... lang\en\global-welcome.lang
2015-12-10 09:41:36,520 DEBUG [main] stencyl.sw.loc.LanguagePack: Reading... lang\en\global-dashboard.lang
2015-12-10 09:41:36,520 DEBUG [main] stencyl.sw.loc.LanguagePack: Reading... lang\en\global-publish.lang
2015-12-10 09:41:36,520 DEBUG [main] stencyl.sw.loc.LanguagePack: Reading... lang\en\global-updater.lang
2015-12-10 09:41:36,520 DEBUG [main] stencyl.sw.loc.LanguagePack: Reading... lang\en\global-chat.lang
2015-12-10 09:41:36,520 DEBUG [main] stencyl.sw.loc.LanguagePack: Reading... lang\en\global-misc.lang
2015-12-10 09:41:36,520 DEBUG [main] stencyl.sw.loc.LanguagePack: Reading... lang\en\global-forge.lang
2015-12-10 09:41:36,520 DEBUG [main] stencyl.sw.loc.LanguagePack: Reading... lang\en\global-prefs.lang
2015-12-10 09:41:36,520 DEBUG [main] stencyl.sw.loc.LanguagePack: Reading... lang\en\global-creategame.lang
2015-12-10 09:41:36,520 DEBUG [main] stencyl.sw.loc.LanguagePack: Reading... lang\en\behavior-main.lang
2015-12-10 09:41:36,520 DEBUG [main] stencyl.sw.loc.LanguagePack: Reading... lang\en\behavior-blocks.lang
2015-12-10 09:41:36,520 DEBUG [main] stencyl.sw.loc.LanguagePack: Reading... lang\en\behavior-blockhelp.lang
2015-12-10 09:41:36,520 DEBUG [main] stencyl.sw.loc.LanguagePack: Reading... lang\en\behavior-events.lang
2015-12-10 09:41:36,520 DEBUG [main] stencyl.sw.loc.LanguagePack: Reading... lang\en\behavior-code.lang
2015-12-10 09:41:36,520 DEBUG [main] stencyl.sw.loc.LanguagePack: Reading... lang\en\behavior-attributes.lang
2015-12-10 09:41:36,520 DEBUG [main] stencyl.sw.loc.LanguagePack: Reading... lang\en\behavior-create.lang
2015-12-10 09:41:36,520 DEBUG [main] stencyl.sw.loc.LanguagePack: Reading... lang\en\behavior-byob.lang
2015-12-10 09:41:36,535 DEBUG [main] stencyl.sw.loc.LanguagePack: Reading... lang\en\editor-actor-main.lang
2015-12-10 09:41:36,535 DEBUG [main] stencyl.sw.loc.LanguagePack: Reading... lang\en\editor-actor-physics.lang
2015-12-10 09:41:36,535 DEBUG [main] stencyl.sw.loc.LanguagePack: Reading... lang\en\editor-background.lang
2015-12-10 09:41:36,535 DEBUG [main] stencyl.sw.loc.LanguagePack: Reading... lang\en\editor-behaviorchooser.lang
2015-12-10 09:41:36,535 DEBUG [main] stencyl.sw.loc.LanguagePack: Reading... lang\en\editor-desktop.lang
2015-12-10 09:41:36,535 DEBUG [main] stencyl.sw.loc.LanguagePack: Reading... lang\en\editor-font.lang
2015-12-10 09:41:36,535 DEBUG [main] stencyl.sw.loc.LanguagePack: Reading... lang\en\editor-sound.lang
2015-12-10 09:41:36,535 DEBUG [main] stencyl.sw.loc.LanguagePack: Reading... lang\en\editor-tileset.lang
2015-12-10 09:41:36,535 DEBUG [main] stencyl.sw.loc.LanguagePack: Reading... lang\en\editor-preloader.lang
2015-12-10 09:41:36,535 DEBUG [main] stencyl.sw.loc.LanguagePack: Reading... lang\en\editor-mobile.lang
2015-12-10 09:41:36,535 DEBUG [main] stencyl.sw.loc.LanguagePack: Reading... lang\en\editor-groups.lang
2015-12-10 09:41:36,535 DEBUG [main] stencyl.sw.loc.LanguagePack: Reading... lang\en\editor-attributes.lang
2015-12-10 09:41:36,535 DEBUG [main] stencyl.sw.loc.LanguagePack: Reading... lang\en\editor-input.lang
2015-12-10 09:41:36,535 DEBUG [main] stencyl.sw.loc.LanguagePack: Reading... lang\en\editor-animation.lang
2015-12-10 09:41:36,535 DEBUG [main] stencyl.sw.loc.LanguagePack: Reading... lang\en\editor-scene-main.lang
2015-12-10 09:41:36,535 DEBUG [main] stencyl.sw.loc.LanguagePack: Reading... lang\en\editor-scene-create.lang
2015-12-10 09:41:36,535 DEBUG [main] stencyl.sw.loc.LanguagePack: Reading... lang\en\editor-scene-tools.lang
2015-12-10 09:41:36,535 INFO  [AWT-EventQueue-0] stencyl.sw.SW: Initializing Stencyl.
2015-12-10 09:41:36,816 DEBUG [AWT-EventQueue-0] stencyl.sw.Splash: Set Splash message: Look
2015-12-10 09:42:23,915 INFO  [AWT-EventQueue-0] stencyl.sw.ext.ExtensionDependencyManager: Haxelib actuate 1.6.5
2015-12-10 09:42:23,918 INFO  [AWT-EventQueue-0] stencyl.sw.ext.ExtensionDependencyManager: Haxelib box2d 1.11.0
2015-12-10 09:42:24,058 INFO  [AWT-EventQueue-0] stencyl.sw.ext.ExtensionDependencyManager: Haxelib box2d-fake 1.11.0
2015-12-10 09:42:24,060 INFO  [AWT-EventQueue-0] stencyl.sw.ext.ExtensionDependencyManager: Haxelib console 1.0.0
2015-12-10 09:42:24,063 INFO  [AWT-EventQueue-0] stencyl.sw.ext.ExtensionDependencyManager: Haxelib format 3.1.2
2015-12-10 09:42:24,190 INFO  [AWT-EventQueue-0] stencyl.sw.ext.ExtensionDependencyManager: Haxelib hxcpp 3.2.0
2015-12-10 09:42:24,335 INFO  [AWT-EventQueue-0] stencyl.sw.ext.ExtensionDependencyManager: Haxelib hxtelemetry 0.3.1
2015-12-10 09:42:24,492 INFO  [AWT-EventQueue-0] stencyl.sw.ext.ExtensionDependencyManager: Haxelib layout 1.1.0
2015-12-10 09:42:24,859 INFO  [AWT-EventQueue-0] stencyl.sw.ext.ExtensionDependencyManager: Haxelib lime 2.6.8
2015-12-10 09:42:24,904 INFO  [AWT-EventQueue-0] stencyl.sw.ext.ExtensionDependencyManager: Haxelib openfl 3.3.8
2015-12-10 09:42:24,934 INFO  [AWT-EventQueue-0] stencyl.sw.ext.ExtensionDependencyManager: Haxelib polygonal-ds 1.4.1
2015-12-10 09:42:24,956 INFO  [AWT-EventQueue-0] stencyl.sw.ext.ExtensionDependencyManager: Haxelib polygonal-printf 1.0.0.beta
2015-12-10 09:42:25,049 INFO  [AWT-EventQueue-0] stencyl.sw.ext.ExtensionDependencyManager: Haxelib stencyl 1.0.0
2015-12-10 09:42:25,111 INFO  [AWT-EventQueue-0] stencyl.sw.ext.ExtensionDependencyManager: Haxelib stencyl-cppia 1.0.0
2015-12-10 09:42:25,136 INFO  [AWT-EventQueue-0] stencyl.sw.ext.ExtensionDependencyManager: Haxelib svg 1.0.8
2015-12-10 09:42:25,191 INFO  [AWT-EventQueue-0] stencyl.sw.ext.ExtensionDependencyManager: Haxelib swf 1.7.4
2015-12-10 09:42:25,218 INFO  [AWT-EventQueue-0] stencyl.sw.ext.ExtensionDependencyManager: Haxelib tilelayer 0.2.1
2015-12-10 09:42:25,271 DEBUG [AWT-EventQueue-0] stencyl.sw.util.FileHelper: Matching (non-hidden) files within C:\Users\rmills0865\AppData\Roaming\Stencyl\stencylworks\extensions: []
2015-12-10 09:42:25,271 DEBUG [AWT-EventQueue-0] stencyl.sw.util.FileHelper: Matching (non-hidden) files within C:\Users\rmills0865\AppData\Roaming\Stencyl\stencylworks\extensions: []
2015-12-10 09:42:25,271 DEBUG [AWT-EventQueue-0] stencyl.sw.editors.game.advanced.EngineExtensionManager: Loading engine extensions...
2015-12-10 09:42:26,065 DEBUG [AWT-EventQueue-0] stencyl.sw.util.FileHelper: Directories within C:\Users\rmills0865\AppData\Roaming\Stencyl\stencylworks\engine-extensions: [C:\Users\rmills0865\AppData\Roaming\Stencyl\stencylworks\engine-extensions\ads, C:\Users\rmills0865\AppData\Roaming\Stencyl\stencylworks\engine-extensions\gamecenter, C:\Users\rmills0865\AppData\Roaming\Stencyl\stencylworks\engine-extensions\gestures, C:\Users\rmills0865\AppData\Roaming\Stencyl\stencylworks\engine-extensions\google, C:\Users\rmills0865\AppData\Roaming\Stencyl\stencylworks\engine-extensions\hypertouch, C:\Users\rmills0865\AppData\Roaming\Stencyl\stencylworks\engine-extensions\joystick, C:\Users\rmills0865\AppData\Roaming\Stencyl\stencylworks\engine-extensions\label, C:\Users\rmills0865\AppData\Roaming\Stencyl\stencylworks\engine-extensions\native, C:\Users\rmills0865\AppData\Roaming\Stencyl\stencylworks\engine-extensions\purchases, C:\Users\rmills0865\AppData\Roaming\Stencyl\stencylworks\engine-extensions\test, C:\Users\rmills0865\AppData\Roaming\Stencyl\stencylworks\engine-extensions\test-flash, C:\Users\rmills0865\AppData\Roaming\Stencyl\stencylworks\engine-extensions\test-native, C:\Users\rmills0865\AppData\Roaming\Stencyl\stencylworks\engine-extensions\tileapi]
2015-12-10 09:42:26,065 DEBUG [AWT-EventQueue-0] stencyl.sw.editors.game.advanced.EngineExtensionManager: ads is a core engine extension. Skip.
2015-12-10 09:42:26,065 DEBUG [AWT-EventQueue-0] stencyl.sw.editors.game.advanced.EngineExtensionManager: gamecenter is a core engine extension. Skip.
2015-12-10 09:42:26,065 DEBUG [AWT-EventQueue-0] stencyl.sw.editors.game.advanced.EngineExtensionManager: gestures is a core engine extension. Skip.
2015-12-10 09:42:26,160 DEBUG [AWT-EventQueue-0] stencyl.sw.editors.game.advanced.EngineExtensionManager: google is not a valid engine extension. Skip.
2015-12-10 09:42:26,160 DEBUG [AWT-EventQueue-0] stencyl.sw.editors.game.advanced.EngineExtensionManager: hypertouch is a core engine extension. Skip.
2015-12-10 09:42:26,160 DEBUG [AWT-EventQueue-0] stencyl.sw.editors.game.advanced.EngineExtensionManager: joystick is a core engine extension. Skip.
2015-12-10 09:42:26,234 DEBUG [AWT-EventQueue-0] stencyl.sw.editors.game.advanced.EngineExtensionManager: label is engine extension: Labels (1.0.0).
2015-12-10 09:42:26,234 DEBUG [AWT-EventQueue-0] stencyl.sw.editors.game.advanced.EngineExtensionManager: native is a core engine extension. Skip.
2015-12-10 09:42:26,234 DEBUG [AWT-EventQueue-0] stencyl.sw.editors.game.advanced.EngineExtensionManager: purchases is a core engine extension. Skip.
2015-12-10 09:42:26,259 DEBUG [AWT-EventQueue-0] stencyl.sw.editors.game.advanced.EngineExtensionManager: test is engine extension: Test Extension (1.0.0).
2015-12-10 09:42:26,262 DEBUG [AWT-EventQueue-0] stencyl.sw.editors.game.advanced.EngineExtensionManager: test-flash is engine extension: Test Extension (Flash SWF) (1.0.0).
2015-12-10 09:42:26,284 DEBUG [AWT-EventQueue-0] stencyl.sw.editors.game.advanced.EngineExtensionManager: test-native is engine extension: Test Extension (Native) (1.0.0).
2015-12-10 09:42:26,417 DEBUG [AWT-EventQueue-0] stencyl.sw.editors.game.advanced.EngineExtensionManager: tileapi is engine extension: Tile API (1.0.0).
2015-12-10 09:42:26,417 INFO  [AWT-EventQueue-0] stencyl.sw.editors.game.advanced.EngineExtensionManager: Engine Extensions: [Labels (1.0.0), Test Extension (1.0.0), Test Extension (Flash SWF) (1.0.0), Test Extension (Native) (1.0.0), Tile API (1.0.0)]
2015-12-10 09:42:26,417 WARN  [AWT-EventQueue-0] stencyl.sw.app.ExtensionManager: Couldn't load extension settings.
2015-12-10 09:42:26,701 INFO  [AWT-EventQueue-0] stencyl.sw.app.ExtensionManager: Toolset Extensions: []
2015-12-10 09:42:34,668 DEBUG [AWT-EventQueue-0] stencyl.sw.app.doc.Workspace: Activated: Welcome Center
2015-12-10 09:42:34,699 DEBUG [AWT-EventQueue-0] stencyl.sw.app.App: Silent Authentication.
2015-12-10 09:42:34,699 DEBUG [AWT-EventQueue-0] stencyl.sw.Splash: Dispose Splash
2015-12-10 09:42:38,173 DEBUG [pool-1-thread-1] stencyl.sw.app.tasks.AuthenticateTask: Response: guest
2015-12-10 09:42:38,173 INFO  [pool-1-thread-1] stencyl.sw.app.tasks.AuthenticateTask: Could not log in. Check your login credentials.
2015-12-10 09:45:03,246 INFO  [AWT-EventQueue-0] stencyl.sw.app.App: Attempting to quit out of Stencyl.
2015-12-10 09:45:03,402 DEBUG [AWT-EventQueue-0] stencyl.sw.util.Util: Running command: [taskkill, /im, neko.exe, /f]
2015-12-10 09:45:08,001 DEBUG [Thread-6] stencyl.sw.util.StreamGobbler: [taskkill] ERROR: The process "neko.exe" not found.
2015-12-10 09:45:08,001 DEBUG [AWT-EventQueue-0] stencyl.sw.util.Util: Process 'taskkill' exited with code: 128
2015-12-10 09:45:08,001 DEBUG [AWT-EventQueue-0] stencyl.sw.util.Util: Running command: [taskkill, /im, adb.exe, /f]
2015-12-10 09:45:08,111 DEBUG [Thread-7] stencyl.sw.util.StreamGobbler: [taskkill] ERROR: The process "adb.exe" not found.
2015-12-10 09:45:08,126 DEBUG [AWT-EventQueue-0] stencyl.sw.util.Util: Process 'taskkill' exited with code: 128
2015-12-10 09:45:08,126 DEBUG [AWT-EventQueue-0] stencyl.sw.util.Util: Running command: [taskkill, /im, arm-linux-androideabi-g++.exe, /f]
2015-12-10 09:45:08,204 DEBUG [Thread-8] stencyl.sw.util.StreamGobbler: [taskkill] ERROR: The process "arm-linux-androideabi-g++.exe" not found.
2015-12-10 09:45:08,204 DEBUG [AWT-EventQueue-0] stencyl.sw.util.Util: Process 'taskkill' exited with code: 128
2015-12-10 09:45:08,204 DEBUG [AWT-EventQueue-0] stencyl.sw.util.Util: Running command: [taskkill, /im, cc1plus.exe, /f]
2015-12-10 09:45:08,282 DEBUG [Thread-9] stencyl.sw.util.StreamGobbler: [taskkill] ERROR: The process "cc1plus.exe" not found.
2015-12-10 09:45:08,282 DEBUG [AWT-EventQueue-0] stencyl.sw.util.Util: Process 'taskkill' exited with code: 128
2015-12-10 09:45:08,282 DEBUG [AWT-EventQueue-0] stencyl.sw.util.Util: Running command: [taskkill, /im, tail.exe, /f]
2015-12-10 09:45:08,391 DEBUG [Thread-10] stencyl.sw.util.StreamGobbler: [taskkill] ERROR: The process "tail.exe" not found.
2015-12-10 09:45:08,391 DEBUG [AWT-EventQueue-0] stencyl.sw.util.Util: Process 'taskkill' exited with code: 128
2015-12-10 09:45:08,391 DEBUG [AWT-EventQueue-0] stencyl.sw.util.Util: Running command: [taskkill, /im, ios-sim.exe, /f]
2015-12-10 09:45:08,469 DEBUG [Thread-11] stencyl.sw.util.StreamGobbler: [taskkill] ERROR: The process "ios-sim.exe" not found.
2015-12-10 09:45:08,469 DEBUG [AWT-EventQueue-0] stencyl.sw.util.Util: Process 'taskkill' exited with code: 128
2015-12-10 09:45:08,469 DEBUG [AWT-EventQueue-0] stencyl.sw.app.App: Destroying extensions.
2015-12-10 09:45:08,469 DEBUG [AWT-EventQueue-0] stencyl.sw.app.App: Performing final close.
2015-12-10 09:45:08,469 INFO  [AWT-EventQueue-0] stencyl.sw.app.App: Exiting...
2015-12-10 09:45:08,469 DEBUG [AWT-EventQueue-0] stencyl.sw.app.App: Destroying Temporary Sandbox.
2015-12-10 09:45:08,469 DEBUG [AWT-EventQueue-0] stencyl.sw.util.FileHelper: Deleting: C:\Users\rmills0865\AppData\Local\Temp\stencyl2756351966213526493
