2015-11-30 10:40:03,025 INFO  [main] stencyl.sw.Session: Logfile: C:\Users\rmills0865\AppData\Roaming\Stencyl\stencylworks\logs\2015-11-30_10-40-02.log
2015-11-30 10:40:03,032 INFO  [main] stencyl.sw.Session: OS Name: Windows 7
2015-11-30 10:40:03,032 INFO  [main] stencyl.sw.Session: OS Version: 6.1 (64-bit)
2015-11-30 10:40:03,033 INFO  [main] stencyl.sw.Session: Java Version: 1.8.0_60
2015-11-30 10:40:03,033 INFO  [main] stencyl.sw.Session: Stencyl Version: 3.3.2 (b8734)
2015-11-30 10:40:03,033 INFO  [main] stencyl.sw.Session: Stencyl Workspace: C:\Users\rmills0865\AppData\Roaming\Stencyl\
2015-11-30 10:40:03,034 INFO  [main] stencyl.sw.Session: User Working Directory: C:\Program Files (x86)\Stencyl
2015-11-30 10:40:03,034 INFO  [main] stencyl.sw.Session: User Home Directory: C:\Users\rmills0865
2015-11-30 10:40:03,034 INFO  [main] stencyl.sw.Session: System Path: C:\ProgramData\Oracle\Java\javapath;C:\Program Files (x86)\Intel\iCLS Client\;C:\Program Files\Intel\iCLS Client\;C:\Windows\system32;C:\Windows;C:\Windows\System32\Wbem;C:\Windows\System32\WindowsPowerShell\v1.0\;C:\Windows\CCM;C:\Program Files\Intel\Intel(R) Management Engine Components\DAL;C:\Program Files\Intel\Intel(R) Management Engine Components\IPT;C:\Program Files (x86)\Intel\Intel(R) Management Engine Components\DAL;C:\Program Files (x86)\Intel\Intel(R) Management Engine Components\IPT;C:\Program Files (x86)\QuickTime\QTSystem\;C:\Program Files (x86)\Stencyl\runtimes\jre-win\bin
2015-11-30 10:40:03,117 DEBUG [main] stencyl.sw.util.FileHelper: Deleting: C:\Users\RMILLS~1\AppData\Local\Temp\stencyl2008981009964830765
2015-11-30 10:40:03,119 DEBUG [main] stencyl.sw.loc.LanguagePack: Reading... lang\en\global-phrases.lang
2015-11-30 10:40:03,124 DEBUG [main] stencyl.sw.loc.LanguagePack: Reading... lang\en\global-errors.lang
2015-11-30 10:40:03,126 DEBUG [main] stencyl.sw.loc.LanguagePack: Reading... lang\en\global-menu.lang
2015-11-30 10:40:03,129 DEBUG [main] stencyl.sw.loc.LanguagePack: Reading... lang\en\global-welcome.lang
2015-11-30 10:40:03,131 DEBUG [main] stencyl.sw.loc.LanguagePack: Reading... lang\en\global-dashboard.lang
2015-11-30 10:40:03,133 DEBUG [main] stencyl.sw.loc.LanguagePack: Reading... lang\en\global-publish.lang
2015-11-30 10:40:03,134 DEBUG [main] stencyl.sw.loc.LanguagePack: Reading... lang\en\global-updater.lang
2015-11-30 10:40:03,135 DEBUG [main] stencyl.sw.loc.LanguagePack: Reading... lang\en\global-chat.lang
2015-11-30 10:40:03,135 DEBUG [main] stencyl.sw.loc.LanguagePack: Reading... lang\en\global-misc.lang
2015-11-30 10:40:03,137 DEBUG [main] stencyl.sw.loc.LanguagePack: Reading... lang\en\global-forge.lang
2015-11-30 10:40:03,138 DEBUG [main] stencyl.sw.loc.LanguagePack: Reading... lang\en\global-prefs.lang
2015-11-30 10:40:03,138 DEBUG [main] stencyl.sw.loc.LanguagePack: Reading... lang\en\global-creategame.lang
2015-11-30 10:40:03,139 DEBUG [main] stencyl.sw.loc.LanguagePack: Reading... lang\en\behavior-main.lang
2015-11-30 10:40:03,151 DEBUG [main] stencyl.sw.loc.LanguagePack: Reading... lang\en\behavior-blocks.lang
2015-11-30 10:40:03,159 DEBUG [main] stencyl.sw.loc.LanguagePack: Reading... lang\en\behavior-blockhelp.lang
2015-11-30 10:40:03,162 DEBUG [main] stencyl.sw.loc.LanguagePack: Reading... lang\en\behavior-events.lang
2015-11-30 10:40:03,162 DEBUG [main] stencyl.sw.loc.LanguagePack: Reading... lang\en\behavior-code.lang
2015-11-30 10:40:03,163 DEBUG [main] stencyl.sw.loc.LanguagePack: Reading... lang\en\behavior-attributes.lang
2015-11-30 10:40:03,163 DEBUG [main] stencyl.sw.loc.LanguagePack: Reading... lang\en\behavior-create.lang
2015-11-30 10:40:03,164 DEBUG [main] stencyl.sw.loc.LanguagePack: Reading... lang\en\behavior-byob.lang
2015-11-30 10:40:03,164 DEBUG [main] stencyl.sw.loc.LanguagePack: Reading... lang\en\editor-actor-main.lang
2015-11-30 10:40:03,164 DEBUG [main] stencyl.sw.loc.LanguagePack: Reading... lang\en\editor-actor-physics.lang
2015-11-30 10:40:03,165 DEBUG [main] stencyl.sw.loc.LanguagePack: Reading... lang\en\editor-background.lang
2015-11-30 10:40:03,165 DEBUG [main] stencyl.sw.loc.LanguagePack: Reading... lang\en\editor-behaviorchooser.lang
2015-11-30 10:40:03,165 DEBUG [main] stencyl.sw.loc.LanguagePack: Reading... lang\en\editor-desktop.lang
2015-11-30 10:40:03,166 DEBUG [main] stencyl.sw.loc.LanguagePack: Reading... lang\en\editor-font.lang
2015-11-30 10:40:03,166 DEBUG [main] stencyl.sw.loc.LanguagePack: Reading... lang\en\editor-sound.lang
2015-11-30 10:40:03,167 DEBUG [main] stencyl.sw.loc.LanguagePack: Reading... lang\en\editor-tileset.lang
2015-11-30 10:40:03,167 DEBUG [main] stencyl.sw.loc.LanguagePack: Reading... lang\en\editor-preloader.lang
2015-11-30 10:40:03,167 DEBUG [main] stencyl.sw.loc.LanguagePack: Reading... lang\en\editor-mobile.lang
2015-11-30 10:40:03,168 DEBUG [main] stencyl.sw.loc.LanguagePack: Reading... lang\en\editor-groups.lang
2015-11-30 10:40:03,168 DEBUG [main] stencyl.sw.loc.LanguagePack: Reading... lang\en\editor-attributes.lang
2015-11-30 10:40:03,169 DEBUG [main] stencyl.sw.loc.LanguagePack: Reading... lang\en\editor-input.lang
2015-11-30 10:40:03,169 DEBUG [main] stencyl.sw.loc.LanguagePack: Reading... lang\en\editor-animation.lang
2015-11-30 10:40:03,170 DEBUG [main] stencyl.sw.loc.LanguagePack: Reading... lang\en\editor-scene-main.lang
2015-11-30 10:40:03,171 DEBUG [main] stencyl.sw.loc.LanguagePack: Reading... lang\en\editor-scene-create.lang
2015-11-30 10:40:03,171 DEBUG [main] stencyl.sw.loc.LanguagePack: Reading... lang\en\editor-scene-tools.lang
2015-11-30 10:40:03,171 DEBUG [main] stencyl.sw.loc.LanguagePack: Reading... lang\en\global-phrases.lang
2015-11-30 10:40:03,172 DEBUG [main] stencyl.sw.loc.LanguagePack: Reading... lang\en\global-errors.lang
2015-11-30 10:40:03,172 DEBUG [main] stencyl.sw.loc.LanguagePack: Reading... lang\en\global-menu.lang
2015-11-30 10:40:03,173 DEBUG [main] stencyl.sw.loc.LanguagePack: Reading... lang\en\global-welcome.lang
2015-11-30 10:40:03,173 DEBUG [main] stencyl.sw.loc.LanguagePack: Reading... lang\en\global-dashboard.lang
2015-11-30 10:40:03,174 DEBUG [main] stencyl.sw.loc.LanguagePack: Reading... lang\en\global-publish.lang
2015-11-30 10:40:03,174 DEBUG [main] stencyl.sw.loc.LanguagePack: Reading... lang\en\global-updater.lang
2015-11-30 10:40:03,175 DEBUG [main] stencyl.sw.loc.LanguagePack: Reading... lang\en\global-chat.lang
2015-11-30 10:40:03,175 DEBUG [main] stencyl.sw.loc.LanguagePack: Reading... lang\en\global-misc.lang
2015-11-30 10:40:03,176 DEBUG [main] stencyl.sw.loc.LanguagePack: Reading... lang\en\global-forge.lang
2015-11-30 10:40:03,176 DEBUG [main] stencyl.sw.loc.LanguagePack: Reading... lang\en\global-prefs.lang
2015-11-30 10:40:03,176 DEBUG [main] stencyl.sw.loc.LanguagePack: Reading... lang\en\global-creategame.lang
2015-11-30 10:40:03,177 DEBUG [main] stencyl.sw.loc.LanguagePack: Reading... lang\en\behavior-main.lang
2015-11-30 10:40:03,177 DEBUG [main] stencyl.sw.loc.LanguagePack: Reading... lang\en\behavior-blocks.lang
2015-11-30 10:40:03,180 DEBUG [main] stencyl.sw.loc.LanguagePack: Reading... lang\en\behavior-blockhelp.lang
2015-11-30 10:40:03,182 DEBUG [main] stencyl.sw.loc.LanguagePack: Reading... lang\en\behavior-events.lang
2015-11-30 10:40:03,182 DEBUG [main] stencyl.sw.loc.LanguagePack: Reading... lang\en\behavior-code.lang
2015-11-30 10:40:03,183 DEBUG [main] stencyl.sw.loc.LanguagePack: Reading... lang\en\behavior-attributes.lang
2015-11-30 10:40:03,183 DEBUG [main] stencyl.sw.loc.LanguagePack: Reading... lang\en\behavior-create.lang
2015-11-30 10:40:03,183 DEBUG [main] stencyl.sw.loc.LanguagePack: Reading... lang\en\behavior-byob.lang
2015-11-30 10:40:03,184 DEBUG [main] stencyl.sw.loc.LanguagePack: Reading... lang\en\editor-actor-main.lang
2015-11-30 10:40:03,184 DEBUG [main] stencyl.sw.loc.LanguagePack: Reading... lang\en\editor-actor-physics.lang
2015-11-30 10:40:03,184 DEBUG [main] stencyl.sw.loc.LanguagePack: Reading... lang\en\editor-background.lang
2015-11-30 10:40:03,185 DEBUG [main] stencyl.sw.loc.LanguagePack: Reading... lang\en\editor-behaviorchooser.lang
2015-11-30 10:40:03,185 DEBUG [main] stencyl.sw.loc.LanguagePack: Reading... lang\en\editor-desktop.lang
2015-11-30 10:40:03,186 DEBUG [main] stencyl.sw.loc.LanguagePack: Reading... lang\en\editor-font.lang
2015-11-30 10:40:03,186 DEBUG [main] stencyl.sw.loc.LanguagePack: Reading... lang\en\editor-sound.lang
2015-11-30 10:40:03,186 DEBUG [main] stencyl.sw.loc.LanguagePack: Reading... lang\en\editor-tileset.lang
2015-11-30 10:40:03,187 DEBUG [main] stencyl.sw.loc.LanguagePack: Reading... lang\en\editor-preloader.lang
2015-11-30 10:40:03,187 DEBUG [main] stencyl.sw.loc.LanguagePack: Reading... lang\en\editor-mobile.lang
2015-11-30 10:40:03,188 DEBUG [main] stencyl.sw.loc.LanguagePack: Reading... lang\en\editor-groups.lang
2015-11-30 10:40:03,188 DEBUG [main] stencyl.sw.loc.LanguagePack: Reading... lang\en\editor-attributes.lang
2015-11-30 10:40:03,189 DEBUG [main] stencyl.sw.loc.LanguagePack: Reading... lang\en\editor-input.lang
2015-11-30 10:40:03,189 DEBUG [main] stencyl.sw.loc.LanguagePack: Reading... lang\en\editor-animation.lang
2015-11-30 10:40:03,190 DEBUG [main] stencyl.sw.loc.LanguagePack: Reading... lang\en\editor-scene-main.lang
2015-11-30 10:40:03,191 DEBUG [main] stencyl.sw.loc.LanguagePack: Reading... lang\en\editor-scene-create.lang
2015-11-30 10:40:03,191 DEBUG [main] stencyl.sw.loc.LanguagePack: Reading... lang\en\editor-scene-tools.lang
2015-11-30 10:40:03,192 INFO  [AWT-EventQueue-0] stencyl.sw.SW: Initializing Stencyl.
2015-11-30 10:40:03,196 DEBUG [AWT-EventQueue-0] stencyl.sw.Splash: Set Splash message: Look
2015-11-30 10:40:03,817 INFO  [AWT-EventQueue-0] stencyl.sw.ext.ExtensionDependencyManager: Haxelib actuate 1.6.5
2015-11-30 10:40:03,818 INFO  [AWT-EventQueue-0] stencyl.sw.ext.ExtensionDependencyManager: Haxelib box2d 1.11.0
2015-11-30 10:40:03,820 INFO  [AWT-EventQueue-0] stencyl.sw.ext.ExtensionDependencyManager: Haxelib box2d-fake 1.11.0
2015-11-30 10:40:03,821 INFO  [AWT-EventQueue-0] stencyl.sw.ext.ExtensionDependencyManager: Haxelib console 1.0.0
2015-11-30 10:40:03,822 INFO  [AWT-EventQueue-0] stencyl.sw.ext.ExtensionDependencyManager: Haxelib format 3.1.2
2015-11-30 10:40:03,822 INFO  [AWT-EventQueue-0] stencyl.sw.ext.ExtensionDependencyManager: Haxelib hxcpp 3.2.0
2015-11-30 10:40:03,823 INFO  [AWT-EventQueue-0] stencyl.sw.ext.ExtensionDependencyManager: Haxelib hxtelemetry 0.3.1
2015-11-30 10:40:03,824 INFO  [AWT-EventQueue-0] stencyl.sw.ext.ExtensionDependencyManager: Haxelib layout 1.1.0
2015-11-30 10:40:03,824 INFO  [AWT-EventQueue-0] stencyl.sw.ext.ExtensionDependencyManager: Haxelib lime 2.6.8
2015-11-30 10:40:03,825 INFO  [AWT-EventQueue-0] stencyl.sw.ext.ExtensionDependencyManager: Haxelib openfl 3.3.8
2015-11-30 10:40:03,826 INFO  [AWT-EventQueue-0] stencyl.sw.ext.ExtensionDependencyManager: Haxelib polygonal-ds 1.4.1
2015-11-30 10:40:03,827 INFO  [AWT-EventQueue-0] stencyl.sw.ext.ExtensionDependencyManager: Haxelib polygonal-printf 1.0.0.beta
2015-11-30 10:40:03,828 INFO  [AWT-EventQueue-0] stencyl.sw.ext.ExtensionDependencyManager: Haxelib stencyl 1.0.0
2015-11-30 10:40:03,829 INFO  [AWT-EventQueue-0] stencyl.sw.ext.ExtensionDependencyManager: Haxelib stencyl-cppia 1.0.0
2015-11-30 10:40:03,829 INFO  [AWT-EventQueue-0] stencyl.sw.ext.ExtensionDependencyManager: Haxelib svg 1.0.8
2015-11-30 10:40:03,830 INFO  [AWT-EventQueue-0] stencyl.sw.ext.ExtensionDependencyManager: Haxelib swf 1.7.4
2015-11-30 10:40:03,831 INFO  [AWT-EventQueue-0] stencyl.sw.ext.ExtensionDependencyManager: Haxelib tilelayer 0.2.1
2015-11-30 10:40:03,848 DEBUG [AWT-EventQueue-0] stencyl.sw.util.FileHelper: Matching (non-hidden) files within C:\Users\rmills0865\AppData\Roaming\Stencyl\stencylworks\extensions: []
2015-11-30 10:40:03,849 DEBUG [AWT-EventQueue-0] stencyl.sw.util.FileHelper: Matching (non-hidden) files within C:\Users\rmills0865\AppData\Roaming\Stencyl\stencylworks\extensions: []
2015-11-30 10:40:03,849 DEBUG [AWT-EventQueue-0] stencyl.sw.editors.game.advanced.EngineExtensionManager: Loading engine extensions...
2015-11-30 10:40:03,851 DEBUG [AWT-EventQueue-0] stencyl.sw.util.FileHelper: Directories within C:\Users\rmills0865\AppData\Roaming\Stencyl\stencylworks\engine-extensions: [C:\Users\rmills0865\AppData\Roaming\Stencyl\stencylworks\engine-extensions\ads, C:\Users\rmills0865\AppData\Roaming\Stencyl\stencylworks\engine-extensions\gamecenter, C:\Users\rmills0865\AppData\Roaming\Stencyl\stencylworks\engine-extensions\gestures, C:\Users\rmills0865\AppData\Roaming\Stencyl\stencylworks\engine-extensions\google, C:\Users\rmills0865\AppData\Roaming\Stencyl\stencylworks\engine-extensions\hypertouch, C:\Users\rmills0865\AppData\Roaming\Stencyl\stencylworks\engine-extensions\joystick, C:\Users\rmills0865\AppData\Roaming\Stencyl\stencylworks\engine-extensions\label, C:\Users\rmills0865\AppData\Roaming\Stencyl\stencylworks\engine-extensions\native, C:\Users\rmills0865\AppData\Roaming\Stencyl\stencylworks\engine-extensions\purchases, C:\Users\rmills0865\AppData\Roaming\Stencyl\stencylworks\engine-extensions\test, C:\Users\rmills0865\AppData\Roaming\Stencyl\stencylworks\engine-extensions\test-flash, C:\Users\rmills0865\AppData\Roaming\Stencyl\stencylworks\engine-extensions\test-native, C:\Users\rmills0865\AppData\Roaming\Stencyl\stencylworks\engine-extensions\tileapi]
2015-11-30 10:40:03,851 DEBUG [AWT-EventQueue-0] stencyl.sw.editors.game.advanced.EngineExtensionManager: ads is a core engine extension. Skip.
2015-11-30 10:40:03,851 DEBUG [AWT-EventQueue-0] stencyl.sw.editors.game.advanced.EngineExtensionManager: gamecenter is a core engine extension. Skip.
2015-11-30 10:40:03,851 DEBUG [AWT-EventQueue-0] stencyl.sw.editors.game.advanced.EngineExtensionManager: gestures is a core engine extension. Skip.
2015-11-30 10:40:03,853 DEBUG [AWT-EventQueue-0] stencyl.sw.editors.game.advanced.EngineExtensionManager: google is not a valid engine extension. Skip.
2015-11-30 10:40:03,853 DEBUG [AWT-EventQueue-0] stencyl.sw.editors.game.advanced.EngineExtensionManager: hypertouch is a core engine extension. Skip.
2015-11-30 10:40:03,853 DEBUG [AWT-EventQueue-0] stencyl.sw.editors.game.advanced.EngineExtensionManager: joystick is a core engine extension. Skip.
2015-11-30 10:40:03,854 DEBUG [AWT-EventQueue-0] stencyl.sw.editors.game.advanced.EngineExtensionManager: label is engine extension: Labels (1.0.0).
2015-11-30 10:40:03,855 DEBUG [AWT-EventQueue-0] stencyl.sw.editors.game.advanced.EngineExtensionManager: native is a core engine extension. Skip.
2015-11-30 10:40:03,855 DEBUG [AWT-EventQueue-0] stencyl.sw.editors.game.advanced.EngineExtensionManager: purchases is a core engine extension. Skip.
2015-11-30 10:40:03,855 DEBUG [AWT-EventQueue-0] stencyl.sw.editors.game.advanced.EngineExtensionManager: test is engine extension: Test Extension (1.0.0).
2015-11-30 10:40:03,856 DEBUG [AWT-EventQueue-0] stencyl.sw.editors.game.advanced.EngineExtensionManager: test-flash is engine extension: Test Extension (Flash SWF) (1.0.0).
2015-11-30 10:40:03,857 DEBUG [AWT-EventQueue-0] stencyl.sw.editors.game.advanced.EngineExtensionManager: test-native is engine extension: Test Extension (Native) (1.0.0).
2015-11-30 10:40:03,858 DEBUG [AWT-EventQueue-0] stencyl.sw.editors.game.advanced.EngineExtensionManager: tileapi is engine extension: Tile API (1.0.0).
2015-11-30 10:40:03,858 INFO  [AWT-EventQueue-0] stencyl.sw.editors.game.advanced.EngineExtensionManager: Engine Extensions: [Labels (1.0.0), Test Extension (1.0.0), Test Extension (Flash SWF) (1.0.0), Test Extension (Native) (1.0.0), Tile API (1.0.0)]
2015-11-30 10:40:03,859 WARN  [AWT-EventQueue-0] stencyl.sw.app.ExtensionManager: Couldn't load extension settings.
2015-11-30 10:40:03,861 INFO  [AWT-EventQueue-0] stencyl.sw.app.ExtensionManager: Toolset Extensions: []
2015-11-30 10:40:04,032 DEBUG [AWT-EventQueue-0] stencyl.sw.app.doc.Workspace: Activated: Welcome Center
2015-11-30 10:40:04,035 DEBUG [AWT-EventQueue-0] stencyl.sw.app.App: Silent Authentication.
2015-11-30 10:40:04,036 DEBUG [AWT-EventQueue-0] stencyl.sw.Splash: Dispose Splash
2015-11-30 10:40:04,164 DEBUG [pool-1-thread-1] stencyl.sw.app.tasks.AuthenticateTask: Response: guest
2015-11-30 10:40:04,165 INFO  [pool-1-thread-1] stencyl.sw.app.tasks.AuthenticateTask: Could not log in. Check your login credentials.
2015-11-30 10:40:11,405 DEBUG [AWT-EventQueue-0] stencyl.sw.util.FileHelper: Deleting: C:\Users\rmills0865\AppData\Local\Temp\stencyl2008981009964830765\sandbox\test\temp
2015-11-30 10:40:11,407 DEBUG [AWT-EventQueue-0] stencyl.sw.util.FileHelper: Deleting: C:\Users\rmills0865\AppData\Roaming\Stencyl\stencylworks\preview\scripts
2015-11-30 10:40:11,416 DEBUG [AWT-EventQueue-0] stencyl.sw.util.FileHelper: Deleting: C:\Users\rmills0865\AppData\Roaming\Stencyl\stencylworks\preview\game
2015-11-30 10:40:11,417 INFO  [AWT-EventQueue-0] stencyl.sw.app.tasks.OpenGameTask: Opening game: project3
2015-11-30 10:40:11,618 DEBUG [pool-1-thread-1] stencyl.core.lib.Game: Loading scene-specific snippet. SceneID: 0
2015-11-30 10:40:11,651 DEBUG [pool-1-thread-1] stencyl.core.lib.ResourceList: Initializing... 1 : Ball
2015-11-30 10:40:11,682 DEBUG [pool-1-thread-1] stencyl.core.lib.ResourceList: Initializing... 48 : Coin
2015-11-30 10:40:11,684 DEBUG [pool-1-thread-1] stencyl.core.lib.ResourceList: Initializing... 49 : coin1
2015-11-30 10:40:11,690 DEBUG [pool-1-thread-1] stencyl.core.lib.ResourceList: Initializing... 0 : Hero
2015-11-30 10:40:11,690 DEBUG [pool-1-thread-1] stencyl.core.lib.ResourceList: Initializing... 47 : Switch Activated
2015-11-30 10:40:11,691 DEBUG [pool-1-thread-1] stencyl.core.lib.ResourceList: Initializing... 31 : Tiles
2015-11-30 10:40:11,701 DEBUG [pool-1-thread-1] stencyl.core.engine.sound.ISoundClip: Loading Sound 47
2015-11-30 10:40:11,808 DEBUG [AWT-EventQueue-0] stencyl.core.lib.io.read.SceneReader: Reading header for Scene: 0 (Level 1) from: scenes\0.xml
2015-11-30 10:40:11,829 DEBUG [AWT-EventQueue-0] stencyl.core.lib.io.read.SceneReader: Reading header for Scene: 0 (Level 1) from: scenes\0.xml
2015-11-30 10:40:11,910 DEBUG [AWT-EventQueue-0] stencyl.sw.app.doc.Workspace: Activated: Dashboard
2015-11-30 10:40:11,911 DEBUG [AWT-EventQueue-0] stencyl.sw.util.FileHelper: Trying to delete file that does not exist: C:\Users\rmills0865\AppData\Local\Temp\stencyl2008981009964830765\sandbox\build\code
2015-11-30 10:40:11,911 DEBUG [AWT-EventQueue-0] stencyl.sw.util.FileHelper: Deleting: C:\Users\rmills0865\AppData\Local\Temp\stencyl2008981009964830765\sandbox\test\temp
2015-11-30 10:40:11,916 DEBUG [AWT-EventQueue-0] stencyl.core.lib.io.read.SceneReader: Reading header for Scene: 0 (Level 1) from: scenes\0.xml
2015-11-30 10:40:11,962 DEBUG [AWT-EventQueue-0] stencyl.sw.app.tasks.OpenGameTask: Took 545ms
2015-11-30 10:40:12,014 DEBUG [AWT-EventQueue-0] stencyl.sw.editors.game.attributes.AttributeTree: Loading attribute into tree: Score
2015-11-30 10:40:12,098 DEBUG [AWT-EventQueue-0] stencyl.sw.editors.game.cgroups.CollisionGroupTree: Loading actor group into tree: Actors
2015-11-30 10:40:12,106 DEBUG [AWT-EventQueue-0] stencyl.sw.editors.game.cgroups.CollisionGroupTree: Loading actor group into tree: Doodads
2015-11-30 10:40:12,113 DEBUG [AWT-EventQueue-0] stencyl.sw.editors.game.cgroups.CollisionGroupTree: Loading actor group into tree: Players
2015-11-30 10:40:12,118 DEBUG [AWT-EventQueue-0] stencyl.sw.editors.game.cgroups.CollisionGroupTree: Loading actor group into tree: Regions
2015-11-30 10:40:12,127 DEBUG [AWT-EventQueue-0] stencyl.sw.editors.game.cgroups.CollisionGroupTree: Loading actor group into tree: Tiles
2015-11-30 10:40:12,901 DEBUG [AWT-EventQueue-0] stencyl.core.lib.Atlas: Getting memory for atlas 0
2015-11-30 10:40:12,902 DEBUG [AWT-EventQueue-0] stencyl.core.lib.Atlas: Added resource 'Coin' to atlas 0
2015-11-30 10:40:12,902 DEBUG [AWT-EventQueue-0] stencyl.core.lib.Atlas: Added resource 'Hero' to atlas 0
2015-11-30 10:40:12,902 DEBUG [AWT-EventQueue-0] stencyl.core.lib.Atlas: Added resource 'Switch Activated' to atlas 0
2015-11-30 10:40:12,902 DEBUG [AWT-EventQueue-0] stencyl.core.lib.Atlas: Added resource 'Tiles' to atlas 0
2015-11-30 10:40:12,925 DEBUG [AWT-EventQueue-0] stencyl.core.lib.io.read.SceneReader: Reading header for Scene: 0 (Level 1) from: scenes\0.xml
2015-11-30 10:40:14,823 DEBUG [AWT-EventQueue-0] stencyl.sw.app.doc.Workspace: Loading Closed Resource: Level 1
2015-11-30 10:40:14,823 DEBUG [pool-1-thread-1] stencyl.core.lib.io.read.SceneReader: Reading header for Scene: 0 (Level 1) from: scenes\0.xml
2015-11-30 10:40:14,926 DEBUG [pool-1-thread-1] stencyl.sw.editors.scene.Designer: Brush Changed
2015-11-30 10:40:15,195 DEBUG [pool-1-thread-1] stencyl.sw.editors.snippet.designer.block.BlockSceneObjectChooser: Fetching element 1 from scene 0
2015-11-30 10:40:15,196 DEBUG [pool-1-thread-1] stencyl.core.lib.io.read.SceneReader: Reading header for Scene: 0 (Level 1) from: scenes\0.xml
2015-11-30 10:40:15,201 DEBUG [pool-1-thread-1] stencyl.sw.editors.snippet.designer.EditArea: Verifying Top Level... init
2015-11-30 10:40:15,201 DEBUG [pool-1-thread-1] stencyl.sw.editors.snippet.designer.block.BlockField: Result for: init - false
2015-11-30 10:40:15,207 DEBUG [pool-1-thread-1] stencyl.sw.editors.snippet.designer.EditArea: Verifying Top Level... draw
2015-11-30 10:40:15,207 DEBUG [pool-1-thread-1] stencyl.sw.editors.snippet.designer.block.BlockField: Result for: draw-text - true
2015-11-30 10:40:15,207 DEBUG [pool-1-thread-1] stencyl.sw.editors.snippet.designer.block.BlockField: Result for: draw-text - true
2015-11-30 10:40:15,207 DEBUG [pool-1-thread-1] stencyl.sw.editors.snippet.designer.block.BlockField: Result for: draw - false
2015-11-30 10:40:15,502 DEBUG [pool-1-thread-1] stencyl.sw.editors.snippet.designer.palette.Palette: Palette asked to refresh: Position
2015-11-30 10:40:15,567 DEBUG [pool-1-thread-1] stencyl.sw.editors.snippet.designer.palette.Palette: Palette asked to refresh: Conditions
2015-11-30 10:40:15,805 DEBUG [pool-1-thread-1] stencyl.sw.editors.snippet.designer.palette.Palette: Palette asked to refresh: Actors
2015-11-30 10:40:15,873 DEBUG [pool-1-thread-1] stencyl.sw.editors.snippet.designer.palette.Palette: Palette asked to refresh: Keyboard & Mouse
2015-11-30 10:40:15,929 DEBUG [pool-1-thread-1] stencyl.sw.editors.snippet.designer.palette.Palette: Palette asked to refresh: Math
2015-11-30 10:40:15,974 DEBUG [pool-1-thread-1] stencyl.sw.editors.snippet.designer.palette.Palette: Palette asked to refresh: Getters
2015-11-30 10:40:16,086 DEBUG [pool-1-thread-1] stencyl.sw.editors.snippet.designer.palette.Palette: Palette asked to refresh: Sound
2015-11-30 10:40:16,137 DEBUG [pool-1-thread-1] stencyl.sw.editors.snippet.designer.palette.Palette: Palette asked to refresh: Triggers
2015-11-30 10:40:16,181 DEBUG [pool-1-thread-1] stencyl.sw.editors.snippet.designer.palette.Palette: Palette asked to refresh: Web
2015-11-30 10:40:16,226 DEBUG [pool-1-thread-1] stencyl.sw.editors.snippet.designer.palette.Palette: Palette asked to refresh: Drawing
2015-11-30 10:40:16,257 DEBUG [pool-1-thread-1] stencyl.sw.editors.snippet.designer.palette.Palette: Palette asked to refresh: Basic
2015-11-30 10:40:16,263 DEBUG [pool-1-thread-1] stencyl.sw.editors.snippet.designer.palette.Palette: Palette asked to refresh: Custom
2015-11-30 10:40:16,265 DEBUG [pool-1-thread-1] stencyl.sw.editors.snippet.designer.palette.Palette: Palette asked to refresh: Extensions
2015-11-30 10:40:16,265 DEBUG [pool-1-thread-1] stencyl.sw.editors.snippet.designer.palette.Palette: Palette asked to refresh: Position
2015-11-30 10:40:16,358 DEBUG [pool-1-thread-1] stencyl.sw.editors.snippet.designer.EditArea: ContextSet for current event: [[s]com.stencyl.behavior.Script, [b]14, [e]14-1, [h]engine:com.stencyl.Engine, [c]com.stencyl.behavior.Script]
2015-11-30 10:40:16,358 DEBUG [pool-1-thread-1] stencyl.sw.editors.snippet.designer.palette.Palette: Palette asked to refresh: Position
2015-11-30 10:40:16,358 DEBUG [pool-1-thread-1] stencyl.sw.editors.snippet.designer.palette.Palette: Refreshing with context [[s]com.stencyl.behavior.Script, [b]14, [e]14-1, [h]engine:com.stencyl.Engine, [c]com.stencyl.behavior.Script]
2015-11-30 10:40:16,405 DEBUG [pool-1-thread-1] stencyl.sw.editors.snippet.designer.block.BlockSceneObjectChooser: Fetching element 1 from scene 0
2015-11-30 10:40:16,405 DEBUG [pool-1-thread-1] stencyl.core.lib.io.read.SceneReader: Reading header for Scene: 0 (Level 1) from: scenes\0.xml
2015-11-30 10:40:16,467 DEBUG [AWT-EventQueue-0] stencyl.sw.app.doc.Workspace: Activated: Level 1
2015-11-30 10:40:16,469 DEBUG [pool-1-thread-1] stencyl.sw.app.tasks.OpenResourceTask: Open Took 1646ms
2015-11-30 10:40:16,534 DEBUG [AWT-EventQueue-0] stencyl.sw.app.tasks.OpenResourceTask: Total Took 1711ms
2015-11-30 10:40:20,592 DEBUG [AWT-EventQueue-0] stencyl.sw.editors.snippet.designer.EditArea: ContextSet for current event: [[s]com.stencyl.behavior.Script, [b]14, [h]g:com.stencyl.graphics.G, [e]14-2, [h]engine:com.stencyl.Engine, [c]com.stencyl.behavior.Script]
2015-11-30 10:40:20,592 DEBUG [AWT-EventQueue-0] stencyl.sw.editors.snippet.designer.palette.Palette: Palette asked to refresh: Position
2015-11-30 10:40:20,593 DEBUG [AWT-EventQueue-0] stencyl.sw.editors.snippet.designer.palette.Palette: Refreshing with context [[s]com.stencyl.behavior.Script, [b]14, [h]g:com.stencyl.graphics.G, [e]14-2, [h]engine:com.stencyl.Engine, [c]com.stencyl.behavior.Script]
2015-11-30 10:40:20,709 DEBUG [AWT-EventQueue-0] stencyl.sw.editors.snippet.designer.EditArea: ContextSet for current event: [[s]com.stencyl.behavior.Script, [b]14, [h]g:com.stencyl.graphics.G, [e]14-2, [h]engine:com.stencyl.Engine, [c]com.stencyl.behavior.Script]
2015-11-30 10:40:20,709 DEBUG [AWT-EventQueue-0] stencyl.sw.editors.snippet.designer.palette.Palette: Palette asked to refresh: Position
2015-11-30 10:40:25,710 DEBUG [AWT-EventQueue-0] stencyl.sw.editors.scene.Designer: Brush Changed
2015-11-30 10:40:25,780 DEBUG [AWT-EventQueue-0] stencyl.sw.editors.scene.Designer: Brush Changed
2015-11-30 10:40:25,780 DEBUG [AWT-EventQueue-0] stencyl.sw.editors.scene.Designer: Brush Changed
2015-11-30 10:40:26,738 DEBUG [AWT-EventQueue-0] stencyl.sw.editors.scene.Designer: Brush Changed
2015-11-30 10:40:26,830 DEBUG [AWT-EventQueue-0] stencyl.sw.app.doc.Workspace: Loading Closed Resource: Hero
2015-11-30 10:40:27,051 DEBUG [pool-1-thread-1] stencyl.sw.editors.actor.collision.PreviewPanel: Selected: 1 [X,Y: 4, 4 ]
2015-11-30 10:40:27,071 DEBUG [pool-1-thread-1] stencyl.sw.editors.actor.collision.PreviewPanel: Selected: 1 [X,Y: 4, 4 ]
2015-11-30 10:40:27,087 DEBUG [pool-1-thread-1] stencyl.sw.editors.actor.collision.PreviewPanel: Selected: 1 [X,Y: 4, 4 ]
2015-11-30 10:40:27,106 DEBUG [pool-1-thread-1] stencyl.sw.editors.actor.collision.PreviewPanel: Selected: 1 [X,Y: 4, 4 ]
2015-11-30 10:40:27,208 DEBUG [pool-1-thread-1] stencyl.sw.editors.snippet.designer.EditArea: Verifying Top Level... step
2015-11-30 10:40:27,209 DEBUG [pool-1-thread-1] stencyl.sw.editors.snippet.designer.block.BlockField: Result for: set-dxy - true
2015-11-30 10:40:27,209 DEBUG [pool-1-thread-1] stencyl.sw.editors.snippet.designer.block.BlockField: Result for: if - false
2015-11-30 10:40:27,209 DEBUG [pool-1-thread-1] stencyl.sw.editors.snippet.designer.block.BlockField: Result for: set-dxy - true
2015-11-30 10:40:27,209 DEBUG [pool-1-thread-1] stencyl.sw.editors.snippet.designer.block.BlockField: Result for: else-if - false
2015-11-30 10:40:27,209 DEBUG [pool-1-thread-1] stencyl.sw.editors.snippet.designer.block.BlockField: Result for: set-dxy - true
2015-11-30 10:40:27,209 DEBUG [pool-1-thread-1] stencyl.sw.editors.snippet.designer.block.BlockField: Result for: else - false
2015-11-30 10:40:27,209 DEBUG [pool-1-thread-1] stencyl.sw.editors.snippet.designer.block.BlockField: Result for: set-dxy - true
2015-11-30 10:40:27,209 DEBUG [pool-1-thread-1] stencyl.sw.editors.snippet.designer.block.BlockField: Result for: if - false
2015-11-30 10:40:27,209 DEBUG [pool-1-thread-1] stencyl.sw.editors.snippet.designer.block.BlockField: Result for: set-dxy - true
2015-11-30 10:40:27,210 DEBUG [pool-1-thread-1] stencyl.sw.editors.snippet.designer.block.BlockField: Result for: else-if - false
2015-11-30 10:40:27,210 DEBUG [pool-1-thread-1] stencyl.sw.editors.snippet.designer.block.BlockField: Result for: set-dxy - true
2015-11-30 10:40:27,210 DEBUG [pool-1-thread-1] stencyl.sw.editors.snippet.designer.block.BlockField: Result for: else - false
2015-11-30 10:40:27,210 DEBUG [pool-1-thread-1] stencyl.sw.editors.snippet.designer.block.BlockField: Result for: step - false
2015-11-30 10:40:27,391 DEBUG [pool-1-thread-1] stencyl.sw.editors.snippet.designer.palette.Palette: Palette asked to refresh: Position
2015-11-30 10:40:27,431 DEBUG [pool-1-thread-1] stencyl.sw.editors.snippet.designer.palette.Palette: Palette asked to refresh: Conditions
2015-11-30 10:40:27,751 DEBUG [pool-1-thread-1] stencyl.sw.editors.snippet.designer.palette.Palette: Palette asked to refresh: Actors
2015-11-30 10:40:27,802 DEBUG [pool-1-thread-1] stencyl.sw.editors.snippet.designer.palette.Palette: Palette asked to refresh: Keyboard & Mouse
2015-11-30 10:40:27,851 DEBUG [pool-1-thread-1] stencyl.sw.editors.snippet.designer.palette.Palette: Palette asked to refresh: Math
2015-11-30 10:40:27,886 DEBUG [pool-1-thread-1] stencyl.sw.editors.snippet.designer.palette.Palette: Palette asked to refresh: Getters
2015-11-30 10:40:27,984 DEBUG [pool-1-thread-1] stencyl.sw.editors.snippet.designer.palette.Palette: Palette asked to refresh: Sound
2015-11-30 10:40:28,012 DEBUG [pool-1-thread-1] stencyl.sw.editors.snippet.designer.palette.Palette: Palette asked to refresh: Triggers
2015-11-30 10:40:28,050 DEBUG [pool-1-thread-1] stencyl.sw.editors.snippet.designer.palette.Palette: Palette asked to refresh: Web
2015-11-30 10:40:28,091 DEBUG [pool-1-thread-1] stencyl.sw.editors.snippet.designer.palette.Palette: Palette asked to refresh: Drawing
2015-11-30 10:40:28,116 DEBUG [pool-1-thread-1] stencyl.sw.editors.snippet.designer.palette.Palette: Palette asked to refresh: Basic
2015-11-30 10:40:28,122 DEBUG [pool-1-thread-1] stencyl.sw.editors.snippet.designer.palette.Palette: Palette asked to refresh: Custom
2015-11-30 10:40:28,126 DEBUG [pool-1-thread-1] stencyl.sw.editors.snippet.designer.palette.Palette: Palette asked to refresh: Extensions
2015-11-30 10:40:28,126 DEBUG [pool-1-thread-1] stencyl.sw.editors.snippet.designer.palette.Palette: Palette asked to refresh: Position
2015-11-30 10:40:28,143 DEBUG [pool-1-thread-1] stencyl.sw.editors.snippet.designer.EditArea: ContextSet for current event: [[s]com.stencyl.behavior.Script, [e]13-3, [b]13, [h]engine:com.stencyl.Engine, [c]com.stencyl.behavior.Script]
2015-11-30 10:40:28,143 DEBUG [pool-1-thread-1] stencyl.sw.editors.snippet.designer.palette.Palette: Palette asked to refresh: Position
2015-11-30 10:40:28,143 DEBUG [pool-1-thread-1] stencyl.sw.editors.snippet.designer.palette.Palette: Refreshing with context [[s]com.stencyl.behavior.Script, [e]13-3, [b]13, [h]engine:com.stencyl.Engine, [c]com.stencyl.behavior.Script]
2015-11-30 10:40:28,248 DEBUG [AWT-EventQueue-0] stencyl.sw.app.doc.Workspace: Activated: Hero
2015-11-30 10:40:28,250 DEBUG [pool-1-thread-1] stencyl.sw.app.tasks.OpenResourceTask: Open Took 1420ms
2015-11-30 10:40:28,285 DEBUG [AWT-EventQueue-0] stencyl.sw.app.tasks.OpenResourceTask: Total Took 1455ms
2015-11-30 10:40:34,003 DEBUG [AWT-EventQueue-0] stencyl.sw.app.doc.Workspace: Activated: Dashboard
2015-11-30 10:40:36,431 DEBUG [AWT-EventQueue-0] stencyl.sw.app.doc.Workspace: Activated: Level 1
2015-11-30 10:40:37,533 DEBUG [AWT-EventQueue-0] stencyl.sw.editors.scene.Designer: Brush Changed
2015-11-30 10:40:37,635 DEBUG [AWT-EventQueue-0] stencyl.sw.app.doc.Workspace: Loading Closed Resource: Coin
2015-11-30 10:40:37,794 DEBUG [pool-1-thread-1] stencyl.sw.editors.actor.collision.PreviewPanel: Selected: 1 [X,Y: 1, 1 ]
2015-11-30 10:40:37,834 DEBUG [pool-1-thread-1] stencyl.sw.editors.snippet.designer.EditArea: Verifying Top Level... collide
2015-11-30 10:40:37,834 DEBUG [pool-1-thread-1] stencyl.sw.editors.snippet.designer.block.BlockField: Result for: plus - true
2015-11-30 10:40:37,834 DEBUG [pool-1-thread-1] stencyl.sw.editors.snippet.designer.block.BlockField: Result for: collide - false
2015-11-30 10:40:37,990 DEBUG [pool-1-thread-1] stencyl.sw.editors.snippet.designer.palette.Palette: Palette asked to refresh: Position
2015-11-30 10:40:38,028 DEBUG [pool-1-thread-1] stencyl.sw.editors.snippet.designer.palette.Palette: Palette asked to refresh: Conditions
2015-11-30 10:40:38,233 DEBUG [pool-1-thread-1] stencyl.sw.editors.snippet.designer.palette.Palette: Palette asked to refresh: Actors
2015-11-30 10:40:38,299 DEBUG [pool-1-thread-1] stencyl.sw.editors.snippet.designer.palette.Palette: Palette asked to refresh: Keyboard & Mouse
2015-11-30 10:40:38,348 DEBUG [pool-1-thread-1] stencyl.sw.editors.snippet.designer.palette.Palette: Palette asked to refresh: Math
2015-11-30 10:40:38,385 DEBUG [pool-1-thread-1] stencyl.sw.editors.snippet.designer.palette.Palette: Palette asked to refresh: Getters
2015-11-30 10:40:38,479 DEBUG [pool-1-thread-1] stencyl.sw.editors.snippet.designer.palette.Palette: Palette asked to refresh: Sound
2015-11-30 10:40:38,506 DEBUG [pool-1-thread-1] stencyl.sw.editors.snippet.designer.palette.Palette: Palette asked to refresh: Triggers
2015-11-30 10:40:38,542 DEBUG [pool-1-thread-1] stencyl.sw.editors.snippet.designer.palette.Palette: Palette asked to refresh: Web
2015-11-30 10:40:38,579 DEBUG [pool-1-thread-1] stencyl.sw.editors.snippet.designer.palette.Palette: Palette asked to refresh: Drawing
2015-11-30 10:40:38,604 DEBUG [pool-1-thread-1] stencyl.sw.editors.snippet.designer.palette.Palette: Palette asked to refresh: Basic
2015-11-30 10:40:38,609 DEBUG [pool-1-thread-1] stencyl.sw.editors.snippet.designer.palette.Palette: Palette asked to refresh: Custom
2015-11-30 10:40:38,611 DEBUG [pool-1-thread-1] stencyl.sw.editors.snippet.designer.palette.Palette: Palette asked to refresh: Extensions
2015-11-30 10:40:38,611 DEBUG [pool-1-thread-1] stencyl.sw.editors.snippet.designer.palette.Palette: Palette asked to refresh: Position
2015-11-30 10:40:38,628 DEBUG [pool-1-thread-1] stencyl.sw.editors.snippet.designer.EditArea: ContextSet for current event: [[s]com.stencyl.behavior.Script, [h]event:com.stencyl.models.actor.Collision, [b]15, [e]15-1, [h]engine:com.stencyl.Engine, [c]com.stencyl.behavior.Script]
2015-11-30 10:40:38,628 DEBUG [pool-1-thread-1] stencyl.sw.editors.snippet.designer.palette.Palette: Palette asked to refresh: Position
2015-11-30 10:40:38,628 DEBUG [pool-1-thread-1] stencyl.sw.editors.snippet.designer.palette.Palette: Refreshing with context [[s]com.stencyl.behavior.Script, [h]event:com.stencyl.models.actor.Collision, [b]15, [e]15-1, [h]engine:com.stencyl.Engine, [c]com.stencyl.behavior.Script]
2015-11-30 10:40:38,703 DEBUG [AWT-EventQueue-0] stencyl.sw.app.doc.Workspace: Activated: Coin
2015-11-30 10:40:38,706 DEBUG [pool-1-thread-1] stencyl.sw.app.tasks.OpenResourceTask: Open Took 1071ms
2015-11-30 10:40:38,741 DEBUG [AWT-EventQueue-0] stencyl.sw.app.tasks.OpenResourceTask: Total Took 1106ms
2015-11-30 11:21:48,802 INFO  [AWT-EventQueue-0] stencyl.sw.app.App: Attempting to quit out of Stencyl.
2015-11-30 11:21:50,470 INFO  [pool-1-thread-2] stencyl.sw.io.write.MasterWriter: Saving game in place.
2015-11-30 11:21:50,494 DEBUG [pool-1-thread-2] stencyl.sw.util.FileHelper: Saving backup file C:\Users\rmills0865\AppData\Roaming\Stencyl\stencylworks\games\project3\game.xml.bak.
2015-11-30 11:21:51,944 DEBUG [pool-1-thread-2] stencyl.sw.io.write.MasterWriter: Writing out local resources.
2015-11-30 11:21:51,949 DEBUG [pool-1-thread-2] stencyl.sw.util.FileHelper: Saving backup file C:\Users\rmills0865\AppData\Roaming\Stencyl\stencylworks\games\project3\resources\data.xml.bak.
2015-11-30 11:21:51,950 DEBUG [pool-1-thread-2] stencyl.sw.io.write.resource.SpriteWriter: Mark actor's sprite as clean (disk).
2015-11-30 11:21:51,952 DEBUG [pool-1-thread-2] stencyl.sw.editors.snippet.designer.block.Block: Write out thisActor
2015-11-30 11:21:51,953 DEBUG [pool-1-thread-2] stencyl.sw.editors.snippet.designer.block.Block: Write out generic element ID: 47
2015-11-30 11:21:51,973 DEBUG [pool-1-thread-2] stencyl.core.lib.io.read.SceneReader: Reading header for Scene: 0 (Level 1) from: scenes\0.xml
2015-11-30 11:21:51,981 DEBUG [pool-1-thread-2] stencyl.sw.io.write.resource.SpriteWriter: Mark actor's sprite as clean (disk).
2015-11-30 11:21:51,982 DEBUG [pool-1-thread-2] stencyl.sw.editors.snippet.designer.block.Block: Write out thisActor
2015-11-30 11:21:51,982 DEBUG [pool-1-thread-2] stencyl.sw.editors.snippet.designer.block.Block: Write out generic element ID: 1
2015-11-30 11:21:51,983 DEBUG [pool-1-thread-2] stencyl.sw.editors.snippet.designer.block.Block: Write out thisActor
2015-11-30 11:21:51,983 DEBUG [pool-1-thread-2] stencyl.sw.editors.snippet.designer.block.Block: Write out generic element ID: 5
2015-11-30 11:21:51,983 DEBUG [pool-1-thread-2] stencyl.sw.editors.snippet.designer.block.Block: Write out thisActor
2015-11-30 11:21:51,983 DEBUG [pool-1-thread-2] stencyl.sw.editors.snippet.designer.block.Block: Write out thisActor
2015-11-30 11:21:51,983 DEBUG [pool-1-thread-2] stencyl.sw.editors.snippet.designer.block.Block: Write out generic element ID: 6
2015-11-30 11:21:51,984 DEBUG [pool-1-thread-2] stencyl.sw.editors.snippet.designer.block.Block: Write out thisActor
2015-11-30 11:21:51,984 DEBUG [pool-1-thread-2] stencyl.sw.editors.snippet.designer.block.Block: Write out generic element ID: 3
2015-11-30 11:21:51,984 DEBUG [pool-1-thread-2] stencyl.sw.editors.snippet.designer.block.Block: Write out thisActor
2015-11-30 11:21:52,056 DEBUG [pool-1-thread-2] stencyl.core.lib.io.read.SceneReader: Reading header for Scene: 0 (Level 1) from: scenes\0.xml
2015-11-30 11:21:52,063 DEBUG [pool-1-thread-2] stencyl.sw.io.write.resource.TilesetWriter: Mark tileset as clean (disk).
2015-11-30 11:21:52,068 DEBUG [pool-1-thread-2] stencyl.sw.io.write.MasterWriter: Writing out scenes.
2015-11-30 11:21:52,072 DEBUG [pool-1-thread-2] stencyl.sw.editors.snippet.designer.block.Block: Write out element ID: 1
2015-11-30 11:21:52,081 DEBUG [pool-1-thread-2] stencyl.sw.editors.snippet.designer.block.BlockSceneObjectChooser: Fetching element 1 from scene 0
2015-11-30 11:21:52,085 DEBUG [pool-1-thread-2] stencyl.sw.editors.scene.SceneRenderer: Saving thumbnail: C:\Users\rmills0865\AppData\Roaming\Stencyl\stencylworks\games\project3\scenes\0.png
2015-11-30 11:21:52,093 DEBUG [pool-1-thread-2] stencyl.sw.io.write.resource.SceneWriter: Writing terrain.
2015-11-30 11:21:52,096 DEBUG [pool-1-thread-2] stencyl.thirdparty.org.phys2d.Combiner: Num Tiles: 42
2015-11-30 11:21:52,097 DEBUG [pool-1-thread-2] stencyl.thirdparty.org.phys2d.Combiner: Coverage: 23.863636%
2015-11-30 11:21:52,097 DEBUG [pool-1-thread-2] stencyl.thirdparty.org.phys2d.Combiner: Segments: (3,3)
2015-11-30 11:21:52,097 DEBUG [pool-1-thread-2] stencyl.thirdparty.org.phys2d.Combiner: Using Quad Space
2015-11-30 11:21:52,106 DEBUG [pool-1-thread-2] stencyl.thirdparty.org.phys2d.Combiner: Combine took: 10ms
2015-11-30 11:21:52,106 DEBUG [pool-1-thread-2] stencyl.sw.io.write.resource.SceneWriter: Terrain processing took: 0ms
2015-11-30 11:21:52,120 DEBUG [pool-1-thread-2] stencyl.core.lib.io.read.SceneReader: Reading header for Scene: 0 (Level 1) from: scenes\0.xml
2015-11-30 11:21:52,123 DEBUG [pool-1-thread-2] stencyl.sw.io.write.resource.ScenesWriter: Writing out Scene Level 1
2015-11-30 11:21:52,123 DEBUG [pool-1-thread-2] stencyl.sw.io.write.MasterWriter: Copying over snippets.
2015-11-30 11:21:52,127 DEBUG [pool-1-thread-2] stencyl.sw.util.FileHelper: Saving backup file C:\Users\rmills0865\AppData\Roaming\Stencyl\stencylworks\games\project3\snippets\list.xml.bak.
2015-11-30 11:21:52,128 DEBUG [pool-1-thread-2] stencyl.sw.editors.snippet.designer.block.Block: Write out element ID: 1
2015-11-30 11:21:52,136 DEBUG [pool-1-thread-2] stencyl.sw.editors.snippet.designer.block.BlockSceneObjectChooser: Fetching element 1 from scene 0
2015-11-30 11:21:52,140 DEBUG [pool-1-thread-2] stencyl.sw.editors.snippet.designer.block.Block: Write out thisActor
2015-11-30 11:21:52,140 DEBUG [pool-1-thread-2] stencyl.sw.editors.snippet.designer.block.Block: Write out generic element ID: 1
2015-11-30 11:21:52,140 DEBUG [pool-1-thread-2] stencyl.sw.editors.snippet.designer.block.Block: Write out thisActor
2015-11-30 11:21:52,141 DEBUG [pool-1-thread-2] stencyl.sw.editors.snippet.designer.block.Block: Write out generic element ID: 5
2015-11-30 11:21:52,141 DEBUG [pool-1-thread-2] stencyl.sw.editors.snippet.designer.block.Block: Write out thisActor
2015-11-30 11:21:52,141 DEBUG [pool-1-thread-2] stencyl.sw.editors.snippet.designer.block.Block: Write out thisActor
2015-11-30 11:21:52,141 DEBUG [pool-1-thread-2] stencyl.sw.editors.snippet.designer.block.Block: Write out generic element ID: 6
2015-11-30 11:21:52,141 DEBUG [pool-1-thread-2] stencyl.sw.editors.snippet.designer.block.Block: Write out thisActor
2015-11-30 11:21:52,141 DEBUG [pool-1-thread-2] stencyl.sw.editors.snippet.designer.block.Block: Write out generic element ID: 3
2015-11-30 11:21:52,142 DEBUG [pool-1-thread-2] stencyl.sw.editors.snippet.designer.block.Block: Write out thisActor
2015-11-30 11:21:52,205 DEBUG [pool-1-thread-2] stencyl.sw.editors.snippet.designer.block.Block: Write out thisActor
2015-11-30 11:21:52,205 DEBUG [pool-1-thread-2] stencyl.sw.editors.snippet.designer.block.Block: Write out generic element ID: 47
2015-11-30 11:21:52,236 DEBUG [pool-1-thread-2] stencyl.sw.io.write.resource.SnippetsWriter: Copy from opened to disk: SceneEvents_0
2015-11-30 11:21:52,237 DEBUG [pool-1-thread-2] stencyl.sw.editors.snippet.designer.block.Block: Write out element ID: 1
2015-11-30 11:21:52,274 DEBUG [pool-1-thread-2] stencyl.sw.util.FileHelper: Trying to delete file that does not exist: C:\Users\rmills0865\AppData\Roaming\Stencyl\stencylworks\games\project3\behavior-hx\SceneEvents_0.hx
2015-11-30 11:21:52,274 DEBUG [pool-1-thread-2] stencyl.sw.io.write.resource.SnippetsWriter: Copied to: C:\Users\rmills0865\AppData\Roaming\Stencyl\stencylworks\games\project3\snippets\SceneEvents_0.design
2015-11-30 11:21:52,277 DEBUG [pool-1-thread-2] stencyl.sw.io.write.resource.SnippetsWriter: Copy from opened to disk: ActorEvents_0
2015-11-30 11:21:52,278 DEBUG [pool-1-thread-2] stencyl.sw.editors.snippet.designer.block.Block: Write out thisActor
2015-11-30 11:21:52,278 DEBUG [pool-1-thread-2] stencyl.sw.editors.snippet.designer.block.Block: Write out generic element ID: 1
2015-11-30 11:21:52,278 DEBUG [pool-1-thread-2] stencyl.sw.editors.snippet.designer.block.Block: Write out thisActor
2015-11-30 11:21:52,278 DEBUG [pool-1-thread-2] stencyl.sw.editors.snippet.designer.block.Block: Write out generic element ID: 5
2015-11-30 11:21:52,278 DEBUG [pool-1-thread-2] stencyl.sw.editors.snippet.designer.block.Block: Write out thisActor
2015-11-30 11:21:52,279 DEBUG [pool-1-thread-2] stencyl.sw.editors.snippet.designer.block.Block: Write out thisActor
2015-11-30 11:21:52,279 DEBUG [pool-1-thread-2] stencyl.sw.editors.snippet.designer.block.Block: Write out generic element ID: 6
2015-11-30 11:21:52,279 DEBUG [pool-1-thread-2] stencyl.sw.editors.snippet.designer.block.Block: Write out thisActor
2015-11-30 11:21:52,279 DEBUG [pool-1-thread-2] stencyl.sw.editors.snippet.designer.block.Block: Write out generic element ID: 3
2015-11-30 11:21:52,279 DEBUG [pool-1-thread-2] stencyl.sw.editors.snippet.designer.block.Block: Write out thisActor
2015-11-30 11:21:52,281 DEBUG [pool-1-thread-2] stencyl.sw.util.FileHelper: Deleting: C:\Users\rmills0865\AppData\Roaming\Stencyl\stencylworks\games\project3\behavior-hx\ActorEvents_0.hx
2015-11-30 11:21:52,282 DEBUG [pool-1-thread-2] stencyl.sw.io.write.resource.SnippetsWriter: Copied to: C:\Users\rmills0865\AppData\Roaming\Stencyl\stencylworks\games\project3\snippets\ActorEvents_0.design
2015-11-30 11:21:52,299 DEBUG [pool-1-thread-2] stencyl.sw.io.write.resource.SnippetsWriter: Copy from opened to disk: ActorEvents_48
2015-11-30 11:21:52,300 DEBUG [pool-1-thread-2] stencyl.sw.editors.snippet.designer.block.Block: Write out thisActor
2015-11-30 11:21:52,300 DEBUG [pool-1-thread-2] stencyl.sw.editors.snippet.designer.block.Block: Write out generic element ID: 47
2015-11-30 11:21:52,300 DEBUG [pool-1-thread-2] stencyl.sw.util.FileHelper: Trying to delete file that does not exist: C:\Users\rmills0865\AppData\Roaming\Stencyl\stencylworks\games\project3\behavior-hx\ActorEvents_48.hx
2015-11-30 11:21:52,301 DEBUG [pool-1-thread-2] stencyl.sw.io.write.resource.SnippetsWriter: Copied to: C:\Users\rmills0865\AppData\Roaming\Stencyl\stencylworks\games\project3\snippets\ActorEvents_48.design
2015-11-30 11:21:52,308 DEBUG [pool-1-thread-2] stencyl.sw.io.write.MasterWriter: Saving block favorites.
2015-11-30 11:21:52,311 INFO  [pool-1-thread-2] stencyl.sw.io.write.MasterWriter: Done writing game.
2015-11-30 11:21:52,348 DEBUG [AWT-EventQueue-0] stencyl.sw.util.Util: Running command: [taskkill, /im, neko.exe, /f]
2015-11-30 11:21:52,410 DEBUG [Thread-7] stencyl.sw.util.StreamGobbler: [taskkill] ERROR: The process "neko.exe" not found.
2015-11-30 11:21:52,412 DEBUG [AWT-EventQueue-0] stencyl.sw.util.Util: Process 'taskkill' exited with code: 128
2015-11-30 11:21:52,412 DEBUG [AWT-EventQueue-0] stencyl.sw.util.Util: Running command: [taskkill, /im, adb.exe, /f]
2015-11-30 11:21:52,470 DEBUG [Thread-8] stencyl.sw.util.StreamGobbler: [taskkill] ERROR: The process "adb.exe" not found.
2015-11-30 11:21:52,472 DEBUG [AWT-EventQueue-0] stencyl.sw.util.Util: Process 'taskkill' exited with code: 128
2015-11-30 11:21:52,473 DEBUG [AWT-EventQueue-0] stencyl.sw.util.Util: Running command: [taskkill, /im, arm-linux-androideabi-g++.exe, /f]
2015-11-30 11:21:52,528 DEBUG [Thread-9] stencyl.sw.util.StreamGobbler: [taskkill] ERROR: The process "arm-linux-androideabi-g++.exe" not found.
2015-11-30 11:21:52,531 DEBUG [AWT-EventQueue-0] stencyl.sw.util.Util: Process 'taskkill' exited with code: 128
2015-11-30 11:21:52,531 DEBUG [AWT-EventQueue-0] stencyl.sw.util.Util: Running command: [taskkill, /im, cc1plus.exe, /f]
2015-11-30 11:21:52,585 DEBUG [Thread-10] stencyl.sw.util.StreamGobbler: [taskkill] ERROR: The process "cc1plus.exe" not found.
2015-11-30 11:21:52,587 DEBUG [AWT-EventQueue-0] stencyl.sw.util.Util: Process 'taskkill' exited with code: 128
2015-11-30 11:21:52,587 DEBUG [AWT-EventQueue-0] stencyl.sw.util.Util: Running command: [taskkill, /im, tail.exe, /f]
2015-11-30 11:21:52,644 DEBUG [Thread-11] stencyl.sw.util.StreamGobbler: [taskkill] ERROR: The process "tail.exe" not found.
2015-11-30 11:21:52,646 DEBUG [AWT-EventQueue-0] stencyl.sw.util.Util: Process 'taskkill' exited with code: 128
2015-11-30 11:21:52,647 DEBUG [AWT-EventQueue-0] stencyl.sw.util.Util: Running command: [taskkill, /im, ios-sim.exe, /f]
2015-11-30 11:21:52,702 DEBUG [Thread-12] stencyl.sw.util.StreamGobbler: [taskkill] ERROR: The process "ios-sim.exe" not found.
2015-11-30 11:21:52,706 DEBUG [AWT-EventQueue-0] stencyl.sw.util.Util: Process 'taskkill' exited with code: 128
2015-11-30 11:21:52,706 DEBUG [AWT-EventQueue-0] stencyl.sw.app.App: Destroying extensions.
2015-11-30 11:21:52,706 DEBUG [AWT-EventQueue-0] stencyl.sw.app.App: Performing final close.
2015-11-30 11:21:52,709 INFO  [AWT-EventQueue-0] stencyl.sw.app.App: Exiting...
2015-11-30 11:21:52,709 DEBUG [AWT-EventQueue-0] stencyl.sw.app.App: Destroying Temporary Sandbox.
2015-11-30 11:21:52,710 DEBUG [AWT-EventQueue-0] stencyl.sw.util.FileHelper: Deleting: C:\Users\rmills0865\AppData\Local\Temp\stencyl2008981009964830765
