2015-12-14 09:58:00,385 INFO  [main] stencyl.sw.Session: Logfile: C:\Users\rmills0865\AppData\Roaming\Stencyl\stencylworks\logs\2015-12-14_09-57-51.log
2015-12-14 09:58:00,588 INFO  [main] stencyl.sw.Session: OS Name: Windows 7
2015-12-14 09:58:00,588 INFO  [main] stencyl.sw.Session: OS Version: 6.1 (64-bit)
2015-12-14 09:58:00,588 INFO  [main] stencyl.sw.Session: Java Version: 1.8.0_60
2015-12-14 09:58:00,588 INFO  [main] stencyl.sw.Session: Stencyl Version: 3.3.2 (b8734)
2015-12-14 09:58:00,588 INFO  [main] stencyl.sw.Session: Stencyl Workspace: C:\Users\rmills0865\AppData\Roaming\Stencyl\
2015-12-14 09:58:00,588 INFO  [main] stencyl.sw.Session: User Working Directory: C:\Program Files (x86)\Stencyl
2015-12-14 09:58:00,588 INFO  [main] stencyl.sw.Session: User Home Directory: C:\Users\rmills0865
2015-12-14 09:58:00,588 INFO  [main] stencyl.sw.Session: System Path: C:\ProgramData\Oracle\Java\javapath;C:\Program Files (x86)\Intel\iCLS Client\;C:\Program Files\Intel\iCLS Client\;C:\Windows\system32;C:\Windows;C:\Windows\System32\Wbem;C:\Windows\System32\WindowsPowerShell\v1.0\;C:\Windows\CCM;C:\Program Files\Intel\Intel(R) Management Engine Components\DAL;C:\Program Files\Intel\Intel(R) Management Engine Components\IPT;C:\Program Files (x86)\Intel\Intel(R) Management Engine Components\DAL;C:\Program Files (x86)\Intel\Intel(R) Management Engine Components\IPT;C:\Program Files (x86)\QuickTime\QTSystem\;C:\Program Files (x86)\Stencyl\runtimes\jre-win\bin
2015-12-14 09:58:04,465 DEBUG [main] stencyl.sw.util.FileHelper: Deleting: C:\Users\RMILLS~1\AppData\Local\Temp\stencyl1468779575869140420
2015-12-14 09:58:04,512 DEBUG [main] stencyl.sw.loc.LanguagePack: Reading... lang\en\global-phrases.lang
2015-12-14 09:58:04,605 DEBUG [main] stencyl.sw.loc.LanguagePack: Reading... lang\en\global-errors.lang
2015-12-14 09:58:04,636 DEBUG [main] stencyl.sw.loc.LanguagePack: Reading... lang\en\global-menu.lang
2015-12-14 09:58:04,636 DEBUG [main] stencyl.sw.loc.LanguagePack: Reading... lang\en\global-welcome.lang
2015-12-14 09:58:04,667 DEBUG [main] stencyl.sw.loc.LanguagePack: Reading... lang\en\global-dashboard.lang
2015-12-14 09:58:04,683 DEBUG [main] stencyl.sw.loc.LanguagePack: Reading... lang\en\global-publish.lang
2015-12-14 09:58:04,730 DEBUG [main] stencyl.sw.loc.LanguagePack: Reading... lang\en\global-updater.lang
2015-12-14 09:58:04,730 DEBUG [main] stencyl.sw.loc.LanguagePack: Reading... lang\en\global-chat.lang
2015-12-14 09:58:04,730 DEBUG [main] stencyl.sw.loc.LanguagePack: Reading... lang\en\global-misc.lang
2015-12-14 09:58:04,730 DEBUG [main] stencyl.sw.loc.LanguagePack: Reading... lang\en\global-forge.lang
2015-12-14 09:58:04,730 DEBUG [main] stencyl.sw.loc.LanguagePack: Reading... lang\en\global-prefs.lang
2015-12-14 09:58:04,730 DEBUG [main] stencyl.sw.loc.LanguagePack: Reading... lang\en\global-creategame.lang
2015-12-14 09:58:04,730 DEBUG [main] stencyl.sw.loc.LanguagePack: Reading... lang\en\behavior-main.lang
2015-12-14 09:58:04,776 DEBUG [main] stencyl.sw.loc.LanguagePack: Reading... lang\en\behavior-blocks.lang
2015-12-14 09:58:04,839 DEBUG [main] stencyl.sw.loc.LanguagePack: Reading... lang\en\behavior-blockhelp.lang
2015-12-14 09:58:04,901 DEBUG [main] stencyl.sw.loc.LanguagePack: Reading... lang\en\behavior-events.lang
2015-12-14 09:58:04,948 DEBUG [main] stencyl.sw.loc.LanguagePack: Reading... lang\en\behavior-code.lang
2015-12-14 09:58:04,948 DEBUG [main] stencyl.sw.loc.LanguagePack: Reading... lang\en\behavior-attributes.lang
2015-12-14 09:58:04,948 DEBUG [main] stencyl.sw.loc.LanguagePack: Reading... lang\en\behavior-create.lang
2015-12-14 09:58:04,963 DEBUG [main] stencyl.sw.loc.LanguagePack: Reading... lang\en\behavior-byob.lang
2015-12-14 09:58:05,057 DEBUG [main] stencyl.sw.loc.LanguagePack: Reading... lang\en\editor-actor-main.lang
2015-12-14 09:58:05,072 DEBUG [main] stencyl.sw.loc.LanguagePack: Reading... lang\en\editor-actor-physics.lang
2015-12-14 09:58:05,072 DEBUG [main] stencyl.sw.loc.LanguagePack: Reading... lang\en\editor-background.lang
2015-12-14 09:58:05,072 DEBUG [main] stencyl.sw.loc.LanguagePack: Reading... lang\en\editor-behaviorchooser.lang
2015-12-14 09:58:05,072 DEBUG [main] stencyl.sw.loc.LanguagePack: Reading... lang\en\editor-desktop.lang
2015-12-14 09:58:05,072 DEBUG [main] stencyl.sw.loc.LanguagePack: Reading... lang\en\editor-font.lang
2015-12-14 09:58:05,072 DEBUG [main] stencyl.sw.loc.LanguagePack: Reading... lang\en\editor-sound.lang
2015-12-14 09:58:05,103 DEBUG [main] stencyl.sw.loc.LanguagePack: Reading... lang\en\editor-tileset.lang
2015-12-14 09:58:05,103 DEBUG [main] stencyl.sw.loc.LanguagePack: Reading... lang\en\editor-preloader.lang
2015-12-14 09:58:05,103 DEBUG [main] stencyl.sw.loc.LanguagePack: Reading... lang\en\editor-mobile.lang
2015-12-14 09:58:05,103 DEBUG [main] stencyl.sw.loc.LanguagePack: Reading... lang\en\editor-groups.lang
2015-12-14 09:58:05,119 DEBUG [main] stencyl.sw.loc.LanguagePack: Reading... lang\en\editor-attributes.lang
2015-12-14 09:58:05,119 DEBUG [main] stencyl.sw.loc.LanguagePack: Reading... lang\en\editor-input.lang
2015-12-14 09:58:05,119 DEBUG [main] stencyl.sw.loc.LanguagePack: Reading... lang\en\editor-animation.lang
2015-12-14 09:58:05,119 DEBUG [main] stencyl.sw.loc.LanguagePack: Reading... lang\en\editor-scene-main.lang
2015-12-14 09:58:05,134 DEBUG [main] stencyl.sw.loc.LanguagePack: Reading... lang\en\editor-scene-create.lang
2015-12-14 09:58:05,150 DEBUG [main] stencyl.sw.loc.LanguagePack: Reading... lang\en\editor-scene-tools.lang
2015-12-14 09:58:05,150 DEBUG [main] stencyl.sw.loc.LanguagePack: Reading... lang\en\global-phrases.lang
2015-12-14 09:58:05,150 DEBUG [main] stencyl.sw.loc.LanguagePack: Reading... lang\en\global-errors.lang
2015-12-14 09:58:05,150 DEBUG [main] stencyl.sw.loc.LanguagePack: Reading... lang\en\global-menu.lang
2015-12-14 09:58:05,150 DEBUG [main] stencyl.sw.loc.LanguagePack: Reading... lang\en\global-welcome.lang
2015-12-14 09:58:05,150 DEBUG [main] stencyl.sw.loc.LanguagePack: Reading... lang\en\global-dashboard.lang
2015-12-14 09:58:05,150 DEBUG [main] stencyl.sw.loc.LanguagePack: Reading... lang\en\global-publish.lang
2015-12-14 09:58:05,150 DEBUG [main] stencyl.sw.loc.LanguagePack: Reading... lang\en\global-updater.lang
2015-12-14 09:58:05,150 DEBUG [main] stencyl.sw.loc.LanguagePack: Reading... lang\en\global-chat.lang
2015-12-14 09:58:05,150 DEBUG [main] stencyl.sw.loc.LanguagePack: Reading... lang\en\global-misc.lang
2015-12-14 09:58:05,150 DEBUG [main] stencyl.sw.loc.LanguagePack: Reading... lang\en\global-forge.lang
2015-12-14 09:58:05,150 DEBUG [main] stencyl.sw.loc.LanguagePack: Reading... lang\en\global-prefs.lang
2015-12-14 09:58:05,150 DEBUG [main] stencyl.sw.loc.LanguagePack: Reading... lang\en\global-creategame.lang
2015-12-14 09:58:05,150 DEBUG [main] stencyl.sw.loc.LanguagePack: Reading... lang\en\behavior-main.lang
2015-12-14 09:58:05,150 DEBUG [main] stencyl.sw.loc.LanguagePack: Reading... lang\en\behavior-blocks.lang
2015-12-14 09:58:05,150 DEBUG [main] stencyl.sw.loc.LanguagePack: Reading... lang\en\behavior-blockhelp.lang
2015-12-14 09:58:05,150 DEBUG [main] stencyl.sw.loc.LanguagePack: Reading... lang\en\behavior-events.lang
2015-12-14 09:58:05,150 DEBUG [main] stencyl.sw.loc.LanguagePack: Reading... lang\en\behavior-code.lang
2015-12-14 09:58:05,150 DEBUG [main] stencyl.sw.loc.LanguagePack: Reading... lang\en\behavior-attributes.lang
2015-12-14 09:58:05,150 DEBUG [main] stencyl.sw.loc.LanguagePack: Reading... lang\en\behavior-create.lang
2015-12-14 09:58:05,150 DEBUG [main] stencyl.sw.loc.LanguagePack: Reading... lang\en\behavior-byob.lang
2015-12-14 09:58:05,150 DEBUG [main] stencyl.sw.loc.LanguagePack: Reading... lang\en\editor-actor-main.lang
2015-12-14 09:58:05,150 DEBUG [main] stencyl.sw.loc.LanguagePack: Reading... lang\en\editor-actor-physics.lang
2015-12-14 09:58:05,166 DEBUG [main] stencyl.sw.loc.LanguagePack: Reading... lang\en\editor-background.lang
2015-12-14 09:58:05,166 DEBUG [main] stencyl.sw.loc.LanguagePack: Reading... lang\en\editor-behaviorchooser.lang
2015-12-14 09:58:05,166 DEBUG [main] stencyl.sw.loc.LanguagePack: Reading... lang\en\editor-desktop.lang
2015-12-14 09:58:05,166 DEBUG [main] stencyl.sw.loc.LanguagePack: Reading... lang\en\editor-font.lang
2015-12-14 09:58:05,166 DEBUG [main] stencyl.sw.loc.LanguagePack: Reading... lang\en\editor-sound.lang
2015-12-14 09:58:05,166 DEBUG [main] stencyl.sw.loc.LanguagePack: Reading... lang\en\editor-tileset.lang
2015-12-14 09:58:05,166 DEBUG [main] stencyl.sw.loc.LanguagePack: Reading... lang\en\editor-preloader.lang
2015-12-14 09:58:05,166 DEBUG [main] stencyl.sw.loc.LanguagePack: Reading... lang\en\editor-mobile.lang
2015-12-14 09:58:05,166 DEBUG [main] stencyl.sw.loc.LanguagePack: Reading... lang\en\editor-groups.lang
2015-12-14 09:58:05,166 DEBUG [main] stencyl.sw.loc.LanguagePack: Reading... lang\en\editor-attributes.lang
2015-12-14 09:58:05,166 DEBUG [main] stencyl.sw.loc.LanguagePack: Reading... lang\en\editor-input.lang
2015-12-14 09:58:05,166 DEBUG [main] stencyl.sw.loc.LanguagePack: Reading... lang\en\editor-animation.lang
2015-12-14 09:58:05,166 DEBUG [main] stencyl.sw.loc.LanguagePack: Reading... lang\en\editor-scene-main.lang
2015-12-14 09:58:05,166 DEBUG [main] stencyl.sw.loc.LanguagePack: Reading... lang\en\editor-scene-create.lang
2015-12-14 09:58:05,166 DEBUG [main] stencyl.sw.loc.LanguagePack: Reading... lang\en\editor-scene-tools.lang
2015-12-14 09:58:05,166 INFO  [AWT-EventQueue-0] stencyl.sw.SW: Initializing Stencyl.
2015-12-14 09:58:05,352 DEBUG [AWT-EventQueue-0] stencyl.sw.Splash: Set Splash message: Look
2015-12-14 09:58:56,148 INFO  [AWT-EventQueue-0] stencyl.sw.ext.ExtensionDependencyManager: Haxelib actuate 1.6.5
2015-12-14 09:58:56,195 INFO  [AWT-EventQueue-0] stencyl.sw.ext.ExtensionDependencyManager: Haxelib box2d 1.11.0
2015-12-14 09:58:56,242 INFO  [AWT-EventQueue-0] stencyl.sw.ext.ExtensionDependencyManager: Haxelib box2d-fake 1.11.0
2015-12-14 09:58:56,273 INFO  [AWT-EventQueue-0] stencyl.sw.ext.ExtensionDependencyManager: Haxelib console 1.0.0
2015-12-14 09:58:56,288 INFO  [AWT-EventQueue-0] stencyl.sw.ext.ExtensionDependencyManager: Haxelib format 3.1.2
2015-12-14 09:58:56,428 INFO  [AWT-EventQueue-0] stencyl.sw.ext.ExtensionDependencyManager: Haxelib hxcpp 3.2.0
2015-12-14 09:58:56,584 INFO  [AWT-EventQueue-0] stencyl.sw.ext.ExtensionDependencyManager: Haxelib hxtelemetry 0.3.1
2015-12-14 09:58:56,678 INFO  [AWT-EventQueue-0] stencyl.sw.ext.ExtensionDependencyManager: Haxelib layout 1.1.0
2015-12-14 09:58:57,347 INFO  [AWT-EventQueue-0] stencyl.sw.ext.ExtensionDependencyManager: Haxelib lime 2.6.8
2015-12-14 09:58:57,549 INFO  [AWT-EventQueue-0] stencyl.sw.ext.ExtensionDependencyManager: Haxelib openfl 3.3.8
2015-12-14 09:58:57,596 INFO  [AWT-EventQueue-0] stencyl.sw.ext.ExtensionDependencyManager: Haxelib polygonal-ds 1.4.1
2015-12-14 09:58:57,596 INFO  [AWT-EventQueue-0] stencyl.sw.ext.ExtensionDependencyManager: Haxelib polygonal-printf 1.0.0.beta
2015-12-14 09:58:57,658 INFO  [AWT-EventQueue-0] stencyl.sw.ext.ExtensionDependencyManager: Haxelib stencyl 1.0.0
2015-12-14 09:58:57,736 INFO  [AWT-EventQueue-0] stencyl.sw.ext.ExtensionDependencyManager: Haxelib stencyl-cppia 1.0.0
2015-12-14 09:58:57,767 INFO  [AWT-EventQueue-0] stencyl.sw.ext.ExtensionDependencyManager: Haxelib svg 1.0.8
2015-12-14 09:58:57,830 INFO  [AWT-EventQueue-0] stencyl.sw.ext.ExtensionDependencyManager: Haxelib swf 1.7.4
2015-12-14 09:58:57,876 INFO  [AWT-EventQueue-0] stencyl.sw.ext.ExtensionDependencyManager: Haxelib tilelayer 0.2.1
2015-12-14 09:58:58,063 DEBUG [AWT-EventQueue-0] stencyl.sw.util.FileHelper: Matching (non-hidden) files within C:\Users\rmills0865\AppData\Roaming\Stencyl\stencylworks\extensions: []
2015-12-14 09:58:58,063 DEBUG [AWT-EventQueue-0] stencyl.sw.util.FileHelper: Matching (non-hidden) files within C:\Users\rmills0865\AppData\Roaming\Stencyl\stencylworks\extensions: []
2015-12-14 09:58:58,063 DEBUG [AWT-EventQueue-0] stencyl.sw.editors.game.advanced.EngineExtensionManager: Loading engine extensions...
2015-12-14 09:58:58,312 DEBUG [AWT-EventQueue-0] stencyl.sw.util.FileHelper: Directories within C:\Users\rmills0865\AppData\Roaming\Stencyl\stencylworks\engine-extensions: [C:\Users\rmills0865\AppData\Roaming\Stencyl\stencylworks\engine-extensions\ads, C:\Users\rmills0865\AppData\Roaming\Stencyl\stencylworks\engine-extensions\gamecenter, C:\Users\rmills0865\AppData\Roaming\Stencyl\stencylworks\engine-extensions\gestures, C:\Users\rmills0865\AppData\Roaming\Stencyl\stencylworks\engine-extensions\google, C:\Users\rmills0865\AppData\Roaming\Stencyl\stencylworks\engine-extensions\hypertouch, C:\Users\rmills0865\AppData\Roaming\Stencyl\stencylworks\engine-extensions\joystick, C:\Users\rmills0865\AppData\Roaming\Stencyl\stencylworks\engine-extensions\label, C:\Users\rmills0865\AppData\Roaming\Stencyl\stencylworks\engine-extensions\native, C:\Users\rmills0865\AppData\Roaming\Stencyl\stencylworks\engine-extensions\purchases, C:\Users\rmills0865\AppData\Roaming\Stencyl\stencylworks\engine-extensions\test, C:\Users\rmills0865\AppData\Roaming\Stencyl\stencylworks\engine-extensions\test-flash, C:\Users\rmills0865\AppData\Roaming\Stencyl\stencylworks\engine-extensions\test-native, C:\Users\rmills0865\AppData\Roaming\Stencyl\stencylworks\engine-extensions\tileapi]
2015-12-14 09:58:58,312 DEBUG [AWT-EventQueue-0] stencyl.sw.editors.game.advanced.EngineExtensionManager: ads is a core engine extension. Skip.
2015-12-14 09:58:58,312 DEBUG [AWT-EventQueue-0] stencyl.sw.editors.game.advanced.EngineExtensionManager: gamecenter is a core engine extension. Skip.
2015-12-14 09:58:58,312 DEBUG [AWT-EventQueue-0] stencyl.sw.editors.game.advanced.EngineExtensionManager: gestures is a core engine extension. Skip.
2015-12-14 09:58:58,328 DEBUG [AWT-EventQueue-0] stencyl.sw.editors.game.advanced.EngineExtensionManager: google is not a valid engine extension. Skip.
2015-12-14 09:58:58,328 DEBUG [AWT-EventQueue-0] stencyl.sw.editors.game.advanced.EngineExtensionManager: hypertouch is a core engine extension. Skip.
2015-12-14 09:58:58,328 DEBUG [AWT-EventQueue-0] stencyl.sw.editors.game.advanced.EngineExtensionManager: joystick is a core engine extension. Skip.
2015-12-14 09:58:58,437 DEBUG [AWT-EventQueue-0] stencyl.sw.editors.game.advanced.EngineExtensionManager: label is engine extension: Labels (1.0.0).
2015-12-14 09:58:58,437 DEBUG [AWT-EventQueue-0] stencyl.sw.editors.game.advanced.EngineExtensionManager: native is a core engine extension. Skip.
2015-12-14 09:58:58,437 DEBUG [AWT-EventQueue-0] stencyl.sw.editors.game.advanced.EngineExtensionManager: purchases is a core engine extension. Skip.
2015-12-14 09:58:58,530 DEBUG [AWT-EventQueue-0] stencyl.sw.editors.game.advanced.EngineExtensionManager: test is engine extension: Test Extension (1.0.0).
2015-12-14 09:58:58,577 DEBUG [AWT-EventQueue-0] stencyl.sw.editors.game.advanced.EngineExtensionManager: test-flash is engine extension: Test Extension (Flash SWF) (1.0.0).
2015-12-14 09:58:58,655 DEBUG [AWT-EventQueue-0] stencyl.sw.editors.game.advanced.EngineExtensionManager: test-native is engine extension: Test Extension (Native) (1.0.0).
2015-12-14 09:58:58,733 DEBUG [AWT-EventQueue-0] stencyl.sw.editors.game.advanced.EngineExtensionManager: tileapi is engine extension: Tile API (1.0.0).
2015-12-14 09:58:58,733 INFO  [AWT-EventQueue-0] stencyl.sw.editors.game.advanced.EngineExtensionManager: Engine Extensions: [Labels (1.0.0), Test Extension (1.0.0), Test Extension (Flash SWF) (1.0.0), Test Extension (Native) (1.0.0), Tile API (1.0.0)]
2015-12-14 09:58:58,733 WARN  [AWT-EventQueue-0] stencyl.sw.app.ExtensionManager: Couldn't load extension settings.
2015-12-14 09:58:58,873 INFO  [AWT-EventQueue-0] stencyl.sw.app.ExtensionManager: Toolset Extensions: []
2015-12-14 09:59:07,546 DEBUG [AWT-EventQueue-0] stencyl.sw.app.doc.Workspace: Activated: Welcome Center
2015-12-14 09:59:07,593 DEBUG [AWT-EventQueue-0] stencyl.sw.app.App: Silent Authentication.
2015-12-14 09:59:07,593 DEBUG [AWT-EventQueue-0] stencyl.sw.Splash: Dispose Splash
2015-12-14 09:59:08,807 DEBUG [pool-1-thread-1] stencyl.sw.app.tasks.AuthenticateTask: Response: guest
2015-12-14 09:59:08,807 INFO  [pool-1-thread-1] stencyl.sw.app.tasks.AuthenticateTask: Could not log in. Check your login credentials.
2015-12-14 09:59:44,278 INFO  [AWT-EventQueue-0] stencyl.sw.app.App: Attempting to quit out of Stencyl.
2015-12-14 09:59:44,325 DEBUG [AWT-EventQueue-0] stencyl.sw.util.Util: Running command: [taskkill, /im, neko.exe, /f]
2015-12-14 09:59:44,652 DEBUG [Thread-6] stencyl.sw.util.StreamGobbler: [taskkill] ERROR: The process "neko.exe" not found.
2015-12-14 09:59:44,652 DEBUG [AWT-EventQueue-0] stencyl.sw.util.Util: Process 'taskkill' exited with code: 128
2015-12-14 09:59:44,652 DEBUG [AWT-EventQueue-0] stencyl.sw.util.Util: Running command: [taskkill, /im, adb.exe, /f]
2015-12-14 09:59:44,714 DEBUG [Thread-7] stencyl.sw.util.StreamGobbler: [taskkill] ERROR: The process "adb.exe" not found.
2015-12-14 09:59:44,714 DEBUG [AWT-EventQueue-0] stencyl.sw.util.Util: Process 'taskkill' exited with code: 128
2015-12-14 09:59:44,714 DEBUG [AWT-EventQueue-0] stencyl.sw.util.Util: Running command: [taskkill, /im, arm-linux-androideabi-g++.exe, /f]
2015-12-14 09:59:44,776 DEBUG [Thread-8] stencyl.sw.util.StreamGobbler: [taskkill] ERROR: The process "arm-linux-androideabi-g++.exe" not found.
2015-12-14 09:59:44,776 DEBUG [AWT-EventQueue-0] stencyl.sw.util.Util: Process 'taskkill' exited with code: 128
2015-12-14 09:59:44,776 DEBUG [AWT-EventQueue-0] stencyl.sw.util.Util: Running command: [taskkill, /im, cc1plus.exe, /f]
2015-12-14 09:59:44,839 DEBUG [Thread-9] stencyl.sw.util.StreamGobbler: [taskkill] ERROR: The process "cc1plus.exe" not found.
2015-12-14 09:59:44,839 DEBUG [AWT-EventQueue-0] stencyl.sw.util.Util: Process 'taskkill' exited with code: 128
2015-12-14 09:59:44,839 DEBUG [AWT-EventQueue-0] stencyl.sw.util.Util: Running command: [taskkill, /im, tail.exe, /f]
2015-12-14 09:59:44,901 DEBUG [Thread-10] stencyl.sw.util.StreamGobbler: [taskkill] ERROR: The process "tail.exe" not found.
2015-12-14 09:59:44,901 DEBUG [AWT-EventQueue-0] stencyl.sw.util.Util: Process 'taskkill' exited with code: 128
2015-12-14 09:59:44,901 DEBUG [AWT-EventQueue-0] stencyl.sw.util.Util: Running command: [taskkill, /im, ios-sim.exe, /f]
2015-12-14 09:59:44,963 DEBUG [Thread-11] stencyl.sw.util.StreamGobbler: [taskkill] ERROR: The process "ios-sim.exe" not found.
2015-12-14 09:59:44,963 DEBUG [AWT-EventQueue-0] stencyl.sw.util.Util: Process 'taskkill' exited with code: 128
2015-12-14 09:59:44,963 DEBUG [AWT-EventQueue-0] stencyl.sw.app.App: Destroying extensions.
2015-12-14 09:59:44,963 DEBUG [AWT-EventQueue-0] stencyl.sw.app.App: Performing final close.
2015-12-14 09:59:44,963 INFO  [AWT-EventQueue-0] stencyl.sw.app.App: Exiting...
2015-12-14 09:59:44,963 DEBUG [AWT-EventQueue-0] stencyl.sw.app.App: Destroying Temporary Sandbox.
2015-12-14 09:59:44,963 DEBUG [AWT-EventQueue-0] stencyl.sw.util.FileHelper: Deleting: C:\Users\rmills0865\AppData\Local\Temp\stencyl1468779575869140420
