2015-12-10 09:35:10,918 INFO  [main] stencyl.sw.Session: Logfile: C:\Users\glafond5733\Google Drive\Roosevelt OGPC\stencylworks\logs\2015-12-10_09-35-10.log
2015-12-10 09:35:10,918 INFO  [main] stencyl.sw.Session: OS Name: Windows 7
2015-12-10 09:35:10,918 INFO  [main] stencyl.sw.Session: OS Version: 6.1 (64-bit)
2015-12-10 09:35:10,918 INFO  [main] stencyl.sw.Session: Java Version: 1.8.0_60
2015-12-10 09:35:10,918 INFO  [main] stencyl.sw.Session: Stencyl Version: 3.3.2 (b8734)
2015-12-10 09:35:10,918 INFO  [main] stencyl.sw.Session: Stencyl Workspace: C:\Users\glafond5733\Google Drive\Roosevelt OGPC\
2015-12-10 09:35:10,918 INFO  [main] stencyl.sw.Session: User Working Directory: C:\Program Files (x86)\Stencyl
2015-12-10 09:35:10,918 INFO  [main] stencyl.sw.Session: User Home Directory: C:\Users\glafond5733
2015-12-10 09:35:10,933 INFO  [main] stencyl.sw.Session: System Path: C:\ProgramData\Oracle\Java\javapath;C:\Program Files (x86)\Intel\iCLS Client\;C:\Program Files\Intel\iCLS Client\;C:\WINDOWS\system32;C:\WINDOWS;C:\WINDOWS\System32\Wbem;C:\WINDOWS\System32\WindowsPowerShell\v1.0\;C:\WINDOWS\CCM;C:\WINDOWS\CCM;C:\Program Files (x86)\QuickTime\QTSystem\;C:\Program Files\Intel\Intel(R) Management Engine Components\DAL;C:\Program Files\Intel\Intel(R) Management Engine Components\IPT;C:\Program Files (x86)\Intel\Intel(R) Management Engine Components\DAL;C:\Program Files (x86)\Intel\Intel(R) Management Engine Components\IPT;C:\Program Files (x86)\Stencyl\runtimes\jre-win\bin
2015-12-10 09:35:11,011 DEBUG [main] stencyl.sw.util.FileHelper: Deleting: C:\Users\GLAFON~1\AppData\Local\Temp\stencyl4724670604484748942
2015-12-10 09:35:11,011 DEBUG [main] stencyl.sw.loc.LanguagePack: Reading... lang\en\global-phrases.lang
2015-12-10 09:35:11,027 DEBUG [main] stencyl.sw.loc.LanguagePack: Reading... lang\en\global-errors.lang
2015-12-10 09:35:11,027 DEBUG [main] stencyl.sw.loc.LanguagePack: Reading... lang\en\global-menu.lang
2015-12-10 09:35:11,027 DEBUG [main] stencyl.sw.loc.LanguagePack: Reading... lang\en\global-welcome.lang
2015-12-10 09:35:11,027 DEBUG [main] stencyl.sw.loc.LanguagePack: Reading... lang\en\global-dashboard.lang
2015-12-10 09:35:11,027 DEBUG [main] stencyl.sw.loc.LanguagePack: Reading... lang\en\global-publish.lang
2015-12-10 09:35:11,027 DEBUG [main] stencyl.sw.loc.LanguagePack: Reading... lang\en\global-updater.lang
2015-12-10 09:35:11,043 DEBUG [main] stencyl.sw.loc.LanguagePack: Reading... lang\en\global-chat.lang
2015-12-10 09:35:11,043 DEBUG [main] stencyl.sw.loc.LanguagePack: Reading... lang\en\global-misc.lang
2015-12-10 09:35:11,043 DEBUG [main] stencyl.sw.loc.LanguagePack: Reading... lang\en\global-forge.lang
2015-12-10 09:35:11,043 DEBUG [main] stencyl.sw.loc.LanguagePack: Reading... lang\en\global-prefs.lang
2015-12-10 09:35:11,043 DEBUG [main] stencyl.sw.loc.LanguagePack: Reading... lang\en\global-creategame.lang
2015-12-10 09:35:11,043 DEBUG [main] stencyl.sw.loc.LanguagePack: Reading... lang\en\behavior-main.lang
2015-12-10 09:35:11,058 DEBUG [main] stencyl.sw.loc.LanguagePack: Reading... lang\en\behavior-blocks.lang
2015-12-10 09:35:11,058 DEBUG [main] stencyl.sw.loc.LanguagePack: Reading... lang\en\behavior-blockhelp.lang
2015-12-10 09:35:11,074 DEBUG [main] stencyl.sw.loc.LanguagePack: Reading... lang\en\behavior-events.lang
2015-12-10 09:35:11,074 DEBUG [main] stencyl.sw.loc.LanguagePack: Reading... lang\en\behavior-code.lang
2015-12-10 09:35:11,074 DEBUG [main] stencyl.sw.loc.LanguagePack: Reading... lang\en\behavior-attributes.lang
2015-12-10 09:35:11,074 DEBUG [main] stencyl.sw.loc.LanguagePack: Reading... lang\en\behavior-create.lang
2015-12-10 09:35:11,074 DEBUG [main] stencyl.sw.loc.LanguagePack: Reading... lang\en\behavior-byob.lang
2015-12-10 09:35:11,074 DEBUG [main] stencyl.sw.loc.LanguagePack: Reading... lang\en\editor-actor-main.lang
2015-12-10 09:35:11,074 DEBUG [main] stencyl.sw.loc.LanguagePack: Reading... lang\en\editor-actor-physics.lang
2015-12-10 09:35:11,074 DEBUG [main] stencyl.sw.loc.LanguagePack: Reading... lang\en\editor-background.lang
2015-12-10 09:35:11,074 DEBUG [main] stencyl.sw.loc.LanguagePack: Reading... lang\en\editor-behaviorchooser.lang
2015-12-10 09:35:11,074 DEBUG [main] stencyl.sw.loc.LanguagePack: Reading... lang\en\editor-desktop.lang
2015-12-10 09:35:11,074 DEBUG [main] stencyl.sw.loc.LanguagePack: Reading... lang\en\editor-font.lang
2015-12-10 09:35:11,074 DEBUG [main] stencyl.sw.loc.LanguagePack: Reading... lang\en\editor-sound.lang
2015-12-10 09:35:11,074 DEBUG [main] stencyl.sw.loc.LanguagePack: Reading... lang\en\editor-tileset.lang
2015-12-10 09:35:11,074 DEBUG [main] stencyl.sw.loc.LanguagePack: Reading... lang\en\editor-preloader.lang
2015-12-10 09:35:11,074 DEBUG [main] stencyl.sw.loc.LanguagePack: Reading... lang\en\editor-mobile.lang
2015-12-10 09:35:11,074 DEBUG [main] stencyl.sw.loc.LanguagePack: Reading... lang\en\editor-groups.lang
2015-12-10 09:35:11,074 DEBUG [main] stencyl.sw.loc.LanguagePack: Reading... lang\en\editor-attributes.lang
2015-12-10 09:35:11,074 DEBUG [main] stencyl.sw.loc.LanguagePack: Reading... lang\en\editor-input.lang
2015-12-10 09:35:11,074 DEBUG [main] stencyl.sw.loc.LanguagePack: Reading... lang\en\editor-animation.lang
2015-12-10 09:35:11,074 DEBUG [main] stencyl.sw.loc.LanguagePack: Reading... lang\en\editor-scene-main.lang
2015-12-10 09:35:11,074 DEBUG [main] stencyl.sw.loc.LanguagePack: Reading... lang\en\editor-scene-create.lang
2015-12-10 09:35:11,074 DEBUG [main] stencyl.sw.loc.LanguagePack: Reading... lang\en\editor-scene-tools.lang
2015-12-10 09:35:11,074 DEBUG [main] stencyl.sw.loc.LanguagePack: Reading... lang\en\global-phrases.lang
2015-12-10 09:35:11,074 DEBUG [main] stencyl.sw.loc.LanguagePack: Reading... lang\en\global-errors.lang
2015-12-10 09:35:11,074 DEBUG [main] stencyl.sw.loc.LanguagePack: Reading... lang\en\global-menu.lang
2015-12-10 09:35:11,074 DEBUG [main] stencyl.sw.loc.LanguagePack: Reading... lang\en\global-welcome.lang
2015-12-10 09:35:11,074 DEBUG [main] stencyl.sw.loc.LanguagePack: Reading... lang\en\global-dashboard.lang
2015-12-10 09:35:11,089 DEBUG [main] stencyl.sw.loc.LanguagePack: Reading... lang\en\global-publish.lang
2015-12-10 09:35:11,089 DEBUG [main] stencyl.sw.loc.LanguagePack: Reading... lang\en\global-updater.lang
2015-12-10 09:35:11,089 DEBUG [main] stencyl.sw.loc.LanguagePack: Reading... lang\en\global-chat.lang
2015-12-10 09:35:11,089 DEBUG [main] stencyl.sw.loc.LanguagePack: Reading... lang\en\global-misc.lang
2015-12-10 09:35:11,089 DEBUG [main] stencyl.sw.loc.LanguagePack: Reading... lang\en\global-forge.lang
2015-12-10 09:35:11,089 DEBUG [main] stencyl.sw.loc.LanguagePack: Reading... lang\en\global-prefs.lang
2015-12-10 09:35:11,089 DEBUG [main] stencyl.sw.loc.LanguagePack: Reading... lang\en\global-creategame.lang
2015-12-10 09:35:11,089 DEBUG [main] stencyl.sw.loc.LanguagePack: Reading... lang\en\behavior-main.lang
2015-12-10 09:35:11,089 DEBUG [main] stencyl.sw.loc.LanguagePack: Reading... lang\en\behavior-blocks.lang
2015-12-10 09:35:11,089 DEBUG [main] stencyl.sw.loc.LanguagePack: Reading... lang\en\behavior-blockhelp.lang
2015-12-10 09:35:11,089 DEBUG [main] stencyl.sw.loc.LanguagePack: Reading... lang\en\behavior-events.lang
2015-12-10 09:35:11,089 DEBUG [main] stencyl.sw.loc.LanguagePack: Reading... lang\en\behavior-code.lang
2015-12-10 09:35:11,089 DEBUG [main] stencyl.sw.loc.LanguagePack: Reading... lang\en\behavior-attributes.lang
2015-12-10 09:35:11,089 DEBUG [main] stencyl.sw.loc.LanguagePack: Reading... lang\en\behavior-create.lang
2015-12-10 09:35:11,089 DEBUG [main] stencyl.sw.loc.LanguagePack: Reading... lang\en\behavior-byob.lang
2015-12-10 09:35:11,089 DEBUG [main] stencyl.sw.loc.LanguagePack: Reading... lang\en\editor-actor-main.lang
2015-12-10 09:35:11,089 DEBUG [main] stencyl.sw.loc.LanguagePack: Reading... lang\en\editor-actor-physics.lang
2015-12-10 09:35:11,089 DEBUG [main] stencyl.sw.loc.LanguagePack: Reading... lang\en\editor-background.lang
2015-12-10 09:35:11,089 DEBUG [main] stencyl.sw.loc.LanguagePack: Reading... lang\en\editor-behaviorchooser.lang
2015-12-10 09:35:11,089 DEBUG [main] stencyl.sw.loc.LanguagePack: Reading... lang\en\editor-desktop.lang
2015-12-10 09:35:11,089 DEBUG [main] stencyl.sw.loc.LanguagePack: Reading... lang\en\editor-font.lang
2015-12-10 09:35:11,089 DEBUG [main] stencyl.sw.loc.LanguagePack: Reading... lang\en\editor-sound.lang
2015-12-10 09:35:11,089 DEBUG [main] stencyl.sw.loc.LanguagePack: Reading... lang\en\editor-tileset.lang
2015-12-10 09:35:11,105 DEBUG [main] stencyl.sw.loc.LanguagePack: Reading... lang\en\editor-preloader.lang
2015-12-10 09:35:11,105 DEBUG [main] stencyl.sw.loc.LanguagePack: Reading... lang\en\editor-mobile.lang
2015-12-10 09:35:11,105 DEBUG [main] stencyl.sw.loc.LanguagePack: Reading... lang\en\editor-groups.lang
2015-12-10 09:35:11,105 DEBUG [main] stencyl.sw.loc.LanguagePack: Reading... lang\en\editor-attributes.lang
2015-12-10 09:35:11,105 DEBUG [main] stencyl.sw.loc.LanguagePack: Reading... lang\en\editor-input.lang
2015-12-10 09:35:11,105 DEBUG [main] stencyl.sw.loc.LanguagePack: Reading... lang\en\editor-animation.lang
2015-12-10 09:35:11,105 DEBUG [main] stencyl.sw.loc.LanguagePack: Reading... lang\en\editor-scene-main.lang
2015-12-10 09:35:11,105 DEBUG [main] stencyl.sw.loc.LanguagePack: Reading... lang\en\editor-scene-create.lang
2015-12-10 09:35:11,105 DEBUG [main] stencyl.sw.loc.LanguagePack: Reading... lang\en\editor-scene-tools.lang
2015-12-10 09:35:11,105 INFO  [AWT-EventQueue-0] stencyl.sw.SW: Initializing Stencyl.
2015-12-10 09:35:11,105 DEBUG [AWT-EventQueue-0] stencyl.sw.Splash: Set Splash message: Look
2015-12-10 09:35:11,775 INFO  [AWT-EventQueue-0] stencyl.sw.ext.ExtensionDependencyManager: Haxelib actuate 1.6.5
2015-12-10 09:35:11,775 INFO  [AWT-EventQueue-0] stencyl.sw.ext.ExtensionDependencyManager: Haxelib box2d 1.11.0
2015-12-10 09:35:11,775 INFO  [AWT-EventQueue-0] stencyl.sw.ext.ExtensionDependencyManager: Haxelib box2d-fake 1.11.0
2015-12-10 09:35:11,775 INFO  [AWT-EventQueue-0] stencyl.sw.ext.ExtensionDependencyManager: Haxelib console 1.0.0
2015-12-10 09:35:11,775 INFO  [AWT-EventQueue-0] stencyl.sw.ext.ExtensionDependencyManager: Haxelib format 3.1.2
2015-12-10 09:35:11,791 INFO  [AWT-EventQueue-0] stencyl.sw.ext.ExtensionDependencyManager: Haxelib hxcpp 3.2.0
2015-12-10 09:35:11,791 INFO  [AWT-EventQueue-0] stencyl.sw.ext.ExtensionDependencyManager: Haxelib hxtelemetry 0.3.1
2015-12-10 09:35:11,791 INFO  [AWT-EventQueue-0] stencyl.sw.ext.ExtensionDependencyManager: Haxelib layout 1.1.0
2015-12-10 09:35:11,791 INFO  [AWT-EventQueue-0] stencyl.sw.ext.ExtensionDependencyManager: Haxelib lime 2.6.8
2015-12-10 09:35:11,791 INFO  [AWT-EventQueue-0] stencyl.sw.ext.ExtensionDependencyManager: Haxelib openfl 3.3.8
2015-12-10 09:35:11,791 INFO  [AWT-EventQueue-0] stencyl.sw.ext.ExtensionDependencyManager: Haxelib polygonal-ds 1.4.1
2015-12-10 09:35:11,791 INFO  [AWT-EventQueue-0] stencyl.sw.ext.ExtensionDependencyManager: Haxelib polygonal-printf 1.0.0.beta
2015-12-10 09:35:11,791 INFO  [AWT-EventQueue-0] stencyl.sw.ext.ExtensionDependencyManager: Haxelib stencyl 1.0.0
2015-12-10 09:35:11,791 INFO  [AWT-EventQueue-0] stencyl.sw.ext.ExtensionDependencyManager: Haxelib stencyl-cppia 1.0.0
2015-12-10 09:35:11,791 INFO  [AWT-EventQueue-0] stencyl.sw.ext.ExtensionDependencyManager: Haxelib svg 1.0.8
2015-12-10 09:35:11,791 INFO  [AWT-EventQueue-0] stencyl.sw.ext.ExtensionDependencyManager: Haxelib swf 1.7.4
2015-12-10 09:35:11,791 INFO  [AWT-EventQueue-0] stencyl.sw.ext.ExtensionDependencyManager: Haxelib tilelayer 0.2.1
2015-12-10 09:35:11,806 DEBUG [AWT-EventQueue-0] stencyl.sw.util.FileHelper: Matching (non-hidden) files within C:\Users\glafond5733\Google Drive\Roosevelt OGPC\stencylworks\extensions: []
2015-12-10 09:35:11,806 DEBUG [AWT-EventQueue-0] stencyl.sw.util.FileHelper: Matching (non-hidden) files within C:\Users\glafond5733\Google Drive\Roosevelt OGPC\stencylworks\extensions: []
2015-12-10 09:35:11,806 DEBUG [AWT-EventQueue-0] stencyl.sw.editors.game.advanced.EngineExtensionManager: Loading engine extensions...
2015-12-10 09:35:11,806 DEBUG [AWT-EventQueue-0] stencyl.sw.util.FileHelper: Directories within C:\Users\glafond5733\Google Drive\Roosevelt OGPC\stencylworks\engine-extensions: [C:\Users\glafond5733\Google Drive\Roosevelt OGPC\stencylworks\engine-extensions\ads, C:\Users\glafond5733\Google Drive\Roosevelt OGPC\stencylworks\engine-extensions\gamecenter, C:\Users\glafond5733\Google Drive\Roosevelt OGPC\stencylworks\engine-extensions\gestures, C:\Users\glafond5733\Google Drive\Roosevelt OGPC\stencylworks\engine-extensions\google, C:\Users\glafond5733\Google Drive\Roosevelt OGPC\stencylworks\engine-extensions\hypertouch, C:\Users\glafond5733\Google Drive\Roosevelt OGPC\stencylworks\engine-extensions\joystick, C:\Users\glafond5733\Google Drive\Roosevelt OGPC\stencylworks\engine-extensions\label, C:\Users\glafond5733\Google Drive\Roosevelt OGPC\stencylworks\engine-extensions\native, C:\Users\glafond5733\Google Drive\Roosevelt OGPC\stencylworks\engine-extensions\purchases, C:\Users\glafond5733\Google Drive\Roosevelt OGPC\stencylworks\engine-extensions\test, C:\Users\glafond5733\Google Drive\Roosevelt OGPC\stencylworks\engine-extensions\test-flash, C:\Users\glafond5733\Google Drive\Roosevelt OGPC\stencylworks\engine-extensions\test-native, C:\Users\glafond5733\Google Drive\Roosevelt OGPC\stencylworks\engine-extensions\tileapi]
2015-12-10 09:35:11,806 DEBUG [AWT-EventQueue-0] stencyl.sw.editors.game.advanced.EngineExtensionManager: ads is a core engine extension. Skip.
2015-12-10 09:35:11,806 DEBUG [AWT-EventQueue-0] stencyl.sw.editors.game.advanced.EngineExtensionManager: gamecenter is a core engine extension. Skip.
2015-12-10 09:35:11,806 DEBUG [AWT-EventQueue-0] stencyl.sw.editors.game.advanced.EngineExtensionManager: gestures is a core engine extension. Skip.
2015-12-10 09:35:11,806 DEBUG [AWT-EventQueue-0] stencyl.sw.editors.game.advanced.EngineExtensionManager: google is not a valid engine extension. Skip.
2015-12-10 09:35:11,806 DEBUG [AWT-EventQueue-0] stencyl.sw.editors.game.advanced.EngineExtensionManager: hypertouch is a core engine extension. Skip.
2015-12-10 09:35:11,806 DEBUG [AWT-EventQueue-0] stencyl.sw.editors.game.advanced.EngineExtensionManager: joystick is a core engine extension. Skip.
2015-12-10 09:35:11,806 DEBUG [AWT-EventQueue-0] stencyl.sw.editors.game.advanced.EngineExtensionManager: label is not a valid engine extension. Skip.
2015-12-10 09:35:11,806 DEBUG [AWT-EventQueue-0] stencyl.sw.editors.game.advanced.EngineExtensionManager: native is a core engine extension. Skip.
2015-12-10 09:35:11,806 DEBUG [AWT-EventQueue-0] stencyl.sw.editors.game.advanced.EngineExtensionManager: purchases is a core engine extension. Skip.
2015-12-10 09:35:11,806 DEBUG [AWT-EventQueue-0] stencyl.sw.editors.game.advanced.EngineExtensionManager: test is not a valid engine extension. Skip.
2015-12-10 09:35:11,806 DEBUG [AWT-EventQueue-0] stencyl.sw.editors.game.advanced.EngineExtensionManager: test-flash is not a valid engine extension. Skip.
2015-12-10 09:35:11,806 DEBUG [AWT-EventQueue-0] stencyl.sw.editors.game.advanced.EngineExtensionManager: test-native is not a valid engine extension. Skip.
2015-12-10 09:35:11,806 DEBUG [AWT-EventQueue-0] stencyl.sw.editors.game.advanced.EngineExtensionManager: tileapi is not a valid engine extension. Skip.
2015-12-10 09:35:11,806 INFO  [AWT-EventQueue-0] stencyl.sw.editors.game.advanced.EngineExtensionManager: Engine Extensions: []
2015-12-10 09:35:11,806 WARN  [AWT-EventQueue-0] stencyl.sw.app.ExtensionManager: Couldn't load extension settings.
2015-12-10 09:35:11,822 INFO  [AWT-EventQueue-0] stencyl.sw.app.ExtensionManager: Toolset Extensions: []
2015-12-10 09:35:11,978 DEBUG [AWT-EventQueue-0] stencyl.sw.app.doc.Workspace: Activated: Welcome Center
2015-12-10 09:35:11,994 DEBUG [AWT-EventQueue-0] stencyl.sw.app.App: Non-silent Authentication.
2015-12-10 09:35:11,994 DEBUG [AWT-EventQueue-0] stencyl.sw.Splash: Dispose Splash
2015-12-10 09:35:12,181 DEBUG [pool-1-thread-1] stencyl.sw.app.tasks.AuthenticateTask: Response: guest
2015-12-10 09:35:12,181 INFO  [pool-1-thread-1] stencyl.sw.app.tasks.AuthenticateTask: Could not log in. Check your login credentials.
2015-12-10 09:35:38,229 DEBUG [AWT-EventQueue-0] stencyl.sw.util.FileHelper: Deleting: C:\Users\glafond5733\AppData\Local\Temp\stencyl4724670604484748942\sandbox\test\temp
2015-12-10 09:35:38,229 DEBUG [AWT-EventQueue-0] stencyl.sw.util.FileHelper: Deleting: C:\Users\glafond5733\Google Drive\Roosevelt OGPC\stencylworks\preview\scripts
2015-12-10 09:35:38,229 DEBUG [AWT-EventQueue-0] stencyl.sw.util.FileHelper: Deleting: C:\Users\glafond5733\Google Drive\Roosevelt OGPC\stencylworks\preview\game
2015-12-10 09:35:38,229 INFO  [AWT-EventQueue-0] stencyl.sw.app.tasks.OpenGameTask: Opening game: Scene Change Test
2015-12-10 09:35:38,260 DEBUG [pool-1-thread-1] stencyl.core.lib.Game: Loading scene-specific snippet. SceneID: 0
2015-12-10 09:35:38,260 DEBUG [pool-1-thread-1] stencyl.core.lib.Game: Loading scene-specific snippet. SceneID: 1
2015-12-10 09:35:38,276 DEBUG [pool-1-thread-1] stencyl.core.lib.ResourceList: Initializing... 3 : Actor 1
2015-12-10 09:35:38,276 DEBUG [pool-1-thread-1] stencyl.core.lib.ResourceList: Initializing... 4 : Actor 1
2015-12-10 09:35:38,276 ERROR [pool-1-thread-1] stencyl.sw.data.EditableAnimation: Unable to load actor animation for actor with ID: 4. Substituting images with blanks.
javax.imageio.IIOException: Can't read input file!
	at javax.imageio.ImageIO.read(ImageIO.java:1301)
	at stencyl.sw.util.gfx.ImageUtil.readRasterImage(ImageUtil.java:152)
	at stencyl.sw.data.EditableAnimation.loadImagesInternal(EditableAnimation.java:328)
	at stencyl.sw.data.EditableAnimation.loadImagesInternal(EditableAnimation.java:263)
	at stencyl.sw.data.EditableAnimation.loadImages(EditableAnimation.java:228)
	at stencyl.sw.data.EditableAnimation.<init>(EditableAnimation.java:132)
	at stencyl.sw.io.read.AnimationReader.read(AnimationReader.java:85)
	at stencyl.sw.io.read.SpriteReader$SpriteApply.apply(SpriteReader.java:61)
	at stencyl.core.lib.io.AbstractReader.applyToChildren(AbstractReader.java:104)
	at stencyl.sw.io.read.SpriteReader.load(SpriteReader.java:43)
	at stencyl.sw.data.EditableSprite.read(EditableSprite.java:74)
	at stencyl.sw.data.EditableSprite.<init>(EditableSprite.java:69)
	at stencyl.sw.io.read.SpriteReader.read(SpriteReader.java:38)
	at stencyl.core.lib.io.IOHelper.read(IOHelper.java:112)
	at stencyl.core.lib.io.IOHelper.read(IOHelper.java:103)
	at stencyl.core.lib.ResourceList.init(ResourceList.java:81)
	at stencyl.core.lib.ResourceList.<init>(ResourceList.java:57)
	at stencyl.core.lib.ResourceList.createList(ResourceList.java:47)
	at stencyl.core.lib.Game.load(Game.java:1660)
	at stencyl.sw.app.tasks.OpenGameTask.startOpeningGame(OpenGameTask.java:157)
	at stencyl.sw.app.tasks.OpenGameTask.doInBackground(OpenGameTask.java:117)
	at stencyl.sw.app.tasks.OpenGameTask.doInBackground(OpenGameTask.java:34)
	at javax.swing.SwingWorker$1.call(SwingWorker.java:295)
	at java.util.concurrent.FutureTask.run(FutureTask.java:266)
	at javax.swing.SwingWorker.run(SwingWorker.java:334)
	at java.util.concurrent.ThreadPoolExecutor.runWorker(ThreadPoolExecutor.java:1142)
	at java.util.concurrent.ThreadPoolExecutor$Worker.run(ThreadPoolExecutor.java:617)
	at java.lang.Thread.run(Thread.java:745)
2015-12-10 09:35:38,292 ERROR [pool-1-thread-1] stencyl.sw.util.dg.MessageDialog: Warning: Missing Image Data - Stencyl could not locate image data for one or more actor types and has substituted blank images to continue. Close the game, do not save and post it to the forums.
2015-12-10 09:35:40,225 WARN  [pool-1-thread-1] stencyl.sw.data.EditableAnimation: Missing 1.5x size animation image. Wrote it to resources\4-0@1.5x.png
2015-12-10 09:35:40,240 WARN  [pool-1-thread-1] stencyl.sw.data.EditableAnimation: Missing 2x size animation image. Wrote it to resources\4-0@2x.png
2015-12-10 09:35:40,240 WARN  [pool-1-thread-1] stencyl.sw.data.EditableAnimation: Missing 4x size animation image. Wrote it to resources\4-0@4x.png
2015-12-10 09:35:40,256 DEBUG [pool-1-thread-1] stencyl.core.lib.ResourceList: Initializing... 2 : Block Set 1
2015-12-10 09:35:40,256 ERROR [pool-1-thread-1] stencyl.sw.data.EditableTileset: Could not load tileset image: resources/2.png. Falling back to an empty image.
java.io.FileNotFoundException: C:\Users\glafond5733\Google Drive\Roosevelt OGPC\stencylworks\games\Scene Change Test\resources\2.png (The system cannot find the file specified)
	at java.io.FileInputStream.open0(Native Method)
	at java.io.FileInputStream.open(FileInputStream.java:195)
	at java.io.FileInputStream.<init>(FileInputStream.java:138)
	at stencyl.core.lib.io.IOHelper.getResourceAsStream(IOHelper.java:68)
	at stencyl.sw.data.EditableTileset.loadImagesInternal(EditableTileset.java:260)
	at stencyl.sw.data.EditableTileset.loadImagesInternal(EditableTileset.java:207)
	at stencyl.sw.data.EditableTileset.loadImages(EditableTileset.java:169)
	at stencyl.sw.data.EditableTileset.<init>(EditableTileset.java:105)
	at stencyl.sw.io.read.TilesetReader.read(TilesetReader.java:68)
	at stencyl.core.lib.io.IOHelper.read(IOHelper.java:112)
	at stencyl.core.lib.io.IOHelper.read(IOHelper.java:103)
	at stencyl.core.lib.ResourceList.init(ResourceList.java:81)
	at stencyl.core.lib.ResourceList.<init>(ResourceList.java:57)
	at stencyl.core.lib.ResourceList.createList(ResourceList.java:47)
	at stencyl.core.lib.Game.load(Game.java:1660)
	at stencyl.sw.app.tasks.OpenGameTask.startOpeningGame(OpenGameTask.java:157)
	at stencyl.sw.app.tasks.OpenGameTask.doInBackground(OpenGameTask.java:117)
	at stencyl.sw.app.tasks.OpenGameTask.doInBackground(OpenGameTask.java:34)
	at javax.swing.SwingWorker$1.call(SwingWorker.java:295)
	at java.util.concurrent.FutureTask.run(FutureTask.java:266)
	at javax.swing.SwingWorker.run(SwingWorker.java:334)
	at java.util.concurrent.ThreadPoolExecutor.runWorker(ThreadPoolExecutor.java:1142)
	at java.util.concurrent.ThreadPoolExecutor$Worker.run(ThreadPoolExecutor.java:617)
	at java.lang.Thread.run(Thread.java:745)
2015-12-10 09:35:40,256 WARN  [pool-1-thread-1] stencyl.sw.data.EditableTileset: Missing 1.5x size tileset image. Write it to resources\2@1.5x.png
2015-12-10 09:35:40,256 ERROR [pool-1-thread-1] stencyl.sw.data.EditableTileset: Could not write 1.5x size tileset image.
javax.imageio.IIOException: Can't read input file!
	at javax.imageio.ImageIO.read(ImageIO.java:1301)
	at stencyl.sw.util.gfx.ImageUtil.readRasterImage(ImageUtil.java:152)
	at stencyl.sw.data.EditableTileset.loadImagesInternal(EditableTileset.java:230)
	at stencyl.sw.data.EditableTileset.loadImagesInternal(EditableTileset.java:207)
	at stencyl.sw.data.EditableTileset.loadImages(EditableTileset.java:174)
	at stencyl.sw.data.EditableTileset.<init>(EditableTileset.java:105)
	at stencyl.sw.io.read.TilesetReader.read(TilesetReader.java:68)
	at stencyl.core.lib.io.IOHelper.read(IOHelper.java:112)
	at stencyl.core.lib.io.IOHelper.read(IOHelper.java:103)
	at stencyl.core.lib.ResourceList.init(ResourceList.java:81)
	at stencyl.core.lib.ResourceList.<init>(ResourceList.java:57)
	at stencyl.core.lib.ResourceList.createList(ResourceList.java:47)
	at stencyl.core.lib.Game.load(Game.java:1660)
	at stencyl.sw.app.tasks.OpenGameTask.startOpeningGame(OpenGameTask.java:157)
	at stencyl.sw.app.tasks.OpenGameTask.doInBackground(OpenGameTask.java:117)
	at stencyl.sw.app.tasks.OpenGameTask.doInBackground(OpenGameTask.java:34)
	at javax.swing.SwingWorker$1.call(SwingWorker.java:295)
	at java.util.concurrent.FutureTask.run(FutureTask.java:266)
	at javax.swing.SwingWorker.run(SwingWorker.java:334)
	at java.util.concurrent.ThreadPoolExecutor.runWorker(ThreadPoolExecutor.java:1142)
	at java.util.concurrent.ThreadPoolExecutor$Worker.run(ThreadPoolExecutor.java:617)
	at java.lang.Thread.run(Thread.java:745)
2015-12-10 09:35:40,256 WARN  [pool-1-thread-1] stencyl.sw.data.EditableTileset: Missing 2x size tileset image. Write it to resources\2@2x.png
2015-12-10 09:35:40,256 ERROR [pool-1-thread-1] stencyl.sw.data.EditableTileset: Could not write 2x size tileset image.
javax.imageio.IIOException: Can't read input file!
	at javax.imageio.ImageIO.read(ImageIO.java:1301)
	at stencyl.sw.util.gfx.ImageUtil.readRasterImage(ImageUtil.java:152)
	at stencyl.sw.data.EditableTileset.loadImagesInternal(EditableTileset.java:230)
	at stencyl.sw.data.EditableTileset.loadImagesInternal(EditableTileset.java:207)
	at stencyl.sw.data.EditableTileset.loadImages(EditableTileset.java:174)
	at stencyl.sw.data.EditableTileset.<init>(EditableTileset.java:105)
	at stencyl.sw.io.read.TilesetReader.read(TilesetReader.java:68)
	at stencyl.core.lib.io.IOHelper.read(IOHelper.java:112)
	at stencyl.core.lib.io.IOHelper.read(IOHelper.java:103)
	at stencyl.core.lib.ResourceList.init(ResourceList.java:81)
	at stencyl.core.lib.ResourceList.<init>(ResourceList.java:57)
	at stencyl.core.lib.ResourceList.createList(ResourceList.java:47)
	at stencyl.core.lib.Game.load(Game.java:1660)
	at stencyl.sw.app.tasks.OpenGameTask.startOpeningGame(OpenGameTask.java:157)
	at stencyl.sw.app.tasks.OpenGameTask.doInBackground(OpenGameTask.java:117)
	at stencyl.sw.app.tasks.OpenGameTask.doInBackground(OpenGameTask.java:34)
	at javax.swing.SwingWorker$1.call(SwingWorker.java:295)
	at java.util.concurrent.FutureTask.run(FutureTask.java:266)
	at javax.swing.SwingWorker.run(SwingWorker.java:334)
	at java.util.concurrent.ThreadPoolExecutor.runWorker(ThreadPoolExecutor.java:1142)
	at java.util.concurrent.ThreadPoolExecutor$Worker.run(ThreadPoolExecutor.java:617)
	at java.lang.Thread.run(Thread.java:745)
2015-12-10 09:35:40,256 WARN  [pool-1-thread-1] stencyl.sw.data.EditableTileset: Missing 4x size tileset image. Write it to resources\2@4x.png
2015-12-10 09:35:40,256 ERROR [pool-1-thread-1] stencyl.sw.data.EditableTileset: Could not write 4x size tileset image.
javax.imageio.IIOException: Can't read input file!
	at javax.imageio.ImageIO.read(ImageIO.java:1301)
	at stencyl.sw.util.gfx.ImageUtil.readRasterImage(ImageUtil.java:152)
	at stencyl.sw.data.EditableTileset.loadImagesInternal(EditableTileset.java:230)
	at stencyl.sw.data.EditableTileset.loadImagesInternal(EditableTileset.java:207)
	at stencyl.sw.data.EditableTileset.loadImages(EditableTileset.java:174)
	at stencyl.sw.data.EditableTileset.<init>(EditableTileset.java:105)
	at stencyl.sw.io.read.TilesetReader.read(TilesetReader.java:68)
	at stencyl.core.lib.io.IOHelper.read(IOHelper.java:112)
	at stencyl.core.lib.io.IOHelper.read(IOHelper.java:103)
	at stencyl.core.lib.ResourceList.init(ResourceList.java:81)
	at stencyl.core.lib.ResourceList.<init>(ResourceList.java:57)
	at stencyl.core.lib.ResourceList.createList(ResourceList.java:47)
	at stencyl.core.lib.Game.load(Game.java:1660)
	at stencyl.sw.app.tasks.OpenGameTask.startOpeningGame(OpenGameTask.java:157)
	at stencyl.sw.app.tasks.OpenGameTask.doInBackground(OpenGameTask.java:117)
	at stencyl.sw.app.tasks.OpenGameTask.doInBackground(OpenGameTask.java:34)
	at javax.swing.SwingWorker$1.call(SwingWorker.java:295)
	at java.util.concurrent.FutureTask.run(FutureTask.java:266)
	at javax.swing.SwingWorker.run(SwingWorker.java:334)
	at java.util.concurrent.ThreadPoolExecutor.runWorker(ThreadPoolExecutor.java:1142)
	at java.util.concurrent.ThreadPoolExecutor$Worker.run(ThreadPoolExecutor.java:617)
	at java.lang.Thread.run(Thread.java:745)
2015-12-10 09:35:40,256 DEBUG [pool-1-thread-1] stencyl.core.lib.ResourceList: Initializing... 5 : Button
2015-12-10 09:35:40,256 DEBUG [pool-1-thread-1] stencyl.core.lib.ResourceList: Initializing... 6 : Button
2015-12-10 09:35:40,256 ERROR [pool-1-thread-1] stencyl.sw.data.EditableAnimation: Unable to load actor animation for actor with ID: 6. Substituting images with blanks.
javax.imageio.IIOException: Can't read input file!
	at javax.imageio.ImageIO.read(ImageIO.java:1301)
	at stencyl.sw.util.gfx.ImageUtil.readRasterImage(ImageUtil.java:152)
	at stencyl.sw.data.EditableAnimation.loadImagesInternal(EditableAnimation.java:328)
	at stencyl.sw.data.EditableAnimation.loadImagesInternal(EditableAnimation.java:263)
	at stencyl.sw.data.EditableAnimation.loadImages(EditableAnimation.java:228)
	at stencyl.sw.data.EditableAnimation.<init>(EditableAnimation.java:132)
	at stencyl.sw.io.read.AnimationReader.read(AnimationReader.java:85)
	at stencyl.sw.io.read.SpriteReader$SpriteApply.apply(SpriteReader.java:61)
	at stencyl.core.lib.io.AbstractReader.applyToChildren(AbstractReader.java:104)
	at stencyl.sw.io.read.SpriteReader.load(SpriteReader.java:43)
	at stencyl.sw.data.EditableSprite.read(EditableSprite.java:74)
	at stencyl.sw.data.EditableSprite.<init>(EditableSprite.java:69)
	at stencyl.sw.io.read.SpriteReader.read(SpriteReader.java:38)
	at stencyl.core.lib.io.IOHelper.read(IOHelper.java:112)
	at stencyl.core.lib.io.IOHelper.read(IOHelper.java:103)
	at stencyl.core.lib.ResourceList.init(ResourceList.java:81)
	at stencyl.core.lib.ResourceList.<init>(ResourceList.java:57)
	at stencyl.core.lib.ResourceList.createList(ResourceList.java:47)
	at stencyl.core.lib.Game.load(Game.java:1660)
	at stencyl.sw.app.tasks.OpenGameTask.startOpeningGame(OpenGameTask.java:157)
	at stencyl.sw.app.tasks.OpenGameTask.doInBackground(OpenGameTask.java:117)
	at stencyl.sw.app.tasks.OpenGameTask.doInBackground(OpenGameTask.java:34)
	at javax.swing.SwingWorker$1.call(SwingWorker.java:295)
	at java.util.concurrent.FutureTask.run(FutureTask.java:266)
	at javax.swing.SwingWorker.run(SwingWorker.java:334)
	at java.util.concurrent.ThreadPoolExecutor.runWorker(ThreadPoolExecutor.java:1142)
	at java.util.concurrent.ThreadPoolExecutor$Worker.run(ThreadPoolExecutor.java:617)
	at java.lang.Thread.run(Thread.java:745)
2015-12-10 09:35:40,256 ERROR [pool-1-thread-1] stencyl.sw.util.dg.MessageDialog: Warning: Missing Image Data - Stencyl could not locate image data for one or more actor types and has substituted blank images to continue. Close the game, do not save and post it to the forums.
2015-12-10 09:35:40,895 WARN  [pool-1-thread-1] stencyl.sw.data.EditableAnimation: Missing 1.5x size animation image. Wrote it to resources\6-0@1.5x.png
2015-12-10 09:35:40,911 WARN  [pool-1-thread-1] stencyl.sw.data.EditableAnimation: Missing 2x size animation image. Wrote it to resources\6-0@2x.png
2015-12-10 09:35:40,911 WARN  [pool-1-thread-1] stencyl.sw.data.EditableAnimation: Missing 4x size animation image. Wrote it to resources\6-0@4x.png
2015-12-10 09:35:41,004 DEBUG [AWT-EventQueue-0] stencyl.core.lib.io.read.SceneReader: Reading header for Scene: 0 (Scene 1) from: scenes\0.xml
2015-12-10 09:35:41,004 DEBUG [AWT-EventQueue-0] stencyl.core.lib.io.read.SceneReader: Reading header for Scene: 0 (Scene 1) from: scenes\0.xml
2015-12-10 09:35:41,129 DEBUG [AWT-EventQueue-0] stencyl.sw.app.doc.Workspace: Activated: Dashboard
2015-12-10 09:35:41,129 DEBUG [AWT-EventQueue-0] stencyl.sw.util.FileHelper: Trying to delete file that does not exist: C:\Users\glafond5733\AppData\Local\Temp\stencyl4724670604484748942\sandbox\build\code
2015-12-10 09:35:41,129 DEBUG [AWT-EventQueue-0] stencyl.sw.util.FileHelper: Deleting: C:\Users\glafond5733\AppData\Local\Temp\stencyl4724670604484748942\sandbox\test\temp
2015-12-10 09:35:41,129 DEBUG [AWT-EventQueue-0] stencyl.core.lib.io.read.SceneReader: Reading header for Scene: 0 (Scene 1) from: scenes\0.xml
2015-12-10 09:35:41,176 DEBUG [AWT-EventQueue-0] stencyl.sw.app.tasks.OpenGameTask: Took 2947ms
2015-12-10 09:35:41,300 DEBUG [AWT-EventQueue-0] stencyl.sw.editors.game.cgroups.CollisionGroupTree: Loading actor group into tree: Actors
2015-12-10 09:35:41,316 DEBUG [AWT-EventQueue-0] stencyl.sw.editors.game.cgroups.CollisionGroupTree: Loading actor group into tree: Doodads
2015-12-10 09:35:41,331 DEBUG [AWT-EventQueue-0] stencyl.sw.editors.game.cgroups.CollisionGroupTree: Loading actor group into tree: Players
2015-12-10 09:35:41,331 DEBUG [AWT-EventQueue-0] stencyl.sw.editors.game.cgroups.CollisionGroupTree: Loading actor group into tree: Regions
2015-12-10 09:35:41,331 DEBUG [AWT-EventQueue-0] stencyl.sw.editors.game.cgroups.CollisionGroupTree: Loading actor group into tree: Tiles
2015-12-10 09:35:42,017 DEBUG [AWT-EventQueue-0] stencyl.core.lib.Atlas: Getting memory for atlas 0
2015-12-10 09:35:42,017 DEBUG [AWT-EventQueue-0] stencyl.core.lib.Atlas: Added resource 'Block Set 1' to atlas 0
2015-12-10 09:35:42,017 DEBUG [AWT-EventQueue-0] stencyl.core.lib.Atlas: Added resource 'Actor 1' to atlas 0
2015-12-10 09:35:42,017 DEBUG [AWT-EventQueue-0] stencyl.core.lib.Atlas: Added resource 'Button' to atlas 0
2015-12-10 09:35:42,033 DEBUG [AWT-EventQueue-0] stencyl.core.lib.Atlas: Getting memory for atlas 1
2015-12-10 09:35:42,033 DEBUG [AWT-EventQueue-0] stencyl.core.lib.Atlas: Getting memory for atlas 2
2015-12-10 09:35:42,033 DEBUG [AWT-EventQueue-0] stencyl.core.lib.Atlas: Getting memory for atlas 3
2015-12-10 09:35:42,064 DEBUG [AWT-EventQueue-0] stencyl.core.lib.io.read.SceneReader: Reading header for Scene: 0 (Scene 1) from: scenes\0.xml
2015-12-10 09:35:42,064 DEBUG [AWT-EventQueue-0] stencyl.core.lib.io.read.SceneReader: Reading header for Scene: 1 (Scene 2) from: scenes\1.xml
2015-12-10 09:35:42,844 DEBUG [AWT-EventQueue-0] stencyl.sw.app.doc.Workspace: Loading Closed Resource: Scene 1
2015-12-10 09:35:42,844 DEBUG [pool-1-thread-1] stencyl.core.lib.io.read.SceneReader: Reading header for Scene: 0 (Scene 1) from: scenes\0.xml
2015-12-10 09:35:43,015 DEBUG [pool-1-thread-1] stencyl.sw.editors.scene.Designer: Brush Changed
2015-12-10 09:35:43,545 DEBUG [pool-1-thread-1] stencyl.sw.editors.snippet.designer.palette.Palette: Palette asked to refresh: Position
2015-12-10 09:35:43,623 DEBUG [pool-1-thread-1] stencyl.sw.editors.snippet.designer.palette.Palette: Palette asked to refresh: Conditions
2015-12-10 09:35:43,826 DEBUG [pool-1-thread-1] stencyl.sw.editors.snippet.designer.palette.Palette: Palette asked to refresh: Actors
2015-12-10 09:35:43,888 DEBUG [pool-1-thread-1] stencyl.sw.editors.snippet.designer.palette.Palette: Palette asked to refresh: Keyboard & Mouse
2015-12-10 09:35:43,950 DEBUG [pool-1-thread-1] stencyl.sw.editors.snippet.designer.palette.Palette: Palette asked to refresh: Math
2015-12-10 09:35:43,982 DEBUG [pool-1-thread-1] stencyl.sw.editors.snippet.designer.palette.Palette: Palette asked to refresh: Getters
2015-12-10 09:35:44,122 DEBUG [pool-1-thread-1] stencyl.sw.editors.snippet.designer.palette.Palette: Palette asked to refresh: Sound
2015-12-10 09:35:44,153 DEBUG [pool-1-thread-1] stencyl.sw.editors.snippet.designer.palette.Palette: Palette asked to refresh: Triggers
2015-12-10 09:35:44,200 DEBUG [pool-1-thread-1] stencyl.sw.editors.snippet.designer.palette.Palette: Palette asked to refresh: Web
2015-12-10 09:35:44,231 DEBUG [pool-1-thread-1] stencyl.sw.editors.snippet.designer.palette.Palette: Palette asked to refresh: Drawing
2015-12-10 09:35:44,262 DEBUG [pool-1-thread-1] stencyl.sw.editors.snippet.designer.palette.Palette: Palette asked to refresh: Basic
2015-12-10 09:35:44,278 DEBUG [pool-1-thread-1] stencyl.sw.editors.snippet.designer.palette.Palette: Palette asked to refresh: Custom
2015-12-10 09:35:44,278 DEBUG [pool-1-thread-1] stencyl.sw.editors.snippet.designer.palette.Palette: Palette asked to refresh: Extensions
2015-12-10 09:35:44,278 DEBUG [pool-1-thread-1] stencyl.sw.editors.snippet.designer.palette.Palette: Palette asked to refresh: Position
2015-12-10 09:35:44,309 DEBUG [pool-1-thread-1] stencyl.sw.editors.snippet.designer.EditArea: ContextSet for current event: []
2015-12-10 09:35:44,309 DEBUG [pool-1-thread-1] stencyl.sw.editors.snippet.designer.palette.Palette: Palette asked to refresh: Position
2015-12-10 09:35:44,402 DEBUG [AWT-EventQueue-0] stencyl.sw.app.doc.Workspace: Activated: Scene 1
2015-12-10 09:35:44,402 DEBUG [pool-1-thread-1] stencyl.sw.app.tasks.OpenResourceTask: Open Took 1558ms
2015-12-10 09:35:44,449 DEBUG [AWT-EventQueue-0] stencyl.sw.app.tasks.OpenResourceTask: Total Took 1605ms
2015-12-10 09:35:46,382 DEBUG [AWT-EventQueue-0] stencyl.sw.app.App: Action: Test Game...
2015-12-10 09:35:46,382 INFO  [pool-1-thread-1] stencyl.sw.io.write.MasterWriter: Saving game in place.
2015-12-10 09:35:46,382 DEBUG [pool-1-thread-1] stencyl.sw.util.FileHelper: Saving backup file C:\Users\glafond5733\Google Drive\Roosevelt OGPC\stencylworks\games\Scene Change Test\game.xml.bak.
2015-12-10 09:35:48,440 DEBUG [pool-1-thread-1] stencyl.sw.io.write.MasterWriter: Writing out local resources.
2015-12-10 09:35:48,440 DEBUG [pool-1-thread-1] stencyl.sw.util.FileHelper: Saving backup file C:\Users\glafond5733\Google Drive\Roosevelt OGPC\stencylworks\games\Scene Change Test\resources\data.xml.bak.
2015-12-10 09:35:48,440 DEBUG [pool-1-thread-1] stencyl.sw.io.write.resource.SpriteWriter: Mark actor's sprite as clean (disk).
2015-12-10 09:35:48,440 DEBUG [pool-1-thread-1] stencyl.sw.io.write.resource.TilesetWriter: Mark tileset as clean (disk).
2015-12-10 09:35:48,440 DEBUG [pool-1-thread-1] stencyl.sw.io.write.resource.SpriteWriter: Mark actor's sprite as clean (disk).
2015-12-10 09:35:48,440 DEBUG [pool-1-thread-1] stencyl.sw.io.write.MasterWriter: Writing out scenes.
2015-12-10 09:35:48,455 DEBUG [pool-1-thread-1] stencyl.sw.editors.scene.SceneRenderer: Saving thumbnail: C:\Users\glafond5733\Google Drive\Roosevelt OGPC\stencylworks\games\Scene Change Test\scenes\0.png
2015-12-10 09:35:48,471 DEBUG [pool-1-thread-1] stencyl.sw.io.write.resource.SceneWriter: Writing terrain.
2015-12-10 09:35:48,471 DEBUG [pool-1-thread-1] stencyl.thirdparty.org.phys2d.Combiner: Num Tiles: 67
2015-12-10 09:35:48,471 DEBUG [pool-1-thread-1] stencyl.thirdparty.org.phys2d.Combiner: Coverage: 19.940475%
2015-12-10 09:35:48,471 DEBUG [pool-1-thread-1] stencyl.thirdparty.org.phys2d.Combiner: Segments: (2,2)
2015-12-10 09:35:48,471 DEBUG [pool-1-thread-1] stencyl.thirdparty.org.phys2d.Combiner: Using Quad Space
2015-12-10 09:35:48,487 DEBUG [pool-1-thread-1] stencyl.thirdparty.org.phys2d.Combiner: Combine took: 16ms
2015-12-10 09:35:48,487 DEBUG [pool-1-thread-1] stencyl.sw.io.write.resource.SceneWriter: Terrain processing took: 0ms
2015-12-10 09:35:48,502 DEBUG [pool-1-thread-1] stencyl.core.lib.io.read.SceneReader: Reading header for Scene: 0 (Scene 1) from: scenes\0.xml
2015-12-10 09:35:48,502 DEBUG [pool-1-thread-1] stencyl.sw.io.write.resource.ScenesWriter: Writing out Scene Scene 1
2015-12-10 09:35:48,502 DEBUG [pool-1-thread-1] stencyl.sw.io.write.MasterWriter: Copying over snippets.
2015-12-10 09:35:48,502 DEBUG [pool-1-thread-1] stencyl.sw.util.FileHelper: Saving backup file C:\Users\glafond5733\Google Drive\Roosevelt OGPC\stencylworks\games\Scene Change Test\snippets\list.xml.bak.
2015-12-10 09:35:48,533 DEBUG [pool-1-thread-1] stencyl.sw.io.write.resource.SnippetsWriter: Copy from opened to disk: SceneEvents_0
2015-12-10 09:35:48,533 DEBUG [pool-1-thread-1] stencyl.sw.util.FileHelper: Trying to delete file that does not exist: C:\Users\glafond5733\Google Drive\Roosevelt OGPC\stencylworks\games\Scene Change Test\behavior-hx\SceneEvents_0.hx
2015-12-10 09:35:48,533 DEBUG [pool-1-thread-1] stencyl.sw.io.write.resource.SnippetsWriter: Copied to: C:\Users\glafond5733\Google Drive\Roosevelt OGPC\stencylworks\games\Scene Change Test\snippets\SceneEvents_0.design
2015-12-10 09:35:48,549 ERROR [pool-1-thread-1] stencyl.sw.io.write.resource.SnippetsWriter: Source 'C:\Users\glafond5733\Google Drive\Roosevelt OGPC\stencylworks\games\Scene Change Test\snippets\Design_4_4_4WayMovement.design' does not exist
java.io.FileNotFoundException: Source 'C:\Users\glafond5733\Google Drive\Roosevelt OGPC\stencylworks\games\Scene Change Test\snippets\Design_4_4_4WayMovement.design' does not exist
	at org.apache.commons.io.FileUtils.copyFile(FileUtils.java:1074)
	at org.apache.commons.io.FileUtils.copyFile(FileUtils.java:1038)
	at stencyl.sw.io.write.resource.SnippetsWriter.copyOpenedSnippetsToDisk(SnippetsWriter.java:465)
	at stencyl.sw.io.write.resource.SnippetsWriter.write(SnippetsWriter.java:153)
	at stencyl.sw.io.write.MasterWriter.saveGame(MasterWriter.java:102)
	at stencyl.sw.app.tasks.SaveGameTask.doInBackground(SaveGameTask.java:35)
	at stencyl.sw.app.tasks.SaveGameTask.doInBackground(SaveGameTask.java:13)
	at javax.swing.SwingWorker$1.call(SwingWorker.java:295)
	at java.util.concurrent.FutureTask.run(FutureTask.java:266)
	at javax.swing.SwingWorker.run(SwingWorker.java:334)
	at java.util.concurrent.ThreadPoolExecutor.runWorker(ThreadPoolExecutor.java:1142)
	at java.util.concurrent.ThreadPoolExecutor$Worker.run(ThreadPoolExecutor.java:617)
	at java.lang.Thread.run(Thread.java:745)
2015-12-10 09:35:48,565 DEBUG [pool-3-thread-3] stencyl.sw.io.write.resource.SnippetsWriter: Writing Design Snippet to C:\Users\glafond5733\Google Drive\Roosevelt OGPC\stencylworks\preview\scripts\ActorEvents_3.hx. Took 16 ms.
2015-12-10 09:35:48,565 DEBUG [pool-3-thread-2] stencyl.sw.io.write.resource.SnippetsWriter: Writing Design Snippet to C:\Users\glafond5733\Google Drive\Roosevelt OGPC\stencylworks\preview\scripts\SceneEvents_1.hx. Took 16 ms.
2015-12-10 09:35:48,565 DEBUG [pool-3-thread-1] stencyl.sw.io.write.resource.SnippetsWriter: Writing Design Snippet to C:\Users\glafond5733\Google Drive\Roosevelt OGPC\stencylworks\preview\scripts\SceneEvents_0.hx. Took 16 ms.
2015-12-10 09:35:48,565 ERROR [pool-3-thread-3] stencyl.sw.editors.snippet.designer.codebuilder.xml.XMLParser: C:\Users\glafond5733\Google Drive\Roosevelt OGPC\stencylworks\games\Scene Change Test\snippets\Design_4_4_4WayMovement.design (The system cannot find the file specified)
java.io.FileNotFoundException: C:\Users\glafond5733\Google Drive\Roosevelt OGPC\stencylworks\games\Scene Change Test\snippets\Design_4_4_4WayMovement.design (The system cannot find the file specified)
	at java.io.FileInputStream.open0(Native Method)
	at java.io.FileInputStream.open(FileInputStream.java:195)
	at java.io.FileInputStream.<init>(FileInputStream.java:138)
	at java.io.FileInputStream.<init>(FileInputStream.java:93)
	at sun.net.www.protocol.file.FileURLConnection.connect(FileURLConnection.java:90)
	at sun.net.www.protocol.file.FileURLConnection.getInputStream(FileURLConnection.java:188)
	at com.sun.org.apache.xerces.internal.impl.XMLEntityManager.setupCurrentEntity(XMLEntityManager.java:622)
	at com.sun.org.apache.xerces.internal.impl.XMLVersionDetector.determineDocVersion(XMLVersionDetector.java:189)
	at com.sun.org.apache.xerces.internal.parsers.XML11Configuration.parse(XML11Configuration.java:812)
	at com.sun.org.apache.xerces.internal.parsers.XML11Configuration.parse(XML11Configuration.java:777)
	at com.sun.org.apache.xerces.internal.parsers.XMLParser.parse(XMLParser.java:141)
	at com.sun.org.apache.xerces.internal.parsers.DOMParser.parse(DOMParser.java:243)
	at com.sun.org.apache.xerces.internal.jaxp.DocumentBuilderImpl.parse(DocumentBuilderImpl.java:348)
	at javax.xml.parsers.DocumentBuilder.parse(DocumentBuilder.java:205)
	at stencyl.sw.util.FileHelper.readXMLFromFile(FileHelper.java:754)
	at stencyl.sw.editors.snippet.designer.codebuilder.xml.XMLParser.read(XMLParser.java:47)
	at stencyl.sw.editors.snippet.designer.codebuilder.XMLCodeBuilder.writeToString(XMLCodeBuilder.java:373)
	at stencyl.sw.editors.snippet.designer.codebuilder.CodeBuilder.writeToString(CodeBuilder.java:286)
	at stencyl.sw.io.write.resource.SnippetsWriter.convert(SnippetsWriter.java:570)
	at stencyl.sw.io.write.resource.SnippetsWriter$1.run(SnippetsWriter.java:505)
	at java.util.concurrent.ThreadPoolExecutor.runWorker(ThreadPoolExecutor.java:1142)
	at java.util.concurrent.ThreadPoolExecutor$Worker.run(ThreadPoolExecutor.java:617)
	at java.lang.Thread.run(Thread.java:745)
2015-12-10 09:35:48,565 ERROR [pool-3-thread-3] stencyl.sw.editors.snippet.designer.codebuilder.CodeBuilder: Failed on snippet: scripts.Design_4_4_4WayMovement. null
java.lang.NullPointerException
	at stencyl.sw.editors.snippet.designer.codebuilder.XMLCodeBuilder.writeToString(XMLCodeBuilder.java:390)
	at stencyl.sw.editors.snippet.designer.codebuilder.CodeBuilder.writeToString(CodeBuilder.java:286)
	at stencyl.sw.io.write.resource.SnippetsWriter.convert(SnippetsWriter.java:570)
	at stencyl.sw.io.write.resource.SnippetsWriter$1.run(SnippetsWriter.java:505)
	at java.util.concurrent.ThreadPoolExecutor.runWorker(ThreadPoolExecutor.java:1142)
	at java.util.concurrent.ThreadPoolExecutor$Worker.run(ThreadPoolExecutor.java:617)
	at java.lang.Thread.run(Thread.java:745)
2015-12-10 09:35:48,565 DEBUG [pool-3-thread-4] stencyl.sw.io.write.resource.SnippetsWriter: Writing Design Snippet to C:\Users\glafond5733\Google Drive\Roosevelt OGPC\stencylworks\preview\scripts\ActorEvents_5.hx. Took 16 ms.
2015-12-10 09:35:48,565 ERROR [pool-3-thread-3] stencyl.sw.editors.snippet.designer.EditArea: C:\Users\glafond5733\Google Drive\Roosevelt OGPC\stencylworks\games\Scene Change Test\snippets\Design_4_4_4WayMovement.design (The system cannot find the file specified)
java.io.FileNotFoundException: C:\Users\glafond5733\Google Drive\Roosevelt OGPC\stencylworks\games\Scene Change Test\snippets\Design_4_4_4WayMovement.design (The system cannot find the file specified)
	at java.io.FileInputStream.open0(Native Method)
	at java.io.FileInputStream.open(FileInputStream.java:195)
	at java.io.FileInputStream.<init>(FileInputStream.java:138)
	at stencyl.core.lib.io.IOHelper.getResourceAsStream(IOHelper.java:68)
	at stencyl.sw.io.write.resource.SnippetsWriter.getSourceAsStream(SnippetsWriter.java:626)
	at stencyl.sw.editors.snippet.designer.EditArea.<init>(EditArea.java:712)
	at stencyl.sw.editors.snippet.designer.codebuilder.DesignModeCodeBuilder.writeToString(DesignModeCodeBuilder.java:356)
	at stencyl.sw.editors.snippet.designer.codebuilder.CodeBuilder.writeToString(CodeBuilder.java:286)
	at stencyl.sw.io.write.resource.SnippetsWriter.convert(SnippetsWriter.java:573)
	at stencyl.sw.io.write.resource.SnippetsWriter$1.run(SnippetsWriter.java:505)
	at java.util.concurrent.ThreadPoolExecutor.runWorker(ThreadPoolExecutor.java:1142)
	at java.util.concurrent.ThreadPoolExecutor$Worker.run(ThreadPoolExecutor.java:617)
	at java.lang.Thread.run(Thread.java:745)
2015-12-10 09:35:48,565 DEBUG [pool-3-thread-3] stencyl.sw.io.write.resource.SnippetsWriter: Writing Design Snippet to C:\Users\glafond5733\Google Drive\Roosevelt OGPC\stencylworks\preview\scripts\Design_4_4_4WayMovement.hx. Took 0 ms.
2015-12-10 09:35:48,580 DEBUG [pool-1-thread-1] stencyl.sw.io.write.MasterWriter: Saving block favorites.
2015-12-10 09:35:48,580 INFO  [pool-1-thread-1] stencyl.sw.io.write.MasterWriter: Done writing game.
2015-12-10 09:35:48,627 INFO  [pool-1-thread-1] stencyl.sw.io.write.MasterWriter: Saving game in place.
2015-12-10 09:35:48,643 DEBUG [pool-1-thread-1] stencyl.sw.util.FileHelper: Saving backup file C:\Users\glafond5733\Google Drive\Roosevelt OGPC\stencylworks\games\Scene Change Test\game.xml.bak.
2015-12-10 09:35:50,529 DEBUG [pool-1-thread-1] stencyl.sw.io.write.MasterWriter: Writing out local resources.
2015-12-10 09:35:50,529 DEBUG [pool-1-thread-1] stencyl.sw.util.FileHelper: Saving backup file C:\Users\glafond5733\Google Drive\Roosevelt OGPC\stencylworks\games\Scene Change Test\resources\data.xml.bak.
2015-12-10 09:35:50,529 DEBUG [pool-1-thread-1] stencyl.sw.io.write.resource.SpriteWriter: Mark actor's sprite as clean (disk).
2015-12-10 09:35:50,529 DEBUG [pool-1-thread-1] stencyl.sw.io.write.resource.TilesetWriter: Mark tileset as clean (disk).
2015-12-10 09:35:50,529 DEBUG [pool-1-thread-1] stencyl.sw.io.write.resource.SpriteWriter: Mark actor's sprite as clean (disk).
2015-12-10 09:35:50,529 DEBUG [pool-1-thread-1] stencyl.sw.io.write.MasterWriter: Writing out scenes.
2015-12-10 09:35:50,529 DEBUG [pool-1-thread-1] stencyl.sw.editors.scene.SceneRenderer: Saving thumbnail: C:\Users\glafond5733\Google Drive\Roosevelt OGPC\stencylworks\games\Scene Change Test\scenes\0.png
2015-12-10 09:35:50,544 DEBUG [pool-1-thread-1] stencyl.sw.io.write.resource.SceneWriter: Writing terrain.
2015-12-10 09:35:50,544 DEBUG [pool-1-thread-1] stencyl.thirdparty.org.phys2d.Combiner: Num Tiles: 67
2015-12-10 09:35:50,544 DEBUG [pool-1-thread-1] stencyl.thirdparty.org.phys2d.Combiner: Coverage: 19.940475%
2015-12-10 09:35:50,544 DEBUG [pool-1-thread-1] stencyl.thirdparty.org.phys2d.Combiner: Segments: (2,2)
2015-12-10 09:35:50,544 DEBUG [pool-1-thread-1] stencyl.thirdparty.org.phys2d.Combiner: Using Quad Space
2015-12-10 09:35:50,560 DEBUG [pool-1-thread-1] stencyl.thirdparty.org.phys2d.Combiner: Combine took: 16ms
2015-12-10 09:35:50,560 DEBUG [pool-1-thread-1] stencyl.sw.io.write.resource.SceneWriter: Terrain processing took: 0ms
2015-12-10 09:35:50,560 DEBUG [pool-1-thread-1] stencyl.core.lib.io.read.SceneReader: Reading header for Scene: 0 (Scene 1) from: scenes\0.xml
2015-12-10 09:35:50,560 DEBUG [pool-1-thread-1] stencyl.sw.io.write.resource.ScenesWriter: Writing out Scene Scene 1
2015-12-10 09:35:50,560 DEBUG [pool-1-thread-1] stencyl.sw.io.write.MasterWriter: Copying over snippets.
2015-12-10 09:35:50,576 DEBUG [pool-1-thread-1] stencyl.sw.util.FileHelper: Saving backup file C:\Users\glafond5733\Google Drive\Roosevelt OGPC\stencylworks\games\Scene Change Test\snippets\list.xml.bak.
2015-12-10 09:35:50,591 DEBUG [pool-1-thread-1] stencyl.sw.io.write.resource.SnippetsWriter: Copy from opened to disk: SceneEvents_0
2015-12-10 09:35:50,607 DEBUG [pool-1-thread-1] stencyl.sw.util.FileHelper: Trying to delete file that does not exist: C:\Users\glafond5733\Google Drive\Roosevelt OGPC\stencylworks\games\Scene Change Test\behavior-hx\SceneEvents_0.hx
2015-12-10 09:35:50,607 DEBUG [pool-1-thread-1] stencyl.sw.io.write.resource.SnippetsWriter: Copied to: C:\Users\glafond5733\Google Drive\Roosevelt OGPC\stencylworks\games\Scene Change Test\snippets\SceneEvents_0.design
2015-12-10 09:35:50,607 ERROR [pool-1-thread-1] stencyl.sw.io.write.resource.SnippetsWriter: Source 'C:\Users\glafond5733\Google Drive\Roosevelt OGPC\stencylworks\games\Scene Change Test\snippets\Design_4_4_4WayMovement.design' does not exist
java.io.FileNotFoundException: Source 'C:\Users\glafond5733\Google Drive\Roosevelt OGPC\stencylworks\games\Scene Change Test\snippets\Design_4_4_4WayMovement.design' does not exist
	at org.apache.commons.io.FileUtils.copyFile(FileUtils.java:1074)
	at org.apache.commons.io.FileUtils.copyFile(FileUtils.java:1038)
	at stencyl.sw.io.write.resource.SnippetsWriter.copyOpenedSnippetsToDisk(SnippetsWriter.java:465)
	at stencyl.sw.io.write.resource.SnippetsWriter.write(SnippetsWriter.java:153)
	at stencyl.sw.io.write.MasterWriter.saveGame(MasterWriter.java:102)
	at stencyl.sw.app.tasks.SaveGameTask.doInBackground(SaveGameTask.java:35)
	at stencyl.sw.app.tasks.SaveGameTask.doInBackground(SaveGameTask.java:13)
	at javax.swing.SwingWorker$1.call(SwingWorker.java:295)
	at java.util.concurrent.FutureTask.run(FutureTask.java:266)
	at javax.swing.SwingWorker.run(SwingWorker.java:334)
	at java.util.concurrent.ThreadPoolExecutor.runWorker(ThreadPoolExecutor.java:1142)
	at java.util.concurrent.ThreadPoolExecutor$Worker.run(ThreadPoolExecutor.java:617)
	at java.lang.Thread.run(Thread.java:745)
2015-12-10 09:35:50,607 DEBUG [pool-4-thread-1] stencyl.sw.io.write.resource.SnippetsWriter: Writing Design Snippet to C:\Users\glafond5733\Google Drive\Roosevelt OGPC\stencylworks\preview\scripts\SceneEvents_0.hx. Took 0 ms.
2015-12-10 09:35:50,607 DEBUG [pool-4-thread-2] stencyl.sw.io.write.resource.SnippetsWriter: Writing Design Snippet to C:\Users\glafond5733\Google Drive\Roosevelt OGPC\stencylworks\preview\scripts\SceneEvents_1.hx. Took 0 ms.
2015-12-10 09:35:50,607 DEBUG [pool-4-thread-3] stencyl.sw.io.write.resource.SnippetsWriter: Writing Design Snippet to C:\Users\glafond5733\Google Drive\Roosevelt OGPC\stencylworks\preview\scripts\ActorEvents_3.hx. Took 0 ms.
2015-12-10 09:35:50,607 ERROR [pool-4-thread-2] stencyl.sw.editors.snippet.designer.codebuilder.xml.XMLParser: C:\Users\glafond5733\Google Drive\Roosevelt OGPC\stencylworks\games\Scene Change Test\snippets\Design_4_4_4WayMovement.design (The system cannot find the file specified)
java.io.FileNotFoundException: C:\Users\glafond5733\Google Drive\Roosevelt OGPC\stencylworks\games\Scene Change Test\snippets\Design_4_4_4WayMovement.design (The system cannot find the file specified)
	at java.io.FileInputStream.open0(Native Method)
	at java.io.FileInputStream.open(FileInputStream.java:195)
	at java.io.FileInputStream.<init>(FileInputStream.java:138)
	at java.io.FileInputStream.<init>(FileInputStream.java:93)
	at sun.net.www.protocol.file.FileURLConnection.connect(FileURLConnection.java:90)
	at sun.net.www.protocol.file.FileURLConnection.getInputStream(FileURLConnection.java:188)
	at com.sun.org.apache.xerces.internal.impl.XMLEntityManager.setupCurrentEntity(XMLEntityManager.java:622)
	at com.sun.org.apache.xerces.internal.impl.XMLVersionDetector.determineDocVersion(XMLVersionDetector.java:189)
	at com.sun.org.apache.xerces.internal.parsers.XML11Configuration.parse(XML11Configuration.java:812)
	at com.sun.org.apache.xerces.internal.parsers.XML11Configuration.parse(XML11Configuration.java:777)
	at com.sun.org.apache.xerces.internal.parsers.XMLParser.parse(XMLParser.java:141)
	at com.sun.org.apache.xerces.internal.parsers.DOMParser.parse(DOMParser.java:243)
	at com.sun.org.apache.xerces.internal.jaxp.DocumentBuilderImpl.parse(DocumentBuilderImpl.java:348)
	at javax.xml.parsers.DocumentBuilder.parse(DocumentBuilder.java:205)
	at stencyl.sw.util.FileHelper.readXMLFromFile(FileHelper.java:754)
	at stencyl.sw.editors.snippet.designer.codebuilder.xml.XMLParser.read(XMLParser.java:47)
	at stencyl.sw.editors.snippet.designer.codebuilder.XMLCodeBuilder.writeToString(XMLCodeBuilder.java:373)
	at stencyl.sw.editors.snippet.designer.codebuilder.CodeBuilder.writeToString(CodeBuilder.java:286)
	at stencyl.sw.io.write.resource.SnippetsWriter.convert(SnippetsWriter.java:570)
	at stencyl.sw.io.write.resource.SnippetsWriter$1.run(SnippetsWriter.java:505)
	at java.util.concurrent.ThreadPoolExecutor.runWorker(ThreadPoolExecutor.java:1142)
	at java.util.concurrent.ThreadPoolExecutor$Worker.run(ThreadPoolExecutor.java:617)
	at java.lang.Thread.run(Thread.java:745)
2015-12-10 09:35:50,607 DEBUG [pool-4-thread-4] stencyl.sw.io.write.resource.SnippetsWriter: Writing Design Snippet to C:\Users\glafond5733\Google Drive\Roosevelt OGPC\stencylworks\preview\scripts\ActorEvents_5.hx. Took 0 ms.
2015-12-10 09:35:50,607 ERROR [pool-4-thread-2] stencyl.sw.editors.snippet.designer.codebuilder.CodeBuilder: Failed on snippet: scripts.Design_4_4_4WayMovement. null
java.lang.NullPointerException
	at stencyl.sw.editors.snippet.designer.codebuilder.XMLCodeBuilder.writeToString(XMLCodeBuilder.java:390)
	at stencyl.sw.editors.snippet.designer.codebuilder.CodeBuilder.writeToString(CodeBuilder.java:286)
	at stencyl.sw.io.write.resource.SnippetsWriter.convert(SnippetsWriter.java:570)
	at stencyl.sw.io.write.resource.SnippetsWriter$1.run(SnippetsWriter.java:505)
	at java.util.concurrent.ThreadPoolExecutor.runWorker(ThreadPoolExecutor.java:1142)
	at java.util.concurrent.ThreadPoolExecutor$Worker.run(ThreadPoolExecutor.java:617)
	at java.lang.Thread.run(Thread.java:745)
2015-12-10 09:35:50,622 ERROR [pool-4-thread-2] stencyl.sw.editors.snippet.designer.EditArea: C:\Users\glafond5733\Google Drive\Roosevelt OGPC\stencylworks\games\Scene Change Test\snippets\Design_4_4_4WayMovement.design (The system cannot find the file specified)
java.io.FileNotFoundException: C:\Users\glafond5733\Google Drive\Roosevelt OGPC\stencylworks\games\Scene Change Test\snippets\Design_4_4_4WayMovement.design (The system cannot find the file specified)
	at java.io.FileInputStream.open0(Native Method)
	at java.io.FileInputStream.open(FileInputStream.java:195)
	at java.io.FileInputStream.<init>(FileInputStream.java:138)
	at stencyl.core.lib.io.IOHelper.getResourceAsStream(IOHelper.java:68)
	at stencyl.sw.io.write.resource.SnippetsWriter.getSourceAsStream(SnippetsWriter.java:626)
	at stencyl.sw.editors.snippet.designer.EditArea.<init>(EditArea.java:712)
	at stencyl.sw.editors.snippet.designer.codebuilder.DesignModeCodeBuilder.writeToString(DesignModeCodeBuilder.java:356)
	at stencyl.sw.editors.snippet.designer.codebuilder.CodeBuilder.writeToString(CodeBuilder.java:286)
	at stencyl.sw.io.write.resource.SnippetsWriter.convert(SnippetsWriter.java:573)
	at stencyl.sw.io.write.resource.SnippetsWriter$1.run(SnippetsWriter.java:505)
	at java.util.concurrent.ThreadPoolExecutor.runWorker(ThreadPoolExecutor.java:1142)
	at java.util.concurrent.ThreadPoolExecutor$Worker.run(ThreadPoolExecutor.java:617)
	at java.lang.Thread.run(Thread.java:745)
2015-12-10 09:35:50,622 DEBUG [pool-4-thread-2] stencyl.sw.io.write.resource.SnippetsWriter: Writing Design Snippet to C:\Users\glafond5733\Google Drive\Roosevelt OGPC\stencylworks\preview\scripts\Design_4_4_4WayMovement.hx. Took 15 ms.
2015-12-10 09:35:50,622 DEBUG [pool-1-thread-1] stencyl.sw.io.write.MasterWriter: Saving block favorites.
2015-12-10 09:35:50,622 INFO  [pool-1-thread-1] stencyl.sw.io.write.MasterWriter: Done writing game.
2015-12-10 09:35:50,669 INFO  [AWT-EventQueue-0] stencyl.sw.io.write.resource.HXWriter: Building game with arguments: FLASH, TESTING
2015-12-10 09:35:50,669 DEBUG [AWT-EventQueue-0] stencyl.sw.util.Util: Running command: [taskkill, /im, neko.exe, /f]
2015-12-10 09:35:50,731 DEBUG [Thread-7] stencyl.sw.util.StreamGobbler: [taskkill] ERROR: The process "neko.exe" not found.
2015-12-10 09:35:50,731 DEBUG [AWT-EventQueue-0] stencyl.sw.util.Util: Process 'taskkill' exited with code: 128
2015-12-10 09:35:50,731 DEBUG [AWT-EventQueue-0] stencyl.sw.util.Util: Running command: [taskkill, /im, adb.exe, /f]
2015-12-10 09:35:50,794 DEBUG [Thread-8] stencyl.sw.util.StreamGobbler: [taskkill] ERROR: The process "adb.exe" not found.
2015-12-10 09:35:50,794 DEBUG [AWT-EventQueue-0] stencyl.sw.util.Util: Process 'taskkill' exited with code: 128
2015-12-10 09:35:50,794 DEBUG [AWT-EventQueue-0] stencyl.sw.util.Util: Running command: [taskkill, /im, arm-linux-androideabi-g++.exe, /f]
2015-12-10 09:35:50,856 DEBUG [Thread-9] stencyl.sw.util.StreamGobbler: [taskkill] ERROR: The process "arm-linux-androideabi-g++.exe" not found.
2015-12-10 09:35:50,856 DEBUG [AWT-EventQueue-0] stencyl.sw.util.Util: Process 'taskkill' exited with code: 128
2015-12-10 09:35:50,856 DEBUG [AWT-EventQueue-0] stencyl.sw.util.Util: Running command: [taskkill, /im, cc1plus.exe, /f]
2015-12-10 09:35:50,918 DEBUG [Thread-10] stencyl.sw.util.StreamGobbler: [taskkill] ERROR: The process "cc1plus.exe" not found.
2015-12-10 09:35:50,918 DEBUG [AWT-EventQueue-0] stencyl.sw.util.Util: Process 'taskkill' exited with code: 128
2015-12-10 09:35:50,918 DEBUG [AWT-EventQueue-0] stencyl.sw.util.Util: Running command: [taskkill, /im, tail.exe, /f]
2015-12-10 09:35:50,965 DEBUG [Thread-11] stencyl.sw.util.StreamGobbler: [taskkill] ERROR: The process "tail.exe" not found.
2015-12-10 09:35:50,965 DEBUG [AWT-EventQueue-0] stencyl.sw.util.Util: Process 'taskkill' exited with code: 128
2015-12-10 09:35:50,965 DEBUG [AWT-EventQueue-0] stencyl.sw.util.Util: Running command: [taskkill, /im, ios-sim.exe, /f]
2015-12-10 09:35:51,028 DEBUG [Thread-12] stencyl.sw.util.StreamGobbler: [taskkill] ERROR: The process "ios-sim.exe" not found.
2015-12-10 09:35:51,028 DEBUG [AWT-EventQueue-0] stencyl.sw.util.Util: Process 'taskkill' exited with code: 128
2015-12-10 09:35:51,059 DEBUG [AWT-EventQueue-0] stencyl.sw.util.FileHelper: Deleting: C:\Users\glafond5733\AppData\Roaming\Macromedia\Flash Player\Logs\flashlog.txt
2015-12-10 09:35:51,059 DEBUG [pool-1-thread-2] stencyl.sw.util.FileHelper: Trying to delete file that does not exist: C:\Users\glafond5733\Google Drive\Roosevelt OGPC\stencylworks\games-generated\Scene Change Test\Assets\graphics
2015-12-10 09:35:51,059 DEBUG [pool-1-thread-2] stencyl.sw.util.FileHelper: Trying to delete file that does not exist: C:\Users\glafond5733\Google Drive\Roosevelt OGPC\stencylworks\games-generated\Scene Change Test\Export\iPhone\build
2015-12-10 09:35:51,059 DEBUG [pool-1-thread-2] stencyl.sw.util.FileHelper: Trying to delete file that does not exist: C:\Users\glafond5733\Google Drive\Roosevelt OGPC\stencylworks\games-generated\Scene Change Test\Export\cpp\windows\bin
2015-12-10 09:35:51,106 DEBUG [pool-1-thread-2] stencyl.sw.io.write.resource.HXWriter: Copying graphics for scale: 1x
2015-12-10 09:35:51,106 ERROR [pool-1-thread-2] stencyl.sw.io.write.resource.HXWriter: Source 'C:\Users\glafond5733\Google Drive\Roosevelt OGPC\stencylworks\games\Scene Change Test\resources\2.png' does not exist
java.io.FileNotFoundException: Source 'C:\Users\glafond5733\Google Drive\Roosevelt OGPC\stencylworks\games\Scene Change Test\resources\2.png' does not exist
	at org.apache.commons.io.FileUtils.copyFile(FileUtils.java:1074)
	at org.apache.commons.io.FileUtils.copyFile(FileUtils.java:1038)
	at stencyl.sw.io.write.resource.HXWriter.writeGraphicsAndSounds(HXWriter.java:1044)
	at stencyl.sw.io.write.resource.HXWriter.write(HXWriter.java:880)
	at stencyl.sw.io.write.resource.HXWriter.access$200(HXWriter.java:79)
	at stencyl.sw.io.write.resource.HXWriter$2.doInBackground(HXWriter.java:335)
	at stencyl.sw.io.write.resource.HXWriter$2.doInBackground(HXWriter.java:327)
	at javax.swing.SwingWorker$1.call(SwingWorker.java:295)
	at java.util.concurrent.FutureTask.run(FutureTask.java:266)
	at javax.swing.SwingWorker.run(SwingWorker.java:334)
	at java.util.concurrent.ThreadPoolExecutor.runWorker(ThreadPoolExecutor.java:1142)
	at java.util.concurrent.ThreadPoolExecutor$Worker.run(ThreadPoolExecutor.java:617)
	at java.lang.Thread.run(Thread.java:745)
2015-12-10 09:35:51,106 ERROR [pool-1-thread-2] stencyl.sw.util.dg.MessageDialog: Encountered errors while building your game. - Check your logs and post them to the forums. 
2015-12-10 09:35:57,528 DEBUG [AWT-EventQueue-0] stencyl.sw.app.App: Action: Close Game
2015-12-10 09:35:58,838 DEBUG [AWT-EventQueue-0] stencyl.sw.app.doc.Workspace: Resetting workspace.
2015-12-10 09:35:58,853 DEBUG [AWT-EventQueue-0] stencyl.sw.app.doc.Workspace: Activated: Dashboard
2015-12-10 09:35:58,853 DEBUG [AWT-EventQueue-0] stencyl.sw.app.doc.Workspace: Closed Document: Scene 10
2015-12-10 09:35:58,900 DEBUG [AWT-EventQueue-0] stencyl.sw.app.doc.Workspace: Activated: Welcome Center
2015-12-10 09:36:00,303 DEBUG [AWT-EventQueue-0] stencyl.sw.util.FileHelper: Deleting: C:\Users\glafond5733\AppData\Local\Temp\stencyl4724670604484748942\sandbox\test\temp
2015-12-10 09:36:00,303 DEBUG [AWT-EventQueue-0] stencyl.sw.util.FileHelper: Deleting: C:\Users\glafond5733\Google Drive\Roosevelt OGPC\stencylworks\preview\scripts
2015-12-10 09:36:00,303 DEBUG [AWT-EventQueue-0] stencyl.sw.util.FileHelper: Deleting: C:\Users\glafond5733\Google Drive\Roosevelt OGPC\stencylworks\preview\game
2015-12-10 09:36:00,303 INFO  [AWT-EventQueue-0] stencyl.sw.app.tasks.OpenGameTask: Opening game: Roosevelt OGPC
2015-12-10 09:36:00,318 ERROR [pool-1-thread-2] stencyl.core.lib.Game: C:\Users\glafond5733\Google Drive\Roosevelt OGPC\stencylworks\games\Roosevelt OGPC\scenes\scenes.xml (The system cannot find the file specified)
java.io.FileNotFoundException: C:\Users\glafond5733\Google Drive\Roosevelt OGPC\stencylworks\games\Roosevelt OGPC\scenes\scenes.xml (The system cannot find the file specified)
	at java.io.FileInputStream.open0(Native Method)
	at java.io.FileInputStream.open(FileInputStream.java:195)
	at java.io.FileInputStream.<init>(FileInputStream.java:138)
	at java.io.FileInputStream.<init>(FileInputStream.java:93)
	at sun.net.www.protocol.file.FileURLConnection.connect(FileURLConnection.java:90)
	at sun.net.www.protocol.file.FileURLConnection.getInputStream(FileURLConnection.java:188)
	at com.sun.org.apache.xerces.internal.impl.XMLEntityManager.setupCurrentEntity(XMLEntityManager.java:622)
	at com.sun.org.apache.xerces.internal.impl.XMLVersionDetector.determineDocVersion(XMLVersionDetector.java:189)
	at com.sun.org.apache.xerces.internal.parsers.XML11Configuration.parse(XML11Configuration.java:812)
	at com.sun.org.apache.xerces.internal.parsers.XML11Configuration.parse(XML11Configuration.java:777)
	at com.sun.org.apache.xerces.internal.parsers.XMLParser.parse(XMLParser.java:141)
	at com.sun.org.apache.xerces.internal.parsers.DOMParser.parse(DOMParser.java:243)
	at com.sun.org.apache.xerces.internal.jaxp.DocumentBuilderImpl.parse(DocumentBuilderImpl.java:348)
	at javax.xml.parsers.DocumentBuilder.parse(DocumentBuilder.java:205)
	at stencyl.sw.util.FileHelper.readXMLFromFile(FileHelper.java:754)
	at stencyl.core.lib.Game.readScene(Game.java:1238)
	at stencyl.core.lib.Game.create(Game.java:641)
	at stencyl.sw.app.tasks.OpenGameTask.doInBackground(OpenGameTask.java:95)
	at stencyl.sw.app.tasks.OpenGameTask.doInBackground(OpenGameTask.java:34)
	at javax.swing.SwingWorker$1.call(SwingWorker.java:295)
	at java.util.concurrent.FutureTask.run(FutureTask.java:266)
	at javax.swing.SwingWorker.run(SwingWorker.java:334)
	at java.util.concurrent.ThreadPoolExecutor.runWorker(ThreadPoolExecutor.java:1142)
	at java.util.concurrent.ThreadPoolExecutor$Worker.run(ThreadPoolExecutor.java:617)
	at java.lang.Thread.run(Thread.java:745)
2015-12-10 09:36:00,318 DEBUG [pool-1-thread-2] stencyl.core.lib.Game: Loading scene-specific snippet. SceneID: 0
2015-12-10 09:36:00,318 DEBUG [pool-1-thread-2] stencyl.core.lib.Game: Loading scene-specific snippet. SceneID: 1
2015-12-10 09:36:00,318 DEBUG [pool-1-thread-2] stencyl.core.lib.Game: Loading scene-specific snippet. SceneID: 2
2015-12-10 09:36:00,318 ERROR [pool-1-thread-2] stencyl.sw.util.FileHelper: Could not read C:\Users\glafond5733\Google Drive\Roosevelt OGPC\stencylworks\games\Roosevelt OGPC\resources\data.xml. Trying to read backup C:\Users\glafond5733\Google Drive\Roosevelt OGPC\stencylworks\games\Roosevelt OGPC\resources\data.xml.bak...
java.io.FileNotFoundException: C:\Users\glafond5733\Google Drive\Roosevelt OGPC\stencylworks\games\Roosevelt OGPC\resources\data.xml (The system cannot find the file specified)
	at java.io.FileInputStream.open0(Native Method)
	at java.io.FileInputStream.open(FileInputStream.java:195)
	at java.io.FileInputStream.<init>(FileInputStream.java:138)
	at java.io.FileInputStream.<init>(FileInputStream.java:93)
	at sun.net.www.protocol.file.FileURLConnection.connect(FileURLConnection.java:90)
	at sun.net.www.protocol.file.FileURLConnection.getInputStream(FileURLConnection.java:188)
	at com.sun.org.apache.xerces.internal.impl.XMLEntityManager.setupCurrentEntity(XMLEntityManager.java:622)
	at com.sun.org.apache.xerces.internal.impl.XMLVersionDetector.determineDocVersion(XMLVersionDetector.java:189)
	at com.sun.org.apache.xerces.internal.parsers.XML11Configuration.parse(XML11Configuration.java:812)
	at com.sun.org.apache.xerces.internal.parsers.XML11Configuration.parse(XML11Configuration.java:777)
	at com.sun.org.apache.xerces.internal.parsers.XMLParser.parse(XMLParser.java:141)
	at com.sun.org.apache.xerces.internal.parsers.DOMParser.parse(DOMParser.java:243)
	at com.sun.org.apache.xerces.internal.jaxp.DocumentBuilderImpl.parse(DocumentBuilderImpl.java:348)
	at javax.xml.parsers.DocumentBuilder.parse(DocumentBuilder.java:205)
	at stencyl.sw.util.FileHelper.readXMLFromFile(FileHelper.java:754)
	at stencyl.sw.util.FileHelper.readXMLFromFileWithBackup(FileHelper.java:449)
	at stencyl.sw.app.tasks.OpenGameTask.startOpeningGame(OpenGameTask.java:148)
	at stencyl.sw.app.tasks.OpenGameTask.doInBackground(OpenGameTask.java:117)
	at stencyl.sw.app.tasks.OpenGameTask.doInBackground(OpenGameTask.java:34)
	at javax.swing.SwingWorker$1.call(SwingWorker.java:295)
	at java.util.concurrent.FutureTask.run(FutureTask.java:266)
	at javax.swing.SwingWorker.run(SwingWorker.java:334)
	at java.util.concurrent.ThreadPoolExecutor.runWorker(ThreadPoolExecutor.java:1142)
	at java.util.concurrent.ThreadPoolExecutor$Worker.run(ThreadPoolExecutor.java:617)
	at java.lang.Thread.run(Thread.java:745)
2015-12-10 09:36:00,318 ERROR [pool-1-thread-2] stencyl.sw.app.tasks.OpenGameTask: Could not restore from backup C:\Users\glafond5733\Google Drive\Roosevelt OGPC\stencylworks\games\Roosevelt OGPC\resources\data.xml.bak.
java.io.IOException: Could not restore from backup C:\Users\glafond5733\Google Drive\Roosevelt OGPC\stencylworks\games\Roosevelt OGPC\resources\data.xml.bak.
	at stencyl.sw.util.FileHelper.readXMLFromFileWithBackup(FileHelper.java:467)
	at stencyl.sw.app.tasks.OpenGameTask.startOpeningGame(OpenGameTask.java:148)
	at stencyl.sw.app.tasks.OpenGameTask.doInBackground(OpenGameTask.java:117)
	at stencyl.sw.app.tasks.OpenGameTask.doInBackground(OpenGameTask.java:34)
	at javax.swing.SwingWorker$1.call(SwingWorker.java:295)
	at java.util.concurrent.FutureTask.run(FutureTask.java:266)
	at javax.swing.SwingWorker.run(SwingWorker.java:334)
	at java.util.concurrent.ThreadPoolExecutor.runWorker(ThreadPoolExecutor.java:1142)
	at java.util.concurrent.ThreadPoolExecutor$Worker.run(ThreadPoolExecutor.java:617)
	at java.lang.Thread.run(Thread.java:745)
Caused by: java.io.FileNotFoundException: C:\Users\glafond5733\Google Drive\Roosevelt OGPC\stencylworks\games\Roosevelt OGPC\resources\data.xml.bak (The system cannot find the file specified)
	at java.io.FileInputStream.open0(Native Method)
	at java.io.FileInputStream.open(FileInputStream.java:195)
	at java.io.FileInputStream.<init>(FileInputStream.java:138)
	at java.io.FileInputStream.<init>(FileInputStream.java:93)
	at sun.net.www.protocol.file.FileURLConnection.connect(FileURLConnection.java:90)
	at sun.net.www.protocol.file.FileURLConnection.getInputStream(FileURLConnection.java:188)
	at com.sun.org.apache.xerces.internal.impl.XMLEntityManager.setupCurrentEntity(XMLEntityManager.java:622)
	at com.sun.org.apache.xerces.internal.impl.XMLVersionDetector.determineDocVersion(XMLVersionDetector.java:189)
	at com.sun.org.apache.xerces.internal.parsers.XML11Configuration.parse(XML11Configuration.java:812)
	at com.sun.org.apache.xerces.internal.parsers.XML11Configuration.parse(XML11Configuration.java:777)
	at com.sun.org.apache.xerces.internal.parsers.XMLParser.parse(XMLParser.java:141)
	at com.sun.org.apache.xerces.internal.parsers.DOMParser.parse(DOMParser.java:243)
	at com.sun.org.apache.xerces.internal.jaxp.DocumentBuilderImpl.parse(DocumentBuilderImpl.java:348)
	at javax.xml.parsers.DocumentBuilder.parse(DocumentBuilder.java:205)
	at stencyl.sw.util.FileHelper.readXMLFromFile(FileHelper.java:754)
	at stencyl.sw.util.FileHelper.readXMLFromFileWithBackup(FileHelper.java:458)
	... 9 more
2015-12-10 09:36:00,318 ERROR [pool-1-thread-2] stencyl.core.lib.ResourceList: C:\Users\glafond5733\Google Drive\Roosevelt OGPC\stencylworks\games\Roosevelt OGPC\resources\data.xml (The system cannot find the file specified)
java.io.FileNotFoundException: C:\Users\glafond5733\Google Drive\Roosevelt OGPC\stencylworks\games\Roosevelt OGPC\resources\data.xml (The system cannot find the file specified)
	at java.io.FileInputStream.open0(Native Method)
	at java.io.FileInputStream.open(FileInputStream.java:195)
	at java.io.FileInputStream.<init>(FileInputStream.java:138)
	at java.io.FileInputStream.<init>(FileInputStream.java:93)
	at sun.net.www.protocol.file.FileURLConnection.connect(FileURLConnection.java:90)
	at sun.net.www.protocol.file.FileURLConnection.getInputStream(FileURLConnection.java:188)
	at com.sun.org.apache.xerces.internal.impl.XMLEntityManager.setupCurrentEntity(XMLEntityManager.java:622)
	at com.sun.org.apache.xerces.internal.impl.XMLVersionDetector.determineDocVersion(XMLVersionDetector.java:189)
	at com.sun.org.apache.xerces.internal.parsers.XML11Configuration.parse(XML11Configuration.java:812)
	at com.sun.org.apache.xerces.internal.parsers.XML11Configuration.parse(XML11Configuration.java:777)
	at com.sun.org.apache.xerces.internal.parsers.XMLParser.parse(XMLParser.java:141)
	at com.sun.org.apache.xerces.internal.parsers.DOMParser.parse(DOMParser.java:243)
	at com.sun.org.apache.xerces.internal.jaxp.DocumentBuilderImpl.parse(DocumentBuilderImpl.java:348)
	at javax.xml.parsers.DocumentBuilder.parse(DocumentBuilder.java:205)
	at stencyl.sw.util.FileHelper.readXMLFromFile(FileHelper.java:754)
	at stencyl.core.lib.io.IOHelper.readXMLFromResource(IOHelper.java:122)
	at stencyl.core.lib.ResourceList.init(ResourceList.java:65)
	at stencyl.core.lib.ResourceList.<init>(ResourceList.java:57)
	at stencyl.core.lib.ResourceList.createList(ResourceList.java:47)
	at stencyl.core.lib.Game.load(Game.java:1660)
	at stencyl.sw.app.tasks.OpenGameTask.startOpeningGame(OpenGameTask.java:157)
	at stencyl.sw.app.tasks.OpenGameTask.doInBackground(OpenGameTask.java:117)
	at stencyl.sw.app.tasks.OpenGameTask.doInBackground(OpenGameTask.java:34)
	at javax.swing.SwingWorker$1.call(SwingWorker.java:295)
	at java.util.concurrent.FutureTask.run(FutureTask.java:266)
	at javax.swing.SwingWorker.run(SwingWorker.java:334)
	at java.util.concurrent.ThreadPoolExecutor.runWorker(ThreadPoolExecutor.java:1142)
	at java.util.concurrent.ThreadPoolExecutor$Worker.run(ThreadPoolExecutor.java:617)
	at java.lang.Thread.run(Thread.java:745)
2015-12-10 09:36:00,365 DEBUG [AWT-EventQueue-0] stencyl.sw.app.doc.Workspace: Activated: Dashboard
2015-12-10 09:36:00,365 DEBUG [AWT-EventQueue-0] stencyl.sw.util.FileHelper: Deleting: C:\Users\glafond5733\AppData\Local\Temp\stencyl4724670604484748942\sandbox\build\code
2015-12-10 09:36:00,365 DEBUG [AWT-EventQueue-0] stencyl.sw.util.FileHelper: Deleting: C:\Users\glafond5733\AppData\Local\Temp\stencyl4724670604484748942\sandbox\test\temp
2015-12-10 09:36:00,381 DEBUG [AWT-EventQueue-0] stencyl.sw.app.tasks.OpenGameTask: Took 78ms
2015-12-10 09:36:00,428 DEBUG [AWT-EventQueue-0] stencyl.sw.editors.game.cgroups.CollisionGroupTree: Loading actor group into tree: Actors
2015-12-10 09:36:00,428 DEBUG [AWT-EventQueue-0] stencyl.sw.editors.game.cgroups.CollisionGroupTree: Loading actor group into tree: Doodads
2015-12-10 09:36:00,443 DEBUG [AWT-EventQueue-0] stencyl.sw.editors.game.cgroups.CollisionGroupTree: Loading actor group into tree: Players
2015-12-10 09:36:00,443 DEBUG [AWT-EventQueue-0] stencyl.sw.editors.game.cgroups.CollisionGroupTree: Loading actor group into tree: Regions
2015-12-10 09:36:00,443 DEBUG [AWT-EventQueue-0] stencyl.sw.editors.game.cgroups.CollisionGroupTree: Loading actor group into tree: Tiles
2015-12-10 09:36:00,615 DEBUG [AWT-EventQueue-0] stencyl.core.lib.Atlas: Getting memory for atlas 0
2015-12-10 09:36:00,630 DEBUG [AWT-EventQueue-0] stencyl.core.lib.Atlas: Getting memory for atlas 1
2015-12-10 09:36:00,630 DEBUG [AWT-EventQueue-0] stencyl.core.lib.Atlas: Getting memory for atlas 2
2015-12-10 09:36:00,630 DEBUG [AWT-EventQueue-0] stencyl.core.lib.Atlas: Getting memory for atlas 3
2015-12-10 09:36:13,538 DEBUG [AWT-EventQueue-0] stencyl.sw.app.App: Action: Close Game
2015-12-10 09:36:14,941 DEBUG [AWT-EventQueue-0] stencyl.sw.app.doc.Workspace: Resetting workspace.
2015-12-10 09:36:14,972 DEBUG [AWT-EventQueue-0] stencyl.sw.app.doc.Workspace: Activated: Welcome Center
2015-12-10 09:37:02,143 DEBUG [AWT-EventQueue-0] stencyl.sw.SW: Frame was maximized
2015-12-10 09:39:03,829 DEBUG [AWT-EventQueue-0] stencyl.sw.util.FileHelper: Deleting: C:\Users\glafond5733\AppData\Local\Temp\stencyl4724670604484748942\sandbox\test\temp
2015-12-10 09:39:03,829 DEBUG [AWT-EventQueue-0] stencyl.sw.util.FileHelper: Deleting: C:\Users\glafond5733\Google Drive\Roosevelt OGPC\stencylworks\preview\scripts
2015-12-10 09:39:03,829 DEBUG [AWT-EventQueue-0] stencyl.sw.util.FileHelper: Deleting: C:\Users\glafond5733\Google Drive\Roosevelt OGPC\stencylworks\preview\game
2015-12-10 09:39:03,829 INFO  [AWT-EventQueue-0] stencyl.sw.app.tasks.OpenGameTask: Opening game: Roosevelt OGPC
2015-12-10 09:39:03,844 ERROR [pool-1-thread-3] stencyl.core.lib.Game: C:\Users\glafond5733\Google Drive\Roosevelt OGPC\stencylworks\games\Roosevelt OGPC\scenes\scenes.xml (The system cannot find the file specified)
java.io.FileNotFoundException: C:\Users\glafond5733\Google Drive\Roosevelt OGPC\stencylworks\games\Roosevelt OGPC\scenes\scenes.xml (The system cannot find the file specified)
	at java.io.FileInputStream.open0(Native Method)
	at java.io.FileInputStream.open(FileInputStream.java:195)
	at java.io.FileInputStream.<init>(FileInputStream.java:138)
	at java.io.FileInputStream.<init>(FileInputStream.java:93)
	at sun.net.www.protocol.file.FileURLConnection.connect(FileURLConnection.java:90)
	at sun.net.www.protocol.file.FileURLConnection.getInputStream(FileURLConnection.java:188)
	at com.sun.org.apache.xerces.internal.impl.XMLEntityManager.setupCurrentEntity(XMLEntityManager.java:622)
	at com.sun.org.apache.xerces.internal.impl.XMLVersionDetector.determineDocVersion(XMLVersionDetector.java:189)
	at com.sun.org.apache.xerces.internal.parsers.XML11Configuration.parse(XML11Configuration.java:812)
	at com.sun.org.apache.xerces.internal.parsers.XML11Configuration.parse(XML11Configuration.java:777)
	at com.sun.org.apache.xerces.internal.parsers.XMLParser.parse(XMLParser.java:141)
	at com.sun.org.apache.xerces.internal.parsers.DOMParser.parse(DOMParser.java:243)
	at com.sun.org.apache.xerces.internal.jaxp.DocumentBuilderImpl.parse(DocumentBuilderImpl.java:348)
	at javax.xml.parsers.DocumentBuilder.parse(DocumentBuilder.java:205)
	at stencyl.sw.util.FileHelper.readXMLFromFile(FileHelper.java:754)
	at stencyl.core.lib.Game.readScene(Game.java:1238)
	at stencyl.core.lib.Game.create(Game.java:641)
	at stencyl.sw.app.tasks.OpenGameTask.doInBackground(OpenGameTask.java:95)
	at stencyl.sw.app.tasks.OpenGameTask.doInBackground(OpenGameTask.java:34)
	at javax.swing.SwingWorker$1.call(SwingWorker.java:295)
	at java.util.concurrent.FutureTask.run(FutureTask.java:266)
	at javax.swing.SwingWorker.run(SwingWorker.java:334)
	at java.util.concurrent.ThreadPoolExecutor.runWorker(ThreadPoolExecutor.java:1142)
	at java.util.concurrent.ThreadPoolExecutor$Worker.run(ThreadPoolExecutor.java:617)
	at java.lang.Thread.run(Thread.java:745)
2015-12-10 09:39:03,844 DEBUG [pool-1-thread-3] stencyl.core.lib.Game: Loading scene-specific snippet. SceneID: 0
2015-12-10 09:39:03,844 DEBUG [pool-1-thread-3] stencyl.core.lib.Game: Loading scene-specific snippet. SceneID: 1
2015-12-10 09:39:03,844 DEBUG [pool-1-thread-3] stencyl.core.lib.Game: Loading scene-specific snippet. SceneID: 2
2015-12-10 09:39:03,844 ERROR [pool-1-thread-3] stencyl.sw.util.FileHelper: Could not read C:\Users\glafond5733\Google Drive\Roosevelt OGPC\stencylworks\games\Roosevelt OGPC\resources\data.xml. Trying to read backup C:\Users\glafond5733\Google Drive\Roosevelt OGPC\stencylworks\games\Roosevelt OGPC\resources\data.xml.bak...
java.io.FileNotFoundException: C:\Users\glafond5733\Google Drive\Roosevelt OGPC\stencylworks\games\Roosevelt OGPC\resources\data.xml (The system cannot find the file specified)
	at java.io.FileInputStream.open0(Native Method)
	at java.io.FileInputStream.open(FileInputStream.java:195)
	at java.io.FileInputStream.<init>(FileInputStream.java:138)
	at java.io.FileInputStream.<init>(FileInputStream.java:93)
	at sun.net.www.protocol.file.FileURLConnection.connect(FileURLConnection.java:90)
	at sun.net.www.protocol.file.FileURLConnection.getInputStream(FileURLConnection.java:188)
	at com.sun.org.apache.xerces.internal.impl.XMLEntityManager.setupCurrentEntity(XMLEntityManager.java:622)
	at com.sun.org.apache.xerces.internal.impl.XMLVersionDetector.determineDocVersion(XMLVersionDetector.java:189)
	at com.sun.org.apache.xerces.internal.parsers.XML11Configuration.parse(XML11Configuration.java:812)
	at com.sun.org.apache.xerces.internal.parsers.XML11Configuration.parse(XML11Configuration.java:777)
	at com.sun.org.apache.xerces.internal.parsers.XMLParser.parse(XMLParser.java:141)
	at com.sun.org.apache.xerces.internal.parsers.DOMParser.parse(DOMParser.java:243)
	at com.sun.org.apache.xerces.internal.jaxp.DocumentBuilderImpl.parse(DocumentBuilderImpl.java:348)
	at javax.xml.parsers.DocumentBuilder.parse(DocumentBuilder.java:205)
	at stencyl.sw.util.FileHelper.readXMLFromFile(FileHelper.java:754)
	at stencyl.sw.util.FileHelper.readXMLFromFileWithBackup(FileHelper.java:449)
	at stencyl.sw.app.tasks.OpenGameTask.startOpeningGame(OpenGameTask.java:148)
	at stencyl.sw.app.tasks.OpenGameTask.doInBackground(OpenGameTask.java:117)
	at stencyl.sw.app.tasks.OpenGameTask.doInBackground(OpenGameTask.java:34)
	at javax.swing.SwingWorker$1.call(SwingWorker.java:295)
	at java.util.concurrent.FutureTask.run(FutureTask.java:266)
	at javax.swing.SwingWorker.run(SwingWorker.java:334)
	at java.util.concurrent.ThreadPoolExecutor.runWorker(ThreadPoolExecutor.java:1142)
	at java.util.concurrent.ThreadPoolExecutor$Worker.run(ThreadPoolExecutor.java:617)
	at java.lang.Thread.run(Thread.java:745)
2015-12-10 09:39:03,844 ERROR [pool-1-thread-3] stencyl.sw.app.tasks.OpenGameTask: Could not restore from backup C:\Users\glafond5733\Google Drive\Roosevelt OGPC\stencylworks\games\Roosevelt OGPC\resources\data.xml.bak.
java.io.IOException: Could not restore from backup C:\Users\glafond5733\Google Drive\Roosevelt OGPC\stencylworks\games\Roosevelt OGPC\resources\data.xml.bak.
	at stencyl.sw.util.FileHelper.readXMLFromFileWithBackup(FileHelper.java:467)
	at stencyl.sw.app.tasks.OpenGameTask.startOpeningGame(OpenGameTask.java:148)
	at stencyl.sw.app.tasks.OpenGameTask.doInBackground(OpenGameTask.java:117)
	at stencyl.sw.app.tasks.OpenGameTask.doInBackground(OpenGameTask.java:34)
	at javax.swing.SwingWorker$1.call(SwingWorker.java:295)
	at java.util.concurrent.FutureTask.run(FutureTask.java:266)
	at javax.swing.SwingWorker.run(SwingWorker.java:334)
	at java.util.concurrent.ThreadPoolExecutor.runWorker(ThreadPoolExecutor.java:1142)
	at java.util.concurrent.ThreadPoolExecutor$Worker.run(ThreadPoolExecutor.java:617)
	at java.lang.Thread.run(Thread.java:745)
Caused by: java.io.FileNotFoundException: C:\Users\glafond5733\Google Drive\Roosevelt OGPC\stencylworks\games\Roosevelt OGPC\resources\data.xml.bak (The system cannot find the file specified)
	at java.io.FileInputStream.open0(Native Method)
	at java.io.FileInputStream.open(FileInputStream.java:195)
	at java.io.FileInputStream.<init>(FileInputStream.java:138)
	at java.io.FileInputStream.<init>(FileInputStream.java:93)
	at sun.net.www.protocol.file.FileURLConnection.connect(FileURLConnection.java:90)
	at sun.net.www.protocol.file.FileURLConnection.getInputStream(FileURLConnection.java:188)
	at com.sun.org.apache.xerces.internal.impl.XMLEntityManager.setupCurrentEntity(XMLEntityManager.java:622)
	at com.sun.org.apache.xerces.internal.impl.XMLVersionDetector.determineDocVersion(XMLVersionDetector.java:189)
	at com.sun.org.apache.xerces.internal.parsers.XML11Configuration.parse(XML11Configuration.java:812)
	at com.sun.org.apache.xerces.internal.parsers.XML11Configuration.parse(XML11Configuration.java:777)
	at com.sun.org.apache.xerces.internal.parsers.XMLParser.parse(XMLParser.java:141)
	at com.sun.org.apache.xerces.internal.parsers.DOMParser.parse(DOMParser.java:243)
	at com.sun.org.apache.xerces.internal.jaxp.DocumentBuilderImpl.parse(DocumentBuilderImpl.java:348)
	at javax.xml.parsers.DocumentBuilder.parse(DocumentBuilder.java:205)
	at stencyl.sw.util.FileHelper.readXMLFromFile(FileHelper.java:754)
	at stencyl.sw.util.FileHelper.readXMLFromFileWithBackup(FileHelper.java:458)
	... 9 more
2015-12-10 09:39:03,844 ERROR [pool-1-thread-3] stencyl.core.lib.ResourceList: C:\Users\glafond5733\Google Drive\Roosevelt OGPC\stencylworks\games\Roosevelt OGPC\resources\data.xml (The system cannot find the file specified)
java.io.FileNotFoundException: C:\Users\glafond5733\Google Drive\Roosevelt OGPC\stencylworks\games\Roosevelt OGPC\resources\data.xml (The system cannot find the file specified)
	at java.io.FileInputStream.open0(Native Method)
	at java.io.FileInputStream.open(FileInputStream.java:195)
	at java.io.FileInputStream.<init>(FileInputStream.java:138)
	at java.io.FileInputStream.<init>(FileInputStream.java:93)
	at sun.net.www.protocol.file.FileURLConnection.connect(FileURLConnection.java:90)
	at sun.net.www.protocol.file.FileURLConnection.getInputStream(FileURLConnection.java:188)
	at com.sun.org.apache.xerces.internal.impl.XMLEntityManager.setupCurrentEntity(XMLEntityManager.java:622)
	at com.sun.org.apache.xerces.internal.impl.XMLVersionDetector.determineDocVersion(XMLVersionDetector.java:189)
	at com.sun.org.apache.xerces.internal.parsers.XML11Configuration.parse(XML11Configuration.java:812)
	at com.sun.org.apache.xerces.internal.parsers.XML11Configuration.parse(XML11Configuration.java:777)
	at com.sun.org.apache.xerces.internal.parsers.XMLParser.parse(XMLParser.java:141)
	at com.sun.org.apache.xerces.internal.parsers.DOMParser.parse(DOMParser.java:243)
	at com.sun.org.apache.xerces.internal.jaxp.DocumentBuilderImpl.parse(DocumentBuilderImpl.java:348)
	at javax.xml.parsers.DocumentBuilder.parse(DocumentBuilder.java:205)
	at stencyl.sw.util.FileHelper.readXMLFromFile(FileHelper.java:754)
	at stencyl.core.lib.io.IOHelper.readXMLFromResource(IOHelper.java:122)
	at stencyl.core.lib.ResourceList.init(ResourceList.java:65)
	at stencyl.core.lib.ResourceList.<init>(ResourceList.java:57)
	at stencyl.core.lib.ResourceList.createList(ResourceList.java:47)
	at stencyl.core.lib.Game.load(Game.java:1660)
	at stencyl.sw.app.tasks.OpenGameTask.startOpeningGame(OpenGameTask.java:157)
	at stencyl.sw.app.tasks.OpenGameTask.doInBackground(OpenGameTask.java:117)
	at stencyl.sw.app.tasks.OpenGameTask.doInBackground(OpenGameTask.java:34)
	at javax.swing.SwingWorker$1.call(SwingWorker.java:295)
	at java.util.concurrent.FutureTask.run(FutureTask.java:266)
	at javax.swing.SwingWorker.run(SwingWorker.java:334)
	at java.util.concurrent.ThreadPoolExecutor.runWorker(ThreadPoolExecutor.java:1142)
	at java.util.concurrent.ThreadPoolExecutor$Worker.run(ThreadPoolExecutor.java:617)
	at java.lang.Thread.run(Thread.java:745)
2015-12-10 09:39:03,891 DEBUG [AWT-EventQueue-0] stencyl.sw.app.doc.Workspace: Activated: Dashboard
2015-12-10 09:39:03,891 DEBUG [AWT-EventQueue-0] stencyl.sw.util.FileHelper: Trying to delete file that does not exist: C:\Users\glafond5733\AppData\Local\Temp\stencyl4724670604484748942\sandbox\build\code
2015-12-10 09:39:03,891 DEBUG [AWT-EventQueue-0] stencyl.sw.util.FileHelper: Deleting: C:\Users\glafond5733\AppData\Local\Temp\stencyl4724670604484748942\sandbox\test\temp
2015-12-10 09:39:03,907 DEBUG [AWT-EventQueue-0] stencyl.sw.app.tasks.OpenGameTask: Took 78ms
2015-12-10 09:39:03,969 DEBUG [AWT-EventQueue-0] stencyl.sw.editors.game.cgroups.CollisionGroupTree: Loading actor group into tree: Actors
2015-12-10 09:39:03,969 DEBUG [AWT-EventQueue-0] stencyl.sw.editors.game.cgroups.CollisionGroupTree: Loading actor group into tree: Doodads
2015-12-10 09:39:03,969 DEBUG [AWT-EventQueue-0] stencyl.sw.editors.game.cgroups.CollisionGroupTree: Loading actor group into tree: Players
2015-12-10 09:39:03,969 DEBUG [AWT-EventQueue-0] stencyl.sw.editors.game.cgroups.CollisionGroupTree: Loading actor group into tree: Regions
2015-12-10 09:39:03,985 DEBUG [AWT-EventQueue-0] stencyl.sw.editors.game.cgroups.CollisionGroupTree: Loading actor group into tree: Tiles
2015-12-10 09:39:04,156 DEBUG [AWT-EventQueue-0] stencyl.core.lib.Atlas: Getting memory for atlas 0
2015-12-10 09:39:04,172 DEBUG [AWT-EventQueue-0] stencyl.core.lib.Atlas: Getting memory for atlas 1
2015-12-10 09:39:04,172 DEBUG [AWT-EventQueue-0] stencyl.core.lib.Atlas: Getting memory for atlas 2
2015-12-10 09:39:04,172 DEBUG [AWT-EventQueue-0] stencyl.core.lib.Atlas: Getting memory for atlas 3
2015-12-10 09:39:15,053 INFO  [AWT-EventQueue-0] stencyl.sw.app.App: Attempting to quit out of Stencyl.
2015-12-10 09:39:17,219 DEBUG [AWT-EventQueue-0] stencyl.sw.util.Util: Running command: [taskkill, /im, neko.exe, /f]
2015-12-10 09:39:17,297 DEBUG [Thread-13] stencyl.sw.util.StreamGobbler: [taskkill] ERROR: The process "neko.exe" not found.
2015-12-10 09:39:17,297 DEBUG [AWT-EventQueue-0] stencyl.sw.util.Util: Process 'taskkill' exited with code: 128
2015-12-10 09:39:17,297 DEBUG [AWT-EventQueue-0] stencyl.sw.util.Util: Running command: [taskkill, /im, adb.exe, /f]
2015-12-10 09:39:17,344 DEBUG [Thread-14] stencyl.sw.util.StreamGobbler: [taskkill] ERROR: The process "adb.exe" not found.
2015-12-10 09:39:17,360 DEBUG [AWT-EventQueue-0] stencyl.sw.util.Util: Process 'taskkill' exited with code: 128
2015-12-10 09:39:17,360 DEBUG [AWT-EventQueue-0] stencyl.sw.util.Util: Running command: [taskkill, /im, arm-linux-androideabi-g++.exe, /f]
2015-12-10 09:39:17,406 DEBUG [Thread-15] stencyl.sw.util.StreamGobbler: [taskkill] ERROR: The process "arm-linux-androideabi-g++.exe" not found.
2015-12-10 09:39:17,406 DEBUG [AWT-EventQueue-0] stencyl.sw.util.Util: Process 'taskkill' exited with code: 128
2015-12-10 09:39:17,406 DEBUG [AWT-EventQueue-0] stencyl.sw.util.Util: Running command: [taskkill, /im, cc1plus.exe, /f]
2015-12-10 09:39:17,469 DEBUG [Thread-16] stencyl.sw.util.StreamGobbler: [taskkill] ERROR: The process "cc1plus.exe" not found.
2015-12-10 09:39:17,469 DEBUG [AWT-EventQueue-0] stencyl.sw.util.Util: Process 'taskkill' exited with code: 128
2015-12-10 09:39:17,469 DEBUG [AWT-EventQueue-0] stencyl.sw.util.Util: Running command: [taskkill, /im, tail.exe, /f]
2015-12-10 09:39:17,531 DEBUG [Thread-17] stencyl.sw.util.StreamGobbler: [taskkill] ERROR: The process "tail.exe" not found.
2015-12-10 09:39:17,531 DEBUG [AWT-EventQueue-0] stencyl.sw.util.Util: Process 'taskkill' exited with code: 128
2015-12-10 09:39:17,531 DEBUG [AWT-EventQueue-0] stencyl.sw.util.Util: Running command: [taskkill, /im, ios-sim.exe, /f]
2015-12-10 09:39:17,593 DEBUG [Thread-18] stencyl.sw.util.StreamGobbler: [taskkill] ERROR: The process "ios-sim.exe" not found.
2015-12-10 09:39:17,593 DEBUG [AWT-EventQueue-0] stencyl.sw.util.Util: Process 'taskkill' exited with code: 128
2015-12-10 09:39:17,593 DEBUG [AWT-EventQueue-0] stencyl.sw.app.App: Destroying extensions.
2015-12-10 09:39:17,593 DEBUG [AWT-EventQueue-0] stencyl.sw.app.App: Performing final close.
2015-12-10 09:39:17,593 INFO  [AWT-EventQueue-0] stencyl.sw.app.App: Exiting...
2015-12-10 09:39:17,593 DEBUG [AWT-EventQueue-0] stencyl.sw.app.App: Destroying Temporary Sandbox.
2015-12-10 09:39:17,593 DEBUG [AWT-EventQueue-0] stencyl.sw.util.FileHelper: Deleting: C:\Users\glafond5733\AppData\Local\Temp\stencyl4724670604484748942
