2015-11-16 11:19:51,727 INFO  [main] stencyl.sw.Session: Logfile: C:\Users\rmills0865\AppData\Roaming\Stencyl\stencylworks\logs\2015-11-16_11-19-51.log
2015-11-16 11:19:51,743 INFO  [main] stencyl.sw.Session: OS Name: Windows 7
2015-11-16 11:19:51,743 INFO  [main] stencyl.sw.Session: OS Version: 6.1 (64-bit)
2015-11-16 11:19:51,743 INFO  [main] stencyl.sw.Session: Java Version: 1.8.0_60
2015-11-16 11:19:51,743 INFO  [main] stencyl.sw.Session: Stencyl Version: 3.3.2 (b8734)
2015-11-16 11:19:51,743 INFO  [main] stencyl.sw.Session: Stencyl Workspace: C:\Users\rmills0865\AppData\Roaming\Stencyl\
2015-11-16 11:19:51,743 INFO  [main] stencyl.sw.Session: User Working Directory: C:\Program Files (x86)\Stencyl
2015-11-16 11:19:51,743 INFO  [main] stencyl.sw.Session: User Home Directory: C:\Users\rmills0865
2015-11-16 11:19:51,743 INFO  [main] stencyl.sw.Session: System Path: C:\ProgramData\Oracle\Java\javapath;C:\Program Files (x86)\Intel\iCLS Client\;C:\Program Files\Intel\iCLS Client\;C:\Windows\system32;C:\Windows;C:\Windows\System32\Wbem;C:\Windows\System32\WindowsPowerShell\v1.0\;C:\Windows\CCM;C:\Program Files\Intel\Intel(R) Management Engine Components\DAL;C:\Program Files\Intel\Intel(R) Management Engine Components\IPT;C:\Program Files (x86)\Intel\Intel(R) Management Engine Components\DAL;C:\Program Files (x86)\Intel\Intel(R) Management Engine Components\IPT;C:\Program Files (x86)\QuickTime\QTSystem\;C:\Program Files (x86)\Stencyl\runtimes\jre-win\bin
2015-11-16 11:19:51,821 DEBUG [main] stencyl.sw.util.FileHelper: Deleting: C:\Users\RMILLS~1\AppData\Local\Temp\stencyl6687795296859468621
2015-11-16 11:19:51,821 DEBUG [main] stencyl.sw.loc.LanguagePack: Reading... lang\en\global-phrases.lang
2015-11-16 11:19:51,821 DEBUG [main] stencyl.sw.loc.LanguagePack: Reading... lang\en\global-errors.lang
2015-11-16 11:19:51,821 DEBUG [main] stencyl.sw.loc.LanguagePack: Reading... lang\en\global-menu.lang
2015-11-16 11:19:51,821 DEBUG [main] stencyl.sw.loc.LanguagePack: Reading... lang\en\global-welcome.lang
2015-11-16 11:19:51,821 DEBUG [main] stencyl.sw.loc.LanguagePack: Reading... lang\en\global-dashboard.lang
2015-11-16 11:19:51,821 DEBUG [main] stencyl.sw.loc.LanguagePack: Reading... lang\en\global-publish.lang
2015-11-16 11:19:51,837 DEBUG [main] stencyl.sw.loc.LanguagePack: Reading... lang\en\global-updater.lang
2015-11-16 11:19:51,837 DEBUG [main] stencyl.sw.loc.LanguagePack: Reading... lang\en\global-chat.lang
2015-11-16 11:19:51,837 DEBUG [main] stencyl.sw.loc.LanguagePack: Reading... lang\en\global-misc.lang
2015-11-16 11:19:51,837 DEBUG [main] stencyl.sw.loc.LanguagePack: Reading... lang\en\global-forge.lang
2015-11-16 11:19:51,837 DEBUG [main] stencyl.sw.loc.LanguagePack: Reading... lang\en\global-prefs.lang
2015-11-16 11:19:51,837 DEBUG [main] stencyl.sw.loc.LanguagePack: Reading... lang\en\global-creategame.lang
2015-11-16 11:19:51,837 DEBUG [main] stencyl.sw.loc.LanguagePack: Reading... lang\en\behavior-main.lang
2015-11-16 11:19:51,852 DEBUG [main] stencyl.sw.loc.LanguagePack: Reading... lang\en\behavior-blocks.lang
2015-11-16 11:19:51,852 DEBUG [main] stencyl.sw.loc.LanguagePack: Reading... lang\en\behavior-blockhelp.lang
2015-11-16 11:19:51,852 DEBUG [main] stencyl.sw.loc.LanguagePack: Reading... lang\en\behavior-events.lang
2015-11-16 11:19:51,852 DEBUG [main] stencyl.sw.loc.LanguagePack: Reading... lang\en\behavior-code.lang
2015-11-16 11:19:51,852 DEBUG [main] stencyl.sw.loc.LanguagePack: Reading... lang\en\behavior-attributes.lang
2015-11-16 11:19:51,852 DEBUG [main] stencyl.sw.loc.LanguagePack: Reading... lang\en\behavior-create.lang
2015-11-16 11:19:51,852 DEBUG [main] stencyl.sw.loc.LanguagePack: Reading... lang\en\behavior-byob.lang
2015-11-16 11:19:51,852 DEBUG [main] stencyl.sw.loc.LanguagePack: Reading... lang\en\editor-actor-main.lang
2015-11-16 11:19:51,852 DEBUG [main] stencyl.sw.loc.LanguagePack: Reading... lang\en\editor-actor-physics.lang
2015-11-16 11:19:51,852 DEBUG [main] stencyl.sw.loc.LanguagePack: Reading... lang\en\editor-background.lang
2015-11-16 11:19:51,852 DEBUG [main] stencyl.sw.loc.LanguagePack: Reading... lang\en\editor-behaviorchooser.lang
2015-11-16 11:19:51,852 DEBUG [main] stencyl.sw.loc.LanguagePack: Reading... lang\en\editor-desktop.lang
2015-11-16 11:19:51,852 DEBUG [main] stencyl.sw.loc.LanguagePack: Reading... lang\en\editor-font.lang
2015-11-16 11:19:51,868 DEBUG [main] stencyl.sw.loc.LanguagePack: Reading... lang\en\editor-sound.lang
2015-11-16 11:19:51,868 DEBUG [main] stencyl.sw.loc.LanguagePack: Reading... lang\en\editor-tileset.lang
2015-11-16 11:19:51,868 DEBUG [main] stencyl.sw.loc.LanguagePack: Reading... lang\en\editor-preloader.lang
2015-11-16 11:19:51,868 DEBUG [main] stencyl.sw.loc.LanguagePack: Reading... lang\en\editor-mobile.lang
2015-11-16 11:19:51,868 DEBUG [main] stencyl.sw.loc.LanguagePack: Reading... lang\en\editor-groups.lang
2015-11-16 11:19:51,868 DEBUG [main] stencyl.sw.loc.LanguagePack: Reading... lang\en\editor-attributes.lang
2015-11-16 11:19:51,868 DEBUG [main] stencyl.sw.loc.LanguagePack: Reading... lang\en\editor-input.lang
2015-11-16 11:19:51,868 DEBUG [main] stencyl.sw.loc.LanguagePack: Reading... lang\en\editor-animation.lang
2015-11-16 11:19:51,868 DEBUG [main] stencyl.sw.loc.LanguagePack: Reading... lang\en\editor-scene-main.lang
2015-11-16 11:19:51,868 DEBUG [main] stencyl.sw.loc.LanguagePack: Reading... lang\en\editor-scene-create.lang
2015-11-16 11:19:51,868 DEBUG [main] stencyl.sw.loc.LanguagePack: Reading... lang\en\editor-scene-tools.lang
2015-11-16 11:19:51,868 DEBUG [main] stencyl.sw.loc.LanguagePack: Reading... lang\en\global-phrases.lang
2015-11-16 11:19:51,868 DEBUG [main] stencyl.sw.loc.LanguagePack: Reading... lang\en\global-errors.lang
2015-11-16 11:19:51,868 DEBUG [main] stencyl.sw.loc.LanguagePack: Reading... lang\en\global-menu.lang
2015-11-16 11:19:51,868 DEBUG [main] stencyl.sw.loc.LanguagePack: Reading... lang\en\global-welcome.lang
2015-11-16 11:19:51,868 DEBUG [main] stencyl.sw.loc.LanguagePack: Reading... lang\en\global-dashboard.lang
2015-11-16 11:19:51,868 DEBUG [main] stencyl.sw.loc.LanguagePack: Reading... lang\en\global-publish.lang
2015-11-16 11:19:51,868 DEBUG [main] stencyl.sw.loc.LanguagePack: Reading... lang\en\global-updater.lang
2015-11-16 11:19:51,868 DEBUG [main] stencyl.sw.loc.LanguagePack: Reading... lang\en\global-chat.lang
2015-11-16 11:19:51,868 DEBUG [main] stencyl.sw.loc.LanguagePack: Reading... lang\en\global-misc.lang
2015-11-16 11:19:51,868 DEBUG [main] stencyl.sw.loc.LanguagePack: Reading... lang\en\global-forge.lang
2015-11-16 11:19:51,868 DEBUG [main] stencyl.sw.loc.LanguagePack: Reading... lang\en\global-prefs.lang
2015-11-16 11:19:51,868 DEBUG [main] stencyl.sw.loc.LanguagePack: Reading... lang\en\global-creategame.lang
2015-11-16 11:19:51,868 DEBUG [main] stencyl.sw.loc.LanguagePack: Reading... lang\en\behavior-main.lang
2015-11-16 11:19:51,868 DEBUG [main] stencyl.sw.loc.LanguagePack: Reading... lang\en\behavior-blocks.lang
2015-11-16 11:19:51,868 DEBUG [main] stencyl.sw.loc.LanguagePack: Reading... lang\en\behavior-blockhelp.lang
2015-11-16 11:19:51,883 DEBUG [main] stencyl.sw.loc.LanguagePack: Reading... lang\en\behavior-events.lang
2015-11-16 11:19:51,883 DEBUG [main] stencyl.sw.loc.LanguagePack: Reading... lang\en\behavior-code.lang
2015-11-16 11:19:51,883 DEBUG [main] stencyl.sw.loc.LanguagePack: Reading... lang\en\behavior-attributes.lang
2015-11-16 11:19:51,883 DEBUG [main] stencyl.sw.loc.LanguagePack: Reading... lang\en\behavior-create.lang
2015-11-16 11:19:51,883 DEBUG [main] stencyl.sw.loc.LanguagePack: Reading... lang\en\behavior-byob.lang
2015-11-16 11:19:51,883 DEBUG [main] stencyl.sw.loc.LanguagePack: Reading... lang\en\editor-actor-main.lang
2015-11-16 11:19:51,883 DEBUG [main] stencyl.sw.loc.LanguagePack: Reading... lang\en\editor-actor-physics.lang
2015-11-16 11:19:51,883 DEBUG [main] stencyl.sw.loc.LanguagePack: Reading... lang\en\editor-background.lang
2015-11-16 11:19:51,883 DEBUG [main] stencyl.sw.loc.LanguagePack: Reading... lang\en\editor-behaviorchooser.lang
2015-11-16 11:19:51,883 DEBUG [main] stencyl.sw.loc.LanguagePack: Reading... lang\en\editor-desktop.lang
2015-11-16 11:19:51,883 DEBUG [main] stencyl.sw.loc.LanguagePack: Reading... lang\en\editor-font.lang
2015-11-16 11:19:51,883 DEBUG [main] stencyl.sw.loc.LanguagePack: Reading... lang\en\editor-sound.lang
2015-11-16 11:19:51,883 DEBUG [main] stencyl.sw.loc.LanguagePack: Reading... lang\en\editor-tileset.lang
2015-11-16 11:19:51,883 DEBUG [main] stencyl.sw.loc.LanguagePack: Reading... lang\en\editor-preloader.lang
2015-11-16 11:19:51,883 DEBUG [main] stencyl.sw.loc.LanguagePack: Reading... lang\en\editor-mobile.lang
2015-11-16 11:19:51,883 DEBUG [main] stencyl.sw.loc.LanguagePack: Reading... lang\en\editor-groups.lang
2015-11-16 11:19:51,883 DEBUG [main] stencyl.sw.loc.LanguagePack: Reading... lang\en\editor-attributes.lang
2015-11-16 11:19:51,883 DEBUG [main] stencyl.sw.loc.LanguagePack: Reading... lang\en\editor-input.lang
2015-11-16 11:19:51,883 DEBUG [main] stencyl.sw.loc.LanguagePack: Reading... lang\en\editor-animation.lang
2015-11-16 11:19:51,883 DEBUG [main] stencyl.sw.loc.LanguagePack: Reading... lang\en\editor-scene-main.lang
2015-11-16 11:19:51,883 DEBUG [main] stencyl.sw.loc.LanguagePack: Reading... lang\en\editor-scene-create.lang
2015-11-16 11:19:51,883 DEBUG [main] stencyl.sw.loc.LanguagePack: Reading... lang\en\editor-scene-tools.lang
2015-11-16 11:19:51,883 INFO  [AWT-EventQueue-0] stencyl.sw.SW: Initializing Stencyl.
2015-11-16 11:19:51,883 DEBUG [AWT-EventQueue-0] stencyl.sw.Splash: Set Splash message: Look
2015-11-16 11:19:52,528 INFO  [AWT-EventQueue-0] stencyl.sw.ext.ExtensionDependencyManager: Haxelib actuate 1.6.5
2015-11-16 11:19:52,528 INFO  [AWT-EventQueue-0] stencyl.sw.ext.ExtensionDependencyManager: Haxelib box2d 1.11.0
2015-11-16 11:19:52,528 INFO  [AWT-EventQueue-0] stencyl.sw.ext.ExtensionDependencyManager: Haxelib box2d-fake 1.11.0
2015-11-16 11:19:52,528 INFO  [AWT-EventQueue-0] stencyl.sw.ext.ExtensionDependencyManager: Haxelib console 1.0.0
2015-11-16 11:19:52,528 INFO  [AWT-EventQueue-0] stencyl.sw.ext.ExtensionDependencyManager: Haxelib format 3.1.2
2015-11-16 11:19:52,528 INFO  [AWT-EventQueue-0] stencyl.sw.ext.ExtensionDependencyManager: Haxelib hxcpp 3.2.0
2015-11-16 11:19:52,528 INFO  [AWT-EventQueue-0] stencyl.sw.ext.ExtensionDependencyManager: Haxelib hxtelemetry 0.3.1
2015-11-16 11:19:52,528 INFO  [AWT-EventQueue-0] stencyl.sw.ext.ExtensionDependencyManager: Haxelib layout 1.1.0
2015-11-16 11:19:52,528 INFO  [AWT-EventQueue-0] stencyl.sw.ext.ExtensionDependencyManager: Haxelib lime 2.6.8
2015-11-16 11:19:52,528 INFO  [AWT-EventQueue-0] stencyl.sw.ext.ExtensionDependencyManager: Haxelib openfl 3.3.8
2015-11-16 11:19:52,528 INFO  [AWT-EventQueue-0] stencyl.sw.ext.ExtensionDependencyManager: Haxelib polygonal-ds 1.4.1
2015-11-16 11:19:52,528 INFO  [AWT-EventQueue-0] stencyl.sw.ext.ExtensionDependencyManager: Haxelib polygonal-printf 1.0.0.beta
2015-11-16 11:19:52,544 INFO  [AWT-EventQueue-0] stencyl.sw.ext.ExtensionDependencyManager: Haxelib stencyl 1.0.0
2015-11-16 11:19:52,544 INFO  [AWT-EventQueue-0] stencyl.sw.ext.ExtensionDependencyManager: Haxelib stencyl-cppia 1.0.0
2015-11-16 11:19:52,544 INFO  [AWT-EventQueue-0] stencyl.sw.ext.ExtensionDependencyManager: Haxelib svg 1.0.8
2015-11-16 11:19:52,544 INFO  [AWT-EventQueue-0] stencyl.sw.ext.ExtensionDependencyManager: Haxelib swf 1.7.4
2015-11-16 11:19:52,544 INFO  [AWT-EventQueue-0] stencyl.sw.ext.ExtensionDependencyManager: Haxelib tilelayer 0.2.1
2015-11-16 11:19:52,559 DEBUG [AWT-EventQueue-0] stencyl.sw.util.FileHelper: Matching (non-hidden) files within C:\Users\rmills0865\AppData\Roaming\Stencyl\stencylworks\extensions: []
2015-11-16 11:19:52,559 DEBUG [AWT-EventQueue-0] stencyl.sw.util.FileHelper: Matching (non-hidden) files within C:\Users\rmills0865\AppData\Roaming\Stencyl\stencylworks\extensions: []
2015-11-16 11:19:52,559 DEBUG [AWT-EventQueue-0] stencyl.sw.editors.game.advanced.EngineExtensionManager: Loading engine extensions...
2015-11-16 11:19:52,559 DEBUG [AWT-EventQueue-0] stencyl.sw.util.FileHelper: Directories within C:\Users\rmills0865\AppData\Roaming\Stencyl\stencylworks\engine-extensions: [C:\Users\rmills0865\AppData\Roaming\Stencyl\stencylworks\engine-extensions\ads, C:\Users\rmills0865\AppData\Roaming\Stencyl\stencylworks\engine-extensions\gamecenter, C:\Users\rmills0865\AppData\Roaming\Stencyl\stencylworks\engine-extensions\gestures, C:\Users\rmills0865\AppData\Roaming\Stencyl\stencylworks\engine-extensions\google, C:\Users\rmills0865\AppData\Roaming\Stencyl\stencylworks\engine-extensions\hypertouch, C:\Users\rmills0865\AppData\Roaming\Stencyl\stencylworks\engine-extensions\joystick, C:\Users\rmills0865\AppData\Roaming\Stencyl\stencylworks\engine-extensions\label, C:\Users\rmills0865\AppData\Roaming\Stencyl\stencylworks\engine-extensions\native, C:\Users\rmills0865\AppData\Roaming\Stencyl\stencylworks\engine-extensions\purchases, C:\Users\rmills0865\AppData\Roaming\Stencyl\stencylworks\engine-extensions\test, C:\Users\rmills0865\AppData\Roaming\Stencyl\stencylworks\engine-extensions\test-flash, C:\Users\rmills0865\AppData\Roaming\Stencyl\stencylworks\engine-extensions\test-native, C:\Users\rmills0865\AppData\Roaming\Stencyl\stencylworks\engine-extensions\tileapi]
2015-11-16 11:19:52,559 DEBUG [AWT-EventQueue-0] stencyl.sw.editors.game.advanced.EngineExtensionManager: ads is a core engine extension. Skip.
2015-11-16 11:19:52,559 DEBUG [AWT-EventQueue-0] stencyl.sw.editors.game.advanced.EngineExtensionManager: gamecenter is a core engine extension. Skip.
2015-11-16 11:19:52,559 DEBUG [AWT-EventQueue-0] stencyl.sw.editors.game.advanced.EngineExtensionManager: gestures is a core engine extension. Skip.
2015-11-16 11:19:52,559 DEBUG [AWT-EventQueue-0] stencyl.sw.editors.game.advanced.EngineExtensionManager: google is not a valid engine extension. Skip.
2015-11-16 11:19:52,559 DEBUG [AWT-EventQueue-0] stencyl.sw.editors.game.advanced.EngineExtensionManager: hypertouch is a core engine extension. Skip.
2015-11-16 11:19:52,559 DEBUG [AWT-EventQueue-0] stencyl.sw.editors.game.advanced.EngineExtensionManager: joystick is a core engine extension. Skip.
2015-11-16 11:19:52,559 DEBUG [AWT-EventQueue-0] stencyl.sw.editors.game.advanced.EngineExtensionManager: label is engine extension: Labels (1.0.0).
2015-11-16 11:19:52,559 DEBUG [AWT-EventQueue-0] stencyl.sw.editors.game.advanced.EngineExtensionManager: native is a core engine extension. Skip.
2015-11-16 11:19:52,559 DEBUG [AWT-EventQueue-0] stencyl.sw.editors.game.advanced.EngineExtensionManager: purchases is a core engine extension. Skip.
2015-11-16 11:19:52,559 DEBUG [AWT-EventQueue-0] stencyl.sw.editors.game.advanced.EngineExtensionManager: test is engine extension: Test Extension (1.0.0).
2015-11-16 11:19:52,559 DEBUG [AWT-EventQueue-0] stencyl.sw.editors.game.advanced.EngineExtensionManager: test-flash is engine extension: Test Extension (Flash SWF) (1.0.0).
2015-11-16 11:19:52,559 DEBUG [AWT-EventQueue-0] stencyl.sw.editors.game.advanced.EngineExtensionManager: test-native is engine extension: Test Extension (Native) (1.0.0).
2015-11-16 11:19:52,559 DEBUG [AWT-EventQueue-0] stencyl.sw.editors.game.advanced.EngineExtensionManager: tileapi is engine extension: Tile API (1.0.0).
2015-11-16 11:19:52,559 INFO  [AWT-EventQueue-0] stencyl.sw.editors.game.advanced.EngineExtensionManager: Engine Extensions: [Labels (1.0.0), Test Extension (1.0.0), Test Extension (Flash SWF) (1.0.0), Test Extension (Native) (1.0.0), Tile API (1.0.0)]
2015-11-16 11:19:52,559 WARN  [AWT-EventQueue-0] stencyl.sw.app.ExtensionManager: Couldn't load extension settings.
2015-11-16 11:19:52,575 INFO  [AWT-EventQueue-0] stencyl.sw.app.ExtensionManager: Toolset Extensions: []
2015-11-16 11:19:52,733 DEBUG [AWT-EventQueue-0] stencyl.sw.app.doc.Workspace: Activated: Welcome Center
2015-11-16 11:19:52,733 DEBUG [AWT-EventQueue-0] stencyl.sw.app.App: Silent Authentication.
2015-11-16 11:19:52,733 DEBUG [AWT-EventQueue-0] stencyl.sw.Splash: Dispose Splash
2015-11-16 11:19:52,842 DEBUG [pool-1-thread-1] stencyl.sw.app.tasks.AuthenticateTask: Response: guest
2015-11-16 11:19:52,842 INFO  [pool-1-thread-1] stencyl.sw.app.tasks.AuthenticateTask: Could not log in. Check your login credentials.
2015-11-16 11:20:16,035 DEBUG [AWT-EventQueue-0] stencyl.thirdparty.misc.comp.FileDrop: FileDrop: dragEnter event.
2015-11-16 11:20:16,097 DEBUG [AWT-EventQueue-0] stencyl.thirdparty.misc.comp.FileDrop: FileDrop: normal border saved.
2015-11-16 11:20:16,097 DEBUG [AWT-EventQueue-0] stencyl.thirdparty.misc.comp.FileDrop: FileDrop: drag border set.
2015-11-16 11:20:16,097 DEBUG [AWT-EventQueue-0] stencyl.thirdparty.misc.comp.FileDrop: FileDrop: event accepted.
2015-11-16 11:20:16,128 DEBUG [AWT-EventQueue-0] stencyl.thirdparty.misc.comp.FileDrop: FileDrop: dragExit event.
2015-11-16 11:20:16,144 DEBUG [AWT-EventQueue-0] stencyl.thirdparty.misc.comp.FileDrop: FileDrop: normal border restored.
2015-11-16 11:20:16,144 DEBUG [AWT-EventQueue-0] stencyl.thirdparty.misc.comp.FileDrop: FileDrop: dragEnter event.
2015-11-16 11:20:16,144 DEBUG [AWT-EventQueue-0] stencyl.thirdparty.misc.comp.FileDrop: FileDrop: normal border saved.
2015-11-16 11:20:16,144 DEBUG [AWT-EventQueue-0] stencyl.thirdparty.misc.comp.FileDrop: FileDrop: drag border set.
2015-11-16 11:20:16,144 DEBUG [AWT-EventQueue-0] stencyl.thirdparty.misc.comp.FileDrop: FileDrop: event accepted.
2015-11-16 11:20:16,596 DEBUG [AWT-EventQueue-0] stencyl.thirdparty.misc.comp.FileDrop: FileDrop: drop event.
2015-11-16 11:20:16,596 DEBUG [AWT-EventQueue-0] stencyl.thirdparty.misc.comp.FileDrop: FileDrop: file list accepted.
2015-11-16 11:20:16,596 DEBUG [AWT-EventQueue-0] stencyl.sw.SW: Importing zipped game/kit.
2015-11-16 11:20:16,596 DEBUG [AWT-EventQueue-0] stencyl.thirdparty.misc.comp.FileDrop: FileDrop: drop complete.
2015-11-16 11:20:16,596 DEBUG [AWT-EventQueue-0] stencyl.thirdparty.misc.comp.FileDrop: FileDrop: normal border restored.
2015-11-16 11:20:17,095 DEBUG [pool-1-thread-1] stencyl.sw.util.FileHelper: Deleting: C:\Users\rmills0865\AppData\Local\Temp\stencyl6687795296859468621project6.zip
2015-11-16 11:20:17,095 ERROR [pool-1-thread-1] stencyl.sw.util.FileHelper: Failed to delete file or directory: C:\Users\rmills0865\AppData\Local\Temp\stencyl6687795296859468621project6.zip
2015-11-16 11:20:17,189 DEBUG [AWT-EventQueue-0] stencyl.sw.app.tasks.ImportGameTask: Took 593ms
2015-11-16 11:20:21,963 DEBUG [AWT-EventQueue-0] stencyl.sw.util.FileHelper: Deleting: C:\Users\rmills0865\AppData\Roaming\Stencyl\stencylworks\games\The Mlg Experience
2015-11-16 11:20:24,178 DEBUG [AWT-EventQueue-0] stencyl.sw.util.FileHelper: Deleting: C:\Users\rmills0865\AppData\Local\Temp\stencyl6687795296859468621\sandbox\test\temp
2015-11-16 11:20:24,178 DEBUG [AWT-EventQueue-0] stencyl.sw.util.FileHelper: Deleting: C:\Users\rmills0865\AppData\Roaming\Stencyl\stencylworks\preview\scripts
2015-11-16 11:20:24,178 DEBUG [AWT-EventQueue-0] stencyl.sw.util.FileHelper: Deleting: C:\Users\rmills0865\AppData\Roaming\Stencyl\stencylworks\preview\game
2015-11-16 11:20:24,178 INFO  [AWT-EventQueue-0] stencyl.sw.app.tasks.OpenGameTask: Opening game: project6
2015-11-16 11:20:24,209 DEBUG [pool-1-thread-1] stencyl.core.lib.Game: Loading scene-specific snippet. SceneID: 0
2015-11-16 11:20:24,209 DEBUG [pool-1-thread-1] stencyl.core.lib.ResourceList: Initializing... 1 : Ball
2015-11-16 11:20:24,225 DEBUG [pool-1-thread-1] stencyl.core.lib.ResourceList: Initializing... 52 : Bullet
2015-11-16 11:20:24,225 DEBUG [pool-1-thread-1] stencyl.core.lib.ResourceList: Initializing... 50 : Enemy
2015-11-16 11:20:24,225 DEBUG [pool-1-thread-1] stencyl.core.lib.ResourceList: Initializing... 53 : Enemy Bullet
2015-11-16 11:20:24,225 DEBUG [pool-1-thread-1] stencyl.core.lib.ResourceList: Initializing... 0 : Hero
2015-11-16 11:20:24,225 DEBUG [pool-1-thread-1] stencyl.core.lib.ResourceList: Initializing... 51 : Pronger
2015-11-16 11:20:24,225 DEBUG [pool-1-thread-1] stencyl.core.lib.ResourceList: Initializing... 47 : Sound Effect
2015-11-16 11:20:24,225 DEBUG [pool-1-thread-1] stencyl.core.lib.ResourceList: Initializing... 31 : Tiles
2015-11-16 11:20:24,240 DEBUG [pool-1-thread-1] stencyl.core.engine.sound.ISoundClip: Loading Sound 47
2015-11-16 11:20:24,287 DEBUG [AWT-EventQueue-0] stencyl.core.lib.io.read.SceneReader: Reading header for Scene: 0 (Level 1) from: scenes\0.xml
2015-11-16 11:20:24,303 DEBUG [AWT-EventQueue-0] stencyl.core.lib.io.read.SceneReader: Reading header for Scene: 0 (Level 1) from: scenes\0.xml
2015-11-16 11:20:24,365 DEBUG [AWT-EventQueue-0] stencyl.sw.app.doc.Workspace: Activated: Dashboard
2015-11-16 11:20:24,365 DEBUG [AWT-EventQueue-0] stencyl.sw.util.FileHelper: Trying to delete file that does not exist: C:\Users\rmills0865\AppData\Local\Temp\stencyl6687795296859468621\sandbox\build\code
2015-11-16 11:20:24,381 DEBUG [AWT-EventQueue-0] stencyl.sw.util.FileHelper: Deleting: C:\Users\rmills0865\AppData\Local\Temp\stencyl6687795296859468621\sandbox\test\temp
2015-11-16 11:20:24,381 DEBUG [AWT-EventQueue-0] stencyl.core.lib.io.read.SceneReader: Reading header for Scene: 0 (Level 1) from: scenes\0.xml
2015-11-16 11:20:24,412 DEBUG [AWT-EventQueue-0] stencyl.sw.app.tasks.OpenGameTask: Took 234ms
2015-11-16 11:20:24,505 DEBUG [AWT-EventQueue-0] stencyl.sw.editors.game.cgroups.CollisionGroupTree: Loading actor group into tree: Actors
2015-11-16 11:20:24,505 DEBUG [AWT-EventQueue-0] stencyl.sw.editors.game.cgroups.CollisionGroupTree: Loading actor group into tree: Doodads
2015-11-16 11:20:24,521 DEBUG [AWT-EventQueue-0] stencyl.sw.editors.game.cgroups.CollisionGroupTree: Loading actor group into tree: Players
2015-11-16 11:20:24,521 DEBUG [AWT-EventQueue-0] stencyl.sw.editors.game.cgroups.CollisionGroupTree: Loading actor group into tree: Regions
2015-11-16 11:20:24,521 DEBUG [AWT-EventQueue-0] stencyl.sw.editors.game.cgroups.CollisionGroupTree: Loading actor group into tree: Tiles
2015-11-16 11:20:25,145 DEBUG [AWT-EventQueue-0] stencyl.core.lib.Atlas: Getting memory for atlas 0
2015-11-16 11:20:25,145 DEBUG [AWT-EventQueue-0] stencyl.core.lib.Atlas: Added resource 'Hero' to atlas 0
2015-11-16 11:20:25,145 DEBUG [AWT-EventQueue-0] stencyl.core.lib.Atlas: Added resource 'Enemy' to atlas 0
2015-11-16 11:20:25,145 DEBUG [AWT-EventQueue-0] stencyl.core.lib.Atlas: Added resource 'Bullet' to atlas 0
2015-11-16 11:20:25,145 DEBUG [AWT-EventQueue-0] stencyl.core.lib.Atlas: Added resource 'Sound Effect' to atlas 0
2015-11-16 11:20:25,145 DEBUG [AWT-EventQueue-0] stencyl.core.lib.Atlas: Added resource 'Tiles' to atlas 0
2015-11-16 11:20:25,176 DEBUG [AWT-EventQueue-0] stencyl.core.lib.io.read.SceneReader: Reading header for Scene: 0 (Level 1) from: scenes\0.xml
2015-11-16 11:20:30,177 INFO  [pool-1-thread-1] stencyl.sw.io.write.MasterWriter: Saving game in place.
2015-11-16 11:20:30,192 DEBUG [pool-1-thread-1] stencyl.sw.util.FileHelper: Saving backup file C:\Users\rmills0865\AppData\Roaming\Stencyl\stencylworks\games\project6\game.xml.bak.
2015-11-16 11:20:31,612 DEBUG [pool-1-thread-1] stencyl.sw.io.write.MasterWriter: Writing out local resources.
2015-11-16 11:20:31,612 DEBUG [pool-1-thread-1] stencyl.sw.util.FileHelper: Saving backup file C:\Users\rmills0865\AppData\Roaming\Stencyl\stencylworks\games\project6\resources\data.xml.bak.
2015-11-16 11:20:31,612 DEBUG [pool-1-thread-1] stencyl.sw.io.write.resource.SpriteWriter: Mark actor's sprite as clean (disk).
2015-11-16 11:20:31,612 DEBUG [pool-1-thread-1] stencyl.sw.io.write.resource.SpriteWriter: Mark actor's sprite as clean (disk).
2015-11-16 11:20:31,627 DEBUG [pool-1-thread-1] stencyl.sw.io.write.resource.SpriteWriter: Mark actor's sprite as clean (disk).
2015-11-16 11:20:31,627 DEBUG [pool-1-thread-1] stencyl.sw.io.write.resource.TilesetWriter: Mark tileset as clean (disk).
2015-11-16 11:20:31,627 DEBUG [pool-1-thread-1] stencyl.sw.io.write.MasterWriter: Writing out scenes.
2015-11-16 11:20:31,627 DEBUG [pool-1-thread-1] stencyl.sw.io.write.MasterWriter: Copying over snippets.
2015-11-16 11:20:31,627 DEBUG [pool-1-thread-1] stencyl.sw.util.FileHelper: Saving backup file C:\Users\rmills0865\AppData\Roaming\Stencyl\stencylworks\games\project6\snippets\list.xml.bak.
2015-11-16 11:20:31,674 DEBUG [pool-1-thread-1] stencyl.sw.io.write.MasterWriter: Saving block favorites.
2015-11-16 11:20:31,674 INFO  [pool-1-thread-1] stencyl.sw.io.write.MasterWriter: Done writing game.
2015-11-16 11:20:31,721 DEBUG [pool-1-thread-1] stencyl.core.lib.io.read.SceneReader: Reading header for Scene: 0 (Level 1) from: scenes\0.xml
2015-11-16 11:20:31,737 DEBUG [pool-1-thread-1] stencyl.sw.io.write.resource.SceneWriter: Writing terrain.
2015-11-16 11:20:31,737 DEBUG [pool-1-thread-1] stencyl.thirdparty.org.phys2d.Combiner: Num Tiles: 50
2015-11-16 11:20:31,737 DEBUG [pool-1-thread-1] stencyl.thirdparty.org.phys2d.Combiner: Coverage: 28.40909%
2015-11-16 11:20:31,737 DEBUG [pool-1-thread-1] stencyl.thirdparty.org.phys2d.Combiner: Segments: (3,3)
2015-11-16 11:20:31,737 DEBUG [pool-1-thread-1] stencyl.thirdparty.org.phys2d.Combiner: Using Quad Space
2015-11-16 11:20:31,752 DEBUG [pool-1-thread-1] stencyl.thirdparty.org.phys2d.Combiner: Combine took: 15ms
2015-11-16 11:20:31,752 DEBUG [pool-1-thread-1] stencyl.sw.io.write.resource.SceneWriter: Terrain processing took: 0ms
2015-11-16 11:20:31,768 DEBUG [AWT-EventQueue-0] stencyl.sw.util.dg.MessageDialog: Success - Your game has been successfully upgraded.
2015-11-16 11:21:01,275 DEBUG [AWT-EventQueue-0] stencyl.sw.app.doc.Workspace: Loading Closed Resource: Level 1
2015-11-16 11:21:01,275 DEBUG [pool-1-thread-1] stencyl.core.lib.io.read.SceneReader: Reading header for Scene: 0 (Level 1) from: scenes\0.xml
2015-11-16 11:21:01,384 DEBUG [pool-1-thread-1] stencyl.sw.editors.scene.Designer: Brush Changed
2015-11-16 11:21:01,618 DEBUG [pool-1-thread-1] stencyl.sw.editors.snippet.designer.block.BlockSceneObjectChooser: Fetching element 1 from scene 0
2015-11-16 11:21:01,618 DEBUG [pool-1-thread-1] stencyl.core.lib.io.read.SceneReader: Reading header for Scene: 0 (Level 1) from: scenes\0.xml
2015-11-16 11:21:01,618 DEBUG [pool-1-thread-1] stencyl.sw.editors.snippet.designer.EditArea: Verifying Top Level... init
2015-11-16 11:21:01,618 DEBUG [pool-1-thread-1] stencyl.sw.editors.snippet.designer.block.BlockField: Result for: init - false
2015-11-16 11:21:01,883 DEBUG [pool-1-thread-1] stencyl.sw.editors.snippet.designer.palette.Palette: Palette asked to refresh: Position
2015-11-16 11:21:01,961 DEBUG [pool-1-thread-1] stencyl.sw.editors.snippet.designer.palette.Palette: Palette asked to refresh: Conditions
2015-11-16 11:21:02,164 DEBUG [pool-1-thread-1] stencyl.sw.editors.snippet.designer.palette.Palette: Palette asked to refresh: Actors
2015-11-16 11:21:02,226 DEBUG [pool-1-thread-1] stencyl.sw.editors.snippet.designer.palette.Palette: Palette asked to refresh: Keyboard & Mouse
2015-11-16 11:21:02,273 DEBUG [pool-1-thread-1] stencyl.sw.editors.snippet.designer.palette.Palette: Palette asked to refresh: Math
2015-11-16 11:21:02,336 DEBUG [pool-1-thread-1] stencyl.sw.editors.snippet.designer.palette.Palette: Palette asked to refresh: Getters
2015-11-16 11:21:02,476 DEBUG [pool-1-thread-1] stencyl.sw.editors.snippet.designer.palette.Palette: Palette asked to refresh: Sound
2015-11-16 11:21:02,507 DEBUG [pool-1-thread-1] stencyl.sw.editors.snippet.designer.palette.Palette: Palette asked to refresh: Triggers
2015-11-16 11:21:02,554 DEBUG [pool-1-thread-1] stencyl.sw.editors.snippet.designer.palette.Palette: Palette asked to refresh: Web
2015-11-16 11:21:02,601 DEBUG [pool-1-thread-1] stencyl.sw.editors.snippet.designer.palette.Palette: Palette asked to refresh: Drawing
2015-11-16 11:21:02,632 DEBUG [pool-1-thread-1] stencyl.sw.editors.snippet.designer.palette.Palette: Palette asked to refresh: Basic
2015-11-16 11:21:02,632 DEBUG [pool-1-thread-1] stencyl.sw.editors.snippet.designer.palette.Palette: Palette asked to refresh: Custom
2015-11-16 11:21:02,632 DEBUG [pool-1-thread-1] stencyl.sw.editors.snippet.designer.palette.Palette: Palette asked to refresh: Extensions
2015-11-16 11:21:02,632 DEBUG [pool-1-thread-1] stencyl.sw.editors.snippet.designer.palette.Palette: Palette asked to refresh: Position
2015-11-16 11:21:02,788 DEBUG [pool-1-thread-1] stencyl.sw.editors.snippet.designer.EditArea: ContextSet for current event: [[h]engine:com.stencyl.Engine, [e]14-1, [c]com.stencyl.behavior.Script, [s]com.stencyl.behavior.Script, [b]14]
2015-11-16 11:21:02,788 DEBUG [pool-1-thread-1] stencyl.sw.editors.snippet.designer.palette.Palette: Palette asked to refresh: Position
2015-11-16 11:21:02,788 DEBUG [pool-1-thread-1] stencyl.sw.editors.snippet.designer.palette.Palette: Refreshing with context [[h]engine:com.stencyl.Engine, [e]14-1, [c]com.stencyl.behavior.Script, [s]com.stencyl.behavior.Script, [b]14]
2015-11-16 11:21:02,850 DEBUG [pool-1-thread-1] stencyl.sw.editors.snippet.designer.block.BlockSceneObjectChooser: Fetching element 1 from scene 0
2015-11-16 11:21:02,850 DEBUG [pool-1-thread-1] stencyl.core.lib.io.read.SceneReader: Reading header for Scene: 0 (Level 1) from: scenes\0.xml
2015-11-16 11:21:02,897 DEBUG [AWT-EventQueue-0] stencyl.sw.app.doc.Workspace: Activated: Level 1
2015-11-16 11:21:02,897 DEBUG [pool-1-thread-1] stencyl.sw.app.tasks.OpenResourceTask: Open Took 1622ms
2015-11-16 11:21:02,960 DEBUG [AWT-EventQueue-0] stencyl.sw.app.tasks.OpenResourceTask: Total Took 1685ms
2015-11-16 11:21:04,395 DEBUG [AWT-EventQueue-0] stencyl.sw.app.doc.Workspace: Activated: Dashboard
2015-11-16 11:21:06,189 DEBUG [AWT-EventQueue-0] stencyl.sw.app.doc.Workspace: Loading Closed Resource: Enemy
2015-11-16 11:21:06,298 DEBUG [pool-1-thread-1] stencyl.sw.editors.actor.collision.PreviewPanel: Selected: 1 [X,Y: 0, 0 ]
2015-11-16 11:21:06,314 DEBUG [pool-1-thread-1] stencyl.sw.editors.actor.collision.PreviewPanel: Selected: 1 [X,Y: 0, 0 ]
2015-11-16 11:21:06,457 DEBUG [pool-1-thread-1] stencyl.sw.editors.snippet.designer.palette.Palette: Palette asked to refresh: Position
2015-11-16 11:21:06,537 DEBUG [pool-1-thread-1] stencyl.sw.editors.snippet.designer.palette.Palette: Palette asked to refresh: Conditions
2015-11-16 11:21:06,693 DEBUG [pool-1-thread-1] stencyl.sw.editors.snippet.designer.palette.Palette: Palette asked to refresh: Actors
2015-11-16 11:21:06,740 DEBUG [pool-1-thread-1] stencyl.sw.editors.snippet.designer.palette.Palette: Palette asked to refresh: Keyboard & Mouse
2015-11-16 11:21:06,787 DEBUG [pool-1-thread-1] stencyl.sw.editors.snippet.designer.palette.Palette: Palette asked to refresh: Math
2015-11-16 11:21:06,818 DEBUG [pool-1-thread-1] stencyl.sw.editors.snippet.designer.palette.Palette: Palette asked to refresh: Getters
2015-11-16 11:21:06,896 DEBUG [pool-1-thread-1] stencyl.sw.editors.snippet.designer.palette.Palette: Palette asked to refresh: Sound
2015-11-16 11:21:06,927 DEBUG [pool-1-thread-1] stencyl.sw.editors.snippet.designer.palette.Palette: Palette asked to refresh: Triggers
2015-11-16 11:21:06,958 DEBUG [pool-1-thread-1] stencyl.sw.editors.snippet.designer.palette.Palette: Palette asked to refresh: Web
2015-11-16 11:21:07,036 DEBUG [pool-1-thread-1] stencyl.sw.editors.snippet.designer.palette.Palette: Palette asked to refresh: Drawing
2015-11-16 11:21:07,052 DEBUG [pool-1-thread-1] stencyl.sw.editors.snippet.designer.palette.Palette: Palette asked to refresh: Basic
2015-11-16 11:21:07,067 DEBUG [pool-1-thread-1] stencyl.sw.editors.snippet.designer.palette.Palette: Palette asked to refresh: Custom
2015-11-16 11:21:07,067 DEBUG [pool-1-thread-1] stencyl.sw.editors.snippet.designer.palette.Palette: Palette asked to refresh: Extensions
2015-11-16 11:21:07,067 DEBUG [pool-1-thread-1] stencyl.sw.editors.snippet.designer.palette.Palette: Palette asked to refresh: Position
2015-11-16 11:21:07,067 DEBUG [pool-1-thread-1] stencyl.sw.editors.snippet.designer.EditArea: ContextSet for current event: []
2015-11-16 11:21:07,067 DEBUG [pool-1-thread-1] stencyl.sw.editors.snippet.designer.palette.Palette: Palette asked to refresh: Position
2015-11-16 11:21:07,130 DEBUG [AWT-EventQueue-0] stencyl.sw.app.doc.Workspace: Activated: Enemy
2015-11-16 11:21:07,145 DEBUG [pool-1-thread-1] stencyl.sw.app.tasks.OpenResourceTask: Open Took 956ms
2015-11-16 11:21:07,192 DEBUG [AWT-EventQueue-0] stencyl.sw.app.tasks.OpenResourceTask: Total Took 1003ms
2015-11-16 11:21:08,674 DEBUG [AWT-EventQueue-0] stencyl.sw.app.doc.Workspace: Activated: Dashboard
2015-11-16 11:21:09,985 DEBUG [AWT-EventQueue-0] stencyl.sw.app.doc.Workspace: Loading Closed Resource: Hero
2015-11-16 11:21:10,016 DEBUG [AWT-EventQueue-0] stencyl.sw.editors.behavior.SnippetSheet: Field Count: 1
2015-11-16 11:21:10,016 DEBUG [AWT-EventQueue-0] stencyl.sw.editors.behavior.SnippetSheet: Field Count: 1
2015-11-16 11:21:10,047 DEBUG [pool-1-thread-1] stencyl.sw.editors.actor.collision.PreviewPanel: Selected: 1 [X,Y: 4, 4 ]
2015-11-16 11:21:10,063 DEBUG [pool-1-thread-1] stencyl.sw.editors.actor.collision.PreviewPanel: Selected: 1 [X,Y: 4, 4 ]
2015-11-16 11:21:10,063 DEBUG [pool-1-thread-1] stencyl.sw.editors.actor.collision.PreviewPanel: Selected: 1 [X,Y: 4, 4 ]
2015-11-16 11:21:10,078 DEBUG [pool-1-thread-1] stencyl.sw.editors.actor.collision.PreviewPanel: Selected: 1 [X,Y: 4, 4 ]
2015-11-16 11:21:10,265 DEBUG [pool-1-thread-1] stencyl.sw.editors.snippet.designer.palette.Palette: Palette asked to refresh: Position
2015-11-16 11:21:10,297 DEBUG [pool-1-thread-1] stencyl.sw.editors.snippet.designer.palette.Palette: Palette asked to refresh: Conditions
2015-11-16 11:21:10,453 DEBUG [pool-1-thread-1] stencyl.sw.editors.snippet.designer.palette.Palette: Palette asked to refresh: Actors
2015-11-16 11:21:10,499 DEBUG [pool-1-thread-1] stencyl.sw.editors.snippet.designer.palette.Palette: Palette asked to refresh: Keyboard & Mouse
2015-11-16 11:21:10,546 DEBUG [pool-1-thread-1] stencyl.sw.editors.snippet.designer.palette.Palette: Palette asked to refresh: Math
2015-11-16 11:21:10,562 DEBUG [pool-1-thread-1] stencyl.sw.editors.snippet.designer.palette.Palette: Palette asked to refresh: Getters
2015-11-16 11:21:10,655 DEBUG [pool-1-thread-1] stencyl.sw.editors.snippet.designer.palette.Palette: Palette asked to refresh: Sound
2015-11-16 11:21:10,718 DEBUG [pool-1-thread-1] stencyl.sw.editors.snippet.designer.palette.Palette: Palette asked to refresh: Triggers
2015-11-16 11:21:10,749 DEBUG [pool-1-thread-1] stencyl.sw.editors.snippet.designer.palette.Palette: Palette asked to refresh: Web
2015-11-16 11:21:10,780 DEBUG [pool-1-thread-1] stencyl.sw.editors.snippet.designer.palette.Palette: Palette asked to refresh: Drawing
2015-11-16 11:21:10,796 DEBUG [pool-1-thread-1] stencyl.sw.editors.snippet.designer.palette.Palette: Palette asked to refresh: Basic
2015-11-16 11:21:10,811 DEBUG [pool-1-thread-1] stencyl.sw.editors.snippet.designer.palette.Palette: Palette asked to refresh: Custom
2015-11-16 11:21:10,811 DEBUG [pool-1-thread-1] stencyl.sw.editors.snippet.designer.palette.Palette: Palette asked to refresh: Extensions
2015-11-16 11:21:10,811 DEBUG [pool-1-thread-1] stencyl.sw.editors.snippet.designer.palette.Palette: Palette asked to refresh: Position
2015-11-16 11:21:10,827 DEBUG [pool-1-thread-1] stencyl.sw.editors.snippet.designer.EditArea: ContextSet for current event: []
2015-11-16 11:21:10,827 DEBUG [pool-1-thread-1] stencyl.sw.editors.snippet.designer.palette.Palette: Palette asked to refresh: Position
2015-11-16 11:21:10,858 DEBUG [AWT-EventQueue-0] stencyl.sw.app.doc.Workspace: Activated: Hero
2015-11-16 11:21:10,858 DEBUG [pool-1-thread-1] stencyl.sw.app.tasks.OpenResourceTask: Open Took 873ms
2015-11-16 11:21:10,905 DEBUG [AWT-EventQueue-0] stencyl.sw.app.tasks.OpenResourceTask: Total Took 920ms
2015-11-16 11:21:24,721 DEBUG [AWT-EventQueue-0] stencyl.sw.app.App: Action: Scene
2015-11-16 11:21:36,873 DEBUG [AWT-EventQueue-0] stencyl.sw.editors.snippet.SnippetPropertyPanel: Classname to Generate: Design_20_20_S
2015-11-16 11:21:37,107 DEBUG [AWT-EventQueue-0] stencyl.sw.editors.snippet.SnippetPropertyPanel: Classname to Generate: Design_20_20_Sh
2015-11-16 11:21:37,217 DEBUG [AWT-EventQueue-0] stencyl.sw.editors.snippet.SnippetPropertyPanel: Classname to Generate: Design_20_20_Sho
2015-11-16 11:21:37,404 DEBUG [AWT-EventQueue-0] stencyl.sw.editors.snippet.SnippetPropertyPanel: Classname to Generate: Design_20_20_Shoo
2015-11-16 11:21:37,622 DEBUG [AWT-EventQueue-0] stencyl.sw.editors.snippet.SnippetPropertyPanel: Classname to Generate: Design_20_20_Shoot
2015-11-16 11:21:37,731 DEBUG [AWT-EventQueue-0] stencyl.sw.editors.snippet.SnippetPropertyPanel: Classname to Generate: Design_20_20_Shooti
2015-11-16 11:21:37,934 DEBUG [AWT-EventQueue-0] stencyl.sw.editors.snippet.SnippetPropertyPanel: Classname to Generate: Design_20_20_Shootin
2015-11-16 11:21:38,121 DEBUG [AWT-EventQueue-0] stencyl.sw.editors.snippet.SnippetPropertyPanel: Classname to Generate: Design_20_20_Shooting
2015-11-16 11:21:38,402 DEBUG [AWT-EventQueue-0] stencyl.sw.editors.snippet.SnippetPropertyPanel: Classname to Generate: Design_20_20_Shooting
2015-11-16 11:21:40,305 DEBUG [AWT-EventQueue-0] stencyl.sw.editors.snippet.SnippetPropertyPanel: Classname to Generate: Design_20_20_Shooting
2015-11-16 11:21:42,037 DEBUG [AWT-EventQueue-0] stencyl.sw.util.NotifierHashMap: HashMapEvent [type=VALUE_ADDED, value=Shooting]
2015-11-16 11:21:42,099 DEBUG [AWT-EventQueue-0] stencyl.sw.editors.scene.Designer: Brush Changed
2015-11-16 11:21:42,154 DEBUG [AWT-EventQueue-0] stencyl.sw.editors.scene.Designer: Brush Changed
2015-11-16 11:21:42,170 DEBUG [AWT-EventQueue-0] stencyl.sw.editors.scene.Designer: Brush Changed
2015-11-16 11:21:42,170 DEBUG [AWT-EventQueue-0] stencyl.sw.editors.scene.Designer: Brush Changed
2015-11-16 11:21:42,170 DEBUG [AWT-EventQueue-0] stencyl.sw.editors.scene.Designer: Brush Changed
2015-11-16 11:21:42,170 DEBUG [AWT-EventQueue-0] stencyl.sw.app.doc.Workspace: Loading Closed Resource: Shooting
2015-11-16 11:21:42,404 DEBUG [pool-1-thread-1] stencyl.sw.editors.snippet.designer.palette.Palette: Palette asked to refresh: Position
2015-11-16 11:21:42,435 DEBUG [pool-1-thread-1] stencyl.sw.editors.snippet.designer.palette.Palette: Palette asked to refresh: Conditions
2015-11-16 11:21:42,591 DEBUG [pool-1-thread-1] stencyl.sw.editors.snippet.designer.palette.Palette: Palette asked to refresh: Actors
2015-11-16 11:21:42,638 DEBUG [pool-1-thread-1] stencyl.sw.editors.snippet.designer.palette.Palette: Palette asked to refresh: Keyboard & Mouse
2015-11-16 11:21:42,669 DEBUG [pool-1-thread-1] stencyl.sw.editors.snippet.designer.palette.Palette: Palette asked to refresh: Math
2015-11-16 11:21:42,700 DEBUG [pool-1-thread-1] stencyl.sw.editors.snippet.designer.palette.Palette: Palette asked to refresh: Getters
2015-11-16 11:21:42,778 DEBUG [pool-1-thread-1] stencyl.sw.editors.snippet.designer.palette.Palette: Palette asked to refresh: Sound
2015-11-16 11:21:42,840 DEBUG [pool-1-thread-1] stencyl.sw.editors.snippet.designer.palette.Palette: Palette asked to refresh: Triggers
2015-11-16 11:21:42,872 DEBUG [pool-1-thread-1] stencyl.sw.editors.snippet.designer.palette.Palette: Palette asked to refresh: Web
2015-11-16 11:21:42,903 DEBUG [pool-1-thread-1] stencyl.sw.editors.snippet.designer.palette.Palette: Palette asked to refresh: Drawing
2015-11-16 11:21:42,918 DEBUG [pool-1-thread-1] stencyl.sw.editors.snippet.designer.palette.Palette: Palette asked to refresh: Basic
2015-11-16 11:21:42,934 DEBUG [pool-1-thread-1] stencyl.sw.editors.snippet.designer.palette.Palette: Palette asked to refresh: Custom
2015-11-16 11:21:42,934 DEBUG [pool-1-thread-1] stencyl.sw.editors.snippet.designer.palette.Palette: Palette asked to refresh: Extensions
2015-11-16 11:21:42,934 DEBUG [pool-1-thread-1] stencyl.sw.editors.snippet.designer.palette.Palette: Palette asked to refresh: Position
2015-11-16 11:21:42,950 DEBUG [pool-1-thread-1] stencyl.sw.editors.snippet.designer.EditArea: ContextSet for current event: []
2015-11-16 11:21:42,950 DEBUG [pool-1-thread-1] stencyl.sw.editors.snippet.designer.palette.Palette: Palette asked to refresh: Position
2015-11-16 11:21:43,043 DEBUG [AWT-EventQueue-0] stencyl.sw.app.doc.Workspace: Activated: Shooting
2015-11-16 11:21:43,106 DEBUG [pool-1-thread-1] stencyl.core.lib.io.read.SceneReader: Reading header for Scene: 0 (Level 1) from: scenes\0.xml
2015-11-16 11:21:43,106 DEBUG [pool-1-thread-1] stencyl.sw.app.tasks.OpenResourceTask: Open Took 921ms
2015-11-16 11:21:43,168 DEBUG [AWT-EventQueue-0] stencyl.sw.app.tasks.OpenResourceTask: Total Took 983ms
2015-11-16 11:22:08,345 INFO  [AWT-EventQueue-0] stencyl.sw.app.App: Attempting to quit out of Stencyl.
2015-11-16 11:22:10,014 INFO  [pool-1-thread-1] stencyl.sw.io.write.MasterWriter: Saving game in place.
2015-11-16 11:22:10,030 DEBUG [pool-1-thread-1] stencyl.sw.util.FileHelper: Saving backup file C:\Users\rmills0865\AppData\Roaming\Stencyl\stencylworks\games\project6\game.xml.bak.
2015-11-16 11:22:11,668 DEBUG [pool-1-thread-1] stencyl.sw.io.write.MasterWriter: Writing out local resources.
2015-11-16 11:22:11,668 DEBUG [pool-1-thread-1] stencyl.sw.util.FileHelper: Saving backup file C:\Users\rmills0865\AppData\Roaming\Stencyl\stencylworks\games\project6\resources\data.xml.bak.
2015-11-16 11:22:11,668 DEBUG [pool-1-thread-1] stencyl.sw.io.write.resource.SpriteWriter: Mark actor's sprite as clean (disk).
2015-11-16 11:22:11,683 DEBUG [pool-1-thread-1] stencyl.core.lib.io.read.SceneReader: Reading header for Scene: 0 (Level 1) from: scenes\0.xml
2015-11-16 11:22:11,683 DEBUG [pool-1-thread-1] stencyl.sw.io.write.resource.SpriteWriter: Mark actor's sprite as clean (disk).
2015-11-16 11:22:11,683 DEBUG [pool-1-thread-1] stencyl.sw.editors.behavior.SnippetSheet: Saving Snippet: 4WayMovement
2015-11-16 11:22:11,683 DEBUG [pool-1-thread-1] stencyl.sw.editors.behavior.SnippetSheet: Instance Value: thisactor
2015-11-16 11:22:11,683 DEBUG [pool-1-thread-1] stencyl.sw.editors.behavior.SnippetSheet: Instance Value: 15
2015-11-16 11:22:11,683 DEBUG [pool-1-thread-1] stencyl.core.lib.io.read.SceneReader: Reading header for Scene: 0 (Level 1) from: scenes\0.xml
2015-11-16 11:22:11,699 DEBUG [pool-1-thread-1] stencyl.sw.io.write.resource.SpriteWriter: Mark actor's sprite as clean (disk).
2015-11-16 11:22:11,699 DEBUG [pool-1-thread-1] stencyl.sw.io.write.resource.TilesetWriter: Mark tileset as clean (disk).
2015-11-16 11:22:11,699 DEBUG [pool-1-thread-1] stencyl.sw.io.write.MasterWriter: Writing out scenes.
2015-11-16 11:22:11,699 DEBUG [pool-1-thread-1] stencyl.sw.editors.snippet.designer.block.Block: Write out element ID: 1
2015-11-16 11:22:11,699 DEBUG [pool-1-thread-1] stencyl.sw.editors.snippet.designer.block.BlockSceneObjectChooser: Fetching element 1 from scene 0
2015-11-16 11:22:11,715 DEBUG [pool-1-thread-1] stencyl.sw.editors.scene.SceneRenderer: Saving thumbnail: C:\Users\rmills0865\AppData\Roaming\Stencyl\stencylworks\games\project6\scenes\0.png
2015-11-16 11:22:11,715 DEBUG [pool-1-thread-1] stencyl.sw.io.write.resource.SceneWriter: Writing terrain.
2015-11-16 11:22:11,715 DEBUG [pool-1-thread-1] stencyl.thirdparty.org.phys2d.Combiner: Num Tiles: 50
2015-11-16 11:22:11,715 DEBUG [pool-1-thread-1] stencyl.thirdparty.org.phys2d.Combiner: Coverage: 28.40909%
2015-11-16 11:22:11,715 DEBUG [pool-1-thread-1] stencyl.thirdparty.org.phys2d.Combiner: Segments: (3,3)
2015-11-16 11:22:11,715 DEBUG [pool-1-thread-1] stencyl.thirdparty.org.phys2d.Combiner: Using Quad Space
2015-11-16 11:22:11,715 DEBUG [pool-1-thread-1] stencyl.thirdparty.org.phys2d.Combiner: Combine took: 0ms
2015-11-16 11:22:11,715 DEBUG [pool-1-thread-1] stencyl.sw.io.write.resource.SceneWriter: Terrain processing took: 0ms
2015-11-16 11:22:11,730 DEBUG [pool-1-thread-1] stencyl.core.lib.io.read.SceneReader: Reading header for Scene: 0 (Level 1) from: scenes\0.xml
2015-11-16 11:22:11,730 DEBUG [pool-1-thread-1] stencyl.sw.io.write.resource.ScenesWriter: Writing out Scene Level 1
2015-11-16 11:22:11,730 DEBUG [pool-1-thread-1] stencyl.sw.io.write.MasterWriter: Copying over snippets.
2015-11-16 11:22:11,730 DEBUG [pool-1-thread-1] stencyl.sw.util.FileHelper: Saving backup file C:\Users\rmills0865\AppData\Roaming\Stencyl\stencylworks\games\project6\snippets\list.xml.bak.
2015-11-16 11:22:11,746 DEBUG [pool-1-thread-1] stencyl.sw.editors.snippet.designer.block.Block: Write out element ID: 1
2015-11-16 11:22:11,746 DEBUG [pool-1-thread-1] stencyl.sw.editors.snippet.designer.block.BlockSceneObjectChooser: Fetching element 1 from scene 0
2015-11-16 11:22:11,793 DEBUG [pool-1-thread-1] stencyl.sw.io.write.resource.SnippetsWriter: Copy from opened to disk: ActorEvents_50
2015-11-16 11:22:11,793 DEBUG [pool-1-thread-1] stencyl.sw.util.FileHelper: Trying to delete file that does not exist: C:\Users\rmills0865\AppData\Roaming\Stencyl\stencylworks\games\project6\behavior-hx\ActorEvents_50.hx
2015-11-16 11:22:11,808 DEBUG [pool-1-thread-1] stencyl.sw.io.write.resource.SnippetsWriter: Copied to: C:\Users\rmills0865\AppData\Roaming\Stencyl\stencylworks\games\project6\snippets\ActorEvents_50.design
2015-11-16 11:22:11,808 DEBUG [pool-1-thread-1] stencyl.sw.io.write.resource.SnippetsWriter: Copy from opened to disk: SceneEvents_0
2015-11-16 11:22:11,808 DEBUG [pool-1-thread-1] stencyl.sw.editors.snippet.designer.block.Block: Write out element ID: 1
2015-11-16 11:22:11,808 DEBUG [pool-1-thread-1] stencyl.sw.util.FileHelper: Trying to delete file that does not exist: C:\Users\rmills0865\AppData\Roaming\Stencyl\stencylworks\games\project6\behavior-hx\SceneEvents_0.hx
2015-11-16 11:22:11,808 DEBUG [pool-1-thread-1] stencyl.sw.io.write.resource.SnippetsWriter: Copied to: C:\Users\rmills0865\AppData\Roaming\Stencyl\stencylworks\games\project6\snippets\SceneEvents_0.design
2015-11-16 11:22:11,808 DEBUG [pool-1-thread-1] stencyl.sw.app.doc.StencylDoc: Marking as written to disk: Shooting
2015-11-16 11:22:11,808 DEBUG [pool-1-thread-1] stencyl.sw.io.write.resource.SnippetsWriter: Copy from opened to disk: Shooting
2015-11-16 11:22:11,808 DEBUG [pool-1-thread-1] stencyl.sw.util.FileHelper: Trying to delete file that does not exist: C:\Users\rmills0865\AppData\Roaming\Stencyl\stencylworks\games\project6\behavior-hx\Design_20_20_Shooting.hx
2015-11-16 11:22:11,808 DEBUG [pool-1-thread-1] stencyl.sw.io.write.resource.SnippetsWriter: Copied to: C:\Users\rmills0865\AppData\Roaming\Stencyl\stencylworks\games\project6\snippets\Design_20_20_Shooting.design
2015-11-16 11:22:11,808 DEBUG [pool-1-thread-1] stencyl.sw.io.write.resource.SnippetsWriter: Copy from opened to disk: ActorEvents_0
2015-11-16 11:22:11,808 DEBUG [pool-1-thread-1] stencyl.sw.util.FileHelper: Trying to delete file that does not exist: C:\Users\rmills0865\AppData\Roaming\Stencyl\stencylworks\games\project6\behavior-hx\ActorEvents_0.hx
2015-11-16 11:22:11,808 DEBUG [pool-1-thread-1] stencyl.sw.io.write.resource.SnippetsWriter: Copied to: C:\Users\rmills0865\AppData\Roaming\Stencyl\stencylworks\games\project6\snippets\ActorEvents_0.design
2015-11-16 11:22:11,824 DEBUG [pool-1-thread-1] stencyl.sw.io.write.MasterWriter: Saving block favorites.
2015-11-16 11:22:11,824 INFO  [pool-1-thread-1] stencyl.sw.io.write.MasterWriter: Done writing game.
2015-11-16 11:22:11,871 DEBUG [AWT-EventQueue-0] stencyl.sw.util.Util: Running command: [taskkill, /im, neko.exe, /f]
2015-11-16 11:22:11,933 DEBUG [Thread-7] stencyl.sw.util.StreamGobbler: [taskkill] ERROR: The process "neko.exe" not found.
2015-11-16 11:22:11,933 DEBUG [AWT-EventQueue-0] stencyl.sw.util.Util: Process 'taskkill' exited with code: 128
2015-11-16 11:22:11,933 DEBUG [AWT-EventQueue-0] stencyl.sw.util.Util: Running command: [taskkill, /im, adb.exe, /f]
2015-11-16 11:22:11,995 DEBUG [Thread-8] stencyl.sw.util.StreamGobbler: [taskkill] ERROR: The process "adb.exe" not found.
2015-11-16 11:22:11,995 DEBUG [AWT-EventQueue-0] stencyl.sw.util.Util: Process 'taskkill' exited with code: 128
2015-11-16 11:22:11,995 DEBUG [AWT-EventQueue-0] stencyl.sw.util.Util: Running command: [taskkill, /im, arm-linux-androideabi-g++.exe, /f]
2015-11-16 11:22:12,058 DEBUG [Thread-9] stencyl.sw.util.StreamGobbler: [taskkill] ERROR: The process "arm-linux-androideabi-g++.exe" not found.
2015-11-16 11:22:12,058 DEBUG [AWT-EventQueue-0] stencyl.sw.util.Util: Process 'taskkill' exited with code: 128
2015-11-16 11:22:12,058 DEBUG [AWT-EventQueue-0] stencyl.sw.util.Util: Running command: [taskkill, /im, cc1plus.exe, /f]
2015-11-16 11:22:12,105 DEBUG [Thread-10] stencyl.sw.util.StreamGobbler: [taskkill] ERROR: The process "cc1plus.exe" not found.
2015-11-16 11:22:12,120 DEBUG [AWT-EventQueue-0] stencyl.sw.util.Util: Process 'taskkill' exited with code: 128
2015-11-16 11:22:12,120 DEBUG [AWT-EventQueue-0] stencyl.sw.util.Util: Running command: [taskkill, /im, tail.exe, /f]
2015-11-16 11:22:12,167 DEBUG [Thread-11] stencyl.sw.util.StreamGobbler: [taskkill] ERROR: The process "tail.exe" not found.
2015-11-16 11:22:12,167 DEBUG [AWT-EventQueue-0] stencyl.sw.util.Util: Process 'taskkill' exited with code: 128
2015-11-16 11:22:12,167 DEBUG [AWT-EventQueue-0] stencyl.sw.util.Util: Running command: [taskkill, /im, ios-sim.exe, /f]
2015-11-16 11:22:12,229 DEBUG [Thread-12] stencyl.sw.util.StreamGobbler: [taskkill] ERROR: The process "ios-sim.exe" not found.
2015-11-16 11:22:12,229 DEBUG [AWT-EventQueue-0] stencyl.sw.util.Util: Process 'taskkill' exited with code: 128
2015-11-16 11:22:12,229 DEBUG [AWT-EventQueue-0] stencyl.sw.app.App: Destroying extensions.
2015-11-16 11:22:12,229 DEBUG [AWT-EventQueue-0] stencyl.sw.app.App: Performing final close.
2015-11-16 11:22:12,229 INFO  [AWT-EventQueue-0] stencyl.sw.app.App: Exiting...
2015-11-16 11:22:12,229 DEBUG [AWT-EventQueue-0] stencyl.sw.app.App: Destroying Temporary Sandbox.
2015-11-16 11:22:12,229 DEBUG [AWT-EventQueue-0] stencyl.sw.util.FileHelper: Deleting: C:\Users\rmills0865\AppData\Local\Temp\stencyl6687795296859468621
