2015-12-16 10:44:13,525 INFO  [main] stencyl.sw.Session: Logfile: C:\Users\rmills0865\Google Drive\Roosevelt OGPC\stencylworks\logs\2015-12-16_10-44-13.log
2015-12-16 10:44:13,525 INFO  [main] stencyl.sw.Session: OS Name: Windows 7
2015-12-16 10:44:13,525 INFO  [main] stencyl.sw.Session: OS Version: 6.1 (64-bit)
2015-12-16 10:44:13,525 INFO  [main] stencyl.sw.Session: Java Version: 1.8.0_60
2015-12-16 10:44:13,525 INFO  [main] stencyl.sw.Session: Stencyl Version: 3.3.2 (b8734)
2015-12-16 10:44:13,525 INFO  [main] stencyl.sw.Session: Stencyl Workspace: C:\Users\rmills0865\Google Drive\Roosevelt OGPC\
2015-12-16 10:44:13,525 INFO  [main] stencyl.sw.Session: User Working Directory: C:\Program Files (x86)\Stencyl
2015-12-16 10:44:13,525 INFO  [main] stencyl.sw.Session: User Home Directory: C:\Users\rmills0865
2015-12-16 10:44:13,525 INFO  [main] stencyl.sw.Session: System Path: C:\ProgramData\Oracle\Java\javapath;C:\Program Files (x86)\Intel\iCLS Client\;C:\Program Files\Intel\iCLS Client\;C:\Windows\system32;C:\Windows;C:\Windows\System32\Wbem;C:\Windows\System32\WindowsPowerShell\v1.0\;C:\Windows\CCM;C:\Program Files\Intel\Intel(R) Management Engine Components\DAL;C:\Program Files\Intel\Intel(R) Management Engine Components\IPT;C:\Program Files (x86)\Intel\Intel(R) Management Engine Components\DAL;C:\Program Files (x86)\Intel\Intel(R) Management Engine Components\IPT;C:\Program Files (x86)\QuickTime\QTSystem\;C:\Program Files (x86)\Stencyl\runtimes\jre-win\bin
2015-12-16 10:44:13,590 DEBUG [main] stencyl.sw.util.FileHelper: Deleting: C:\Users\RMILLS~1\AppData\Local\Temp\stencyl6846906704392169296
2015-12-16 10:44:13,590 DEBUG [main] stencyl.sw.loc.LanguagePack: Reading... lang\en\global-phrases.lang
2015-12-16 10:44:13,595 DEBUG [main] stencyl.sw.loc.LanguagePack: Reading... lang\en\global-errors.lang
2015-12-16 10:44:13,595 DEBUG [main] stencyl.sw.loc.LanguagePack: Reading... lang\en\global-menu.lang
2015-12-16 10:44:13,597 DEBUG [main] stencyl.sw.loc.LanguagePack: Reading... lang\en\global-welcome.lang
2015-12-16 10:44:13,597 DEBUG [main] stencyl.sw.loc.LanguagePack: Reading... lang\en\global-dashboard.lang
2015-12-16 10:44:13,600 DEBUG [main] stencyl.sw.loc.LanguagePack: Reading... lang\en\global-publish.lang
2015-12-16 10:44:13,602 DEBUG [main] stencyl.sw.loc.LanguagePack: Reading... lang\en\global-updater.lang
2015-12-16 10:44:13,602 DEBUG [main] stencyl.sw.loc.LanguagePack: Reading... lang\en\global-chat.lang
2015-12-16 10:44:13,602 DEBUG [main] stencyl.sw.loc.LanguagePack: Reading... lang\en\global-misc.lang
2015-12-16 10:44:13,615 DEBUG [main] stencyl.sw.loc.LanguagePack: Reading... lang\en\global-forge.lang
2015-12-16 10:44:13,615 DEBUG [main] stencyl.sw.loc.LanguagePack: Reading... lang\en\global-prefs.lang
2015-12-16 10:44:13,615 DEBUG [main] stencyl.sw.loc.LanguagePack: Reading... lang\en\global-creategame.lang
2015-12-16 10:44:13,617 DEBUG [main] stencyl.sw.loc.LanguagePack: Reading... lang\en\behavior-main.lang
2015-12-16 10:44:13,617 DEBUG [main] stencyl.sw.loc.LanguagePack: Reading... lang\en\behavior-blocks.lang
2015-12-16 10:44:13,625 DEBUG [main] stencyl.sw.loc.LanguagePack: Reading... lang\en\behavior-blockhelp.lang
2015-12-16 10:44:13,669 DEBUG [main] stencyl.sw.loc.LanguagePack: Reading... lang\en\behavior-events.lang
2015-12-16 10:44:13,669 DEBUG [main] stencyl.sw.loc.LanguagePack: Reading... lang\en\behavior-code.lang
2015-12-16 10:44:13,669 DEBUG [main] stencyl.sw.loc.LanguagePack: Reading... lang\en\behavior-attributes.lang
2015-12-16 10:44:13,669 DEBUG [main] stencyl.sw.loc.LanguagePack: Reading... lang\en\behavior-create.lang
2015-12-16 10:44:13,669 DEBUG [main] stencyl.sw.loc.LanguagePack: Reading... lang\en\behavior-byob.lang
2015-12-16 10:44:13,669 DEBUG [main] stencyl.sw.loc.LanguagePack: Reading... lang\en\editor-actor-main.lang
2015-12-16 10:44:13,669 DEBUG [main] stencyl.sw.loc.LanguagePack: Reading... lang\en\editor-actor-physics.lang
2015-12-16 10:44:13,669 DEBUG [main] stencyl.sw.loc.LanguagePack: Reading... lang\en\editor-background.lang
2015-12-16 10:44:13,669 DEBUG [main] stencyl.sw.loc.LanguagePack: Reading... lang\en\editor-behaviorchooser.lang
2015-12-16 10:44:13,669 DEBUG [main] stencyl.sw.loc.LanguagePack: Reading... lang\en\editor-desktop.lang
2015-12-16 10:44:13,669 DEBUG [main] stencyl.sw.loc.LanguagePack: Reading... lang\en\editor-font.lang
2015-12-16 10:44:13,669 DEBUG [main] stencyl.sw.loc.LanguagePack: Reading... lang\en\editor-sound.lang
2015-12-16 10:44:13,669 DEBUG [main] stencyl.sw.loc.LanguagePack: Reading... lang\en\editor-tileset.lang
2015-12-16 10:44:13,669 DEBUG [main] stencyl.sw.loc.LanguagePack: Reading... lang\en\editor-preloader.lang
2015-12-16 10:44:13,669 DEBUG [main] stencyl.sw.loc.LanguagePack: Reading... lang\en\editor-mobile.lang
2015-12-16 10:44:13,669 DEBUG [main] stencyl.sw.loc.LanguagePack: Reading... lang\en\editor-groups.lang
2015-12-16 10:44:13,669 DEBUG [main] stencyl.sw.loc.LanguagePack: Reading... lang\en\editor-attributes.lang
2015-12-16 10:44:13,669 DEBUG [main] stencyl.sw.loc.LanguagePack: Reading... lang\en\editor-input.lang
2015-12-16 10:44:13,669 DEBUG [main] stencyl.sw.loc.LanguagePack: Reading... lang\en\editor-animation.lang
2015-12-16 10:44:13,669 DEBUG [main] stencyl.sw.loc.LanguagePack: Reading... lang\en\editor-scene-main.lang
2015-12-16 10:44:13,669 DEBUG [main] stencyl.sw.loc.LanguagePack: Reading... lang\en\editor-scene-create.lang
2015-12-16 10:44:13,669 DEBUG [main] stencyl.sw.loc.LanguagePack: Reading... lang\en\editor-scene-tools.lang
2015-12-16 10:44:13,669 DEBUG [main] stencyl.sw.loc.LanguagePack: Reading... lang\en\global-phrases.lang
2015-12-16 10:44:13,669 DEBUG [main] stencyl.sw.loc.LanguagePack: Reading... lang\en\global-errors.lang
2015-12-16 10:44:13,669 DEBUG [main] stencyl.sw.loc.LanguagePack: Reading... lang\en\global-menu.lang
2015-12-16 10:44:13,669 DEBUG [main] stencyl.sw.loc.LanguagePack: Reading... lang\en\global-welcome.lang
2015-12-16 10:44:13,669 DEBUG [main] stencyl.sw.loc.LanguagePack: Reading... lang\en\global-dashboard.lang
2015-12-16 10:44:13,669 DEBUG [main] stencyl.sw.loc.LanguagePack: Reading... lang\en\global-publish.lang
2015-12-16 10:44:13,669 DEBUG [main] stencyl.sw.loc.LanguagePack: Reading... lang\en\global-updater.lang
2015-12-16 10:44:13,669 DEBUG [main] stencyl.sw.loc.LanguagePack: Reading... lang\en\global-chat.lang
2015-12-16 10:44:13,669 DEBUG [main] stencyl.sw.loc.LanguagePack: Reading... lang\en\global-misc.lang
2015-12-16 10:44:13,669 DEBUG [main] stencyl.sw.loc.LanguagePack: Reading... lang\en\global-forge.lang
2015-12-16 10:44:13,669 DEBUG [main] stencyl.sw.loc.LanguagePack: Reading... lang\en\global-prefs.lang
2015-12-16 10:44:13,669 DEBUG [main] stencyl.sw.loc.LanguagePack: Reading... lang\en\global-creategame.lang
2015-12-16 10:44:13,669 DEBUG [main] stencyl.sw.loc.LanguagePack: Reading... lang\en\behavior-main.lang
2015-12-16 10:44:13,669 DEBUG [main] stencyl.sw.loc.LanguagePack: Reading... lang\en\behavior-blocks.lang
2015-12-16 10:44:13,684 DEBUG [main] stencyl.sw.loc.LanguagePack: Reading... lang\en\behavior-blockhelp.lang
2015-12-16 10:44:13,684 DEBUG [main] stencyl.sw.loc.LanguagePack: Reading... lang\en\behavior-events.lang
2015-12-16 10:44:13,684 DEBUG [main] stencyl.sw.loc.LanguagePack: Reading... lang\en\behavior-code.lang
2015-12-16 10:44:13,684 DEBUG [main] stencyl.sw.loc.LanguagePack: Reading... lang\en\behavior-attributes.lang
2015-12-16 10:44:13,684 DEBUG [main] stencyl.sw.loc.LanguagePack: Reading... lang\en\behavior-create.lang
2015-12-16 10:44:13,684 DEBUG [main] stencyl.sw.loc.LanguagePack: Reading... lang\en\behavior-byob.lang
2015-12-16 10:44:13,684 DEBUG [main] stencyl.sw.loc.LanguagePack: Reading... lang\en\editor-actor-main.lang
2015-12-16 10:44:13,684 DEBUG [main] stencyl.sw.loc.LanguagePack: Reading... lang\en\editor-actor-physics.lang
2015-12-16 10:44:13,684 DEBUG [main] stencyl.sw.loc.LanguagePack: Reading... lang\en\editor-background.lang
2015-12-16 10:44:13,684 DEBUG [main] stencyl.sw.loc.LanguagePack: Reading... lang\en\editor-behaviorchooser.lang
2015-12-16 10:44:13,684 DEBUG [main] stencyl.sw.loc.LanguagePack: Reading... lang\en\editor-desktop.lang
2015-12-16 10:44:13,684 DEBUG [main] stencyl.sw.loc.LanguagePack: Reading... lang\en\editor-font.lang
2015-12-16 10:44:13,684 DEBUG [main] stencyl.sw.loc.LanguagePack: Reading... lang\en\editor-sound.lang
2015-12-16 10:44:13,684 DEBUG [main] stencyl.sw.loc.LanguagePack: Reading... lang\en\editor-tileset.lang
2015-12-16 10:44:13,684 DEBUG [main] stencyl.sw.loc.LanguagePack: Reading... lang\en\editor-preloader.lang
2015-12-16 10:44:13,684 DEBUG [main] stencyl.sw.loc.LanguagePack: Reading... lang\en\editor-mobile.lang
2015-12-16 10:44:13,684 DEBUG [main] stencyl.sw.loc.LanguagePack: Reading... lang\en\editor-groups.lang
2015-12-16 10:44:13,684 DEBUG [main] stencyl.sw.loc.LanguagePack: Reading... lang\en\editor-attributes.lang
2015-12-16 10:44:13,684 DEBUG [main] stencyl.sw.loc.LanguagePack: Reading... lang\en\editor-input.lang
2015-12-16 10:44:13,684 DEBUG [main] stencyl.sw.loc.LanguagePack: Reading... lang\en\editor-animation.lang
2015-12-16 10:44:13,684 DEBUG [main] stencyl.sw.loc.LanguagePack: Reading... lang\en\editor-scene-main.lang
2015-12-16 10:44:13,684 DEBUG [main] stencyl.sw.loc.LanguagePack: Reading... lang\en\editor-scene-create.lang
2015-12-16 10:44:13,684 DEBUG [main] stencyl.sw.loc.LanguagePack: Reading... lang\en\editor-scene-tools.lang
2015-12-16 10:44:13,684 INFO  [AWT-EventQueue-0] stencyl.sw.SW: Initializing Stencyl.
2015-12-16 10:44:13,700 DEBUG [AWT-EventQueue-0] stencyl.sw.Splash: Set Splash message: Look
2015-12-16 10:44:14,342 INFO  [AWT-EventQueue-0] stencyl.sw.ext.ExtensionDependencyManager: Haxelib actuate 1.6.5
2015-12-16 10:44:14,342 INFO  [AWT-EventQueue-0] stencyl.sw.ext.ExtensionDependencyManager: Haxelib box2d 1.11.0
2015-12-16 10:44:14,342 INFO  [AWT-EventQueue-0] stencyl.sw.ext.ExtensionDependencyManager: Haxelib box2d-fake 1.11.0
2015-12-16 10:44:14,342 INFO  [AWT-EventQueue-0] stencyl.sw.ext.ExtensionDependencyManager: Haxelib console 1.0.0
2015-12-16 10:44:14,342 INFO  [AWT-EventQueue-0] stencyl.sw.ext.ExtensionDependencyManager: Haxelib format 3.1.2
2015-12-16 10:44:14,342 INFO  [AWT-EventQueue-0] stencyl.sw.ext.ExtensionDependencyManager: Haxelib hxcpp 3.2.0
2015-12-16 10:44:14,342 INFO  [AWT-EventQueue-0] stencyl.sw.ext.ExtensionDependencyManager: Haxelib hxtelemetry 0.3.1
2015-12-16 10:44:14,357 INFO  [AWT-EventQueue-0] stencyl.sw.ext.ExtensionDependencyManager: Haxelib layout 1.1.0
2015-12-16 10:44:14,357 INFO  [AWT-EventQueue-0] stencyl.sw.ext.ExtensionDependencyManager: Haxelib lime 2.6.8
2015-12-16 10:44:14,357 INFO  [AWT-EventQueue-0] stencyl.sw.ext.ExtensionDependencyManager: Haxelib openfl 3.3.8
2015-12-16 10:44:14,357 INFO  [AWT-EventQueue-0] stencyl.sw.ext.ExtensionDependencyManager: Haxelib polygonal-ds 1.4.1
2015-12-16 10:44:14,357 INFO  [AWT-EventQueue-0] stencyl.sw.ext.ExtensionDependencyManager: Haxelib polygonal-printf 1.0.0.beta
2015-12-16 10:44:14,357 INFO  [AWT-EventQueue-0] stencyl.sw.ext.ExtensionDependencyManager: Haxelib stencyl 1.0.0
2015-12-16 10:44:14,357 INFO  [AWT-EventQueue-0] stencyl.sw.ext.ExtensionDependencyManager: Haxelib stencyl-cppia 1.0.0
2015-12-16 10:44:14,357 INFO  [AWT-EventQueue-0] stencyl.sw.ext.ExtensionDependencyManager: Haxelib svg 1.0.8
2015-12-16 10:44:14,357 INFO  [AWT-EventQueue-0] stencyl.sw.ext.ExtensionDependencyManager: Haxelib swf 1.7.4
2015-12-16 10:44:14,373 INFO  [AWT-EventQueue-0] stencyl.sw.ext.ExtensionDependencyManager: Haxelib tilelayer 0.2.1
2015-12-16 10:44:14,373 DEBUG [AWT-EventQueue-0] stencyl.sw.util.FileHelper: Matching (non-hidden) files within C:\Users\rmills0865\Google Drive\Roosevelt OGPC\stencylworks\extensions: []
2015-12-16 10:44:14,373 DEBUG [AWT-EventQueue-0] stencyl.sw.util.FileHelper: Matching (non-hidden) files within C:\Users\rmills0865\Google Drive\Roosevelt OGPC\stencylworks\extensions: []
2015-12-16 10:44:14,373 DEBUG [AWT-EventQueue-0] stencyl.sw.editors.game.advanced.EngineExtensionManager: Loading engine extensions...
2015-12-16 10:44:14,373 DEBUG [AWT-EventQueue-0] stencyl.sw.util.FileHelper: Directories within C:\Users\rmills0865\Google Drive\Roosevelt OGPC\stencylworks\engine-extensions: [C:\Users\rmills0865\Google Drive\Roosevelt OGPC\stencylworks\engine-extensions\ads, C:\Users\rmills0865\Google Drive\Roosevelt OGPC\stencylworks\engine-extensions\gamecenter, C:\Users\rmills0865\Google Drive\Roosevelt OGPC\stencylworks\engine-extensions\gestures, C:\Users\rmills0865\Google Drive\Roosevelt OGPC\stencylworks\engine-extensions\google, C:\Users\rmills0865\Google Drive\Roosevelt OGPC\stencylworks\engine-extensions\hypertouch, C:\Users\rmills0865\Google Drive\Roosevelt OGPC\stencylworks\engine-extensions\joystick, C:\Users\rmills0865\Google Drive\Roosevelt OGPC\stencylworks\engine-extensions\label, C:\Users\rmills0865\Google Drive\Roosevelt OGPC\stencylworks\engine-extensions\native, C:\Users\rmills0865\Google Drive\Roosevelt OGPC\stencylworks\engine-extensions\purchases, C:\Users\rmills0865\Google Drive\Roosevelt OGPC\stencylworks\engine-extensions\test, C:\Users\rmills0865\Google Drive\Roosevelt OGPC\stencylworks\engine-extensions\test-flash, C:\Users\rmills0865\Google Drive\Roosevelt OGPC\stencylworks\engine-extensions\test-native, C:\Users\rmills0865\Google Drive\Roosevelt OGPC\stencylworks\engine-extensions\tileapi]
2015-12-16 10:44:14,373 DEBUG [AWT-EventQueue-0] stencyl.sw.editors.game.advanced.EngineExtensionManager: ads is a core engine extension. Skip.
2015-12-16 10:44:14,373 DEBUG [AWT-EventQueue-0] stencyl.sw.editors.game.advanced.EngineExtensionManager: gamecenter is a core engine extension. Skip.
2015-12-16 10:44:14,373 DEBUG [AWT-EventQueue-0] stencyl.sw.editors.game.advanced.EngineExtensionManager: gestures is a core engine extension. Skip.
2015-12-16 10:44:14,373 DEBUG [AWT-EventQueue-0] stencyl.sw.editors.game.advanced.EngineExtensionManager: google is not a valid engine extension. Skip.
2015-12-16 10:44:14,373 DEBUG [AWT-EventQueue-0] stencyl.sw.editors.game.advanced.EngineExtensionManager: hypertouch is a core engine extension. Skip.
2015-12-16 10:44:14,373 DEBUG [AWT-EventQueue-0] stencyl.sw.editors.game.advanced.EngineExtensionManager: joystick is a core engine extension. Skip.
2015-12-16 10:44:14,389 DEBUG [AWT-EventQueue-0] stencyl.sw.editors.game.advanced.EngineExtensionManager: label is engine extension: Labels (1.0.0).
2015-12-16 10:44:14,389 DEBUG [AWT-EventQueue-0] stencyl.sw.editors.game.advanced.EngineExtensionManager: native is a core engine extension. Skip.
2015-12-16 10:44:14,389 DEBUG [AWT-EventQueue-0] stencyl.sw.editors.game.advanced.EngineExtensionManager: purchases is a core engine extension. Skip.
2015-12-16 10:44:14,404 DEBUG [AWT-EventQueue-0] stencyl.sw.editors.game.advanced.EngineExtensionManager: test is engine extension: Test Extension (1.0.0).
2015-12-16 10:44:14,404 DEBUG [AWT-EventQueue-0] stencyl.sw.editors.game.advanced.EngineExtensionManager: test-flash is engine extension: Test Extension (Flash SWF) (1.0.0).
2015-12-16 10:44:14,404 DEBUG [AWT-EventQueue-0] stencyl.sw.editors.game.advanced.EngineExtensionManager: test-native is engine extension: Test Extension (Native) (1.0.0).
2015-12-16 10:44:14,420 DEBUG [AWT-EventQueue-0] stencyl.sw.editors.game.advanced.EngineExtensionManager: tileapi is engine extension: Tile API (1.0.0).
2015-12-16 10:44:14,420 INFO  [AWT-EventQueue-0] stencyl.sw.editors.game.advanced.EngineExtensionManager: Engine Extensions: [Labels (1.0.0), Test Extension (1.0.0), Test Extension (Flash SWF) (1.0.0), Test Extension (Native) (1.0.0), Tile API (1.0.0)]
2015-12-16 10:44:14,420 WARN  [AWT-EventQueue-0] stencyl.sw.app.ExtensionManager: Couldn't load extension settings.
2015-12-16 10:44:14,435 INFO  [AWT-EventQueue-0] stencyl.sw.app.ExtensionManager: Toolset Extensions: []
2015-12-16 10:44:14,591 DEBUG [AWT-EventQueue-0] stencyl.sw.app.doc.Workspace: Activated: Welcome Center
2015-12-16 10:44:14,607 DEBUG [AWT-EventQueue-0] stencyl.sw.app.App: Silent Authentication.
2015-12-16 10:44:14,607 DEBUG [AWT-EventQueue-0] stencyl.sw.Splash: Dispose Splash
2015-12-16 10:44:14,872 DEBUG [pool-1-thread-1] stencyl.sw.app.tasks.AuthenticateTask: Response: guest
2015-12-16 10:44:14,872 INFO  [pool-1-thread-1] stencyl.sw.app.tasks.AuthenticateTask: Could not log in. Check your login credentials.
2015-12-16 10:44:21,862 DEBUG [AWT-EventQueue-0] stencyl.sw.util.FileHelper: Deleting: C:\Users\rmills0865\AppData\Local\Temp\stencyl6846906704392169296\sandbox\test\temp
2015-12-16 10:44:21,862 DEBUG [AWT-EventQueue-0] stencyl.sw.util.FileHelper: Deleting: C:\Users\rmills0865\Google Drive\Roosevelt OGPC\stencylworks\preview\scripts
2015-12-16 10:44:21,862 DEBUG [AWT-EventQueue-0] stencyl.sw.util.FileHelper: Deleting: C:\Users\rmills0865\Google Drive\Roosevelt OGPC\stencylworks\preview\game
2015-12-16 10:44:21,862 INFO  [AWT-EventQueue-0] stencyl.sw.app.tasks.OpenGameTask: Opening game: Dice Roll Project
2015-12-16 10:44:21,893 DEBUG [pool-1-thread-1] stencyl.core.lib.Game: Loading scene-specific snippet. SceneID: 0
2015-12-16 10:44:21,893 DEBUG [pool-1-thread-1] stencyl.core.lib.ResourceList: Initializing... 0 : Dice
2015-12-16 10:44:21,909 DEBUG [pool-1-thread-1] stencyl.core.lib.ResourceList: Initializing... 1 : Dice
2015-12-16 10:44:21,924 DEBUG [pool-1-thread-1] stencyl.core.lib.ResourceList: Initializing... 4 : Dice 1
2015-12-16 10:44:21,924 DEBUG [pool-1-thread-1] stencyl.core.lib.ResourceList: Initializing... 5 : Dice 1
2015-12-16 10:44:21,971 DEBUG [AWT-EventQueue-0] stencyl.core.lib.io.read.SceneReader: Reading header for Scene: 0 (Scene 1) from: scenes\0.xml
2015-12-16 10:44:21,987 DEBUG [AWT-EventQueue-0] stencyl.core.lib.io.read.SceneReader: Reading header for Scene: 0 (Scene 1) from: scenes\0.xml
2015-12-16 10:44:22,065 DEBUG [AWT-EventQueue-0] stencyl.sw.app.doc.Workspace: Activated: Dashboard
2015-12-16 10:44:22,065 DEBUG [AWT-EventQueue-0] stencyl.sw.util.FileHelper: Trying to delete file that does not exist: C:\Users\rmills0865\AppData\Local\Temp\stencyl6846906704392169296\sandbox\build\code
2015-12-16 10:44:22,065 DEBUG [AWT-EventQueue-0] stencyl.sw.util.FileHelper: Deleting: C:\Users\rmills0865\AppData\Local\Temp\stencyl6846906704392169296\sandbox\test\temp
2015-12-16 10:44:22,065 DEBUG [AWT-EventQueue-0] stencyl.core.lib.io.read.SceneReader: Reading header for Scene: 0 (Scene 1) from: scenes\0.xml
2015-12-16 10:44:22,096 DEBUG [AWT-EventQueue-0] stencyl.sw.app.tasks.OpenGameTask: Took 234ms
2015-12-16 10:44:22,205 DEBUG [AWT-EventQueue-0] stencyl.sw.editors.game.cgroups.CollisionGroupTree: Loading actor group into tree: Actors
2015-12-16 10:44:22,221 DEBUG [AWT-EventQueue-0] stencyl.sw.editors.game.cgroups.CollisionGroupTree: Loading actor group into tree: Doodads
2015-12-16 10:44:22,221 DEBUG [AWT-EventQueue-0] stencyl.sw.editors.game.cgroups.CollisionGroupTree: Loading actor group into tree: Players
2015-12-16 10:44:22,221 DEBUG [AWT-EventQueue-0] stencyl.sw.editors.game.cgroups.CollisionGroupTree: Loading actor group into tree: Regions
2015-12-16 10:44:22,252 DEBUG [AWT-EventQueue-0] stencyl.sw.editors.game.cgroups.CollisionGroupTree: Loading actor group into tree: Tiles
2015-12-16 10:44:22,829 DEBUG [AWT-EventQueue-0] stencyl.core.lib.Atlas: Getting memory for atlas 0
2015-12-16 10:44:22,845 DEBUG [AWT-EventQueue-0] stencyl.core.lib.Atlas: Added resource 'Dice' to atlas 0
2015-12-16 10:44:22,845 DEBUG [AWT-EventQueue-0] stencyl.core.lib.Atlas: Added resource 'Dice 1' to atlas 0
2015-12-16 10:44:22,845 DEBUG [AWT-EventQueue-0] stencyl.core.lib.Atlas: Getting memory for atlas 1
2015-12-16 10:44:22,845 DEBUG [AWT-EventQueue-0] stencyl.core.lib.Atlas: Getting memory for atlas 2
2015-12-16 10:44:22,845 DEBUG [AWT-EventQueue-0] stencyl.core.lib.Atlas: Getting memory for atlas 3
2015-12-16 10:44:22,876 DEBUG [AWT-EventQueue-0] stencyl.core.lib.io.read.SceneReader: Reading header for Scene: 0 (Scene 1) from: scenes\0.xml
2015-12-16 10:44:24,920 DEBUG [AWT-EventQueue-0] stencyl.sw.app.doc.Workspace: Loading Closed Resource: Scene 1
2015-12-16 10:44:24,920 DEBUG [pool-1-thread-1] stencyl.core.lib.io.read.SceneReader: Reading header for Scene: 0 (Scene 1) from: scenes\0.xml
2015-12-16 10:44:25,122 DEBUG [pool-1-thread-1] stencyl.sw.editors.scene.Designer: Brush Changed
2015-12-16 10:44:25,637 DEBUG [pool-1-thread-1] stencyl.sw.editors.snippet.designer.palette.Palette: Palette asked to refresh: Position
2015-12-16 10:44:25,731 DEBUG [pool-1-thread-1] stencyl.sw.editors.snippet.designer.palette.Palette: Palette asked to refresh: Conditions
2015-12-16 10:44:25,949 DEBUG [pool-1-thread-1] stencyl.sw.editors.snippet.designer.palette.Palette: Palette asked to refresh: Actors
2015-12-16 10:44:26,012 DEBUG [pool-1-thread-1] stencyl.sw.editors.snippet.designer.palette.Palette: Palette asked to refresh: Keyboard & Mouse
2015-12-16 10:44:26,074 DEBUG [pool-1-thread-1] stencyl.sw.editors.snippet.designer.palette.Palette: Palette asked to refresh: Math
2015-12-16 10:44:26,136 DEBUG [pool-1-thread-1] stencyl.sw.editors.snippet.designer.palette.Palette: Palette asked to refresh: Getters
2015-12-16 10:44:26,261 DEBUG [pool-1-thread-1] stencyl.sw.editors.snippet.designer.palette.Palette: Palette asked to refresh: Sound
2015-12-16 10:44:26,292 DEBUG [pool-1-thread-1] stencyl.sw.editors.snippet.designer.palette.Palette: Palette asked to refresh: Triggers
2015-12-16 10:44:26,339 DEBUG [pool-1-thread-1] stencyl.sw.editors.snippet.designer.palette.Palette: Palette asked to refresh: Web
2015-12-16 10:44:26,386 DEBUG [pool-1-thread-1] stencyl.sw.editors.snippet.designer.palette.Palette: Palette asked to refresh: Drawing
2015-12-16 10:44:26,417 DEBUG [pool-1-thread-1] stencyl.sw.editors.snippet.designer.palette.Palette: Palette asked to refresh: Basic
2015-12-16 10:44:26,417 DEBUG [pool-1-thread-1] stencyl.sw.editors.snippet.designer.palette.Palette: Palette asked to refresh: Custom
2015-12-16 10:44:26,417 DEBUG [pool-1-thread-1] stencyl.sw.editors.snippet.designer.palette.Palette: Palette asked to refresh: Extensions
2015-12-16 10:44:26,433 DEBUG [pool-1-thread-1] stencyl.sw.editors.snippet.designer.palette.Palette: Palette asked to refresh: Position
2015-12-16 10:44:26,464 DEBUG [pool-1-thread-1] stencyl.sw.editors.snippet.designer.EditArea: ContextSet for current event: []
2015-12-16 10:44:26,464 DEBUG [pool-1-thread-1] stencyl.sw.editors.snippet.designer.palette.Palette: Palette asked to refresh: Position
2015-12-16 10:44:26,542 DEBUG [AWT-EventQueue-0] stencyl.sw.app.doc.Workspace: Activated: Scene 1
2015-12-16 10:44:26,542 DEBUG [pool-1-thread-1] stencyl.sw.app.tasks.OpenResourceTask: Open Took 1622ms
2015-12-16 10:44:26,636 DEBUG [AWT-EventQueue-0] stencyl.sw.app.tasks.OpenResourceTask: Total Took 1716ms
2015-12-16 10:44:28,398 DEBUG [AWT-EventQueue-0] stencyl.sw.app.doc.Workspace: Activated: Dashboard
2015-12-16 10:44:33,609 DEBUG [AWT-EventQueue-0] stencyl.core.lib.io.read.SceneReader: Reading header for Scene: 0 (Scene 1) from: scenes\0.xml
2015-12-16 10:44:33,609 DEBUG [AWT-EventQueue-0] stencyl.sw.util.NotifierHashMap: HashMapEvent [type=VALUE_REMOVED, value=ActorEvents_0]
2015-12-16 10:44:33,609 DEBUG [AWT-EventQueue-0] stencyl.core.lib.io.read.SceneReader: Reading header for Scene: 0 (Scene 1) from: scenes\0.xml
2015-12-16 10:44:33,624 DEBUG [AWT-EventQueue-0] stencyl.core.lib.io.read.SceneReader: Reading header for Scene: 0 (Scene 1) from: scenes\0.xml
2015-12-16 10:44:36,495 DEBUG [AWT-EventQueue-0] stencyl.core.lib.io.read.SceneReader: Reading header for Scene: 0 (Scene 1) from: scenes\0.xml
2015-12-16 10:44:36,495 DEBUG [AWT-EventQueue-0] stencyl.sw.util.NotifierHashMap: HashMapEvent [type=VALUE_REMOVED, value=ActorEvents_4]
2015-12-16 10:44:36,510 DEBUG [AWT-EventQueue-0] stencyl.core.lib.io.read.SceneReader: Reading header for Scene: 0 (Scene 1) from: scenes\0.xml
2015-12-16 10:44:36,510 DEBUG [AWT-EventQueue-0] stencyl.core.lib.io.read.SceneReader: Reading header for Scene: 0 (Scene 1) from: scenes\0.xml
2015-12-16 10:44:42,860 DEBUG [AWT-EventQueue-0] stencyl.sw.app.doc.Workspace: Loading Closed Resource: Dice 1
2015-12-16 10:44:43,000 DEBUG [pool-1-thread-1] stencyl.sw.util.NotifierHashMap: HashMapEvent [type=VALUE_ADDED, value=ActorEvents_0]
2015-12-16 10:44:43,203 DEBUG [pool-1-thread-1] stencyl.sw.editors.snippet.designer.palette.Palette: Palette asked to refresh: Position
2015-12-16 10:44:43,234 DEBUG [pool-1-thread-1] stencyl.sw.editors.snippet.designer.palette.Palette: Palette asked to refresh: Conditions
2015-12-16 10:44:43,406 DEBUG [pool-1-thread-1] stencyl.sw.editors.snippet.designer.palette.Palette: Palette asked to refresh: Actors
2015-12-16 10:44:43,452 DEBUG [pool-1-thread-1] stencyl.sw.editors.snippet.designer.palette.Palette: Palette asked to refresh: Keyboard & Mouse
2015-12-16 10:44:43,530 DEBUG [pool-1-thread-1] stencyl.sw.editors.snippet.designer.palette.Palette: Palette asked to refresh: Math
2015-12-16 10:44:43,562 DEBUG [pool-1-thread-1] stencyl.sw.editors.snippet.designer.palette.Palette: Palette asked to refresh: Getters
2015-12-16 10:44:43,655 DEBUG [pool-1-thread-1] stencyl.sw.editors.snippet.designer.palette.Palette: Palette asked to refresh: Sound
2015-12-16 10:44:43,671 DEBUG [pool-1-thread-1] stencyl.sw.editors.snippet.designer.palette.Palette: Palette asked to refresh: Triggers
2015-12-16 10:44:43,718 DEBUG [pool-1-thread-1] stencyl.sw.editors.snippet.designer.palette.Palette: Palette asked to refresh: Web
2015-12-16 10:44:43,749 DEBUG [pool-1-thread-1] stencyl.sw.editors.snippet.designer.palette.Palette: Palette asked to refresh: Drawing
2015-12-16 10:44:43,780 DEBUG [pool-1-thread-1] stencyl.sw.editors.snippet.designer.palette.Palette: Palette asked to refresh: Basic
2015-12-16 10:44:43,780 DEBUG [pool-1-thread-1] stencyl.sw.editors.snippet.designer.palette.Palette: Palette asked to refresh: Custom
2015-12-16 10:44:43,780 DEBUG [pool-1-thread-1] stencyl.sw.editors.snippet.designer.palette.Palette: Palette asked to refresh: Extensions
2015-12-16 10:44:43,780 DEBUG [pool-1-thread-1] stencyl.sw.editors.snippet.designer.palette.Palette: Palette asked to refresh: Position
2015-12-16 10:44:43,796 DEBUG [pool-1-thread-1] stencyl.sw.editors.snippet.designer.EditArea: ContextSet for current event: []
2015-12-16 10:44:43,796 DEBUG [pool-1-thread-1] stencyl.sw.editors.snippet.designer.palette.Palette: Palette asked to refresh: Position
2015-12-16 10:44:43,998 DEBUG [AWT-EventQueue-0] stencyl.sw.app.doc.Workspace: Activated: Dice 1
2015-12-16 10:44:44,030 DEBUG [pool-1-thread-1] stencyl.core.lib.io.read.SceneReader: Reading header for Scene: 0 (Scene 1) from: scenes\0.xml
2015-12-16 10:44:44,030 DEBUG [pool-1-thread-1] stencyl.sw.app.tasks.OpenResourceTask: Open Took 1155ms
2015-12-16 10:44:44,092 DEBUG [AWT-EventQueue-0] stencyl.sw.app.tasks.OpenResourceTask: Total Took 1217ms
2015-12-16 10:44:44,732 DEBUG [AWT-EventQueue-0] stencyl.sw.editors.actor.collision.PreviewPanel: Selected: [X,Y: 0, 0 ]
2015-12-16 10:44:51,767 DEBUG [pool-1-thread-1] stencyl.sw.util.Util: Running command: [./runtimes/jre-win/bin/java, -jar, C:\Users\rmills0865\Google Drive\Roosevelt OGPC\stencylworks\tools\Pencyl.jar, C:\Users\RMILLS~1\AppData\Local\Temp\stencylTemp-16904236560123847999.png]
2015-12-16 10:44:52,082 INFO  [Thread-7] stencyl.sw.util.StreamGobbler: [java] Dec 16, 2015 10:44:52 AM it.tidalwave.imageio.util.Logger info
2015-12-16 10:44:52,082 INFO  [Thread-7] stencyl.sw.util.StreamGobbler: [java] INFO: Installing RAWProcessor...
2015-12-16 10:44:52,113 INFO  [Thread-7] stencyl.sw.util.StreamGobbler: [java] Dec 16, 2015 10:44:52 AM it.tidalwave.imageio.util.Logger info
2015-12-16 10:44:52,113 INFO  [Thread-7] stencyl.sw.util.StreamGobbler: [java] INFO: Installed RAWProcessor
2015-12-16 10:44:52,113 INFO  [Thread-7] stencyl.sw.util.StreamGobbler: [java] RAWProcessor succesfully installed
2015-12-16 10:46:01,736 DEBUG [Timer-1] stencyl.sw.app.filewatcher.ImageSyncTask: Synced image: stencylTemp-16904236560123847999.png
2015-12-16 10:46:10,238 INFO  [AWT-EventQueue-0] stencyl.sw.app.App: Attempting to quit out of Stencyl.
2015-12-16 10:46:14,653 DEBUG [pool-1-thread-2] stencyl.sw.util.FileHelper: Deleting: C:\Users\rmills0865\Google Drive\Roosevelt OGPC\stencylworks\games\Dice Roll Project\resources\1-0.png
2015-12-16 10:46:14,653 DEBUG [pool-1-thread-2] stencyl.sw.util.FileHelper: Trying to delete file that does not exist: C:\Users\rmills0865\Google Drive\Roosevelt OGPC\stencylworks\games\Dice Roll Project\resources\1-0.png
2015-12-16 10:46:14,669 DEBUG [pool-1-thread-2] stencyl.sw.util.FileHelper: Deleting: C:\Users\rmills0865\Google Drive\Roosevelt OGPC\stencylworks\games\Dice Roll Project\resources\1-0@1.5x.png
2015-12-16 10:46:14,669 DEBUG [pool-1-thread-2] stencyl.sw.util.FileHelper: Deleting: C:\Users\rmills0865\Google Drive\Roosevelt OGPC\stencylworks\games\Dice Roll Project\resources\1-0@2x.png
2015-12-16 10:46:14,669 DEBUG [pool-1-thread-2] stencyl.sw.util.FileHelper: Trying to delete file that does not exist: C:\Users\rmills0865\Google Drive\Roosevelt OGPC\stencylworks\games\Dice Roll Project\resources\1-0@3x.png
2015-12-16 10:46:14,669 DEBUG [pool-1-thread-2] stencyl.sw.util.FileHelper: Deleting: C:\Users\rmills0865\Google Drive\Roosevelt OGPC\stencylworks\games\Dice Roll Project\resources\1-0@4x.png
2015-12-16 10:46:14,669 DEBUG [pool-1-thread-2] stencyl.sw.util.FileHelper: Deleting: C:\Users\rmills0865\Google Drive\Roosevelt OGPC\stencylworks\games\Dice Roll Project\resources\5-0.png
2015-12-16 10:46:14,669 DEBUG [pool-1-thread-2] stencyl.sw.util.FileHelper: Trying to delete file that does not exist: C:\Users\rmills0865\Google Drive\Roosevelt OGPC\stencylworks\games\Dice Roll Project\resources\5-0.png
2015-12-16 10:46:14,669 DEBUG [pool-1-thread-2] stencyl.sw.util.FileHelper: Deleting: C:\Users\rmills0865\Google Drive\Roosevelt OGPC\stencylworks\games\Dice Roll Project\resources\5-0@1.5x.png
2015-12-16 10:46:14,669 DEBUG [pool-1-thread-2] stencyl.sw.util.FileHelper: Deleting: C:\Users\rmills0865\Google Drive\Roosevelt OGPC\stencylworks\games\Dice Roll Project\resources\5-0@2x.png
2015-12-16 10:46:14,669 DEBUG [pool-1-thread-2] stencyl.sw.util.FileHelper: Trying to delete file that does not exist: C:\Users\rmills0865\Google Drive\Roosevelt OGPC\stencylworks\games\Dice Roll Project\resources\5-0@3x.png
2015-12-16 10:46:14,669 DEBUG [pool-1-thread-2] stencyl.sw.util.FileHelper: Deleting: C:\Users\rmills0865\Google Drive\Roosevelt OGPC\stencylworks\games\Dice Roll Project\resources\5-0@4x.png
2015-12-16 10:46:14,684 INFO  [pool-1-thread-2] stencyl.sw.io.write.MasterWriter: Saving game in place.
2015-12-16 10:46:14,700 DEBUG [pool-1-thread-2] stencyl.sw.util.FileHelper: Saving backup file C:\Users\rmills0865\Google Drive\Roosevelt OGPC\stencylworks\games\Dice Roll Project\game.xml.bak.
2015-12-16 10:46:16,293 DEBUG [pool-1-thread-2] stencyl.sw.io.write.MasterWriter: Writing out local resources.
2015-12-16 10:46:16,308 DEBUG [pool-1-thread-2] stencyl.sw.util.FileHelper: Saving backup file C:\Users\rmills0865\Google Drive\Roosevelt OGPC\stencylworks\games\Dice Roll Project\resources\data.xml.bak.
2015-12-16 10:46:16,308 DEBUG [pool-1-thread-2] stencyl.sw.editors.actor.appearance.AppearancePage: Using size of default animation: 64, 64
2015-12-16 10:46:16,340 DEBUG [pool-1-thread-2] stencyl.core.lib.io.read.SceneReader: Reading header for Scene: 0 (Scene 1) from: scenes\0.xml
2015-12-16 10:46:16,386 DEBUG [pool-1-thread-2] stencyl.sw.io.write.resource.SpriteWriter: Mark actor's sprite as clean (disk).
2015-12-16 10:46:16,386 DEBUG [pool-1-thread-2] stencyl.sw.io.write.MasterWriter: Writing out scenes.
2015-12-16 10:46:16,402 DEBUG [pool-1-thread-2] stencyl.sw.editors.scene.SceneRenderer: Saving thumbnail: C:\Users\rmills0865\Google Drive\Roosevelt OGPC\stencylworks\games\Dice Roll Project\scenes\0.png
2015-12-16 10:46:16,418 DEBUG [pool-1-thread-2] stencyl.sw.io.write.resource.SceneWriter: Writing terrain.
2015-12-16 10:46:16,418 DEBUG [pool-1-thread-2] stencyl.thirdparty.org.phys2d.Combiner: Num Tiles: 0
2015-12-16 10:46:16,418 DEBUG [pool-1-thread-2] stencyl.thirdparty.org.phys2d.Combiner: Coverage: 0.0%
2015-12-16 10:46:16,418 DEBUG [pool-1-thread-2] stencyl.thirdparty.org.phys2d.Combiner: Segments: (1,1)
2015-12-16 10:46:16,418 DEBUG [pool-1-thread-2] stencyl.thirdparty.org.phys2d.Combiner: Using Pairwise
2015-12-16 10:46:16,418 DEBUG [pool-1-thread-2] stencyl.thirdparty.org.phys2d.Combiner: Combine took: 0ms
2015-12-16 10:46:16,418 DEBUG [pool-1-thread-2] stencyl.sw.io.write.resource.SceneWriter: Terrain processing took: 0ms
2015-12-16 10:46:16,418 DEBUG [pool-1-thread-2] stencyl.core.lib.io.read.SceneReader: Reading header for Scene: 0 (Scene 1) from: scenes\0.xml
2015-12-16 10:46:16,433 DEBUG [pool-1-thread-2] stencyl.sw.io.write.resource.ScenesWriter: Writing out Scene Scene 1
2015-12-16 10:46:16,433 DEBUG [pool-1-thread-2] stencyl.sw.io.write.MasterWriter: Copying over snippets.
2015-12-16 10:46:16,433 DEBUG [pool-1-thread-2] stencyl.sw.util.FileHelper: Saving backup file C:\Users\rmills0865\Google Drive\Roosevelt OGPC\stencylworks\games\Dice Roll Project\snippets\list.xml.bak.
2015-12-16 10:46:16,464 DEBUG [pool-1-thread-2] stencyl.sw.app.doc.StencylDoc: Marking as written to disk: Dice 1
2015-12-16 10:46:16,464 DEBUG [pool-1-thread-2] stencyl.sw.io.write.resource.SnippetsWriter: Copy from opened to disk: ActorEvents_0
2015-12-16 10:46:16,464 DEBUG [pool-1-thread-2] stencyl.sw.util.FileHelper: Trying to delete file that does not exist: C:\Users\rmills0865\Google Drive\Roosevelt OGPC\stencylworks\games\Dice Roll Project\behavior-hx\ActorEvents_0.hx
2015-12-16 10:46:16,464 DEBUG [pool-1-thread-2] stencyl.sw.io.write.resource.SnippetsWriter: Copied to: C:\Users\rmills0865\Google Drive\Roosevelt OGPC\stencylworks\games\Dice Roll Project\snippets\ActorEvents_0.design
2015-12-16 10:46:16,464 DEBUG [pool-1-thread-2] stencyl.sw.io.write.resource.SnippetsWriter: Copy from opened to disk: SceneEvents_0
2015-12-16 10:46:16,464 DEBUG [pool-1-thread-2] stencyl.sw.util.FileHelper: Trying to delete file that does not exist: C:\Users\rmills0865\Google Drive\Roosevelt OGPC\stencylworks\games\Dice Roll Project\behavior-hx\SceneEvents_0.hx
2015-12-16 10:46:16,464 DEBUG [pool-1-thread-2] stencyl.sw.io.write.resource.SnippetsWriter: Copied to: C:\Users\rmills0865\Google Drive\Roosevelt OGPC\stencylworks\games\Dice Roll Project\snippets\SceneEvents_0.design
2015-12-16 10:46:16,464 DEBUG [pool-1-thread-2] stencyl.sw.io.write.MasterWriter: Saving block favorites.
2015-12-16 10:46:16,464 INFO  [pool-1-thread-2] stencyl.sw.io.write.MasterWriter: Done writing game.
2015-12-16 10:46:16,527 DEBUG [AWT-EventQueue-0] stencyl.sw.util.Util: Running command: [taskkill, /im, neko.exe, /f]
2015-12-16 10:46:16,589 DEBUG [Thread-9] stencyl.sw.util.StreamGobbler: [taskkill] ERROR: The process "neko.exe" not found.
2015-12-16 10:46:16,589 DEBUG [AWT-EventQueue-0] stencyl.sw.util.Util: Process 'taskkill' exited with code: 128
2015-12-16 10:46:16,589 DEBUG [AWT-EventQueue-0] stencyl.sw.util.Util: Running command: [taskkill, /im, adb.exe, /f]
2015-12-16 10:46:16,636 DEBUG [Thread-10] stencyl.sw.util.StreamGobbler: [taskkill] ERROR: The process "adb.exe" not found.
2015-12-16 10:46:16,652 DEBUG [AWT-EventQueue-0] stencyl.sw.util.Util: Process 'taskkill' exited with code: 128
2015-12-16 10:46:16,652 DEBUG [AWT-EventQueue-0] stencyl.sw.util.Util: Running command: [taskkill, /im, arm-linux-androideabi-g++.exe, /f]
2015-12-16 10:46:16,698 DEBUG [Thread-11] stencyl.sw.util.StreamGobbler: [taskkill] ERROR: The process "arm-linux-androideabi-g++.exe" not found.
2015-12-16 10:46:16,698 DEBUG [AWT-EventQueue-0] stencyl.sw.util.Util: Process 'taskkill' exited with code: 128
2015-12-16 10:46:16,698 DEBUG [AWT-EventQueue-0] stencyl.sw.util.Util: Running command: [taskkill, /im, cc1plus.exe, /f]
2015-12-16 10:46:16,761 DEBUG [Thread-12] stencyl.sw.util.StreamGobbler: [taskkill] ERROR: The process "cc1plus.exe" not found.
2015-12-16 10:46:16,761 DEBUG [AWT-EventQueue-0] stencyl.sw.util.Util: Process 'taskkill' exited with code: 128
2015-12-16 10:46:16,761 DEBUG [AWT-EventQueue-0] stencyl.sw.util.Util: Running command: [taskkill, /im, tail.exe, /f]
2015-12-16 10:46:16,823 DEBUG [Thread-13] stencyl.sw.util.StreamGobbler: [taskkill] ERROR: The process "tail.exe" not found.
2015-12-16 10:46:16,823 DEBUG [AWT-EventQueue-0] stencyl.sw.util.Util: Process 'taskkill' exited with code: 128
2015-12-16 10:46:16,823 DEBUG [AWT-EventQueue-0] stencyl.sw.util.Util: Running command: [taskkill, /im, ios-sim.exe, /f]
2015-12-16 10:46:16,886 DEBUG [Thread-14] stencyl.sw.util.StreamGobbler: [taskkill] ERROR: The process "ios-sim.exe" not found.
2015-12-16 10:46:16,886 DEBUG [AWT-EventQueue-0] stencyl.sw.util.Util: Process 'taskkill' exited with code: 128
2015-12-16 10:46:16,886 DEBUG [AWT-EventQueue-0] stencyl.sw.app.App: Destroying extensions.
2015-12-16 10:46:16,886 DEBUG [AWT-EventQueue-0] stencyl.sw.app.App: Performing final close.
2015-12-16 10:46:16,901 INFO  [AWT-EventQueue-0] stencyl.sw.app.App: Exiting...
2015-12-16 10:46:16,901 DEBUG [AWT-EventQueue-0] stencyl.sw.app.App: Destroying Temporary Sandbox.
2015-12-16 10:46:16,901 DEBUG [AWT-EventQueue-0] stencyl.sw.util.FileHelper: Deleting: C:\Users\rmills0865\AppData\Local\Temp\stencyl6846906704392169296
