2015-12-02 10:39:06,900 INFO  [main] stencyl.sw.Session: Logfile: C:\Users\rmills0865\AppData\Roaming\Stencyl\stencylworks\logs\2015-12-02_10-39-06.log
2015-12-02 10:39:06,900 INFO  [main] stencyl.sw.Session: OS Name: Windows 7
2015-12-02 10:39:06,900 INFO  [main] stencyl.sw.Session: OS Version: 6.1 (64-bit)
2015-12-02 10:39:06,900 INFO  [main] stencyl.sw.Session: Java Version: 1.8.0_60
2015-12-02 10:39:06,900 INFO  [main] stencyl.sw.Session: Stencyl Version: 3.3.2 (b8734)
2015-12-02 10:39:06,900 INFO  [main] stencyl.sw.Session: Stencyl Workspace: C:\Users\rmills0865\AppData\Roaming\Stencyl\
2015-12-02 10:39:06,900 INFO  [main] stencyl.sw.Session: User Working Directory: C:\Program Files (x86)\Stencyl
2015-12-02 10:39:06,916 INFO  [main] stencyl.sw.Session: User Home Directory: C:\Users\rmills0865
2015-12-02 10:39:06,916 INFO  [main] stencyl.sw.Session: System Path: C:\ProgramData\Oracle\Java\javapath;C:\Program Files (x86)\Intel\iCLS Client\;C:\Program Files\Intel\iCLS Client\;C:\Windows\system32;C:\Windows;C:\Windows\System32\Wbem;C:\Windows\System32\WindowsPowerShell\v1.0\;C:\Windows\CCM;C:\Program Files\Intel\Intel(R) Management Engine Components\DAL;C:\Program Files\Intel\Intel(R) Management Engine Components\IPT;C:\Program Files (x86)\Intel\Intel(R) Management Engine Components\DAL;C:\Program Files (x86)\Intel\Intel(R) Management Engine Components\IPT;C:\Program Files (x86)\QuickTime\QTSystem\;C:\Program Files (x86)\Stencyl\runtimes\jre-win\bin
2015-12-02 10:39:07,243 DEBUG [main] stencyl.sw.util.FileHelper: Deleting: C:\Users\RMILLS~1\AppData\Local\Temp\stencyl4145165805348966313
2015-12-02 10:39:07,243 DEBUG [main] stencyl.sw.loc.LanguagePack: Reading... lang\en\global-phrases.lang
2015-12-02 10:39:07,243 DEBUG [main] stencyl.sw.loc.LanguagePack: Reading... lang\en\global-errors.lang
2015-12-02 10:39:07,243 DEBUG [main] stencyl.sw.loc.LanguagePack: Reading... lang\en\global-menu.lang
2015-12-02 10:39:07,259 DEBUG [main] stencyl.sw.loc.LanguagePack: Reading... lang\en\global-welcome.lang
2015-12-02 10:39:07,259 DEBUG [main] stencyl.sw.loc.LanguagePack: Reading... lang\en\global-dashboard.lang
2015-12-02 10:39:07,259 DEBUG [main] stencyl.sw.loc.LanguagePack: Reading... lang\en\global-publish.lang
2015-12-02 10:39:07,259 DEBUG [main] stencyl.sw.loc.LanguagePack: Reading... lang\en\global-updater.lang
2015-12-02 10:39:07,259 DEBUG [main] stencyl.sw.loc.LanguagePack: Reading... lang\en\global-chat.lang
2015-12-02 10:39:07,259 DEBUG [main] stencyl.sw.loc.LanguagePack: Reading... lang\en\global-misc.lang
2015-12-02 10:39:07,259 DEBUG [main] stencyl.sw.loc.LanguagePack: Reading... lang\en\global-forge.lang
2015-12-02 10:39:07,259 DEBUG [main] stencyl.sw.loc.LanguagePack: Reading... lang\en\global-prefs.lang
2015-12-02 10:39:07,274 DEBUG [main] stencyl.sw.loc.LanguagePack: Reading... lang\en\global-creategame.lang
2015-12-02 10:39:07,274 DEBUG [main] stencyl.sw.loc.LanguagePack: Reading... lang\en\behavior-main.lang
2015-12-02 10:39:07,274 DEBUG [main] stencyl.sw.loc.LanguagePack: Reading... lang\en\behavior-blocks.lang
2015-12-02 10:39:07,274 DEBUG [main] stencyl.sw.loc.LanguagePack: Reading... lang\en\behavior-blockhelp.lang
2015-12-02 10:39:07,290 DEBUG [main] stencyl.sw.loc.LanguagePack: Reading... lang\en\behavior-events.lang
2015-12-02 10:39:07,290 DEBUG [main] stencyl.sw.loc.LanguagePack: Reading... lang\en\behavior-code.lang
2015-12-02 10:39:07,290 DEBUG [main] stencyl.sw.loc.LanguagePack: Reading... lang\en\behavior-attributes.lang
2015-12-02 10:39:07,290 DEBUG [main] stencyl.sw.loc.LanguagePack: Reading... lang\en\behavior-create.lang
2015-12-02 10:39:07,290 DEBUG [main] stencyl.sw.loc.LanguagePack: Reading... lang\en\behavior-byob.lang
2015-12-02 10:39:07,290 DEBUG [main] stencyl.sw.loc.LanguagePack: Reading... lang\en\editor-actor-main.lang
2015-12-02 10:39:07,290 DEBUG [main] stencyl.sw.loc.LanguagePack: Reading... lang\en\editor-actor-physics.lang
2015-12-02 10:39:07,290 DEBUG [main] stencyl.sw.loc.LanguagePack: Reading... lang\en\editor-background.lang
2015-12-02 10:39:07,290 DEBUG [main] stencyl.sw.loc.LanguagePack: Reading... lang\en\editor-behaviorchooser.lang
2015-12-02 10:39:07,290 DEBUG [main] stencyl.sw.loc.LanguagePack: Reading... lang\en\editor-desktop.lang
2015-12-02 10:39:07,290 DEBUG [main] stencyl.sw.loc.LanguagePack: Reading... lang\en\editor-font.lang
2015-12-02 10:39:07,290 DEBUG [main] stencyl.sw.loc.LanguagePack: Reading... lang\en\editor-sound.lang
2015-12-02 10:39:07,290 DEBUG [main] stencyl.sw.loc.LanguagePack: Reading... lang\en\editor-tileset.lang
2015-12-02 10:39:07,290 DEBUG [main] stencyl.sw.loc.LanguagePack: Reading... lang\en\editor-preloader.lang
2015-12-02 10:39:07,290 DEBUG [main] stencyl.sw.loc.LanguagePack: Reading... lang\en\editor-mobile.lang
2015-12-02 10:39:07,290 DEBUG [main] stencyl.sw.loc.LanguagePack: Reading... lang\en\editor-groups.lang
2015-12-02 10:39:07,290 DEBUG [main] stencyl.sw.loc.LanguagePack: Reading... lang\en\editor-attributes.lang
2015-12-02 10:39:07,290 DEBUG [main] stencyl.sw.loc.LanguagePack: Reading... lang\en\editor-input.lang
2015-12-02 10:39:07,290 DEBUG [main] stencyl.sw.loc.LanguagePack: Reading... lang\en\editor-animation.lang
2015-12-02 10:39:07,290 DEBUG [main] stencyl.sw.loc.LanguagePack: Reading... lang\en\editor-scene-main.lang
2015-12-02 10:39:07,290 DEBUG [main] stencyl.sw.loc.LanguagePack: Reading... lang\en\editor-scene-create.lang
2015-12-02 10:39:07,290 DEBUG [main] stencyl.sw.loc.LanguagePack: Reading... lang\en\editor-scene-tools.lang
2015-12-02 10:39:07,290 DEBUG [main] stencyl.sw.loc.LanguagePack: Reading... lang\en\global-phrases.lang
2015-12-02 10:39:07,290 DEBUG [main] stencyl.sw.loc.LanguagePack: Reading... lang\en\global-errors.lang
2015-12-02 10:39:07,290 DEBUG [main] stencyl.sw.loc.LanguagePack: Reading... lang\en\global-menu.lang
2015-12-02 10:39:07,290 DEBUG [main] stencyl.sw.loc.LanguagePack: Reading... lang\en\global-welcome.lang
2015-12-02 10:39:07,290 DEBUG [main] stencyl.sw.loc.LanguagePack: Reading... lang\en\global-dashboard.lang
2015-12-02 10:39:07,290 DEBUG [main] stencyl.sw.loc.LanguagePack: Reading... lang\en\global-publish.lang
2015-12-02 10:39:07,290 DEBUG [main] stencyl.sw.loc.LanguagePack: Reading... lang\en\global-updater.lang
2015-12-02 10:39:07,290 DEBUG [main] stencyl.sw.loc.LanguagePack: Reading... lang\en\global-chat.lang
2015-12-02 10:39:07,306 DEBUG [main] stencyl.sw.loc.LanguagePack: Reading... lang\en\global-misc.lang
2015-12-02 10:39:07,306 DEBUG [main] stencyl.sw.loc.LanguagePack: Reading... lang\en\global-forge.lang
2015-12-02 10:39:07,306 DEBUG [main] stencyl.sw.loc.LanguagePack: Reading... lang\en\global-prefs.lang
2015-12-02 10:39:07,306 DEBUG [main] stencyl.sw.loc.LanguagePack: Reading... lang\en\global-creategame.lang
2015-12-02 10:39:07,306 DEBUG [main] stencyl.sw.loc.LanguagePack: Reading... lang\en\behavior-main.lang
2015-12-02 10:39:07,306 DEBUG [main] stencyl.sw.loc.LanguagePack: Reading... lang\en\behavior-blocks.lang
2015-12-02 10:39:07,306 DEBUG [main] stencyl.sw.loc.LanguagePack: Reading... lang\en\behavior-blockhelp.lang
2015-12-02 10:39:07,306 DEBUG [main] stencyl.sw.loc.LanguagePack: Reading... lang\en\behavior-events.lang
2015-12-02 10:39:07,306 DEBUG [main] stencyl.sw.loc.LanguagePack: Reading... lang\en\behavior-code.lang
2015-12-02 10:39:07,306 DEBUG [main] stencyl.sw.loc.LanguagePack: Reading... lang\en\behavior-attributes.lang
2015-12-02 10:39:07,306 DEBUG [main] stencyl.sw.loc.LanguagePack: Reading... lang\en\behavior-create.lang
2015-12-02 10:39:07,306 DEBUG [main] stencyl.sw.loc.LanguagePack: Reading... lang\en\behavior-byob.lang
2015-12-02 10:39:07,306 DEBUG [main] stencyl.sw.loc.LanguagePack: Reading... lang\en\editor-actor-main.lang
2015-12-02 10:39:07,306 DEBUG [main] stencyl.sw.loc.LanguagePack: Reading... lang\en\editor-actor-physics.lang
2015-12-02 10:39:07,306 DEBUG [main] stencyl.sw.loc.LanguagePack: Reading... lang\en\editor-background.lang
2015-12-02 10:39:07,306 DEBUG [main] stencyl.sw.loc.LanguagePack: Reading... lang\en\editor-behaviorchooser.lang
2015-12-02 10:39:07,306 DEBUG [main] stencyl.sw.loc.LanguagePack: Reading... lang\en\editor-desktop.lang
2015-12-02 10:39:07,306 DEBUG [main] stencyl.sw.loc.LanguagePack: Reading... lang\en\editor-font.lang
2015-12-02 10:39:07,306 DEBUG [main] stencyl.sw.loc.LanguagePack: Reading... lang\en\editor-sound.lang
2015-12-02 10:39:07,306 DEBUG [main] stencyl.sw.loc.LanguagePack: Reading... lang\en\editor-tileset.lang
2015-12-02 10:39:07,306 DEBUG [main] stencyl.sw.loc.LanguagePack: Reading... lang\en\editor-preloader.lang
2015-12-02 10:39:07,306 DEBUG [main] stencyl.sw.loc.LanguagePack: Reading... lang\en\editor-mobile.lang
2015-12-02 10:39:07,306 DEBUG [main] stencyl.sw.loc.LanguagePack: Reading... lang\en\editor-groups.lang
2015-12-02 10:39:07,306 DEBUG [main] stencyl.sw.loc.LanguagePack: Reading... lang\en\editor-attributes.lang
2015-12-02 10:39:07,306 DEBUG [main] stencyl.sw.loc.LanguagePack: Reading... lang\en\editor-input.lang
2015-12-02 10:39:07,306 DEBUG [main] stencyl.sw.loc.LanguagePack: Reading... lang\en\editor-animation.lang
2015-12-02 10:39:07,306 DEBUG [main] stencyl.sw.loc.LanguagePack: Reading... lang\en\editor-scene-main.lang
2015-12-02 10:39:07,306 DEBUG [main] stencyl.sw.loc.LanguagePack: Reading... lang\en\editor-scene-create.lang
2015-12-02 10:39:07,306 DEBUG [main] stencyl.sw.loc.LanguagePack: Reading... lang\en\editor-scene-tools.lang
2015-12-02 10:39:07,321 INFO  [AWT-EventQueue-0] stencyl.sw.SW: Initializing Stencyl.
2015-12-02 10:39:07,321 DEBUG [AWT-EventQueue-0] stencyl.sw.Splash: Set Splash message: Look
2015-12-02 10:39:07,961 INFO  [AWT-EventQueue-0] stencyl.sw.ext.ExtensionDependencyManager: Haxelib actuate 1.6.5
2015-12-02 10:39:07,961 INFO  [AWT-EventQueue-0] stencyl.sw.ext.ExtensionDependencyManager: Haxelib box2d 1.11.0
2015-12-02 10:39:07,961 INFO  [AWT-EventQueue-0] stencyl.sw.ext.ExtensionDependencyManager: Haxelib box2d-fake 1.11.0
2015-12-02 10:39:07,961 INFO  [AWT-EventQueue-0] stencyl.sw.ext.ExtensionDependencyManager: Haxelib console 1.0.0
2015-12-02 10:39:07,961 INFO  [AWT-EventQueue-0] stencyl.sw.ext.ExtensionDependencyManager: Haxelib format 3.1.2
2015-12-02 10:39:07,961 INFO  [AWT-EventQueue-0] stencyl.sw.ext.ExtensionDependencyManager: Haxelib hxcpp 3.2.0
2015-12-02 10:39:07,961 INFO  [AWT-EventQueue-0] stencyl.sw.ext.ExtensionDependencyManager: Haxelib hxtelemetry 0.3.1
2015-12-02 10:39:07,961 INFO  [AWT-EventQueue-0] stencyl.sw.ext.ExtensionDependencyManager: Haxelib layout 1.1.0
2015-12-02 10:39:07,961 INFO  [AWT-EventQueue-0] stencyl.sw.ext.ExtensionDependencyManager: Haxelib lime 2.6.8
2015-12-02 10:39:07,961 INFO  [AWT-EventQueue-0] stencyl.sw.ext.ExtensionDependencyManager: Haxelib openfl 3.3.8
2015-12-02 10:39:07,961 INFO  [AWT-EventQueue-0] stencyl.sw.ext.ExtensionDependencyManager: Haxelib polygonal-ds 1.4.1
2015-12-02 10:39:07,961 INFO  [AWT-EventQueue-0] stencyl.sw.ext.ExtensionDependencyManager: Haxelib polygonal-printf 1.0.0.beta
2015-12-02 10:39:07,961 INFO  [AWT-EventQueue-0] stencyl.sw.ext.ExtensionDependencyManager: Haxelib stencyl 1.0.0
2015-12-02 10:39:07,976 INFO  [AWT-EventQueue-0] stencyl.sw.ext.ExtensionDependencyManager: Haxelib stencyl-cppia 1.0.0
2015-12-02 10:39:07,976 INFO  [AWT-EventQueue-0] stencyl.sw.ext.ExtensionDependencyManager: Haxelib svg 1.0.8
2015-12-02 10:39:07,976 INFO  [AWT-EventQueue-0] stencyl.sw.ext.ExtensionDependencyManager: Haxelib swf 1.7.4
2015-12-02 10:39:07,976 INFO  [AWT-EventQueue-0] stencyl.sw.ext.ExtensionDependencyManager: Haxelib tilelayer 0.2.1
2015-12-02 10:39:07,992 DEBUG [AWT-EventQueue-0] stencyl.sw.util.FileHelper: Matching (non-hidden) files within C:\Users\rmills0865\AppData\Roaming\Stencyl\stencylworks\extensions: []
2015-12-02 10:39:07,992 DEBUG [AWT-EventQueue-0] stencyl.sw.util.FileHelper: Matching (non-hidden) files within C:\Users\rmills0865\AppData\Roaming\Stencyl\stencylworks\extensions: []
2015-12-02 10:39:07,992 DEBUG [AWT-EventQueue-0] stencyl.sw.editors.game.advanced.EngineExtensionManager: Loading engine extensions...
2015-12-02 10:39:07,992 DEBUG [AWT-EventQueue-0] stencyl.sw.util.FileHelper: Directories within C:\Users\rmills0865\AppData\Roaming\Stencyl\stencylworks\engine-extensions: [C:\Users\rmills0865\AppData\Roaming\Stencyl\stencylworks\engine-extensions\ads, C:\Users\rmills0865\AppData\Roaming\Stencyl\stencylworks\engine-extensions\gamecenter, C:\Users\rmills0865\AppData\Roaming\Stencyl\stencylworks\engine-extensions\gestures, C:\Users\rmills0865\AppData\Roaming\Stencyl\stencylworks\engine-extensions\google, C:\Users\rmills0865\AppData\Roaming\Stencyl\stencylworks\engine-extensions\hypertouch, C:\Users\rmills0865\AppData\Roaming\Stencyl\stencylworks\engine-extensions\joystick, C:\Users\rmills0865\AppData\Roaming\Stencyl\stencylworks\engine-extensions\label, C:\Users\rmills0865\AppData\Roaming\Stencyl\stencylworks\engine-extensions\native, C:\Users\rmills0865\AppData\Roaming\Stencyl\stencylworks\engine-extensions\purchases, C:\Users\rmills0865\AppData\Roaming\Stencyl\stencylworks\engine-extensions\test, C:\Users\rmills0865\AppData\Roaming\Stencyl\stencylworks\engine-extensions\test-flash, C:\Users\rmills0865\AppData\Roaming\Stencyl\stencylworks\engine-extensions\test-native, C:\Users\rmills0865\AppData\Roaming\Stencyl\stencylworks\engine-extensions\tileapi]
2015-12-02 10:39:07,992 DEBUG [AWT-EventQueue-0] stencyl.sw.editors.game.advanced.EngineExtensionManager: ads is a core engine extension. Skip.
2015-12-02 10:39:07,992 DEBUG [AWT-EventQueue-0] stencyl.sw.editors.game.advanced.EngineExtensionManager: gamecenter is a core engine extension. Skip.
2015-12-02 10:39:07,992 DEBUG [AWT-EventQueue-0] stencyl.sw.editors.game.advanced.EngineExtensionManager: gestures is a core engine extension. Skip.
2015-12-02 10:39:07,992 DEBUG [AWT-EventQueue-0] stencyl.sw.editors.game.advanced.EngineExtensionManager: google is not a valid engine extension. Skip.
2015-12-02 10:39:07,992 DEBUG [AWT-EventQueue-0] stencyl.sw.editors.game.advanced.EngineExtensionManager: hypertouch is a core engine extension. Skip.
2015-12-02 10:39:07,992 DEBUG [AWT-EventQueue-0] stencyl.sw.editors.game.advanced.EngineExtensionManager: joystick is a core engine extension. Skip.
2015-12-02 10:39:07,992 DEBUG [AWT-EventQueue-0] stencyl.sw.editors.game.advanced.EngineExtensionManager: label is engine extension: Labels (1.0.0).
2015-12-02 10:39:07,992 DEBUG [AWT-EventQueue-0] stencyl.sw.editors.game.advanced.EngineExtensionManager: native is a core engine extension. Skip.
2015-12-02 10:39:07,992 DEBUG [AWT-EventQueue-0] stencyl.sw.editors.game.advanced.EngineExtensionManager: purchases is a core engine extension. Skip.
2015-12-02 10:39:07,992 DEBUG [AWT-EventQueue-0] stencyl.sw.editors.game.advanced.EngineExtensionManager: test is engine extension: Test Extension (1.0.0).
2015-12-02 10:39:07,992 DEBUG [AWT-EventQueue-0] stencyl.sw.editors.game.advanced.EngineExtensionManager: test-flash is engine extension: Test Extension (Flash SWF) (1.0.0).
2015-12-02 10:39:07,992 DEBUG [AWT-EventQueue-0] stencyl.sw.editors.game.advanced.EngineExtensionManager: test-native is engine extension: Test Extension (Native) (1.0.0).
2015-12-02 10:39:07,992 DEBUG [AWT-EventQueue-0] stencyl.sw.editors.game.advanced.EngineExtensionManager: tileapi is engine extension: Tile API (1.0.0).
2015-12-02 10:39:07,992 INFO  [AWT-EventQueue-0] stencyl.sw.editors.game.advanced.EngineExtensionManager: Engine Extensions: [Labels (1.0.0), Test Extension (1.0.0), Test Extension (Flash SWF) (1.0.0), Test Extension (Native) (1.0.0), Tile API (1.0.0)]
2015-12-02 10:39:07,992 WARN  [AWT-EventQueue-0] stencyl.sw.app.ExtensionManager: Couldn't load extension settings.
2015-12-02 10:39:07,992 INFO  [AWT-EventQueue-0] stencyl.sw.app.ExtensionManager: Toolset Extensions: []
2015-12-02 10:39:08,164 DEBUG [AWT-EventQueue-0] stencyl.sw.app.doc.Workspace: Activated: Welcome Center
2015-12-02 10:39:08,179 DEBUG [AWT-EventQueue-0] stencyl.sw.app.App: Silent Authentication.
2015-12-02 10:39:08,179 DEBUG [AWT-EventQueue-0] stencyl.sw.Splash: Dispose Splash
2015-12-02 10:39:08,288 DEBUG [pool-1-thread-1] stencyl.sw.app.tasks.AuthenticateTask: Response: guest
2015-12-02 10:39:08,288 INFO  [pool-1-thread-1] stencyl.sw.app.tasks.AuthenticateTask: Could not log in. Check your login credentials.
2015-12-02 10:40:09,201 INFO  [AWT-EventQueue-0] stencyl.sw.editors.game.settings.GamePropertiesDialog: Creating a blank game.
2015-12-02 10:40:09,217 INFO  [pool-1-thread-1] stencyl.sw.io.write.MasterWriter: Saving a new game.
2015-12-02 10:40:09,217 INFO  [pool-1-thread-1] stencyl.sw.io.write.MasterWriter: Saving game in place.
2015-12-02 10:40:09,217 ERROR [pool-1-thread-1] stencyl.sw.util.FileHelper: File C:\Users\rmills0865\AppData\Roaming\Stencyl\stencylworks\games\INVADERS\game.xml is not a valid XML file. Aborting Backup.
2015-12-02 10:40:11,401 DEBUG [pool-1-thread-1] stencyl.sw.io.write.MasterWriter: Writing out local resources.
2015-12-02 10:40:11,401 DEBUG [pool-1-thread-1] stencyl.sw.util.FileHelper: Saving backup file C:\Users\rmills0865\AppData\Roaming\Stencyl\stencylworks\games\INVADERS\resources\data.xml.bak.
2015-12-02 10:40:11,417 DEBUG [pool-1-thread-1] stencyl.sw.io.write.MasterWriter: Writing out scenes.
2015-12-02 10:40:11,417 DEBUG [pool-1-thread-1] stencyl.sw.io.write.MasterWriter: Copying over snippets.
2015-12-02 10:40:11,417 ERROR [pool-1-thread-1] stencyl.sw.util.FileHelper: File C:\Users\rmills0865\AppData\Roaming\Stencyl\stencylworks\games\INVADERS\snippets\list.xml is not a valid XML file. Aborting Backup.
2015-12-02 10:40:11,417 DEBUG [pool-1-thread-1] stencyl.sw.io.write.MasterWriter: Saving block favorites.
2015-12-02 10:40:11,417 DEBUG [pool-1-thread-1] stencyl.sw.editors.snippet.designer.palette.FavoriteManager: Favorites file C:\Users\rmills0865\AppData\Roaming\Stencyl\stencylworks\games\INVADERS\favorites.xml does not exist.
2015-12-02 10:40:11,417 INFO  [pool-1-thread-1] stencyl.sw.io.write.MasterWriter: Done writing game.
2015-12-02 10:40:11,479 DEBUG [AWT-EventQueue-0] stencyl.sw.util.FileHelper: Deleting: C:\Users\rmills0865\AppData\Local\Temp\stencyl4145165805348966313\sandbox\test\temp
2015-12-02 10:40:11,479 DEBUG [AWT-EventQueue-0] stencyl.sw.util.FileHelper: Deleting: C:\Users\rmills0865\AppData\Roaming\Stencyl\stencylworks\preview\scripts
2015-12-02 10:40:11,479 DEBUG [AWT-EventQueue-0] stencyl.sw.util.FileHelper: Deleting: C:\Users\rmills0865\AppData\Roaming\Stencyl\stencylworks\preview\game
2015-12-02 10:40:11,495 INFO  [AWT-EventQueue-0] stencyl.sw.app.tasks.OpenGameTask: Opening game: INVADERS
2015-12-02 10:40:11,619 DEBUG [AWT-EventQueue-0] stencyl.sw.app.doc.Workspace: Activated: Dashboard
2015-12-02 10:40:11,619 DEBUG [AWT-EventQueue-0] stencyl.sw.util.FileHelper: Trying to delete file that does not exist: C:\Users\rmills0865\AppData\Local\Temp\stencyl4145165805348966313\sandbox\build\code
2015-12-02 10:40:11,619 DEBUG [AWT-EventQueue-0] stencyl.sw.util.FileHelper: Deleting: C:\Users\rmills0865\AppData\Local\Temp\stencyl4145165805348966313\sandbox\test\temp
2015-12-02 10:40:11,651 DEBUG [AWT-EventQueue-0] stencyl.sw.app.tasks.OpenGameTask: Took 156ms
2015-12-02 10:40:11,744 DEBUG [AWT-EventQueue-0] stencyl.sw.editors.game.cgroups.CollisionGroupTree: Loading actor group into tree: Actors
2015-12-02 10:40:11,760 DEBUG [AWT-EventQueue-0] stencyl.sw.editors.game.cgroups.CollisionGroupTree: Loading actor group into tree: Doodads
2015-12-02 10:40:11,760 DEBUG [AWT-EventQueue-0] stencyl.sw.editors.game.cgroups.CollisionGroupTree: Loading actor group into tree: Players
2015-12-02 10:40:11,775 DEBUG [AWT-EventQueue-0] stencyl.sw.editors.game.cgroups.CollisionGroupTree: Loading actor group into tree: Regions
2015-12-02 10:40:11,775 DEBUG [AWT-EventQueue-0] stencyl.sw.editors.game.cgroups.CollisionGroupTree: Loading actor group into tree: Tiles
2015-12-02 10:40:12,337 DEBUG [AWT-EventQueue-0] stencyl.core.lib.Atlas: Getting memory for atlas 0
2015-12-02 10:40:12,337 DEBUG [AWT-EventQueue-0] stencyl.core.lib.Atlas: Getting memory for atlas 1
2015-12-02 10:40:12,352 DEBUG [AWT-EventQueue-0] stencyl.core.lib.Atlas: Getting memory for atlas 2
2015-12-02 10:40:12,352 DEBUG [AWT-EventQueue-0] stencyl.core.lib.Atlas: Getting memory for atlas 3
2015-12-02 10:42:27,804 DEBUG [AWT-EventQueue-0] stencyl.sw.app.doc.Workspace: Loading Closed Resource: Ship
2015-12-02 10:42:27,851 ERROR [AWT-EventQueue-0] root: Unexpected problem on thread AWT-EventQueue-0: null
java.lang.NullPointerException
	at stencyl.sw.app.center.AbstractPage.delete(AbstractPage.java:1329)
	at stencyl.sw.app.lists.AbstractList$6.actionPerformed(AbstractList.java:242)
	at javax.swing.JComponent$ActionStandin.actionPerformed(JComponent.java:3425)
	at javax.swing.SwingUtilities.notifyAction(SwingUtilities.java:1663)
	at javax.swing.JComponent.processKeyBinding(JComponent.java:2882)
	at javax.swing.JComponent.processKeyBindings(JComponent.java:2929)
	at javax.swing.JComponent.processKeyEvent(JComponent.java:2845)
	at java.awt.Component.processEvent(Component.java:6312)
	at java.awt.Container.processEvent(Container.java:2236)
	at java.awt.Component.dispatchEventImpl(Component.java:4891)
	at java.awt.Container.dispatchEventImpl(Container.java:2294)
	at java.awt.Component.dispatchEvent(Component.java:4713)
	at java.awt.KeyboardFocusManager.redispatchEvent(KeyboardFocusManager.java:1954)
	at java.awt.DefaultKeyboardFocusManager.dispatchKeyEvent(DefaultKeyboardFocusManager.java:806)
	at java.awt.DefaultKeyboardFocusManager.preDispatchKeyEvent(DefaultKeyboardFocusManager.java:1074)
	at java.awt.DefaultKeyboardFocusManager.typeAheadAssertions(DefaultKeyboardFocusManager.java:945)
	at java.awt.DefaultKeyboardFocusManager.dispatchEvent(DefaultKeyboardFocusManager.java:771)
	at java.awt.Component.dispatchEventImpl(Component.java:4762)
	at java.awt.Container.dispatchEventImpl(Container.java:2294)
	at java.awt.Window.dispatchEventImpl(Window.java:2750)
	at java.awt.Component.dispatchEvent(Component.java:4713)
	at java.awt.EventQueue.dispatchEventImpl(EventQueue.java:758)
	at java.awt.EventQueue.access$500(EventQueue.java:97)
	at java.awt.EventQueue$3.run(EventQueue.java:709)
	at java.awt.EventQueue$3.run(EventQueue.java:703)
	at java.security.AccessController.doPrivileged(Native Method)
	at java.security.ProtectionDomain$JavaSecurityAccessImpl.doIntersectionPrivilege(ProtectionDomain.java:76)
	at java.security.ProtectionDomain$JavaSecurityAccessImpl.doIntersectionPrivilege(ProtectionDomain.java:86)
	at java.awt.EventQueue$4.run(EventQueue.java:731)
	at java.awt.EventQueue$4.run(EventQueue.java:729)
	at java.security.AccessController.doPrivileged(Native Method)
	at java.security.ProtectionDomain$JavaSecurityAccessImpl.doIntersectionPrivilege(ProtectionDomain.java:76)
	at java.awt.EventQueue.dispatchEvent(EventQueue.java:728)
	at java.awt.EventDispatchThread.pumpOneEventForFilters(EventDispatchThread.java:201)
	at java.awt.EventDispatchThread.pumpEventsForFilter(EventDispatchThread.java:116)
	at java.awt.EventDispatchThread.pumpEventsForHierarchy(EventDispatchThread.java:105)
	at java.awt.EventDispatchThread.pumpEvents(EventDispatchThread.java:101)
	at java.awt.EventDispatchThread.pumpEvents(EventDispatchThread.java:93)
	at java.awt.EventDispatchThread.run(EventDispatchThread.java:82)
2015-12-02 10:42:28,069 DEBUG [pool-1-thread-2] stencyl.sw.util.NotifierHashMap: HashMapEvent [type=VALUE_ADDED, value=ActorEvents_0]
2015-12-02 10:42:28,490 DEBUG [pool-1-thread-2] stencyl.sw.editors.snippet.designer.palette.Palette: Palette asked to refresh: Position
2015-12-02 10:42:28,553 DEBUG [pool-1-thread-2] stencyl.sw.editors.snippet.designer.palette.Palette: Palette asked to refresh: Conditions
2015-12-02 10:42:28,756 DEBUG [pool-1-thread-2] stencyl.sw.editors.snippet.designer.palette.Palette: Palette asked to refresh: Actors
2015-12-02 10:42:28,818 DEBUG [pool-1-thread-2] stencyl.sw.editors.snippet.designer.palette.Palette: Palette asked to refresh: Keyboard & Mouse
2015-12-02 10:42:28,880 DEBUG [pool-1-thread-2] stencyl.sw.editors.snippet.designer.palette.Palette: Palette asked to refresh: Math
2015-12-02 10:42:28,927 DEBUG [pool-1-thread-2] stencyl.sw.editors.snippet.designer.palette.Palette: Palette asked to refresh: Getters
2015-12-02 10:42:29,052 DEBUG [pool-1-thread-2] stencyl.sw.editors.snippet.designer.palette.Palette: Palette asked to refresh: Sound
2015-12-02 10:42:29,099 DEBUG [pool-1-thread-2] stencyl.sw.editors.snippet.designer.palette.Palette: Palette asked to refresh: Triggers
2015-12-02 10:42:29,130 DEBUG [pool-1-thread-2] stencyl.sw.editors.snippet.designer.palette.Palette: Palette asked to refresh: Web
2015-12-02 10:42:29,177 DEBUG [pool-1-thread-2] stencyl.sw.editors.snippet.designer.palette.Palette: Palette asked to refresh: Drawing
2015-12-02 10:42:29,208 DEBUG [pool-1-thread-2] stencyl.sw.editors.snippet.designer.palette.Palette: Palette asked to refresh: Basic
2015-12-02 10:42:29,208 DEBUG [pool-1-thread-2] stencyl.sw.editors.snippet.designer.palette.Palette: Palette asked to refresh: Custom
2015-12-02 10:42:29,208 DEBUG [pool-1-thread-2] stencyl.sw.editors.snippet.designer.palette.Palette: Palette asked to refresh: Extensions
2015-12-02 10:42:29,208 DEBUG [pool-1-thread-2] stencyl.sw.editors.snippet.designer.palette.Palette: Palette asked to refresh: Position
2015-12-02 10:42:29,270 DEBUG [pool-1-thread-2] stencyl.sw.editors.snippet.designer.EditArea: ContextSet for current event: []
2015-12-02 10:42:29,270 DEBUG [pool-1-thread-2] stencyl.sw.editors.snippet.designer.palette.Palette: Palette asked to refresh: Position
2015-12-02 10:42:29,364 DEBUG [AWT-EventQueue-0] stencyl.sw.app.doc.Workspace: Activated: Ship
2015-12-02 10:42:29,395 DEBUG [pool-1-thread-2] stencyl.sw.app.tasks.OpenResourceTask: Open Took 1591ms
2015-12-02 10:42:29,442 DEBUG [AWT-EventQueue-0] stencyl.sw.app.tasks.OpenResourceTask: Total Took 1638ms
2015-12-02 10:43:37,975 DEBUG [AWT-EventQueue-0] stencyl.sw.editors.actor.collision.PreviewPanel: Selected: [X,Y: 0, 0 ]
2015-12-02 10:47:28,184 DEBUG [AWT-EventQueue-0] stencyl.sw.app.App: Action: Save Game
2015-12-02 10:47:28,184 INFO  [pool-1-thread-3] stencyl.sw.io.write.MasterWriter: Saving game in place.
2015-12-02 10:47:28,200 DEBUG [pool-1-thread-3] stencyl.sw.util.FileHelper: Saving backup file C:\Users\rmills0865\AppData\Roaming\Stencyl\stencylworks\games\INVADERS\game.xml.bak.
2015-12-02 10:47:29,666 DEBUG [pool-1-thread-3] stencyl.sw.io.write.MasterWriter: Writing out local resources.
2015-12-02 10:47:29,666 DEBUG [pool-1-thread-3] stencyl.sw.util.FileHelper: Saving backup file C:\Users\rmills0865\AppData\Roaming\Stencyl\stencylworks\games\INVADERS\resources\data.xml.bak.
2015-12-02 10:47:29,682 DEBUG [pool-1-thread-3] stencyl.sw.editors.actor.appearance.AppearancePage: Using default size.
2015-12-02 10:47:29,698 DEBUG [pool-1-thread-3] stencyl.sw.io.write.resource.SpriteWriter: Mark actor's sprite as clean (disk).
2015-12-02 10:47:29,698 DEBUG [pool-1-thread-3] stencyl.sw.io.write.MasterWriter: Writing out scenes.
2015-12-02 10:47:29,698 DEBUG [pool-1-thread-3] stencyl.sw.io.write.MasterWriter: Copying over snippets.
2015-12-02 10:47:29,713 DEBUG [pool-1-thread-3] stencyl.sw.util.FileHelper: Saving backup file C:\Users\rmills0865\AppData\Roaming\Stencyl\stencylworks\games\INVADERS\snippets\list.xml.bak.
2015-12-02 10:47:29,713 DEBUG [pool-1-thread-3] stencyl.sw.app.doc.StencylDoc: Marking as written to disk: Ship
2015-12-02 10:47:29,713 DEBUG [pool-1-thread-3] stencyl.sw.io.write.resource.SnippetsWriter: Copy from opened to disk: ActorEvents_0
2015-12-02 10:47:29,713 DEBUG [pool-1-thread-3] stencyl.sw.util.FileHelper: Trying to delete file that does not exist: C:\Users\rmills0865\AppData\Roaming\Stencyl\stencylworks\games\INVADERS\behavior-hx\ActorEvents_0.hx
2015-12-02 10:47:29,729 DEBUG [pool-1-thread-3] stencyl.sw.io.write.resource.SnippetsWriter: Copied to: C:\Users\rmills0865\AppData\Roaming\Stencyl\stencylworks\games\INVADERS\snippets\ActorEvents_0.design
2015-12-02 10:47:29,729 DEBUG [pool-1-thread-3] stencyl.sw.io.write.MasterWriter: Saving block favorites.
2015-12-02 10:47:29,729 INFO  [pool-1-thread-3] stencyl.sw.io.write.MasterWriter: Done writing game.
2015-12-02 10:47:32,365 INFO  [AWT-EventQueue-0] stencyl.sw.app.App: Attempting to quit out of Stencyl.
2015-12-02 10:47:34,097 DEBUG [AWT-EventQueue-0] stencyl.sw.util.Util: Running command: [taskkill, /im, neko.exe, /f]
2015-12-02 10:47:34,159 DEBUG [Thread-7] stencyl.sw.util.StreamGobbler: [taskkill] ERROR: The process "neko.exe" not found.
2015-12-02 10:47:34,159 DEBUG [AWT-EventQueue-0] stencyl.sw.util.Util: Process 'taskkill' exited with code: 128
2015-12-02 10:47:34,159 DEBUG [AWT-EventQueue-0] stencyl.sw.util.Util: Running command: [taskkill, /im, adb.exe, /f]
2015-12-02 10:47:34,222 DEBUG [Thread-8] stencyl.sw.util.StreamGobbler: [taskkill] ERROR: The process "adb.exe" not found.
2015-12-02 10:47:34,222 DEBUG [AWT-EventQueue-0] stencyl.sw.util.Util: Process 'taskkill' exited with code: 128
2015-12-02 10:47:34,222 DEBUG [AWT-EventQueue-0] stencyl.sw.util.Util: Running command: [taskkill, /im, arm-linux-androideabi-g++.exe, /f]
2015-12-02 10:47:34,284 DEBUG [Thread-9] stencyl.sw.util.StreamGobbler: [taskkill] ERROR: The process "arm-linux-androideabi-g++.exe" not found.
2015-12-02 10:47:34,284 DEBUG [AWT-EventQueue-0] stencyl.sw.util.Util: Process 'taskkill' exited with code: 128
2015-12-02 10:47:34,284 DEBUG [AWT-EventQueue-0] stencyl.sw.util.Util: Running command: [taskkill, /im, cc1plus.exe, /f]
2015-12-02 10:47:34,331 DEBUG [Thread-10] stencyl.sw.util.StreamGobbler: [taskkill] ERROR: The process "cc1plus.exe" not found.
2015-12-02 10:47:34,331 DEBUG [AWT-EventQueue-0] stencyl.sw.util.Util: Process 'taskkill' exited with code: 128
2015-12-02 10:47:34,346 DEBUG [AWT-EventQueue-0] stencyl.sw.util.Util: Running command: [taskkill, /im, tail.exe, /f]
2015-12-02 10:47:34,393 DEBUG [Thread-11] stencyl.sw.util.StreamGobbler: [taskkill] ERROR: The process "tail.exe" not found.
2015-12-02 10:47:34,393 DEBUG [AWT-EventQueue-0] stencyl.sw.util.Util: Process 'taskkill' exited with code: 128
2015-12-02 10:47:34,393 DEBUG [AWT-EventQueue-0] stencyl.sw.util.Util: Running command: [taskkill, /im, ios-sim.exe, /f]
2015-12-02 10:47:34,456 DEBUG [Thread-12] stencyl.sw.util.StreamGobbler: [taskkill] ERROR: The process "ios-sim.exe" not found.
2015-12-02 10:47:34,456 DEBUG [AWT-EventQueue-0] stencyl.sw.util.Util: Process 'taskkill' exited with code: 128
2015-12-02 10:47:34,456 DEBUG [AWT-EventQueue-0] stencyl.sw.app.App: Destroying extensions.
2015-12-02 10:47:34,456 DEBUG [AWT-EventQueue-0] stencyl.sw.app.App: Performing final close.
2015-12-02 10:47:34,456 INFO  [AWT-EventQueue-0] stencyl.sw.app.App: Exiting...
2015-12-02 10:47:34,456 DEBUG [AWT-EventQueue-0] stencyl.sw.app.App: Destroying Temporary Sandbox.
2015-12-02 10:47:34,456 DEBUG [AWT-EventQueue-0] stencyl.sw.util.FileHelper: Deleting: C:\Users\rmills0865\AppData\Local\Temp\stencyl4145165805348966313
