2015-12-15 08:21:42,823 INFO  [main] stencyl.sw.Session: Logfile: C:\Users\aansell\Google Drive\Roosevelt OGPC\stencylworks\logs\2015-12-15_08-21-42.log
2015-12-15 08:21:42,838 INFO  [main] stencyl.sw.Session: OS Name: Windows 7
2015-12-15 08:21:42,838 INFO  [main] stencyl.sw.Session: OS Version: 6.1 (64-bit)
2015-12-15 08:21:42,838 INFO  [main] stencyl.sw.Session: Java Version: 1.8.0_60
2015-12-15 08:21:42,838 INFO  [main] stencyl.sw.Session: Stencyl Version: 3.3.2 (b8734)
2015-12-15 08:21:42,838 INFO  [main] stencyl.sw.Session: Stencyl Workspace: C:\Users\aansell\Google Drive\Roosevelt OGPC\
2015-12-15 08:21:42,854 INFO  [main] stencyl.sw.Session: User Working Directory: C:\Program Files (x86)\Stencyl
2015-12-15 08:21:42,854 INFO  [main] stencyl.sw.Session: User Home Directory: C:\Users\aansell
2015-12-15 08:21:42,854 INFO  [main] stencyl.sw.Session: System Path: C:\Program Files (x86)\Intel\iCLS Client\;C:\Program Files\Intel\iCLS Client\;C:\Windows\system32;C:\Windows;C:\Windows\System32\Wbem;C:\Windows\System32\WindowsPowerShell\v1.0\;C:\Windows\CCM;C:\Program Files\Intel\Intel(R) Management Engine Components\DAL;C:\Program Files\Intel\Intel(R) Management Engine Components\IPT;C:\Program Files (x86)\Intel\Intel(R) Management Engine Components\DAL;C:\Program Files (x86)\Intel\Intel(R) Management Engine Components\IPT;C:\Program Files (x86)\QuickTime\QTSystem\;C:\Program Files (x86)\Stencyl\runtimes\jre-win\bin
2015-12-15 08:21:43,072 DEBUG [main] stencyl.sw.util.FileHelper: Deleting: C:\Users\aansell\AppData\Local\Temp\stencyl8831910347885219090
2015-12-15 08:21:43,072 DEBUG [main] stencyl.sw.loc.LanguagePack: Reading... lang\en\global-phrases.lang
2015-12-15 08:21:43,088 DEBUG [main] stencyl.sw.loc.LanguagePack: Reading... lang\en\global-errors.lang
2015-12-15 08:21:43,088 DEBUG [main] stencyl.sw.loc.LanguagePack: Reading... lang\en\global-menu.lang
2015-12-15 08:21:43,088 DEBUG [main] stencyl.sw.loc.LanguagePack: Reading... lang\en\global-welcome.lang
2015-12-15 08:21:43,104 DEBUG [main] stencyl.sw.loc.LanguagePack: Reading... lang\en\global-dashboard.lang
2015-12-15 08:21:43,104 DEBUG [main] stencyl.sw.loc.LanguagePack: Reading... lang\en\global-publish.lang
2015-12-15 08:21:43,104 DEBUG [main] stencyl.sw.loc.LanguagePack: Reading... lang\en\global-updater.lang
2015-12-15 08:21:43,104 DEBUG [main] stencyl.sw.loc.LanguagePack: Reading... lang\en\global-chat.lang
2015-12-15 08:21:43,104 DEBUG [main] stencyl.sw.loc.LanguagePack: Reading... lang\en\global-misc.lang
2015-12-15 08:21:43,104 DEBUG [main] stencyl.sw.loc.LanguagePack: Reading... lang\en\global-forge.lang
2015-12-15 08:21:43,104 DEBUG [main] stencyl.sw.loc.LanguagePack: Reading... lang\en\global-prefs.lang
2015-12-15 08:21:43,119 DEBUG [main] stencyl.sw.loc.LanguagePack: Reading... lang\en\global-creategame.lang
2015-12-15 08:21:43,119 DEBUG [main] stencyl.sw.loc.LanguagePack: Reading... lang\en\behavior-main.lang
2015-12-15 08:21:43,119 DEBUG [main] stencyl.sw.loc.LanguagePack: Reading... lang\en\behavior-blocks.lang
2015-12-15 08:21:43,119 DEBUG [main] stencyl.sw.loc.LanguagePack: Reading... lang\en\behavior-blockhelp.lang
2015-12-15 08:21:43,119 DEBUG [main] stencyl.sw.loc.LanguagePack: Reading... lang\en\behavior-events.lang
2015-12-15 08:21:43,119 DEBUG [main] stencyl.sw.loc.LanguagePack: Reading... lang\en\behavior-code.lang
2015-12-15 08:21:43,119 DEBUG [main] stencyl.sw.loc.LanguagePack: Reading... lang\en\behavior-attributes.lang
2015-12-15 08:21:43,119 DEBUG [main] stencyl.sw.loc.LanguagePack: Reading... lang\en\behavior-create.lang
2015-12-15 08:21:43,119 DEBUG [main] stencyl.sw.loc.LanguagePack: Reading... lang\en\behavior-byob.lang
2015-12-15 08:21:43,119 DEBUG [main] stencyl.sw.loc.LanguagePack: Reading... lang\en\editor-actor-main.lang
2015-12-15 08:21:43,119 DEBUG [main] stencyl.sw.loc.LanguagePack: Reading... lang\en\editor-actor-physics.lang
2015-12-15 08:21:43,135 DEBUG [main] stencyl.sw.loc.LanguagePack: Reading... lang\en\editor-background.lang
2015-12-15 08:21:43,135 DEBUG [main] stencyl.sw.loc.LanguagePack: Reading... lang\en\editor-behaviorchooser.lang
2015-12-15 08:21:43,135 DEBUG [main] stencyl.sw.loc.LanguagePack: Reading... lang\en\editor-desktop.lang
2015-12-15 08:21:43,135 DEBUG [main] stencyl.sw.loc.LanguagePack: Reading... lang\en\editor-font.lang
2015-12-15 08:21:43,135 DEBUG [main] stencyl.sw.loc.LanguagePack: Reading... lang\en\editor-sound.lang
2015-12-15 08:21:43,135 DEBUG [main] stencyl.sw.loc.LanguagePack: Reading... lang\en\editor-tileset.lang
2015-12-15 08:21:43,135 DEBUG [main] stencyl.sw.loc.LanguagePack: Reading... lang\en\editor-preloader.lang
2015-12-15 08:21:43,150 DEBUG [main] stencyl.sw.loc.LanguagePack: Reading... lang\en\editor-mobile.lang
2015-12-15 08:21:43,150 DEBUG [main] stencyl.sw.loc.LanguagePack: Reading... lang\en\editor-groups.lang
2015-12-15 08:21:43,150 DEBUG [main] stencyl.sw.loc.LanguagePack: Reading... lang\en\editor-attributes.lang
2015-12-15 08:21:43,150 DEBUG [main] stencyl.sw.loc.LanguagePack: Reading... lang\en\editor-input.lang
2015-12-15 08:21:43,150 DEBUG [main] stencyl.sw.loc.LanguagePack: Reading... lang\en\editor-animation.lang
2015-12-15 08:21:43,150 DEBUG [main] stencyl.sw.loc.LanguagePack: Reading... lang\en\editor-scene-main.lang
2015-12-15 08:21:43,150 DEBUG [main] stencyl.sw.loc.LanguagePack: Reading... lang\en\editor-scene-create.lang
2015-12-15 08:21:43,150 DEBUG [main] stencyl.sw.loc.LanguagePack: Reading... lang\en\editor-scene-tools.lang
2015-12-15 08:21:43,150 DEBUG [main] stencyl.sw.loc.LanguagePack: Reading... lang\en\global-phrases.lang
2015-12-15 08:21:43,150 DEBUG [main] stencyl.sw.loc.LanguagePack: Reading... lang\en\global-errors.lang
2015-12-15 08:21:43,150 DEBUG [main] stencyl.sw.loc.LanguagePack: Reading... lang\en\global-menu.lang
2015-12-15 08:21:43,150 DEBUG [main] stencyl.sw.loc.LanguagePack: Reading... lang\en\global-welcome.lang
2015-12-15 08:21:43,150 DEBUG [main] stencyl.sw.loc.LanguagePack: Reading... lang\en\global-dashboard.lang
2015-12-15 08:21:43,150 DEBUG [main] stencyl.sw.loc.LanguagePack: Reading... lang\en\global-publish.lang
2015-12-15 08:21:43,150 DEBUG [main] stencyl.sw.loc.LanguagePack: Reading... lang\en\global-updater.lang
2015-12-15 08:21:43,150 DEBUG [main] stencyl.sw.loc.LanguagePack: Reading... lang\en\global-chat.lang
2015-12-15 08:21:43,150 DEBUG [main] stencyl.sw.loc.LanguagePack: Reading... lang\en\global-misc.lang
2015-12-15 08:21:43,150 DEBUG [main] stencyl.sw.loc.LanguagePack: Reading... lang\en\global-forge.lang
2015-12-15 08:21:43,150 DEBUG [main] stencyl.sw.loc.LanguagePack: Reading... lang\en\global-prefs.lang
2015-12-15 08:21:43,150 DEBUG [main] stencyl.sw.loc.LanguagePack: Reading... lang\en\global-creategame.lang
2015-12-15 08:21:43,150 DEBUG [main] stencyl.sw.loc.LanguagePack: Reading... lang\en\behavior-main.lang
2015-12-15 08:21:43,150 DEBUG [main] stencyl.sw.loc.LanguagePack: Reading... lang\en\behavior-blocks.lang
2015-12-15 08:21:43,150 DEBUG [main] stencyl.sw.loc.LanguagePack: Reading... lang\en\behavior-blockhelp.lang
2015-12-15 08:21:43,150 DEBUG [main] stencyl.sw.loc.LanguagePack: Reading... lang\en\behavior-events.lang
2015-12-15 08:21:43,150 DEBUG [main] stencyl.sw.loc.LanguagePack: Reading... lang\en\behavior-code.lang
2015-12-15 08:21:43,150 DEBUG [main] stencyl.sw.loc.LanguagePack: Reading... lang\en\behavior-attributes.lang
2015-12-15 08:21:43,150 DEBUG [main] stencyl.sw.loc.LanguagePack: Reading... lang\en\behavior-create.lang
2015-12-15 08:21:43,150 DEBUG [main] stencyl.sw.loc.LanguagePack: Reading... lang\en\behavior-byob.lang
2015-12-15 08:21:43,150 DEBUG [main] stencyl.sw.loc.LanguagePack: Reading... lang\en\editor-actor-main.lang
2015-12-15 08:21:43,150 DEBUG [main] stencyl.sw.loc.LanguagePack: Reading... lang\en\editor-actor-physics.lang
2015-12-15 08:21:43,150 DEBUG [main] stencyl.sw.loc.LanguagePack: Reading... lang\en\editor-background.lang
2015-12-15 08:21:43,150 DEBUG [main] stencyl.sw.loc.LanguagePack: Reading... lang\en\editor-behaviorchooser.lang
2015-12-15 08:21:43,150 DEBUG [main] stencyl.sw.loc.LanguagePack: Reading... lang\en\editor-desktop.lang
2015-12-15 08:21:43,166 DEBUG [main] stencyl.sw.loc.LanguagePack: Reading... lang\en\editor-font.lang
2015-12-15 08:21:43,166 DEBUG [main] stencyl.sw.loc.LanguagePack: Reading... lang\en\editor-sound.lang
2015-12-15 08:21:43,166 DEBUG [main] stencyl.sw.loc.LanguagePack: Reading... lang\en\editor-tileset.lang
2015-12-15 08:21:43,166 DEBUG [main] stencyl.sw.loc.LanguagePack: Reading... lang\en\editor-preloader.lang
2015-12-15 08:21:43,166 DEBUG [main] stencyl.sw.loc.LanguagePack: Reading... lang\en\editor-mobile.lang
2015-12-15 08:21:43,166 DEBUG [main] stencyl.sw.loc.LanguagePack: Reading... lang\en\editor-groups.lang
2015-12-15 08:21:43,166 DEBUG [main] stencyl.sw.loc.LanguagePack: Reading... lang\en\editor-attributes.lang
2015-12-15 08:21:43,166 DEBUG [main] stencyl.sw.loc.LanguagePack: Reading... lang\en\editor-input.lang
2015-12-15 08:21:43,166 DEBUG [main] stencyl.sw.loc.LanguagePack: Reading... lang\en\editor-animation.lang
2015-12-15 08:21:43,166 DEBUG [main] stencyl.sw.loc.LanguagePack: Reading... lang\en\editor-scene-main.lang
2015-12-15 08:21:43,166 DEBUG [main] stencyl.sw.loc.LanguagePack: Reading... lang\en\editor-scene-create.lang
2015-12-15 08:21:43,166 DEBUG [main] stencyl.sw.loc.LanguagePack: Reading... lang\en\editor-scene-tools.lang
2015-12-15 08:21:43,166 INFO  [AWT-EventQueue-0] stencyl.sw.SW: Initializing Stencyl.
2015-12-15 08:21:43,182 DEBUG [AWT-EventQueue-0] stencyl.sw.Splash: Set Splash message: Look
2015-12-15 08:21:44,788 INFO  [AWT-EventQueue-0] stencyl.sw.ext.ExtensionDependencyManager: Haxelib actuate 1.6.5
2015-12-15 08:21:44,788 INFO  [AWT-EventQueue-0] stencyl.sw.ext.ExtensionDependencyManager: Haxelib box2d 1.11.0
2015-12-15 08:21:44,788 INFO  [AWT-EventQueue-0] stencyl.sw.ext.ExtensionDependencyManager: Haxelib box2d-fake 1.11.0
2015-12-15 08:21:44,788 INFO  [AWT-EventQueue-0] stencyl.sw.ext.ExtensionDependencyManager: Haxelib console 1.0.0
2015-12-15 08:21:44,788 INFO  [AWT-EventQueue-0] stencyl.sw.ext.ExtensionDependencyManager: Haxelib format 3.1.2
2015-12-15 08:21:44,788 INFO  [AWT-EventQueue-0] stencyl.sw.ext.ExtensionDependencyManager: Haxelib hxcpp 3.2.0
2015-12-15 08:21:44,788 INFO  [AWT-EventQueue-0] stencyl.sw.ext.ExtensionDependencyManager: Haxelib hxtelemetry 0.3.1
2015-12-15 08:21:44,804 INFO  [AWT-EventQueue-0] stencyl.sw.ext.ExtensionDependencyManager: Haxelib layout 1.1.0
2015-12-15 08:21:44,804 INFO  [AWT-EventQueue-0] stencyl.sw.ext.ExtensionDependencyManager: Haxelib lime 2.6.8
2015-12-15 08:21:44,804 INFO  [AWT-EventQueue-0] stencyl.sw.ext.ExtensionDependencyManager: Haxelib openfl 3.3.8
2015-12-15 08:21:44,804 INFO  [AWT-EventQueue-0] stencyl.sw.ext.ExtensionDependencyManager: Haxelib polygonal-ds 1.4.1
2015-12-15 08:21:44,804 INFO  [AWT-EventQueue-0] stencyl.sw.ext.ExtensionDependencyManager: Haxelib polygonal-printf 1.0.0.beta
2015-12-15 08:21:44,804 INFO  [AWT-EventQueue-0] stencyl.sw.ext.ExtensionDependencyManager: Haxelib stencyl 1.0.0
2015-12-15 08:21:44,804 INFO  [AWT-EventQueue-0] stencyl.sw.ext.ExtensionDependencyManager: Haxelib stencyl-cppia 1.0.0
2015-12-15 08:21:44,820 INFO  [AWT-EventQueue-0] stencyl.sw.ext.ExtensionDependencyManager: Haxelib svg 1.0.8
2015-12-15 08:21:44,820 INFO  [AWT-EventQueue-0] stencyl.sw.ext.ExtensionDependencyManager: Haxelib swf 1.7.4
2015-12-15 08:21:44,820 INFO  [AWT-EventQueue-0] stencyl.sw.ext.ExtensionDependencyManager: Haxelib tilelayer 0.2.1
2015-12-15 08:21:44,820 DEBUG [AWT-EventQueue-0] stencyl.sw.util.FileHelper: Matching (non-hidden) files within C:\Users\aansell\Google Drive\Roosevelt OGPC\stencylworks\extensions: []
2015-12-15 08:21:44,820 DEBUG [AWT-EventQueue-0] stencyl.sw.util.FileHelper: Matching (non-hidden) files within C:\Users\aansell\Google Drive\Roosevelt OGPC\stencylworks\extensions: []
2015-12-15 08:21:44,820 DEBUG [AWT-EventQueue-0] stencyl.sw.editors.game.advanced.EngineExtensionManager: Loading engine extensions...
2015-12-15 08:21:44,820 DEBUG [AWT-EventQueue-0] stencyl.sw.util.FileHelper: Directories within C:\Users\aansell\Google Drive\Roosevelt OGPC\stencylworks\engine-extensions: [C:\Users\aansell\Google Drive\Roosevelt OGPC\stencylworks\engine-extensions\ads, C:\Users\aansell\Google Drive\Roosevelt OGPC\stencylworks\engine-extensions\gamecenter, C:\Users\aansell\Google Drive\Roosevelt OGPC\stencylworks\engine-extensions\gestures, C:\Users\aansell\Google Drive\Roosevelt OGPC\stencylworks\engine-extensions\google, C:\Users\aansell\Google Drive\Roosevelt OGPC\stencylworks\engine-extensions\hypertouch, C:\Users\aansell\Google Drive\Roosevelt OGPC\stencylworks\engine-extensions\joystick, C:\Users\aansell\Google Drive\Roosevelt OGPC\stencylworks\engine-extensions\label, C:\Users\aansell\Google Drive\Roosevelt OGPC\stencylworks\engine-extensions\native, C:\Users\aansell\Google Drive\Roosevelt OGPC\stencylworks\engine-extensions\purchases, C:\Users\aansell\Google Drive\Roosevelt OGPC\stencylworks\engine-extensions\test, C:\Users\aansell\Google Drive\Roosevelt OGPC\stencylworks\engine-extensions\test-flash, C:\Users\aansell\Google Drive\Roosevelt OGPC\stencylworks\engine-extensions\test-native, C:\Users\aansell\Google Drive\Roosevelt OGPC\stencylworks\engine-extensions\tileapi]
2015-12-15 08:21:44,820 DEBUG [AWT-EventQueue-0] stencyl.sw.editors.game.advanced.EngineExtensionManager: ads is a core engine extension. Skip.
2015-12-15 08:21:44,820 DEBUG [AWT-EventQueue-0] stencyl.sw.editors.game.advanced.EngineExtensionManager: gamecenter is a core engine extension. Skip.
2015-12-15 08:21:44,820 DEBUG [AWT-EventQueue-0] stencyl.sw.editors.game.advanced.EngineExtensionManager: gestures is a core engine extension. Skip.
2015-12-15 08:21:44,820 DEBUG [AWT-EventQueue-0] stencyl.sw.editors.game.advanced.EngineExtensionManager: google is not a valid engine extension. Skip.
2015-12-15 08:21:44,820 DEBUG [AWT-EventQueue-0] stencyl.sw.editors.game.advanced.EngineExtensionManager: hypertouch is a core engine extension. Skip.
2015-12-15 08:21:44,820 DEBUG [AWT-EventQueue-0] stencyl.sw.editors.game.advanced.EngineExtensionManager: joystick is a core engine extension. Skip.
2015-12-15 08:21:44,851 DEBUG [AWT-EventQueue-0] stencyl.sw.editors.game.advanced.EngineExtensionManager: label is engine extension: Labels (1.0.0).
2015-12-15 08:21:44,851 DEBUG [AWT-EventQueue-0] stencyl.sw.editors.game.advanced.EngineExtensionManager: native is a core engine extension. Skip.
2015-12-15 08:21:44,851 DEBUG [AWT-EventQueue-0] stencyl.sw.editors.game.advanced.EngineExtensionManager: purchases is a core engine extension. Skip.
2015-12-15 08:21:44,866 DEBUG [AWT-EventQueue-0] stencyl.sw.editors.game.advanced.EngineExtensionManager: test is engine extension: Test Extension (1.0.0).
2015-12-15 08:21:44,866 DEBUG [AWT-EventQueue-0] stencyl.sw.editors.game.advanced.EngineExtensionManager: test-flash is engine extension: Test Extension (Flash SWF) (1.0.0).
2015-12-15 08:21:44,866 DEBUG [AWT-EventQueue-0] stencyl.sw.editors.game.advanced.EngineExtensionManager: test-native is engine extension: Test Extension (Native) (1.0.0).
2015-12-15 08:21:44,866 DEBUG [AWT-EventQueue-0] stencyl.sw.editors.game.advanced.EngineExtensionManager: tileapi is engine extension: Tile API (1.0.0).
2015-12-15 08:21:44,866 INFO  [AWT-EventQueue-0] stencyl.sw.editors.game.advanced.EngineExtensionManager: Engine Extensions: [Labels (1.0.0), Test Extension (1.0.0), Test Extension (Flash SWF) (1.0.0), Test Extension (Native) (1.0.0), Tile API (1.0.0)]
2015-12-15 08:21:44,882 WARN  [AWT-EventQueue-0] stencyl.sw.app.ExtensionManager: Couldn't load extension settings.
2015-12-15 08:21:44,882 INFO  [AWT-EventQueue-0] stencyl.sw.app.ExtensionManager: Toolset Extensions: []
2015-12-15 08:21:45,319 DEBUG [AWT-EventQueue-0] stencyl.sw.app.doc.Workspace: Activated: Welcome Center
2015-12-15 08:21:45,319 DEBUG [AWT-EventQueue-0] stencyl.sw.app.App: Silent Authentication.
2015-12-15 08:21:45,319 DEBUG [AWT-EventQueue-0] stencyl.sw.Splash: Dispose Splash
2015-12-15 08:21:45,537 DEBUG [pool-1-thread-1] stencyl.sw.app.tasks.AuthenticateTask: Response: user:::plans0
2015-12-15 08:21:45,537 DEBUG [pool-1-thread-1] stencyl.sw.util.FileHelper: Deleting: C:\Users\aansell\Google Drive\Roosevelt OGPC\stencylworks\prefs\auth.txt
2015-12-15 08:21:45,553 INFO  [pool-1-thread-1] stencyl.sw.app.tasks.AuthenticateTask: Logged in as: aansell
2015-12-15 08:21:45,568 INFO  [pool-1-thread-1] stencyl.sw.app.tasks.AuthenticateTask: Usergroup: Registered
2015-12-15 08:21:45,771 DEBUG [pool-1-thread-1] stencyl.sw.app.tasks.AuthenticateTask: 200
2015-12-15 08:22:05,275 DEBUG [AWT-EventQueue-0] stencyl.sw.util.FileHelper: Deleting: C:\Users\aansell\AppData\Local\Temp\stencyl8831910347885219090\sandbox\test\temp
2015-12-15 08:22:05,275 DEBUG [AWT-EventQueue-0] stencyl.sw.util.FileHelper: Trying to delete file that does not exist: C:\Users\aansell\Google Drive\Roosevelt OGPC\stencylworks\preview\scripts
2015-12-15 08:22:05,275 DEBUG [AWT-EventQueue-0] stencyl.sw.util.FileHelper: Deleting: C:\Users\aansell\Google Drive\Roosevelt OGPC\stencylworks\preview\game
2015-12-15 08:22:05,275 INFO  [AWT-EventQueue-0] stencyl.sw.app.tasks.OpenGameTask: Opening game: Scene Change Test
2015-12-15 08:22:05,353 DEBUG [pool-1-thread-1] stencyl.core.lib.Game: Loading scene-specific snippet. SceneID: 0
2015-12-15 08:22:05,384 DEBUG [pool-1-thread-1] stencyl.core.lib.Game: Loading scene-specific snippet. SceneID: 1
2015-12-15 08:22:05,416 DEBUG [pool-1-thread-1] stencyl.core.lib.ResourceList: Initializing... 3 : Actor 1
2015-12-15 08:22:05,416 DEBUG [pool-1-thread-1] stencyl.core.lib.ResourceList: Initializing... 4 : Actor 1
2015-12-15 08:22:05,447 DEBUG [pool-1-thread-1] stencyl.core.lib.ResourceList: Initializing... 2 : Block Set 1
2015-12-15 08:22:05,447 DEBUG [pool-1-thread-1] stencyl.core.lib.ResourceList: Initializing... 5 : Button
2015-12-15 08:22:05,447 DEBUG [pool-1-thread-1] stencyl.core.lib.ResourceList: Initializing... 6 : Button
2015-12-15 08:22:05,556 DEBUG [AWT-EventQueue-0] stencyl.core.lib.io.read.SceneReader: Reading header for Scene: 0 (Scene 1) from: scenes\0.xml
2015-12-15 08:22:05,603 DEBUG [AWT-EventQueue-0] stencyl.core.lib.io.read.SceneReader: Reading header for Scene: 0 (Scene 1) from: scenes\0.xml
2015-12-15 08:22:05,665 DEBUG [AWT-EventQueue-0] stencyl.sw.app.doc.Workspace: Activated: Dashboard
2015-12-15 08:22:05,665 DEBUG [AWT-EventQueue-0] stencyl.sw.util.FileHelper: Trying to delete file that does not exist: C:\Users\aansell\AppData\Local\Temp\stencyl8831910347885219090\sandbox\build\code
2015-12-15 08:22:05,665 DEBUG [AWT-EventQueue-0] stencyl.sw.util.FileHelper: Deleting: C:\Users\aansell\AppData\Local\Temp\stencyl8831910347885219090\sandbox\test\temp
2015-12-15 08:22:05,665 DEBUG [AWT-EventQueue-0] stencyl.core.lib.io.read.SceneReader: Reading header for Scene: 0 (Scene 1) from: scenes\0.xml
2015-12-15 08:22:05,728 DEBUG [AWT-EventQueue-0] stencyl.sw.app.tasks.OpenGameTask: Took 453ms
2015-12-15 08:22:05,852 DEBUG [AWT-EventQueue-0] stencyl.sw.editors.game.cgroups.CollisionGroupTree: Loading actor group into tree: Actors
2015-12-15 08:22:05,868 DEBUG [AWT-EventQueue-0] stencyl.sw.editors.game.cgroups.CollisionGroupTree: Loading actor group into tree: Doodads
2015-12-15 08:22:05,884 DEBUG [AWT-EventQueue-0] stencyl.sw.editors.game.cgroups.CollisionGroupTree: Loading actor group into tree: Players
2015-12-15 08:22:05,884 DEBUG [AWT-EventQueue-0] stencyl.sw.editors.game.cgroups.CollisionGroupTree: Loading actor group into tree: Regions
2015-12-15 08:22:05,884 DEBUG [AWT-EventQueue-0] stencyl.sw.editors.game.cgroups.CollisionGroupTree: Loading actor group into tree: Tiles
2015-12-15 08:22:06,820 DEBUG [AWT-EventQueue-0] stencyl.core.lib.Atlas: Getting memory for atlas 0
2015-12-15 08:22:06,820 DEBUG [AWT-EventQueue-0] stencyl.core.lib.Atlas: Added resource 'Block Set 1' to atlas 0
2015-12-15 08:22:06,820 DEBUG [AWT-EventQueue-0] stencyl.core.lib.Atlas: Added resource 'Actor 1' to atlas 0
2015-12-15 08:22:06,820 DEBUG [AWT-EventQueue-0] stencyl.core.lib.Atlas: Added resource 'Button' to atlas 0
2015-12-15 08:22:06,835 DEBUG [AWT-EventQueue-0] stencyl.core.lib.Atlas: Getting memory for atlas 1
2015-12-15 08:22:06,851 DEBUG [AWT-EventQueue-0] stencyl.core.lib.Atlas: Getting memory for atlas 2
2015-12-15 08:22:06,851 DEBUG [AWT-EventQueue-0] stencyl.core.lib.Atlas: Getting memory for atlas 3
2015-12-15 08:22:06,882 DEBUG [AWT-EventQueue-0] stencyl.core.lib.io.read.SceneReader: Reading header for Scene: 0 (Scene 1) from: scenes\0.xml
2015-12-15 08:22:06,882 DEBUG [AWT-EventQueue-0] stencyl.core.lib.io.read.SceneReader: Reading header for Scene: 1 (Scene 2) from: scenes\1.xml
2015-12-15 08:22:10,610 DEBUG [AWT-EventQueue-0] stencyl.sw.app.doc.Workspace: Loading Closed Resource: Scene 1
2015-12-15 08:22:10,610 DEBUG [pool-1-thread-1] stencyl.core.lib.io.read.SceneReader: Reading header for Scene: 0 (Scene 1) from: scenes\0.xml
2015-12-15 08:22:10,782 DEBUG [pool-1-thread-1] stencyl.sw.editors.scene.Designer: Brush Changed
2015-12-15 08:22:11,328 DEBUG [pool-1-thread-1] stencyl.sw.editors.snippet.designer.palette.Palette: Palette asked to refresh: Position
2015-12-15 08:22:11,406 DEBUG [pool-1-thread-1] stencyl.sw.editors.snippet.designer.palette.Palette: Palette asked to refresh: Conditions
2015-12-15 08:22:11,578 DEBUG [pool-1-thread-1] stencyl.sw.editors.snippet.designer.palette.Palette: Palette asked to refresh: Actors
2015-12-15 08:22:11,624 DEBUG [pool-1-thread-1] stencyl.sw.editors.snippet.designer.palette.Palette: Palette asked to refresh: Keyboard & Mouse
2015-12-15 08:22:11,687 DEBUG [pool-1-thread-1] stencyl.sw.editors.snippet.designer.palette.Palette: Palette asked to refresh: Math
2015-12-15 08:22:11,718 DEBUG [pool-1-thread-1] stencyl.sw.editors.snippet.designer.palette.Palette: Palette asked to refresh: Getters
2015-12-15 08:22:11,812 DEBUG [pool-1-thread-1] stencyl.sw.editors.snippet.designer.palette.Palette: Palette asked to refresh: Sound
2015-12-15 08:22:11,827 DEBUG [pool-1-thread-1] stencyl.sw.editors.snippet.designer.palette.Palette: Palette asked to refresh: Triggers
2015-12-15 08:22:11,874 DEBUG [pool-1-thread-1] stencyl.sw.editors.snippet.designer.palette.Palette: Palette asked to refresh: Web
2015-12-15 08:22:11,905 DEBUG [pool-1-thread-1] stencyl.sw.editors.snippet.designer.palette.Palette: Palette asked to refresh: Drawing
2015-12-15 08:22:11,921 DEBUG [pool-1-thread-1] stencyl.sw.editors.snippet.designer.palette.Palette: Palette asked to refresh: Basic
2015-12-15 08:22:11,952 DEBUG [pool-1-thread-1] stencyl.sw.editors.snippet.designer.palette.Palette: Palette asked to refresh: Custom
2015-12-15 08:22:11,952 DEBUG [pool-1-thread-1] stencyl.sw.editors.snippet.designer.palette.Palette: Palette asked to refresh: Extensions
2015-12-15 08:22:11,952 DEBUG [pool-1-thread-1] stencyl.sw.editors.snippet.designer.palette.Palette: Palette asked to refresh: Position
2015-12-15 08:22:11,999 DEBUG [pool-1-thread-1] stencyl.sw.editors.snippet.designer.EditArea: ContextSet for current event: []
2015-12-15 08:22:11,999 DEBUG [pool-1-thread-1] stencyl.sw.editors.snippet.designer.palette.Palette: Palette asked to refresh: Position
2015-12-15 08:22:12,092 DEBUG [AWT-EventQueue-0] stencyl.sw.app.doc.Workspace: Activated: Scene 1
2015-12-15 08:22:12,092 DEBUG [pool-1-thread-1] stencyl.sw.app.tasks.OpenResourceTask: Open Took 1482ms
2015-12-15 08:22:12,155 DEBUG [AWT-EventQueue-0] stencyl.sw.app.tasks.OpenResourceTask: Total Took 1545ms
2015-12-15 08:22:15,228 DEBUG [AWT-EventQueue-0] stencyl.sw.editors.scene.select.SelectionController: Checking if no items: null
2015-12-15 08:22:15,228 DEBUG [AWT-EventQueue-0] stencyl.sw.editors.scene.select.SelectionController: Working with Actors and/or Tiles
2015-12-15 08:22:15,259 DEBUG [AWT-EventQueue-0] stencyl.sw.editors.behavior.SnippetSheet: Field Count: 17
2015-12-15 08:22:15,259 DEBUG [AWT-EventQueue-0] stencyl.sw.editors.scene.select.SelectionController: Case 1: Select New Object (Nothing Previously Selected).
2015-12-15 08:22:15,992 DEBUG [AWT-EventQueue-0] stencyl.sw.editors.scene.select.SelectionController: Checking if no items: [X,Y: 487, -2 0.0 0 ]
2015-12-15 08:22:15,992 DEBUG [AWT-EventQueue-0] stencyl.sw.editors.scene.select.SelectionController: Translating selection: [X,Y: 487, -2 0.0 0 ] by (-149,106)
2015-12-15 08:22:15,992 DEBUG [AWT-EventQueue-0] stencyl.sw.editors.scene.select.SelectionController: Deselect
2015-12-15 08:22:15,992 DEBUG [AWT-EventQueue-0] stencyl.sw.editors.scene.select.SelectionController: Clear Selection
2015-12-15 08:22:15,992 DEBUG [AWT-EventQueue-0] stencyl.sw.editors.behavior.SnippetSheet: Saving Snippet: 4 Way Movement
2015-12-15 08:22:15,992 DEBUG [AWT-EventQueue-0] stencyl.sw.editors.behavior.SnippetSheet: Instance Value: thisactor
2015-12-15 08:22:15,992 DEBUG [AWT-EventQueue-0] stencyl.sw.editors.behavior.SnippetSheet: Value: down
2015-12-15 08:22:15,992 DEBUG [AWT-EventQueue-0] stencyl.sw.editors.behavior.SnippetSheet: Instance Value: down
2015-12-15 08:22:15,992 DEBUG [AWT-EventQueue-0] stencyl.sw.editors.behavior.SnippetSheet: Value: left
2015-12-15 08:22:15,992 DEBUG [AWT-EventQueue-0] stencyl.sw.editors.behavior.SnippetSheet: Instance Value: left
2015-12-15 08:22:15,992 DEBUG [AWT-EventQueue-0] stencyl.sw.editors.behavior.SnippetSheet: Value: right
2015-12-15 08:22:15,992 DEBUG [AWT-EventQueue-0] stencyl.sw.editors.behavior.SnippetSheet: Instance Value: right
2015-12-15 08:22:15,992 DEBUG [AWT-EventQueue-0] stencyl.sw.editors.behavior.SnippetSheet: Instance Value: 0.0
2015-12-15 08:22:15,992 DEBUG [AWT-EventQueue-0] stencyl.sw.editors.behavior.SnippetSheet: Instance Value: 0.0
2015-12-15 08:22:15,992 DEBUG [AWT-EventQueue-0] stencyl.sw.editors.behavior.SnippetSheet: Instance Value: true
2015-12-15 08:22:15,992 DEBUG [AWT-EventQueue-0] stencyl.sw.editors.behavior.SnippetSheet: Instance Value: 30.0
2015-12-15 08:22:15,992 DEBUG [AWT-EventQueue-0] stencyl.sw.editors.behavior.SnippetSheet: Instance Value: false
2015-12-15 08:22:15,992 DEBUG [AWT-EventQueue-0] stencyl.sw.editors.behavior.SnippetSheet: Instance Value: false
2015-12-15 08:22:15,992 DEBUG [AWT-EventQueue-0] stencyl.sw.editors.behavior.SnippetSheet: Instance Value: true
2015-12-15 08:22:15,992 DEBUG [AWT-EventQueue-0] stencyl.sw.editors.behavior.SnippetSheet: Instance Value: false
2015-12-15 08:22:15,992 DEBUG [AWT-EventQueue-0] stencyl.sw.editors.behavior.SnippetSheet: Instance Value: false
2015-12-15 08:22:15,992 DEBUG [AWT-EventQueue-0] stencyl.sw.editors.behavior.SnippetSheet: Instance Value: Animation 0
2015-12-15 08:22:15,992 DEBUG [AWT-EventQueue-0] stencyl.sw.editors.behavior.SnippetSheet: Instance Value: Animation 0
2015-12-15 08:22:15,992 DEBUG [AWT-EventQueue-0] stencyl.sw.editors.behavior.SnippetSheet: Instance Value: Animation 0
2015-12-15 08:22:15,992 DEBUG [AWT-EventQueue-0] stencyl.sw.editors.behavior.SnippetSheet: Instance Value: Animation 0
2015-12-15 08:22:15,992 DEBUG [AWT-EventQueue-0] stencyl.sw.editors.behavior.SnippetSheet: Instance Value: Animation 0
2015-12-15 08:22:15,992 DEBUG [AWT-EventQueue-0] stencyl.sw.editors.behavior.SnippetSheet: Instance Value: Animation 0
2015-12-15 08:22:15,992 DEBUG [AWT-EventQueue-0] stencyl.sw.editors.behavior.SnippetSheet: Instance Value: Animation 0
2015-12-15 08:22:15,992 DEBUG [AWT-EventQueue-0] stencyl.sw.editors.behavior.SnippetSheet: Instance Value: Animation 0
2015-12-15 08:22:15,992 DEBUG [AWT-EventQueue-0] stencyl.sw.editors.behavior.SnippetSheet: Instance Value: true
2015-12-15 08:22:15,992 DEBUG [AWT-EventQueue-0] stencyl.sw.editors.behavior.SnippetSheet: Value: up
2015-12-15 08:22:15,992 DEBUG [AWT-EventQueue-0] stencyl.sw.editors.behavior.SnippetSheet: Instance Value: up
2015-12-15 08:22:15,992 DEBUG [AWT-EventQueue-0] stencyl.sw.editors.scene.inspector.InspectorPane: Inspecting Group...
2015-12-15 08:22:15,992 DEBUG [AWT-EventQueue-0] stencyl.sw.editors.scene.select.SelectionController: End Move Object.
2015-12-15 08:22:18,931 DEBUG [AWT-EventQueue-0] stencyl.sw.editors.scene.select.SelectionController: Checking if no items: 1 [X,Y: 338, 104 0.0 0 ]
2015-12-15 08:22:18,931 DEBUG [AWT-EventQueue-0] stencyl.sw.editors.scene.select.SelectionController: [X,Y: 737, 31 0.0 0 ]
2015-12-15 08:22:18,931 DEBUG [AWT-EventQueue-0] stencyl.sw.editors.scene.select.SelectionController: 1 [X,Y: 338, 104 0.0 0 ]
2015-12-15 08:22:18,931 DEBUG [AWT-EventQueue-0] stencyl.sw.editors.scene.select.SelectionController: Deselect
2015-12-15 08:22:18,931 DEBUG [AWT-EventQueue-0] stencyl.sw.editors.scene.select.SelectionController: Clear Selection
2015-12-15 08:22:18,931 DEBUG [AWT-EventQueue-0] stencyl.sw.editors.behavior.SnippetSheet: Saving Snippet: 4 Way Movement
2015-12-15 08:22:18,931 DEBUG [AWT-EventQueue-0] stencyl.sw.editors.behavior.SnippetSheet: Instance Value: thisactor
2015-12-15 08:22:18,931 DEBUG [AWT-EventQueue-0] stencyl.sw.editors.behavior.SnippetSheet: Value: down
2015-12-15 08:22:18,931 DEBUG [AWT-EventQueue-0] stencyl.sw.editors.behavior.SnippetSheet: Instance Value: down
2015-12-15 08:22:18,931 DEBUG [AWT-EventQueue-0] stencyl.sw.editors.behavior.SnippetSheet: Value: left
2015-12-15 08:22:18,931 DEBUG [AWT-EventQueue-0] stencyl.sw.editors.behavior.SnippetSheet: Instance Value: left
2015-12-15 08:22:18,931 DEBUG [AWT-EventQueue-0] stencyl.sw.editors.behavior.SnippetSheet: Value: right
2015-12-15 08:22:18,931 DEBUG [AWT-EventQueue-0] stencyl.sw.editors.behavior.SnippetSheet: Instance Value: right
2015-12-15 08:22:18,931 DEBUG [AWT-EventQueue-0] stencyl.sw.editors.behavior.SnippetSheet: Instance Value: 0.0
2015-12-15 08:22:18,931 DEBUG [AWT-EventQueue-0] stencyl.sw.editors.behavior.SnippetSheet: Instance Value: 0.0
2015-12-15 08:22:18,931 DEBUG [AWT-EventQueue-0] stencyl.sw.editors.behavior.SnippetSheet: Instance Value: true
2015-12-15 08:22:18,931 DEBUG [AWT-EventQueue-0] stencyl.sw.editors.behavior.SnippetSheet: Instance Value: 30.0
2015-12-15 08:22:18,931 DEBUG [AWT-EventQueue-0] stencyl.sw.editors.behavior.SnippetSheet: Instance Value: false
2015-12-15 08:22:18,931 DEBUG [AWT-EventQueue-0] stencyl.sw.editors.behavior.SnippetSheet: Instance Value: false
2015-12-15 08:22:18,931 DEBUG [AWT-EventQueue-0] stencyl.sw.editors.behavior.SnippetSheet: Instance Value: true
2015-12-15 08:22:18,931 DEBUG [AWT-EventQueue-0] stencyl.sw.editors.behavior.SnippetSheet: Instance Value: false
2015-12-15 08:22:18,931 DEBUG [AWT-EventQueue-0] stencyl.sw.editors.behavior.SnippetSheet: Instance Value: false
2015-12-15 08:22:18,931 DEBUG [AWT-EventQueue-0] stencyl.sw.editors.behavior.SnippetSheet: Instance Value: Animation 0
2015-12-15 08:22:18,931 DEBUG [AWT-EventQueue-0] stencyl.sw.editors.behavior.SnippetSheet: Instance Value: Animation 0
2015-12-15 08:22:18,931 DEBUG [AWT-EventQueue-0] stencyl.sw.editors.behavior.SnippetSheet: Instance Value: Animation 0
2015-12-15 08:22:18,931 DEBUG [AWT-EventQueue-0] stencyl.sw.editors.behavior.SnippetSheet: Instance Value: Animation 0
2015-12-15 08:22:18,931 DEBUG [AWT-EventQueue-0] stencyl.sw.editors.behavior.SnippetSheet: Instance Value: Animation 0
2015-12-15 08:22:18,931 DEBUG [AWT-EventQueue-0] stencyl.sw.editors.behavior.SnippetSheet: Instance Value: Animation 0
2015-12-15 08:22:18,931 DEBUG [AWT-EventQueue-0] stencyl.sw.editors.behavior.SnippetSheet: Instance Value: Animation 0
2015-12-15 08:22:18,931 DEBUG [AWT-EventQueue-0] stencyl.sw.editors.behavior.SnippetSheet: Instance Value: Animation 0
2015-12-15 08:22:18,931 DEBUG [AWT-EventQueue-0] stencyl.sw.editors.behavior.SnippetSheet: Instance Value: true
2015-12-15 08:22:18,931 DEBUG [AWT-EventQueue-0] stencyl.sw.editors.behavior.SnippetSheet: Value: up
2015-12-15 08:22:18,931 DEBUG [AWT-EventQueue-0] stencyl.sw.editors.behavior.SnippetSheet: Instance Value: up
2015-12-15 08:22:18,931 DEBUG [AWT-EventQueue-0] stencyl.sw.editors.scene.select.SelectionController: Case 2C: Select Different Object (Something Previously Selected).
2015-12-15 08:22:19,025 DEBUG [AWT-EventQueue-0] stencyl.sw.editors.scene.select.SelectionController: Checking if no items: [X,Y: 737, 31 0.0 0 ]
2015-12-15 08:22:21,739 DEBUG [AWT-EventQueue-0] stencyl.sw.editors.scene.select.SelectionController: Delete Selection
2015-12-15 08:22:21,739 DEBUG [AWT-EventQueue-0] stencyl.sw.editors.scene.select.SelectionController: Removing Joints from single actor
2015-12-15 08:22:21,739 DEBUG [AWT-EventQueue-0] stencyl.sw.editors.scene.select.SelectionController: Try Remove Joints From Actor4
2015-12-15 08:22:21,739 DEBUG [AWT-EventQueue-0] stencyl.sw.editors.scene.select.SelectionController: Clear Selection
2015-12-15 08:22:21,739 DEBUG [AWT-EventQueue-0] stencyl.sw.editors.scene.select.SelectionController: Commit Delete Selection
2015-12-15 08:22:22,613 DEBUG [AWT-EventQueue-0] stencyl.sw.editors.scene.select.SelectionController: Checking if no items: null
2015-12-15 08:22:22,613 DEBUG [AWT-EventQueue-0] stencyl.sw.editors.scene.select.SelectionController: Working with Actors and/or Tiles
2015-12-15 08:22:22,613 DEBUG [AWT-EventQueue-0] stencyl.sw.editors.scene.select.SelectionController: Case 1: Select New Object (Nothing Previously Selected).
2015-12-15 08:22:22,722 DEBUG [AWT-EventQueue-0] stencyl.sw.editors.scene.select.SelectionController: Checking if no items: [X,Y: 772, 14 0.0 0 ]
2015-12-15 08:22:23,424 DEBUG [AWT-EventQueue-0] stencyl.sw.editors.scene.select.SelectionController: Delete Selection
2015-12-15 08:22:23,424 DEBUG [AWT-EventQueue-0] stencyl.sw.editors.scene.select.SelectionController: Removing Joints from single actor
2015-12-15 08:22:23,424 DEBUG [AWT-EventQueue-0] stencyl.sw.editors.scene.select.SelectionController: Try Remove Joints From Actor5
2015-12-15 08:22:23,424 DEBUG [AWT-EventQueue-0] stencyl.sw.editors.scene.select.SelectionController: Clear Selection
2015-12-15 08:22:23,424 DEBUG [AWT-EventQueue-0] stencyl.sw.editors.scene.select.SelectionController: Commit Delete Selection
2015-12-15 08:22:23,954 DEBUG [AWT-EventQueue-0] stencyl.sw.editors.scene.select.SelectionController: Checking if no items: null
2015-12-15 08:22:23,954 DEBUG [AWT-EventQueue-0] stencyl.sw.editors.scene.select.SelectionController: Working with Actors and/or Tiles
2015-12-15 08:22:23,954 DEBUG [AWT-EventQueue-0] stencyl.sw.editors.scene.select.SelectionController: Case 1: Select New Object (Nothing Previously Selected).
2015-12-15 08:22:24,048 DEBUG [AWT-EventQueue-0] stencyl.sw.editors.scene.select.SelectionController: Checking if no items: [X,Y: 684, 72 0.0 0 ]
2015-12-15 08:22:24,625 DEBUG [AWT-EventQueue-0] stencyl.sw.editors.scene.select.SelectionController: Delete Selection
2015-12-15 08:22:24,625 DEBUG [AWT-EventQueue-0] stencyl.sw.editors.scene.select.SelectionController: Removing Joints from single actor
2015-12-15 08:22:24,625 DEBUG [AWT-EventQueue-0] stencyl.sw.editors.scene.select.SelectionController: Try Remove Joints From Actor3
2015-12-15 08:22:24,625 DEBUG [AWT-EventQueue-0] stencyl.sw.editors.scene.select.SelectionController: Clear Selection
2015-12-15 08:22:24,625 DEBUG [AWT-EventQueue-0] stencyl.sw.editors.scene.select.SelectionController: Commit Delete Selection
2015-12-15 08:22:25,858 DEBUG [AWT-EventQueue-0] stencyl.sw.editors.scene.select.SelectionController: Checking if no items: null
2015-12-15 08:22:25,858 DEBUG [AWT-EventQueue-0] stencyl.sw.editors.scene.select.SelectionController: Working with Actors and/or Tiles
2015-12-15 08:22:25,873 DEBUG [AWT-EventQueue-0] stencyl.sw.editors.behavior.SnippetSheet: Field Count: 17
2015-12-15 08:22:25,873 DEBUG [AWT-EventQueue-0] stencyl.sw.editors.scene.select.SelectionController: Case 1: Select New Object (Nothing Previously Selected).
2015-12-15 08:22:25,998 DEBUG [AWT-EventQueue-0] stencyl.sw.editors.scene.select.SelectionController: Checking if no items: [X,Y: 485, -1 0.0 0 ]
2015-12-15 08:22:26,762 DEBUG [AWT-EventQueue-0] stencyl.sw.editors.scene.select.SelectionController: Delete Selection
2015-12-15 08:22:26,762 DEBUG [AWT-EventQueue-0] stencyl.sw.editors.scene.select.SelectionController: Removing Joints from single actor
2015-12-15 08:22:26,762 DEBUG [AWT-EventQueue-0] stencyl.sw.editors.scene.select.SelectionController: Try Remove Joints From Actor9
2015-12-15 08:22:26,762 DEBUG [AWT-EventQueue-0] stencyl.sw.editors.scene.select.SelectionController: Clear Selection
2015-12-15 08:22:26,762 DEBUG [AWT-EventQueue-0] stencyl.sw.editors.behavior.SnippetSheet: Saving Snippet: 4 Way Movement
2015-12-15 08:22:26,762 DEBUG [AWT-EventQueue-0] stencyl.sw.editors.behavior.SnippetSheet: Instance Value: thisactor
2015-12-15 08:22:26,762 DEBUG [AWT-EventQueue-0] stencyl.sw.editors.behavior.SnippetSheet: Value: down
2015-12-15 08:22:26,762 DEBUG [AWT-EventQueue-0] stencyl.sw.editors.behavior.SnippetSheet: Instance Value: down
2015-12-15 08:22:26,762 DEBUG [AWT-EventQueue-0] stencyl.sw.editors.behavior.SnippetSheet: Value: left
2015-12-15 08:22:26,762 DEBUG [AWT-EventQueue-0] stencyl.sw.editors.behavior.SnippetSheet: Instance Value: left
2015-12-15 08:22:26,762 DEBUG [AWT-EventQueue-0] stencyl.sw.editors.behavior.SnippetSheet: Value: right
2015-12-15 08:22:26,762 DEBUG [AWT-EventQueue-0] stencyl.sw.editors.behavior.SnippetSheet: Instance Value: right
2015-12-15 08:22:26,762 DEBUG [AWT-EventQueue-0] stencyl.sw.editors.behavior.SnippetSheet: Instance Value: 0.0
2015-12-15 08:22:26,762 DEBUG [AWT-EventQueue-0] stencyl.sw.editors.behavior.SnippetSheet: Instance Value: 0.0
2015-12-15 08:22:26,762 DEBUG [AWT-EventQueue-0] stencyl.sw.editors.behavior.SnippetSheet: Instance Value: true
2015-12-15 08:22:26,762 DEBUG [AWT-EventQueue-0] stencyl.sw.editors.behavior.SnippetSheet: Instance Value: 30.0
2015-12-15 08:22:26,762 DEBUG [AWT-EventQueue-0] stencyl.sw.editors.behavior.SnippetSheet: Instance Value: false
2015-12-15 08:22:26,762 DEBUG [AWT-EventQueue-0] stencyl.sw.editors.behavior.SnippetSheet: Instance Value: false
2015-12-15 08:22:26,762 DEBUG [AWT-EventQueue-0] stencyl.sw.editors.behavior.SnippetSheet: Instance Value: true
2015-12-15 08:22:26,762 DEBUG [AWT-EventQueue-0] stencyl.sw.editors.behavior.SnippetSheet: Instance Value: false
2015-12-15 08:22:26,762 DEBUG [AWT-EventQueue-0] stencyl.sw.editors.behavior.SnippetSheet: Instance Value: false
2015-12-15 08:22:26,762 DEBUG [AWT-EventQueue-0] stencyl.sw.editors.behavior.SnippetSheet: Instance Value: Animation 0
2015-12-15 08:22:26,762 DEBUG [AWT-EventQueue-0] stencyl.sw.editors.behavior.SnippetSheet: Instance Value: Animation 0
2015-12-15 08:22:26,762 DEBUG [AWT-EventQueue-0] stencyl.sw.editors.behavior.SnippetSheet: Instance Value: Animation 0
2015-12-15 08:22:26,762 DEBUG [AWT-EventQueue-0] stencyl.sw.editors.behavior.SnippetSheet: Instance Value: Animation 0
2015-12-15 08:22:26,762 DEBUG [AWT-EventQueue-0] stencyl.sw.editors.behavior.SnippetSheet: Instance Value: Animation 0
2015-12-15 08:22:26,762 DEBUG [AWT-EventQueue-0] stencyl.sw.editors.behavior.SnippetSheet: Instance Value: Animation 0
2015-12-15 08:22:26,762 DEBUG [AWT-EventQueue-0] stencyl.sw.editors.behavior.SnippetSheet: Instance Value: Animation 0
2015-12-15 08:22:26,762 DEBUG [AWT-EventQueue-0] stencyl.sw.editors.behavior.SnippetSheet: Instance Value: Animation 0
2015-12-15 08:22:26,762 DEBUG [AWT-EventQueue-0] stencyl.sw.editors.behavior.SnippetSheet: Instance Value: true
2015-12-15 08:22:26,762 DEBUG [AWT-EventQueue-0] stencyl.sw.editors.behavior.SnippetSheet: Value: up
2015-12-15 08:22:26,762 DEBUG [AWT-EventQueue-0] stencyl.sw.editors.behavior.SnippetSheet: Instance Value: up
2015-12-15 08:22:26,762 DEBUG [AWT-EventQueue-0] stencyl.sw.editors.scene.select.SelectionController: Commit Delete Selection
2015-12-15 08:22:27,589 DEBUG [AWT-EventQueue-0] stencyl.sw.editors.scene.select.SelectionController: Checking if no items: null
2015-12-15 08:22:27,589 DEBUG [AWT-EventQueue-0] stencyl.sw.editors.scene.select.SelectionController: Working with Actors and/or Tiles
2015-12-15 08:22:27,605 DEBUG [AWT-EventQueue-0] stencyl.sw.editors.behavior.SnippetSheet: Field Count: 17
2015-12-15 08:22:27,605 DEBUG [AWT-EventQueue-0] stencyl.sw.editors.scene.select.SelectionController: Case 1: Select New Object (Nothing Previously Selected).
2015-12-15 08:22:27,698 DEBUG [AWT-EventQueue-0] stencyl.sw.editors.scene.select.SelectionController: Checking if no items: [X,Y: 536, 119 0.0 0 ]
2015-12-15 08:22:28,385 DEBUG [AWT-EventQueue-0] stencyl.sw.editors.scene.select.SelectionController: Delete Selection
2015-12-15 08:22:28,385 DEBUG [AWT-EventQueue-0] stencyl.sw.editors.scene.select.SelectionController: Removing Joints from single actor
2015-12-15 08:22:28,385 DEBUG [AWT-EventQueue-0] stencyl.sw.editors.scene.select.SelectionController: Try Remove Joints From Actor6
2015-12-15 08:22:28,385 DEBUG [AWT-EventQueue-0] stencyl.sw.editors.scene.select.SelectionController: Clear Selection
2015-12-15 08:22:28,385 DEBUG [AWT-EventQueue-0] stencyl.sw.editors.behavior.SnippetSheet: Saving Snippet: 4 Way Movement
2015-12-15 08:22:28,385 DEBUG [AWT-EventQueue-0] stencyl.sw.editors.behavior.SnippetSheet: Instance Value: thisactor
2015-12-15 08:22:28,385 DEBUG [AWT-EventQueue-0] stencyl.sw.editors.behavior.SnippetSheet: Value: down
2015-12-15 08:22:28,385 DEBUG [AWT-EventQueue-0] stencyl.sw.editors.behavior.SnippetSheet: Instance Value: down
2015-12-15 08:22:28,385 DEBUG [AWT-EventQueue-0] stencyl.sw.editors.behavior.SnippetSheet: Value: left
2015-12-15 08:22:28,385 DEBUG [AWT-EventQueue-0] stencyl.sw.editors.behavior.SnippetSheet: Instance Value: left
2015-12-15 08:22:28,385 DEBUG [AWT-EventQueue-0] stencyl.sw.editors.behavior.SnippetSheet: Value: right
2015-12-15 08:22:28,385 DEBUG [AWT-EventQueue-0] stencyl.sw.editors.behavior.SnippetSheet: Instance Value: right
2015-12-15 08:22:28,385 DEBUG [AWT-EventQueue-0] stencyl.sw.editors.behavior.SnippetSheet: Instance Value: 0.0
2015-12-15 08:22:28,385 DEBUG [AWT-EventQueue-0] stencyl.sw.editors.behavior.SnippetSheet: Instance Value: 0.0
2015-12-15 08:22:28,385 DEBUG [AWT-EventQueue-0] stencyl.sw.editors.behavior.SnippetSheet: Instance Value: true
2015-12-15 08:22:28,385 DEBUG [AWT-EventQueue-0] stencyl.sw.editors.behavior.SnippetSheet: Instance Value: 30.0
2015-12-15 08:22:28,385 DEBUG [AWT-EventQueue-0] stencyl.sw.editors.behavior.SnippetSheet: Instance Value: false
2015-12-15 08:22:28,385 DEBUG [AWT-EventQueue-0] stencyl.sw.editors.behavior.SnippetSheet: Instance Value: false
2015-12-15 08:22:28,385 DEBUG [AWT-EventQueue-0] stencyl.sw.editors.behavior.SnippetSheet: Instance Value: true
2015-12-15 08:22:28,385 DEBUG [AWT-EventQueue-0] stencyl.sw.editors.behavior.SnippetSheet: Instance Value: false
2015-12-15 08:22:28,385 DEBUG [AWT-EventQueue-0] stencyl.sw.editors.behavior.SnippetSheet: Instance Value: false
2015-12-15 08:22:28,385 DEBUG [AWT-EventQueue-0] stencyl.sw.editors.behavior.SnippetSheet: Instance Value: Animation 0
2015-12-15 08:22:28,385 DEBUG [AWT-EventQueue-0] stencyl.sw.editors.behavior.SnippetSheet: Instance Value: Animation 0
2015-12-15 08:22:28,400 DEBUG [AWT-EventQueue-0] stencyl.sw.editors.behavior.SnippetSheet: Instance Value: Animation 0
2015-12-15 08:22:28,400 DEBUG [AWT-EventQueue-0] stencyl.sw.editors.behavior.SnippetSheet: Instance Value: Animation 0
2015-12-15 08:22:28,400 DEBUG [AWT-EventQueue-0] stencyl.sw.editors.behavior.SnippetSheet: Instance Value: Animation 0
2015-12-15 08:22:28,400 DEBUG [AWT-EventQueue-0] stencyl.sw.editors.behavior.SnippetSheet: Instance Value: Animation 0
2015-12-15 08:22:28,400 DEBUG [AWT-EventQueue-0] stencyl.sw.editors.behavior.SnippetSheet: Instance Value: Animation 0
2015-12-15 08:22:28,400 DEBUG [AWT-EventQueue-0] stencyl.sw.editors.behavior.SnippetSheet: Instance Value: Animation 0
2015-12-15 08:22:28,400 DEBUG [AWT-EventQueue-0] stencyl.sw.editors.behavior.SnippetSheet: Instance Value: true
2015-12-15 08:22:28,400 DEBUG [AWT-EventQueue-0] stencyl.sw.editors.behavior.SnippetSheet: Value: up
2015-12-15 08:22:28,400 DEBUG [AWT-EventQueue-0] stencyl.sw.editors.behavior.SnippetSheet: Instance Value: up
2015-12-15 08:22:28,400 DEBUG [AWT-EventQueue-0] stencyl.sw.editors.scene.select.SelectionController: Commit Delete Selection
2015-12-15 08:22:29,321 DEBUG [AWT-EventQueue-0] stencyl.sw.editors.scene.select.SelectionController: Checking if no items: null
2015-12-15 08:22:29,321 DEBUG [AWT-EventQueue-0] stencyl.sw.editors.scene.select.SelectionController: Working with Actors and/or Tiles
2015-12-15 08:22:29,336 DEBUG [AWT-EventQueue-0] stencyl.sw.editors.behavior.SnippetSheet: Field Count: 17
2015-12-15 08:22:29,336 DEBUG [AWT-EventQueue-0] stencyl.sw.editors.scene.select.SelectionController: Case 1: Select New Object (Nothing Previously Selected).
2015-12-15 08:22:29,446 DEBUG [AWT-EventQueue-0] stencyl.sw.editors.scene.select.SelectionController: Checking if no items: [X,Y: 567, 161 0.0 0 ]
2015-12-15 08:22:29,446 DEBUG [AWT-EventQueue-0] stencyl.sw.editors.scene.select.SelectionController: Translating selection: [X,Y: 567, 161 0.0 0 ] by (0,1)
2015-12-15 08:22:29,446 DEBUG [AWT-EventQueue-0] stencyl.sw.editors.scene.select.SelectionController: Deselect
2015-12-15 08:22:29,446 DEBUG [AWT-EventQueue-0] stencyl.sw.editors.scene.select.SelectionController: Clear Selection
2015-12-15 08:22:29,446 DEBUG [AWT-EventQueue-0] stencyl.sw.editors.behavior.SnippetSheet: Saving Snippet: 4 Way Movement
2015-12-15 08:22:29,446 DEBUG [AWT-EventQueue-0] stencyl.sw.editors.behavior.SnippetSheet: Instance Value: thisactor
2015-12-15 08:22:29,446 DEBUG [AWT-EventQueue-0] stencyl.sw.editors.behavior.SnippetSheet: Value: down
2015-12-15 08:22:29,446 DEBUG [AWT-EventQueue-0] stencyl.sw.editors.behavior.SnippetSheet: Instance Value: down
2015-12-15 08:22:29,446 DEBUG [AWT-EventQueue-0] stencyl.sw.editors.behavior.SnippetSheet: Value: left
2015-12-15 08:22:29,446 DEBUG [AWT-EventQueue-0] stencyl.sw.editors.behavior.SnippetSheet: Instance Value: left
2015-12-15 08:22:29,446 DEBUG [AWT-EventQueue-0] stencyl.sw.editors.behavior.SnippetSheet: Value: right
2015-12-15 08:22:29,446 DEBUG [AWT-EventQueue-0] stencyl.sw.editors.behavior.SnippetSheet: Instance Value: right
2015-12-15 08:22:29,446 DEBUG [AWT-EventQueue-0] stencyl.sw.editors.behavior.SnippetSheet: Instance Value: 0.0
2015-12-15 08:22:29,446 DEBUG [AWT-EventQueue-0] stencyl.sw.editors.behavior.SnippetSheet: Instance Value: 0.0
2015-12-15 08:22:29,446 DEBUG [AWT-EventQueue-0] stencyl.sw.editors.behavior.SnippetSheet: Instance Value: true
2015-12-15 08:22:29,446 DEBUG [AWT-EventQueue-0] stencyl.sw.editors.behavior.SnippetSheet: Instance Value: 30.0
2015-12-15 08:22:29,446 DEBUG [AWT-EventQueue-0] stencyl.sw.editors.behavior.SnippetSheet: Instance Value: false
2015-12-15 08:22:29,446 DEBUG [AWT-EventQueue-0] stencyl.sw.editors.behavior.SnippetSheet: Instance Value: false
2015-12-15 08:22:29,446 DEBUG [AWT-EventQueue-0] stencyl.sw.editors.behavior.SnippetSheet: Instance Value: true
2015-12-15 08:22:29,446 DEBUG [AWT-EventQueue-0] stencyl.sw.editors.behavior.SnippetSheet: Instance Value: false
2015-12-15 08:22:29,446 DEBUG [AWT-EventQueue-0] stencyl.sw.editors.behavior.SnippetSheet: Instance Value: false
2015-12-15 08:22:29,446 DEBUG [AWT-EventQueue-0] stencyl.sw.editors.behavior.SnippetSheet: Instance Value: Animation 0
2015-12-15 08:22:29,446 DEBUG [AWT-EventQueue-0] stencyl.sw.editors.behavior.SnippetSheet: Instance Value: Animation 0
2015-12-15 08:22:29,446 DEBUG [AWT-EventQueue-0] stencyl.sw.editors.behavior.SnippetSheet: Instance Value: Animation 0
2015-12-15 08:22:29,446 DEBUG [AWT-EventQueue-0] stencyl.sw.editors.behavior.SnippetSheet: Instance Value: Animation 0
2015-12-15 08:22:29,446 DEBUG [AWT-EventQueue-0] stencyl.sw.editors.behavior.SnippetSheet: Instance Value: Animation 0
2015-12-15 08:22:29,446 DEBUG [AWT-EventQueue-0] stencyl.sw.editors.behavior.SnippetSheet: Instance Value: Animation 0
2015-12-15 08:22:29,446 DEBUG [AWT-EventQueue-0] stencyl.sw.editors.behavior.SnippetSheet: Instance Value: Animation 0
2015-12-15 08:22:29,446 DEBUG [AWT-EventQueue-0] stencyl.sw.editors.behavior.SnippetSheet: Instance Value: Animation 0
2015-12-15 08:22:29,446 DEBUG [AWT-EventQueue-0] stencyl.sw.editors.behavior.SnippetSheet: Instance Value: true
2015-12-15 08:22:29,446 DEBUG [AWT-EventQueue-0] stencyl.sw.editors.behavior.SnippetSheet: Value: up
2015-12-15 08:22:29,446 DEBUG [AWT-EventQueue-0] stencyl.sw.editors.behavior.SnippetSheet: Instance Value: up
2015-12-15 08:22:29,446 DEBUG [AWT-EventQueue-0] stencyl.sw.editors.scene.inspector.InspectorPane: Inspecting Group...
2015-12-15 08:22:29,461 DEBUG [AWT-EventQueue-0] stencyl.sw.editors.scene.select.SelectionController: End Move Object.
2015-12-15 08:22:30,101 DEBUG [AWT-EventQueue-0] stencyl.sw.editors.scene.select.SelectionController: Delete Selection
2015-12-15 08:22:30,101 DEBUG [AWT-EventQueue-0] stencyl.sw.editors.scene.select.SelectionController: Removing Joints from group
2015-12-15 08:22:30,101 DEBUG [AWT-EventQueue-0] stencyl.sw.editors.scene.select.SelectionController: Try Remove Joints From Actor42
2015-12-15 08:22:30,101 DEBUG [AWT-EventQueue-0] stencyl.sw.editors.scene.select.SelectionController: Clear Selection
2015-12-15 08:22:30,101 DEBUG [AWT-EventQueue-0] stencyl.sw.editors.behavior.SnippetSheet: Saving Snippet: 4 Way Movement
2015-12-15 08:22:30,101 DEBUG [AWT-EventQueue-0] stencyl.sw.editors.behavior.SnippetSheet: Instance Value: thisactor
2015-12-15 08:22:30,101 DEBUG [AWT-EventQueue-0] stencyl.sw.editors.behavior.SnippetSheet: Value: down
2015-12-15 08:22:30,101 DEBUG [AWT-EventQueue-0] stencyl.sw.editors.behavior.SnippetSheet: Instance Value: down
2015-12-15 08:22:30,101 DEBUG [AWT-EventQueue-0] stencyl.sw.editors.behavior.SnippetSheet: Value: left
2015-12-15 08:22:30,101 DEBUG [AWT-EventQueue-0] stencyl.sw.editors.behavior.SnippetSheet: Instance Value: left
2015-12-15 08:22:30,101 DEBUG [AWT-EventQueue-0] stencyl.sw.editors.behavior.SnippetSheet: Value: right
2015-12-15 08:22:30,101 DEBUG [AWT-EventQueue-0] stencyl.sw.editors.behavior.SnippetSheet: Instance Value: right
2015-12-15 08:22:30,101 DEBUG [AWT-EventQueue-0] stencyl.sw.editors.behavior.SnippetSheet: Instance Value: 0.0
2015-12-15 08:22:30,101 DEBUG [AWT-EventQueue-0] stencyl.sw.editors.behavior.SnippetSheet: Instance Value: 0.0
2015-12-15 08:22:30,101 DEBUG [AWT-EventQueue-0] stencyl.sw.editors.behavior.SnippetSheet: Instance Value: true
2015-12-15 08:22:30,101 DEBUG [AWT-EventQueue-0] stencyl.sw.editors.behavior.SnippetSheet: Instance Value: 30.0
2015-12-15 08:22:30,101 DEBUG [AWT-EventQueue-0] stencyl.sw.editors.behavior.SnippetSheet: Instance Value: false
2015-12-15 08:22:30,101 DEBUG [AWT-EventQueue-0] stencyl.sw.editors.behavior.SnippetSheet: Instance Value: false
2015-12-15 08:22:30,101 DEBUG [AWT-EventQueue-0] stencyl.sw.editors.behavior.SnippetSheet: Instance Value: true
2015-12-15 08:22:30,101 DEBUG [AWT-EventQueue-0] stencyl.sw.editors.behavior.SnippetSheet: Instance Value: false
2015-12-15 08:22:30,101 DEBUG [AWT-EventQueue-0] stencyl.sw.editors.behavior.SnippetSheet: Instance Value: false
2015-12-15 08:22:30,101 DEBUG [AWT-EventQueue-0] stencyl.sw.editors.behavior.SnippetSheet: Instance Value: Animation 0
2015-12-15 08:22:30,101 DEBUG [AWT-EventQueue-0] stencyl.sw.editors.behavior.SnippetSheet: Instance Value: Animation 0
2015-12-15 08:22:30,101 DEBUG [AWT-EventQueue-0] stencyl.sw.editors.behavior.SnippetSheet: Instance Value: Animation 0
2015-12-15 08:22:30,101 DEBUG [AWT-EventQueue-0] stencyl.sw.editors.behavior.SnippetSheet: Instance Value: Animation 0
2015-12-15 08:22:30,101 DEBUG [AWT-EventQueue-0] stencyl.sw.editors.behavior.SnippetSheet: Instance Value: Animation 0
2015-12-15 08:22:30,101 DEBUG [AWT-EventQueue-0] stencyl.sw.editors.behavior.SnippetSheet: Instance Value: Animation 0
2015-12-15 08:22:30,101 DEBUG [AWT-EventQueue-0] stencyl.sw.editors.behavior.SnippetSheet: Instance Value: Animation 0
2015-12-15 08:22:30,101 DEBUG [AWT-EventQueue-0] stencyl.sw.editors.behavior.SnippetSheet: Instance Value: Animation 0
2015-12-15 08:22:30,101 DEBUG [AWT-EventQueue-0] stencyl.sw.editors.behavior.SnippetSheet: Instance Value: true
2015-12-15 08:22:30,101 DEBUG [AWT-EventQueue-0] stencyl.sw.editors.behavior.SnippetSheet: Value: up
2015-12-15 08:22:30,101 DEBUG [AWT-EventQueue-0] stencyl.sw.editors.behavior.SnippetSheet: Instance Value: up
2015-12-15 08:22:30,101 DEBUG [AWT-EventQueue-0] stencyl.sw.editors.scene.select.SelectionController: Commit Delete Selection
2015-12-15 08:22:32,129 INFO  [AWT-EventQueue-0] stencyl.sw.app.App: Attempting to quit out of Stencyl.
2015-12-15 08:22:35,857 DEBUG [AWT-EventQueue-0] stencyl.sw.util.Util: Running command: [taskkill, /im, neko.exe, /f]
2015-12-15 08:22:35,935 DEBUG [Thread-7] stencyl.sw.util.StreamGobbler: [taskkill] ERROR: The process "neko.exe" not found.
2015-12-15 08:22:35,935 DEBUG [AWT-EventQueue-0] stencyl.sw.util.Util: Process 'taskkill' exited with code: 128
2015-12-15 08:22:35,935 DEBUG [AWT-EventQueue-0] stencyl.sw.util.Util: Running command: [taskkill, /im, adb.exe, /f]
2015-12-15 08:22:36,044 DEBUG [Thread-8] stencyl.sw.util.StreamGobbler: [taskkill] ERROR: The process "adb.exe" not found.
2015-12-15 08:22:36,044 DEBUG [AWT-EventQueue-0] stencyl.sw.util.Util: Process 'taskkill' exited with code: 128
2015-12-15 08:22:36,044 DEBUG [AWT-EventQueue-0] stencyl.sw.util.Util: Running command: [taskkill, /im, arm-linux-androideabi-g++.exe, /f]
2015-12-15 08:22:36,091 DEBUG [Thread-9] stencyl.sw.util.StreamGobbler: [taskkill] ERROR: The process "arm-linux-androideabi-g++.exe" not found.
2015-12-15 08:22:36,091 DEBUG [AWT-EventQueue-0] stencyl.sw.util.Util: Process 'taskkill' exited with code: 128
2015-12-15 08:22:36,091 DEBUG [AWT-EventQueue-0] stencyl.sw.util.Util: Running command: [taskkill, /im, cc1plus.exe, /f]
2015-12-15 08:22:36,138 DEBUG [Thread-10] stencyl.sw.util.StreamGobbler: [taskkill] ERROR: The process "cc1plus.exe" not found.
2015-12-15 08:22:36,138 DEBUG [AWT-EventQueue-0] stencyl.sw.util.Util: Process 'taskkill' exited with code: 128
2015-12-15 08:22:36,138 DEBUG [AWT-EventQueue-0] stencyl.sw.util.Util: Running command: [taskkill, /im, tail.exe, /f]
2015-12-15 08:22:36,185 DEBUG [Thread-11] stencyl.sw.util.StreamGobbler: [taskkill] ERROR: The process "tail.exe" not found.
2015-12-15 08:22:36,185 DEBUG [AWT-EventQueue-0] stencyl.sw.util.Util: Process 'taskkill' exited with code: 128
2015-12-15 08:22:36,185 DEBUG [AWT-EventQueue-0] stencyl.sw.util.Util: Running command: [taskkill, /im, ios-sim.exe, /f]
2015-12-15 08:22:36,232 DEBUG [Thread-12] stencyl.sw.util.StreamGobbler: [taskkill] ERROR: The process "ios-sim.exe" not found.
2015-12-15 08:22:36,247 DEBUG [AWT-EventQueue-0] stencyl.sw.util.Util: Process 'taskkill' exited with code: 128
2015-12-15 08:22:36,247 DEBUG [AWT-EventQueue-0] stencyl.sw.app.App: Destroying extensions.
2015-12-15 08:22:36,247 DEBUG [AWT-EventQueue-0] stencyl.sw.app.App: Performing final close.
2015-12-15 08:22:36,247 INFO  [AWT-EventQueue-0] stencyl.sw.app.App: Exiting...
2015-12-15 08:22:36,247 DEBUG [AWT-EventQueue-0] stencyl.sw.app.App: Destroying Temporary Sandbox.
2015-12-15 08:22:36,247 DEBUG [AWT-EventQueue-0] stencyl.sw.util.FileHelper: Deleting: C:\Users\aansell\AppData\Local\Temp\stencyl8831910347885219090
