2016-01-11 10:49:23,002 INFO  [main] stencyl.sw.Session: Logfile: C:\Users\rmills0865\Google Drive\Roosevelt OGPC\stencylworks\logs\2016-01-11_10-49-22.log
2016-01-11 10:49:23,008 INFO  [main] stencyl.sw.Session: OS Name: Windows 7
2016-01-11 10:49:23,009 INFO  [main] stencyl.sw.Session: OS Version: 6.1 (64-bit)
2016-01-11 10:49:23,009 INFO  [main] stencyl.sw.Session: Java Version: 1.8.0_60
2016-01-11 10:49:23,010 INFO  [main] stencyl.sw.Session: Stencyl Version: 3.3.2 (b8734)
2016-01-11 10:49:23,010 INFO  [main] stencyl.sw.Session: Stencyl Workspace: C:\Users\rmills0865\Google Drive\Roosevelt OGPC\
2016-01-11 10:49:23,011 INFO  [main] stencyl.sw.Session: User Working Directory: C:\Program Files (x86)\Stencyl
2016-01-11 10:49:23,011 INFO  [main] stencyl.sw.Session: User Home Directory: C:\Users\rmills0865
2016-01-11 10:49:23,011 INFO  [main] stencyl.sw.Session: System Path: C:\ProgramData\Oracle\Java\javapath;C:\Program Files (x86)\Intel\iCLS Client\;C:\Program Files\Intel\iCLS Client\;C:\Windows\system32;C:\Windows;C:\Windows\System32\Wbem;C:\Windows\System32\WindowsPowerShell\v1.0\;C:\Windows\CCM;C:\Program Files\Intel\Intel(R) Management Engine Components\DAL;C:\Program Files\Intel\Intel(R) Management Engine Components\IPT;C:\Program Files (x86)\Intel\Intel(R) Management Engine Components\DAL;C:\Program Files (x86)\Intel\Intel(R) Management Engine Components\IPT;C:\Program Files (x86)\QuickTime\QTSystem\;C:\Program Files (x86)\Stencyl\runtimes\jre-win\bin
2016-01-11 10:49:23,091 DEBUG [main] stencyl.sw.util.FileHelper: Deleting: C:\Users\RMILLS~1\AppData\Local\Temp\stencyl5925577093103174430
2016-01-11 10:49:23,092 DEBUG [main] stencyl.sw.loc.LanguagePack: Reading... lang\en\global-phrases.lang
2016-01-11 10:49:23,096 DEBUG [main] stencyl.sw.loc.LanguagePack: Reading... lang\en\global-errors.lang
2016-01-11 10:49:23,098 DEBUG [main] stencyl.sw.loc.LanguagePack: Reading... lang\en\global-menu.lang
2016-01-11 10:49:23,100 DEBUG [main] stencyl.sw.loc.LanguagePack: Reading... lang\en\global-welcome.lang
2016-01-11 10:49:23,101 DEBUG [main] stencyl.sw.loc.LanguagePack: Reading... lang\en\global-dashboard.lang
2016-01-11 10:49:23,102 DEBUG [main] stencyl.sw.loc.LanguagePack: Reading... lang\en\global-publish.lang
2016-01-11 10:49:23,104 DEBUG [main] stencyl.sw.loc.LanguagePack: Reading... lang\en\global-updater.lang
2016-01-11 10:49:23,105 DEBUG [main] stencyl.sw.loc.LanguagePack: Reading... lang\en\global-chat.lang
2016-01-11 10:49:23,105 DEBUG [main] stencyl.sw.loc.LanguagePack: Reading... lang\en\global-misc.lang
2016-01-11 10:49:23,107 DEBUG [main] stencyl.sw.loc.LanguagePack: Reading... lang\en\global-forge.lang
2016-01-11 10:49:23,108 DEBUG [main] stencyl.sw.loc.LanguagePack: Reading... lang\en\global-prefs.lang
2016-01-11 10:49:23,120 DEBUG [main] stencyl.sw.loc.LanguagePack: Reading... lang\en\global-creategame.lang
2016-01-11 10:49:23,120 DEBUG [main] stencyl.sw.loc.LanguagePack: Reading... lang\en\behavior-main.lang
2016-01-11 10:49:23,121 DEBUG [main] stencyl.sw.loc.LanguagePack: Reading... lang\en\behavior-blocks.lang
2016-01-11 10:49:23,128 DEBUG [main] stencyl.sw.loc.LanguagePack: Reading... lang\en\behavior-blockhelp.lang
2016-01-11 10:49:23,130 DEBUG [main] stencyl.sw.loc.LanguagePack: Reading... lang\en\behavior-events.lang
2016-01-11 10:49:23,131 DEBUG [main] stencyl.sw.loc.LanguagePack: Reading... lang\en\behavior-code.lang
2016-01-11 10:49:23,131 DEBUG [main] stencyl.sw.loc.LanguagePack: Reading... lang\en\behavior-attributes.lang
2016-01-11 10:49:23,132 DEBUG [main] stencyl.sw.loc.LanguagePack: Reading... lang\en\behavior-create.lang
2016-01-11 10:49:23,132 DEBUG [main] stencyl.sw.loc.LanguagePack: Reading... lang\en\behavior-byob.lang
2016-01-11 10:49:23,133 DEBUG [main] stencyl.sw.loc.LanguagePack: Reading... lang\en\editor-actor-main.lang
2016-01-11 10:49:23,133 DEBUG [main] stencyl.sw.loc.LanguagePack: Reading... lang\en\editor-actor-physics.lang
2016-01-11 10:49:23,134 DEBUG [main] stencyl.sw.loc.LanguagePack: Reading... lang\en\editor-background.lang
2016-01-11 10:49:23,134 DEBUG [main] stencyl.sw.loc.LanguagePack: Reading... lang\en\editor-behaviorchooser.lang
2016-01-11 10:49:23,134 DEBUG [main] stencyl.sw.loc.LanguagePack: Reading... lang\en\editor-desktop.lang
2016-01-11 10:49:23,135 DEBUG [main] stencyl.sw.loc.LanguagePack: Reading... lang\en\editor-font.lang
2016-01-11 10:49:23,135 DEBUG [main] stencyl.sw.loc.LanguagePack: Reading... lang\en\editor-sound.lang
2016-01-11 10:49:23,136 DEBUG [main] stencyl.sw.loc.LanguagePack: Reading... lang\en\editor-tileset.lang
2016-01-11 10:49:23,136 DEBUG [main] stencyl.sw.loc.LanguagePack: Reading... lang\en\editor-preloader.lang
2016-01-11 10:49:23,136 DEBUG [main] stencyl.sw.loc.LanguagePack: Reading... lang\en\editor-mobile.lang
2016-01-11 10:49:23,137 DEBUG [main] stencyl.sw.loc.LanguagePack: Reading... lang\en\editor-groups.lang
2016-01-11 10:49:23,137 DEBUG [main] stencyl.sw.loc.LanguagePack: Reading... lang\en\editor-attributes.lang
2016-01-11 10:49:23,138 DEBUG [main] stencyl.sw.loc.LanguagePack: Reading... lang\en\editor-input.lang
2016-01-11 10:49:23,138 DEBUG [main] stencyl.sw.loc.LanguagePack: Reading... lang\en\editor-animation.lang
2016-01-11 10:49:23,139 DEBUG [main] stencyl.sw.loc.LanguagePack: Reading... lang\en\editor-scene-main.lang
2016-01-11 10:49:23,139 DEBUG [main] stencyl.sw.loc.LanguagePack: Reading... lang\en\editor-scene-create.lang
2016-01-11 10:49:23,140 DEBUG [main] stencyl.sw.loc.LanguagePack: Reading... lang\en\editor-scene-tools.lang
2016-01-11 10:49:23,140 DEBUG [main] stencyl.sw.loc.LanguagePack: Reading... lang\en\global-phrases.lang
2016-01-11 10:49:23,141 DEBUG [main] stencyl.sw.loc.LanguagePack: Reading... lang\en\global-errors.lang
2016-01-11 10:49:23,141 DEBUG [main] stencyl.sw.loc.LanguagePack: Reading... lang\en\global-menu.lang
2016-01-11 10:49:23,142 DEBUG [main] stencyl.sw.loc.LanguagePack: Reading... lang\en\global-welcome.lang
2016-01-11 10:49:23,142 DEBUG [main] stencyl.sw.loc.LanguagePack: Reading... lang\en\global-dashboard.lang
2016-01-11 10:49:23,142 DEBUG [main] stencyl.sw.loc.LanguagePack: Reading... lang\en\global-publish.lang
2016-01-11 10:49:23,143 DEBUG [main] stencyl.sw.loc.LanguagePack: Reading... lang\en\global-updater.lang
2016-01-11 10:49:23,143 DEBUG [main] stencyl.sw.loc.LanguagePack: Reading... lang\en\global-chat.lang
2016-01-11 10:49:23,144 DEBUG [main] stencyl.sw.loc.LanguagePack: Reading... lang\en\global-misc.lang
2016-01-11 10:49:23,144 DEBUG [main] stencyl.sw.loc.LanguagePack: Reading... lang\en\global-forge.lang
2016-01-11 10:49:23,145 DEBUG [main] stencyl.sw.loc.LanguagePack: Reading... lang\en\global-prefs.lang
2016-01-11 10:49:23,145 DEBUG [main] stencyl.sw.loc.LanguagePack: Reading... lang\en\global-creategame.lang
2016-01-11 10:49:23,146 DEBUG [main] stencyl.sw.loc.LanguagePack: Reading... lang\en\behavior-main.lang
2016-01-11 10:49:23,146 DEBUG [main] stencyl.sw.loc.LanguagePack: Reading... lang\en\behavior-blocks.lang
2016-01-11 10:49:23,148 DEBUG [main] stencyl.sw.loc.LanguagePack: Reading... lang\en\behavior-blockhelp.lang
2016-01-11 10:49:23,150 DEBUG [main] stencyl.sw.loc.LanguagePack: Reading... lang\en\behavior-events.lang
2016-01-11 10:49:23,151 DEBUG [main] stencyl.sw.loc.LanguagePack: Reading... lang\en\behavior-code.lang
2016-01-11 10:49:23,151 DEBUG [main] stencyl.sw.loc.LanguagePack: Reading... lang\en\behavior-attributes.lang
2016-01-11 10:49:23,151 DEBUG [main] stencyl.sw.loc.LanguagePack: Reading... lang\en\behavior-create.lang
2016-01-11 10:49:23,152 DEBUG [main] stencyl.sw.loc.LanguagePack: Reading... lang\en\behavior-byob.lang
2016-01-11 10:49:23,152 DEBUG [main] stencyl.sw.loc.LanguagePack: Reading... lang\en\editor-actor-main.lang
2016-01-11 10:49:23,152 DEBUG [main] stencyl.sw.loc.LanguagePack: Reading... lang\en\editor-actor-physics.lang
2016-01-11 10:49:23,153 DEBUG [main] stencyl.sw.loc.LanguagePack: Reading... lang\en\editor-background.lang
2016-01-11 10:49:23,153 DEBUG [main] stencyl.sw.loc.LanguagePack: Reading... lang\en\editor-behaviorchooser.lang
2016-01-11 10:49:23,154 DEBUG [main] stencyl.sw.loc.LanguagePack: Reading... lang\en\editor-desktop.lang
2016-01-11 10:49:23,154 DEBUG [main] stencyl.sw.loc.LanguagePack: Reading... lang\en\editor-font.lang
2016-01-11 10:49:23,154 DEBUG [main] stencyl.sw.loc.LanguagePack: Reading... lang\en\editor-sound.lang
2016-01-11 10:49:23,155 DEBUG [main] stencyl.sw.loc.LanguagePack: Reading... lang\en\editor-tileset.lang
2016-01-11 10:49:23,155 DEBUG [main] stencyl.sw.loc.LanguagePack: Reading... lang\en\editor-preloader.lang
2016-01-11 10:49:23,155 DEBUG [main] stencyl.sw.loc.LanguagePack: Reading... lang\en\editor-mobile.lang
2016-01-11 10:49:23,156 DEBUG [main] stencyl.sw.loc.LanguagePack: Reading... lang\en\editor-groups.lang
2016-01-11 10:49:23,156 DEBUG [main] stencyl.sw.loc.LanguagePack: Reading... lang\en\editor-attributes.lang
2016-01-11 10:49:23,157 DEBUG [main] stencyl.sw.loc.LanguagePack: Reading... lang\en\editor-input.lang
2016-01-11 10:49:23,157 DEBUG [main] stencyl.sw.loc.LanguagePack: Reading... lang\en\editor-animation.lang
2016-01-11 10:49:23,157 DEBUG [main] stencyl.sw.loc.LanguagePack: Reading... lang\en\editor-scene-main.lang
2016-01-11 10:49:23,158 DEBUG [main] stencyl.sw.loc.LanguagePack: Reading... lang\en\editor-scene-create.lang
2016-01-11 10:49:23,158 DEBUG [main] stencyl.sw.loc.LanguagePack: Reading... lang\en\editor-scene-tools.lang
2016-01-11 10:49:23,159 INFO  [AWT-EventQueue-0] stencyl.sw.SW: Initializing Stencyl.
2016-01-11 10:49:23,164 DEBUG [AWT-EventQueue-0] stencyl.sw.Splash: Set Splash message: Look
2016-01-11 10:49:23,788 INFO  [AWT-EventQueue-0] stencyl.sw.ext.ExtensionDependencyManager: Haxelib actuate 1.6.5
2016-01-11 10:49:23,790 INFO  [AWT-EventQueue-0] stencyl.sw.ext.ExtensionDependencyManager: Haxelib box2d 1.11.0
2016-01-11 10:49:23,791 INFO  [AWT-EventQueue-0] stencyl.sw.ext.ExtensionDependencyManager: Haxelib box2d-fake 1.11.0
2016-01-11 10:49:23,792 INFO  [AWT-EventQueue-0] stencyl.sw.ext.ExtensionDependencyManager: Haxelib console 1.0.0
2016-01-11 10:49:23,793 INFO  [AWT-EventQueue-0] stencyl.sw.ext.ExtensionDependencyManager: Haxelib format 3.1.2
2016-01-11 10:49:23,794 INFO  [AWT-EventQueue-0] stencyl.sw.ext.ExtensionDependencyManager: Haxelib hxcpp 3.2.0
2016-01-11 10:49:23,794 INFO  [AWT-EventQueue-0] stencyl.sw.ext.ExtensionDependencyManager: Haxelib hxtelemetry 0.3.1
2016-01-11 10:49:23,795 INFO  [AWT-EventQueue-0] stencyl.sw.ext.ExtensionDependencyManager: Haxelib layout 1.1.0
2016-01-11 10:49:23,796 INFO  [AWT-EventQueue-0] stencyl.sw.ext.ExtensionDependencyManager: Haxelib lime 2.6.8
2016-01-11 10:49:23,796 INFO  [AWT-EventQueue-0] stencyl.sw.ext.ExtensionDependencyManager: Haxelib openfl 3.3.8
2016-01-11 10:49:23,797 INFO  [AWT-EventQueue-0] stencyl.sw.ext.ExtensionDependencyManager: Haxelib polygonal-ds 1.4.1
2016-01-11 10:49:23,807 INFO  [AWT-EventQueue-0] stencyl.sw.ext.ExtensionDependencyManager: Haxelib polygonal-printf 1.0.0.beta
2016-01-11 10:49:23,808 INFO  [AWT-EventQueue-0] stencyl.sw.ext.ExtensionDependencyManager: Haxelib stencyl 1.0.0
2016-01-11 10:49:23,809 INFO  [AWT-EventQueue-0] stencyl.sw.ext.ExtensionDependencyManager: Haxelib stencyl-cppia 1.0.0
2016-01-11 10:49:23,810 INFO  [AWT-EventQueue-0] stencyl.sw.ext.ExtensionDependencyManager: Haxelib svg 1.0.8
2016-01-11 10:49:23,811 INFO  [AWT-EventQueue-0] stencyl.sw.ext.ExtensionDependencyManager: Haxelib swf 1.7.4
2016-01-11 10:49:23,812 INFO  [AWT-EventQueue-0] stencyl.sw.ext.ExtensionDependencyManager: Haxelib tilelayer 0.2.1
2016-01-11 10:49:23,819 DEBUG [AWT-EventQueue-0] stencyl.sw.util.FileHelper: Matching (non-hidden) files within C:\Users\rmills0865\Google Drive\Roosevelt OGPC\stencylworks\extensions: []
2016-01-11 10:49:23,820 DEBUG [AWT-EventQueue-0] stencyl.sw.util.FileHelper: Matching (non-hidden) files within C:\Users\rmills0865\Google Drive\Roosevelt OGPC\stencylworks\extensions: []
2016-01-11 10:49:23,820 DEBUG [AWT-EventQueue-0] stencyl.sw.editors.game.advanced.EngineExtensionManager: Loading engine extensions...
2016-01-11 10:49:23,821 DEBUG [AWT-EventQueue-0] stencyl.sw.util.FileHelper: Directories within C:\Users\rmills0865\Google Drive\Roosevelt OGPC\stencylworks\engine-extensions: [C:\Users\rmills0865\Google Drive\Roosevelt OGPC\stencylworks\engine-extensions\ads, C:\Users\rmills0865\Google Drive\Roosevelt OGPC\stencylworks\engine-extensions\gamecenter, C:\Users\rmills0865\Google Drive\Roosevelt OGPC\stencylworks\engine-extensions\gestures, C:\Users\rmills0865\Google Drive\Roosevelt OGPC\stencylworks\engine-extensions\google, C:\Users\rmills0865\Google Drive\Roosevelt OGPC\stencylworks\engine-extensions\hypertouch, C:\Users\rmills0865\Google Drive\Roosevelt OGPC\stencylworks\engine-extensions\joystick, C:\Users\rmills0865\Google Drive\Roosevelt OGPC\stencylworks\engine-extensions\label, C:\Users\rmills0865\Google Drive\Roosevelt OGPC\stencylworks\engine-extensions\native, C:\Users\rmills0865\Google Drive\Roosevelt OGPC\stencylworks\engine-extensions\purchases, C:\Users\rmills0865\Google Drive\Roosevelt OGPC\stencylworks\engine-extensions\test, C:\Users\rmills0865\Google Drive\Roosevelt OGPC\stencylworks\engine-extensions\test-flash, C:\Users\rmills0865\Google Drive\Roosevelt OGPC\stencylworks\engine-extensions\test-native, C:\Users\rmills0865\Google Drive\Roosevelt OGPC\stencylworks\engine-extensions\tileapi]
2016-01-11 10:49:23,821 DEBUG [AWT-EventQueue-0] stencyl.sw.editors.game.advanced.EngineExtensionManager: ads is a core engine extension. Skip.
2016-01-11 10:49:23,821 DEBUG [AWT-EventQueue-0] stencyl.sw.editors.game.advanced.EngineExtensionManager: gamecenter is a core engine extension. Skip.
2016-01-11 10:49:23,821 DEBUG [AWT-EventQueue-0] stencyl.sw.editors.game.advanced.EngineExtensionManager: gestures is a core engine extension. Skip.
2016-01-11 10:49:23,822 DEBUG [AWT-EventQueue-0] stencyl.sw.editors.game.advanced.EngineExtensionManager: google is not a valid engine extension. Skip.
2016-01-11 10:49:23,822 DEBUG [AWT-EventQueue-0] stencyl.sw.editors.game.advanced.EngineExtensionManager: hypertouch is a core engine extension. Skip.
2016-01-11 10:49:23,822 DEBUG [AWT-EventQueue-0] stencyl.sw.editors.game.advanced.EngineExtensionManager: joystick is a core engine extension. Skip.
2016-01-11 10:49:23,823 DEBUG [AWT-EventQueue-0] stencyl.sw.editors.game.advanced.EngineExtensionManager: label is engine extension: Labels (1.0.0).
2016-01-11 10:49:23,823 DEBUG [AWT-EventQueue-0] stencyl.sw.editors.game.advanced.EngineExtensionManager: native is a core engine extension. Skip.
2016-01-11 10:49:23,824 DEBUG [AWT-EventQueue-0] stencyl.sw.editors.game.advanced.EngineExtensionManager: purchases is a core engine extension. Skip.
2016-01-11 10:49:23,824 DEBUG [AWT-EventQueue-0] stencyl.sw.editors.game.advanced.EngineExtensionManager: test is engine extension: Test Extension (1.0.0).
2016-01-11 10:49:23,825 DEBUG [AWT-EventQueue-0] stencyl.sw.editors.game.advanced.EngineExtensionManager: test-flash is engine extension: Test Extension (Flash SWF) (1.0.0).
2016-01-11 10:49:23,826 DEBUG [AWT-EventQueue-0] stencyl.sw.editors.game.advanced.EngineExtensionManager: test-native is engine extension: Test Extension (Native) (1.0.0).
2016-01-11 10:49:23,827 DEBUG [AWT-EventQueue-0] stencyl.sw.editors.game.advanced.EngineExtensionManager: tileapi is engine extension: Tile API (1.0.0).
2016-01-11 10:49:23,827 INFO  [AWT-EventQueue-0] stencyl.sw.editors.game.advanced.EngineExtensionManager: Engine Extensions: [Labels (1.0.0), Test Extension (1.0.0), Test Extension (Flash SWF) (1.0.0), Test Extension (Native) (1.0.0), Tile API (1.0.0)]
2016-01-11 10:49:23,828 WARN  [AWT-EventQueue-0] stencyl.sw.app.ExtensionManager: Couldn't load extension settings.
2016-01-11 10:49:23,831 INFO  [AWT-EventQueue-0] stencyl.sw.app.ExtensionManager: Toolset Extensions: []
2016-01-11 10:49:24,005 DEBUG [AWT-EventQueue-0] stencyl.sw.app.doc.Workspace: Activated: Welcome Center
2016-01-11 10:49:24,008 DEBUG [AWT-EventQueue-0] stencyl.sw.app.App: Silent Authentication.
2016-01-11 10:49:24,009 DEBUG [AWT-EventQueue-0] stencyl.sw.Splash: Dispose Splash
2016-01-11 10:49:24,103 DEBUG [pool-1-thread-1] stencyl.sw.app.tasks.AuthenticateTask: Response: guest
2016-01-11 10:49:24,104 INFO  [pool-1-thread-1] stencyl.sw.app.tasks.AuthenticateTask: Could not log in. Check your login credentials.
2016-01-11 10:57:29,510 INFO  [AWT-EventQueue-0] stencyl.sw.editors.game.settings.GamePropertiesDialog: Creating a blank game.
2016-01-11 10:57:29,521 INFO  [pool-1-thread-2] stencyl.sw.io.write.MasterWriter: Saving a new game.
2016-01-11 10:57:29,543 INFO  [pool-1-thread-2] stencyl.sw.io.write.MasterWriter: Saving game in place.
2016-01-11 10:57:29,547 ERROR [pool-1-thread-2] stencyl.sw.util.FileHelper: File C:\Users\rmills0865\Google Drive\Roosevelt OGPC\stencylworks\games\Level 2\game.xml is not a valid XML file. Aborting Backup.
2016-01-11 10:57:31,816 DEBUG [pool-1-thread-2] stencyl.sw.io.write.MasterWriter: Writing out local resources.
2016-01-11 10:57:31,819 DEBUG [pool-1-thread-2] stencyl.sw.util.FileHelper: Saving backup file C:\Users\rmills0865\Google Drive\Roosevelt OGPC\stencylworks\games\Level 2\resources\data.xml.bak.
2016-01-11 10:57:31,824 DEBUG [pool-1-thread-2] stencyl.sw.io.write.MasterWriter: Writing out scenes.
2016-01-11 10:57:31,828 DEBUG [pool-1-thread-2] stencyl.sw.io.write.MasterWriter: Copying over snippets.
2016-01-11 10:57:31,831 ERROR [pool-1-thread-2] stencyl.sw.util.FileHelper: File C:\Users\rmills0865\Google Drive\Roosevelt OGPC\stencylworks\games\Level 2\snippets\list.xml is not a valid XML file. Aborting Backup.
2016-01-11 10:57:31,834 DEBUG [pool-1-thread-2] stencyl.sw.io.write.MasterWriter: Saving block favorites.
2016-01-11 10:57:31,835 DEBUG [pool-1-thread-2] stencyl.sw.editors.snippet.designer.palette.FavoriteManager: Favorites file C:\Users\rmills0865\Google Drive\Roosevelt OGPC\stencylworks\games\Level 2\favorites.xml does not exist.
2016-01-11 10:57:31,840 INFO  [pool-1-thread-2] stencyl.sw.io.write.MasterWriter: Done writing game.
2016-01-11 10:57:31,875 DEBUG [AWT-EventQueue-0] stencyl.sw.util.FileHelper: Deleting: C:\Users\rmills0865\AppData\Local\Temp\stencyl5925577093103174430\sandbox\test\temp
2016-01-11 10:57:31,877 DEBUG [AWT-EventQueue-0] stencyl.sw.util.FileHelper: Deleting: C:\Users\rmills0865\Google Drive\Roosevelt OGPC\stencylworks\preview\scripts
2016-01-11 10:57:31,880 DEBUG [AWT-EventQueue-0] stencyl.sw.util.FileHelper: Deleting: C:\Users\rmills0865\Google Drive\Roosevelt OGPC\stencylworks\preview\game
2016-01-11 10:57:31,882 INFO  [AWT-EventQueue-0] stencyl.sw.app.tasks.OpenGameTask: Opening game: Level 2
2016-01-11 10:57:32,023 DEBUG [AWT-EventQueue-0] stencyl.sw.app.doc.Workspace: Activated: Dashboard
2016-01-11 10:57:32,023 DEBUG [AWT-EventQueue-0] stencyl.sw.util.FileHelper: Trying to delete file that does not exist: C:\Users\rmills0865\AppData\Local\Temp\stencyl5925577093103174430\sandbox\build\code
2016-01-11 10:57:32,024 DEBUG [AWT-EventQueue-0] stencyl.sw.util.FileHelper: Deleting: C:\Users\rmills0865\AppData\Local\Temp\stencyl5925577093103174430\sandbox\test\temp
2016-01-11 10:57:32,053 DEBUG [AWT-EventQueue-0] stencyl.sw.app.tasks.OpenGameTask: Took 171ms
2016-01-11 10:57:32,146 DEBUG [AWT-EventQueue-0] stencyl.sw.editors.game.cgroups.CollisionGroupTree: Loading actor group into tree: Actors
2016-01-11 10:57:32,156 DEBUG [AWT-EventQueue-0] stencyl.sw.editors.game.cgroups.CollisionGroupTree: Loading actor group into tree: Doodads
2016-01-11 10:57:32,163 DEBUG [AWT-EventQueue-0] stencyl.sw.editors.game.cgroups.CollisionGroupTree: Loading actor group into tree: Players
2016-01-11 10:57:32,167 DEBUG [AWT-EventQueue-0] stencyl.sw.editors.game.cgroups.CollisionGroupTree: Loading actor group into tree: Regions
2016-01-11 10:57:32,172 DEBUG [AWT-EventQueue-0] stencyl.sw.editors.game.cgroups.CollisionGroupTree: Loading actor group into tree: Tiles
2016-01-11 10:57:32,762 DEBUG [AWT-EventQueue-0] stencyl.core.lib.Atlas: Getting memory for atlas 0
2016-01-11 10:57:32,768 DEBUG [AWT-EventQueue-0] stencyl.core.lib.Atlas: Getting memory for atlas 1
2016-01-11 10:57:32,771 DEBUG [AWT-EventQueue-0] stencyl.core.lib.Atlas: Getting memory for atlas 2
2016-01-11 10:57:32,775 DEBUG [AWT-EventQueue-0] stencyl.core.lib.Atlas: Getting memory for atlas 3
2016-01-11 10:57:44,661 DEBUG [AWT-EventQueue-0] stencyl.sw.editors.scene.dialogs.ScenePropertiesPanel: This game has this num of scenes: 0
2016-01-11 10:57:44,661 DEBUG [AWT-EventQueue-0] stencyl.sw.editors.scene.dialogs.ScenePropertiesPanel: Marking as default scene: 0
2016-01-11 10:57:44,666 DEBUG [AWT-EventQueue-0] stencyl.sw.app.doc.Workspace: Loading Closed Resource: MLG
2016-01-11 10:57:44,780 DEBUG [pool-1-thread-2] stencyl.sw.editors.scene.Designer: Brush Changed
2016-01-11 10:57:45,011 DEBUG [pool-1-thread-2] stencyl.sw.util.NotifierHashMap: HashMapEvent [type=VALUE_ADDED, value=SceneEvents_0]
2016-01-11 10:57:45,346 DEBUG [pool-1-thread-2] stencyl.sw.editors.snippet.designer.palette.Palette: Palette asked to refresh: Position
2016-01-11 10:57:45,407 DEBUG [pool-1-thread-2] stencyl.sw.editors.snippet.designer.palette.Palette: Palette asked to refresh: Conditions
2016-01-11 10:57:45,642 DEBUG [pool-1-thread-2] stencyl.sw.editors.snippet.designer.palette.Palette: Palette asked to refresh: Actors
2016-01-11 10:57:45,708 DEBUG [pool-1-thread-2] stencyl.sw.editors.snippet.designer.palette.Palette: Palette asked to refresh: Keyboard & Mouse
2016-01-11 10:57:45,763 DEBUG [pool-1-thread-2] stencyl.sw.editors.snippet.designer.palette.Palette: Palette asked to refresh: Math
2016-01-11 10:57:45,805 DEBUG [pool-1-thread-2] stencyl.sw.editors.snippet.designer.palette.Palette: Palette asked to refresh: Getters
2016-01-11 10:57:45,919 DEBUG [pool-1-thread-2] stencyl.sw.editors.snippet.designer.palette.Palette: Palette asked to refresh: Sound
2016-01-11 10:57:45,950 DEBUG [pool-1-thread-2] stencyl.sw.editors.snippet.designer.palette.Palette: Palette asked to refresh: Triggers
2016-01-11 10:57:45,996 DEBUG [pool-1-thread-2] stencyl.sw.editors.snippet.designer.palette.Palette: Palette asked to refresh: Web
2016-01-11 10:57:46,069 DEBUG [pool-1-thread-2] stencyl.sw.editors.snippet.designer.palette.Palette: Palette asked to refresh: Drawing
2016-01-11 10:57:46,100 DEBUG [pool-1-thread-2] stencyl.sw.editors.snippet.designer.palette.Palette: Palette asked to refresh: Basic
2016-01-11 10:57:46,106 DEBUG [pool-1-thread-2] stencyl.sw.editors.snippet.designer.palette.Palette: Palette asked to refresh: Custom
2016-01-11 10:57:46,108 DEBUG [pool-1-thread-2] stencyl.sw.editors.snippet.designer.palette.Palette: Palette asked to refresh: Extensions
2016-01-11 10:57:46,108 DEBUG [pool-1-thread-2] stencyl.sw.editors.snippet.designer.palette.Palette: Palette asked to refresh: Position
2016-01-11 10:57:46,142 DEBUG [pool-1-thread-2] stencyl.sw.editors.snippet.designer.EditArea: ContextSet for current event: []
2016-01-11 10:57:46,142 DEBUG [pool-1-thread-2] stencyl.sw.editors.snippet.designer.palette.Palette: Palette asked to refresh: Position
2016-01-11 10:57:46,258 DEBUG [AWT-EventQueue-0] stencyl.sw.app.doc.Workspace: Activated: MLG
2016-01-11 10:57:46,404 DEBUG [pool-1-thread-2] stencyl.sw.editors.scene.Designer: Brush Changed
2016-01-11 10:57:46,414 DEBUG [pool-1-thread-2] stencyl.sw.editors.scene.Designer: Brush Changed
2016-01-11 10:57:46,415 DEBUG [pool-1-thread-2] stencyl.sw.app.tasks.OpenResourceTask: Open Took 1748ms
2016-01-11 10:57:46,449 DEBUG [AWT-EventQueue-0] stencyl.sw.app.tasks.OpenResourceTask: Total Took 1782ms
2016-01-11 10:57:49,768 DEBUG [AWT-EventQueue-0] stencyl.sw.editors.scene.Designer: Brush Changed
2016-01-11 10:57:52,258 DEBUG [AWT-EventQueue-0] stencyl.sw.editors.scene.Designer: Brush Changed
2016-01-11 10:57:53,977 DEBUG [AWT-EventQueue-0] stencyl.sw.app.doc.Workspace: Activated: Dashboard
2016-01-11 10:57:55,254 DEBUG [AWT-EventQueue-0] stencyl.sw.app.doc.Workspace: Activated: MLG*
2016-01-11 10:57:57,959 DEBUG [AWT-EventQueue-0] stencyl.sw.editors.scene.Designer: Brush Changed
2016-01-11 10:58:00,585 DEBUG [AWT-EventQueue-0] stencyl.sw.editors.scene.TopSceneBar: Toggle Opacity and Blendmode Preview
2016-01-11 10:58:09,280 DEBUG [AWT-EventQueue-0] stencyl.sw.editors.scene.Designer: Brush Changed
2016-01-11 10:59:34,328 DEBUG [AWT-EventQueue-0] stencyl.sw.editors.scene.TopSceneBar: Work on All Layers
2016-01-11 10:59:34,993 DEBUG [AWT-EventQueue-0] stencyl.sw.editors.scene.TopSceneBar: Work on Current Layer
2016-01-11 10:59:36,818 DEBUG [AWT-EventQueue-0] stencyl.sw.editors.scene.TopSceneBar: Work only with Terrain
2016-01-11 10:59:37,132 DEBUG [AWT-EventQueue-0] stencyl.sw.editors.scene.select.SelectionController: Checking if no items: null
2016-01-11 10:59:37,133 DEBUG [AWT-EventQueue-0] stencyl.sw.editors.scene.select.SelectionController: Working with Terrain Regions
2016-01-11 10:59:37,133 DEBUG [AWT-EventQueue-0] stencyl.sw.editors.scene.select.SelectionController: Case 1: Select New Object (Nothing Previously Selected).
2016-01-11 10:59:37,133 DEBUG [AWT-EventQueue-0] stencyl.sw.editors.scene.select.SelectionController: Start Rubberband.
2016-01-11 10:59:37,527 DEBUG [AWT-EventQueue-0] stencyl.sw.editors.scene.select.SelectionController: End Rubberband Selection.
2016-01-11 10:59:37,847 DEBUG [AWT-EventQueue-0] stencyl.sw.editors.scene.select.SelectionController: Checking if no items: null
2016-01-11 10:59:37,847 DEBUG [AWT-EventQueue-0] stencyl.sw.editors.scene.select.SelectionController: Working with Terrain Regions
2016-01-11 10:59:37,848 DEBUG [AWT-EventQueue-0] stencyl.sw.editors.scene.select.SelectionController: Case 1: Select New Object (Nothing Previously Selected).
2016-01-11 10:59:37,848 DEBUG [AWT-EventQueue-0] stencyl.sw.editors.scene.select.SelectionController: Start Rubberband.
2016-01-11 10:59:38,384 DEBUG [AWT-EventQueue-0] stencyl.sw.editors.scene.select.SelectionController: End Rubberband Selection.
2016-01-11 10:59:40,677 DEBUG [AWT-EventQueue-0] stencyl.sw.editors.scene.TopSceneBar: Work with Tiles and Actors
2016-01-11 10:59:49,800 DEBUG [AWT-EventQueue-0] stencyl.sw.editors.scene.Designer: Brush Changed
2016-01-11 10:59:58,871 DEBUG [AWT-EventQueue-0] stencyl.sw.app.doc.Workspace: Loading Closed Resource: Snoop Dogg
2016-01-11 10:59:58,930 DEBUG [AWT-EventQueue-0] stencyl.sw.editors.scene.Designer: Brush Changed
2016-01-11 10:59:59,166 DEBUG [pool-1-thread-3] stencyl.sw.util.NotifierHashMap: HashMapEvent [type=VALUE_ADDED, value=ActorEvents_0]
2016-01-11 10:59:59,369 DEBUG [pool-1-thread-3] stencyl.sw.editors.snippet.designer.palette.Palette: Palette asked to refresh: Position
2016-01-11 10:59:59,417 DEBUG [pool-1-thread-3] stencyl.sw.editors.snippet.designer.palette.Palette: Palette asked to refresh: Conditions
2016-01-11 10:59:59,595 DEBUG [pool-1-thread-3] stencyl.sw.editors.snippet.designer.palette.Palette: Palette asked to refresh: Actors
2016-01-11 10:59:59,673 DEBUG [pool-1-thread-3] stencyl.sw.editors.snippet.designer.palette.Palette: Palette asked to refresh: Keyboard & Mouse
2016-01-11 10:59:59,725 DEBUG [pool-1-thread-3] stencyl.sw.editors.snippet.designer.palette.Palette: Palette asked to refresh: Math
2016-01-11 10:59:59,762 DEBUG [pool-1-thread-3] stencyl.sw.editors.snippet.designer.palette.Palette: Palette asked to refresh: Getters
2016-01-11 10:59:59,864 DEBUG [pool-1-thread-3] stencyl.sw.editors.snippet.designer.palette.Palette: Palette asked to refresh: Sound
2016-01-11 10:59:59,895 DEBUG [pool-1-thread-3] stencyl.sw.editors.snippet.designer.palette.Palette: Palette asked to refresh: Triggers
2016-01-11 10:59:59,936 DEBUG [pool-1-thread-3] stencyl.sw.editors.snippet.designer.palette.Palette: Palette asked to refresh: Web
2016-01-11 10:59:59,979 DEBUG [pool-1-thread-3] stencyl.sw.editors.snippet.designer.palette.Palette: Palette asked to refresh: Drawing
2016-01-11 11:00:00,007 DEBUG [pool-1-thread-3] stencyl.sw.editors.snippet.designer.palette.Palette: Palette asked to refresh: Basic
2016-01-11 11:00:00,014 DEBUG [pool-1-thread-3] stencyl.sw.editors.snippet.designer.palette.Palette: Palette asked to refresh: Custom
2016-01-11 11:00:00,016 DEBUG [pool-1-thread-3] stencyl.sw.editors.snippet.designer.palette.Palette: Palette asked to refresh: Extensions
2016-01-11 11:00:00,016 DEBUG [pool-1-thread-3] stencyl.sw.editors.snippet.designer.palette.Palette: Palette asked to refresh: Position
2016-01-11 11:00:00,215 DEBUG [pool-1-thread-3] stencyl.sw.editors.snippet.designer.EditArea: ContextSet for current event: []
2016-01-11 11:00:00,215 DEBUG [pool-1-thread-3] stencyl.sw.editors.snippet.designer.palette.Palette: Palette asked to refresh: Position
2016-01-11 11:00:00,278 DEBUG [AWT-EventQueue-0] stencyl.sw.app.doc.Workspace: Activated: Snoop Dogg
2016-01-11 11:00:00,318 DEBUG [pool-1-thread-3] stencyl.sw.app.tasks.OpenResourceTask: Open Took 1447ms
2016-01-11 11:00:00,352 DEBUG [AWT-EventQueue-0] stencyl.sw.app.tasks.OpenResourceTask: Total Took 1481ms
2016-01-11 11:00:01,263 DEBUG [AWT-EventQueue-0] stencyl.sw.editors.actor.collision.PreviewPanel: Selected: [X,Y: 0, 0 ]
2016-01-11 11:00:05,962 DEBUG [AWT-EventQueue-0] stencyl.sw.util.Util: Running command: [./runtimes/jre-win/bin/java, -jar, C:\Users\rmills0865\Google Drive\Roosevelt OGPC\stencylworks\tools\Pencyl.jar, C:\Users\RMILLS~1\AppData\Local\Temp\stencylTemp-18546215557559581413.png]
2016-01-11 11:00:06,418 INFO  [Thread-8] stencyl.sw.util.StreamGobbler: [java] Jan 11, 2016 11:00:06 AM it.tidalwave.imageio.util.Logger info
2016-01-11 11:00:06,419 INFO  [Thread-8] stencyl.sw.util.StreamGobbler: [java] INFO: Installing RAWProcessor...
2016-01-11 11:00:06,489 INFO  [Thread-8] stencyl.sw.util.StreamGobbler: [java] Jan 11, 2016 11:00:06 AM it.tidalwave.imageio.util.Logger info
2016-01-11 11:00:06,490 INFO  [Thread-8] stencyl.sw.util.StreamGobbler: [java] INFO: Installed RAWProcessor
2016-01-11 11:00:06,490 INFO  [Thread-8] stencyl.sw.util.StreamGobbler: [java] RAWProcessor succesfully installed
2016-01-11 11:01:03,925 DEBUG [pool-1-thread-4] stencyl.sw.util.Util: Running command: [./runtimes/jre-win/bin/java, -jar, C:\Users\rmills0865\Google Drive\Roosevelt OGPC\stencylworks\tools\Pencyl.jar, C:\Users\RMILLS~1\AppData\Local\Temp\stencylTemp-14129751687063481403.png]
2016-01-11 11:01:04,210 INFO  [Thread-10] stencyl.sw.util.StreamGobbler: [java] Jan 11, 2016 11:01:04 AM it.tidalwave.imageio.util.Logger info
2016-01-11 11:01:04,213 INFO  [Thread-10] stencyl.sw.util.StreamGobbler: [java] INFO: Installing RAWProcessor...
2016-01-11 11:01:04,242 INFO  [Thread-10] stencyl.sw.util.StreamGobbler: [java] Jan 11, 2016 11:01:04 AM it.tidalwave.imageio.util.Logger info
2016-01-11 11:01:04,242 INFO  [Thread-10] stencyl.sw.util.StreamGobbler: [java] INFO: Installed RAWProcessor
2016-01-11 11:01:04,244 INFO  [Thread-10] stencyl.sw.util.StreamGobbler: [java] RAWProcessor succesfully installed
2016-01-11 11:06:36,638 DEBUG [pool-1-thread-5] stencyl.sw.util.Util: Running command: [./runtimes/jre-win/bin/java, -jar, C:\Users\rmills0865\Google Drive\Roosevelt OGPC\stencylworks\tools\Pencyl.jar, C:\Users\RMILLS~1\AppData\Local\Temp\stencylTemp-12954183141982046227.png]
2016-01-11 11:06:36,929 INFO  [Thread-12] stencyl.sw.util.StreamGobbler: [java] Jan 11, 2016 11:06:36 AM it.tidalwave.imageio.util.Logger info
2016-01-11 11:06:36,930 INFO  [Thread-12] stencyl.sw.util.StreamGobbler: [java] INFO: Installing RAWProcessor...
2016-01-11 11:06:36,961 INFO  [Thread-12] stencyl.sw.util.StreamGobbler: [java] Jan 11, 2016 11:06:36 AM it.tidalwave.imageio.util.Logger info
2016-01-11 11:06:36,962 INFO  [Thread-12] stencyl.sw.util.StreamGobbler: [java] INFO: Installed RAWProcessor
2016-01-11 11:06:36,962 INFO  [Thread-12] stencyl.sw.util.StreamGobbler: [java] RAWProcessor succesfully installed
2016-01-11 11:09:27,733 DEBUG [Timer-3] stencyl.sw.app.filewatcher.ImageSyncTask: Synced image: stencylTemp-12954183141982046227.png
2016-01-11 11:09:51,357 DEBUG [AWT-EventQueue-0] stencyl.sw.editors.actor.appearance.AnimationPane: Editing Frame Index: 0
2016-01-11 11:10:14,693 DEBUG [AWT-EventQueue-0] stencyl.sw.editors.actor.appearance.AnimationPane: Editing Frame Index: 0
2016-01-11 11:10:20,202 DEBUG [AWT-EventQueue-0] stencyl.sw.util.Util: Running command: [./runtimes/jre-win/bin/java, -jar, C:\Users\rmills0865\Google Drive\Roosevelt OGPC\stencylworks\tools\Pencyl.jar, C:\Users\RMILLS~1\AppData\Local\Temp\stencylTemp-18607832655574237259.png]
2016-01-11 11:10:20,501 INFO  [Thread-14] stencyl.sw.util.StreamGobbler: [java] Jan 11, 2016 11:10:20 AM it.tidalwave.imageio.util.Logger info
2016-01-11 11:10:20,501 INFO  [Thread-14] stencyl.sw.util.StreamGobbler: [java] INFO: Installing RAWProcessor...
2016-01-11 11:10:20,536 INFO  [Thread-14] stencyl.sw.util.StreamGobbler: [java] Jan 11, 2016 11:10:20 AM it.tidalwave.imageio.util.Logger info
2016-01-11 11:10:20,536 INFO  [Thread-14] stencyl.sw.util.StreamGobbler: [java] INFO: Installed RAWProcessor
2016-01-11 11:10:20,537 INFO  [Thread-14] stencyl.sw.util.StreamGobbler: [java] RAWProcessor succesfully installed
2016-01-11 11:12:21,775 DEBUG [AWT-EventQueue-0] stencyl.sw.editors.actor.appearance.AnimationPane: Editing Frame Index: 0
2016-01-11 11:12:31,611 DEBUG [AWT-EventQueue-0] stencyl.sw.editors.actor.appearance.AnimationPane: Editing Frame Index: 0
2016-01-11 11:14:09,670 INFO  [AWT-EventQueue-0] stencyl.sw.app.App: Attempting to quit out of Stencyl.
2016-01-11 11:14:45,402 DEBUG [AWT-EventQueue-0] stencyl.sw.editors.actor.appearance.AnimationPane: Editing Frame Index: 0
2016-01-11 11:14:48,093 DEBUG [AWT-EventQueue-0] stencyl.sw.util.Util: Running command: [./runtimes/jre-win/bin/java, -jar, C:\Users\rmills0865\Google Drive\Roosevelt OGPC\stencylworks\tools\Pencyl.jar, C:\Users\RMILLS~1\AppData\Local\Temp\stencylTemp-18939134604889726548.png]
2016-01-11 11:14:48,383 INFO  [Thread-18] stencyl.sw.util.StreamGobbler: [java] Jan 11, 2016 11:14:48 AM it.tidalwave.imageio.util.Logger info
2016-01-11 11:14:48,384 INFO  [Thread-18] stencyl.sw.util.StreamGobbler: [java] INFO: Installing RAWProcessor...
2016-01-11 11:14:48,416 INFO  [Thread-18] stencyl.sw.util.StreamGobbler: [java] Jan 11, 2016 11:14:48 AM it.tidalwave.imageio.util.Logger info
2016-01-11 11:14:48,416 INFO  [Thread-18] stencyl.sw.util.StreamGobbler: [java] INFO: Installed RAWProcessor
2016-01-11 11:14:48,416 INFO  [Thread-18] stencyl.sw.util.StreamGobbler: [java] RAWProcessor succesfully installed
2016-01-11 11:15:19,127 DEBUG [AWT-EventQueue-0] stencyl.sw.app.doc.Workspace: Activated: MLG*
2016-01-11 11:15:19,917 DEBUG [AWT-EventQueue-0] stencyl.sw.app.doc.Workspace: Activated: Snoop Dogg*
2016-01-11 11:15:51,579 DEBUG [AWT-EventQueue-0] stencyl.sw.editors.actor.appearance.AppearancePage: Using size of default animation: 64, 64
2016-01-11 11:15:51,580 DEBUG [AWT-EventQueue-0] stencyl.sw.app.doc.StencylDoc: Marking as written to disk: Snoop Dogg
2016-01-11 11:15:51,600 INFO  [pool-1-thread-6] stencyl.sw.io.write.MasterWriter: Saving game in place.
2016-01-11 11:15:51,637 DEBUG [pool-1-thread-6] stencyl.sw.util.FileHelper: Saving backup file C:\Users\rmills0865\Google Drive\Roosevelt OGPC\stencylworks\games\Level 2\game.xml.bak.
2016-01-11 11:15:53,163 DEBUG [pool-1-thread-6] stencyl.sw.io.write.MasterWriter: Writing out local resources.
2016-01-11 11:15:53,167 DEBUG [pool-1-thread-6] stencyl.sw.util.FileHelper: Saving backup file C:\Users\rmills0865\Google Drive\Roosevelt OGPC\stencylworks\games\Level 2\resources\data.xml.bak.
2016-01-11 11:15:53,382 DEBUG [pool-1-thread-6] stencyl.sw.io.write.resource.SpriteWriter: Mark actor's sprite as clean (disk).
2016-01-11 11:15:53,388 DEBUG [pool-1-thread-6] stencyl.sw.io.write.MasterWriter: Writing out scenes.
2016-01-11 11:15:53,402 DEBUG [pool-1-thread-6] stencyl.sw.editors.scene.SceneRenderer: Saving thumbnail: C:\Users\rmills0865\Google Drive\Roosevelt OGPC\stencylworks\games\Level 2\scenes\0.png
2016-01-11 11:15:53,414 DEBUG [pool-1-thread-6] stencyl.sw.io.write.resource.SceneWriter: Writing terrain.
2016-01-11 11:15:53,417 DEBUG [pool-1-thread-6] stencyl.thirdparty.org.phys2d.Combiner: Num Tiles: 0
2016-01-11 11:15:53,417 DEBUG [pool-1-thread-6] stencyl.thirdparty.org.phys2d.Combiner: Coverage: 0.0%
2016-01-11 11:15:53,417 DEBUG [pool-1-thread-6] stencyl.thirdparty.org.phys2d.Combiner: Segments: (1,1)
2016-01-11 11:15:53,417 DEBUG [pool-1-thread-6] stencyl.thirdparty.org.phys2d.Combiner: Using Pairwise
2016-01-11 11:15:53,418 DEBUG [pool-1-thread-6] stencyl.thirdparty.org.phys2d.Combiner: Combine took: 1ms
2016-01-11 11:15:53,418 DEBUG [pool-1-thread-6] stencyl.sw.io.write.resource.SceneWriter: Terrain processing took: 0ms
2016-01-11 11:15:53,474 DEBUG [pool-1-thread-6] stencyl.sw.io.write.resource.ScenesWriter: Writing out Scene MLG
2016-01-11 11:15:53,474 DEBUG [pool-1-thread-6] stencyl.sw.io.write.MasterWriter: Copying over snippets.
2016-01-11 11:15:53,479 DEBUG [pool-1-thread-6] stencyl.sw.util.FileHelper: Saving backup file C:\Users\rmills0865\Google Drive\Roosevelt OGPC\stencylworks\games\Level 2\snippets\list.xml.bak.
2016-01-11 11:15:53,508 DEBUG [pool-1-thread-6] stencyl.sw.app.doc.StencylDoc: Marking as written to disk: MLG
2016-01-11 11:15:53,509 DEBUG [pool-1-thread-6] stencyl.sw.io.write.resource.SnippetsWriter: Copy from opened to disk: SceneEvents_0
2016-01-11 11:15:53,509 DEBUG [pool-1-thread-6] stencyl.sw.util.FileHelper: Trying to delete file that does not exist: C:\Users\rmills0865\Google Drive\Roosevelt OGPC\stencylworks\games\Level 2\behavior-hx\SceneEvents_0.hx
2016-01-11 11:15:53,509 DEBUG [pool-1-thread-6] stencyl.sw.io.write.resource.SnippetsWriter: Copied to: C:\Users\rmills0865\Google Drive\Roosevelt OGPC\stencylworks\games\Level 2\snippets\SceneEvents_0.design
2016-01-11 11:15:53,511 DEBUG [pool-1-thread-6] stencyl.sw.io.write.resource.SnippetsWriter: Copy from opened to disk: ActorEvents_0
2016-01-11 11:15:53,511 DEBUG [pool-1-thread-6] stencyl.sw.util.FileHelper: Trying to delete file that does not exist: C:\Users\rmills0865\Google Drive\Roosevelt OGPC\stencylworks\games\Level 2\behavior-hx\ActorEvents_0.hx
2016-01-11 11:15:53,511 DEBUG [pool-1-thread-6] stencyl.sw.io.write.resource.SnippetsWriter: Copied to: C:\Users\rmills0865\Google Drive\Roosevelt OGPC\stencylworks\games\Level 2\snippets\ActorEvents_0.design
2016-01-11 11:15:53,518 DEBUG [pool-1-thread-6] stencyl.sw.io.write.MasterWriter: Saving block favorites.
2016-01-11 11:15:53,522 INFO  [pool-1-thread-6] stencyl.sw.io.write.MasterWriter: Done writing game.
2016-01-11 11:15:53,564 DEBUG [AWT-EventQueue-0] stencyl.sw.app.doc.Workspace: Activated: MLG
2016-01-11 11:15:53,565 DEBUG [AWT-EventQueue-0] stencyl.sw.app.doc.Workspace: Closed Document: Snoop Dogg0
2016-01-11 11:16:06,900 DEBUG [AWT-EventQueue-0] stencyl.sw.editors.snippet.designer.palette.Palette: Palette asked to refresh: Conditions
2016-01-11 11:16:06,902 DEBUG [AWT-EventQueue-0] stencyl.sw.editors.snippet.designer.palette.Palette: Palette asked to refresh: Conditions
2016-01-11 11:16:12,246 DEBUG [AWT-EventQueue-0] stencyl.sw.editors.snippet.designer.palette.Palette: Palette asked to refresh: Sound
2016-01-11 11:16:12,250 DEBUG [AWT-EventQueue-0] stencyl.sw.editors.snippet.designer.palette.Palette: Palette asked to refresh: Sound
2016-01-11 11:17:30,737 DEBUG [AWT-EventQueue-0] stencyl.sw.editors.snippet.designer.palette.Palette: Palette asked to refresh: Keyboard & Mouse
2016-01-11 11:17:30,739 DEBUG [AWT-EventQueue-0] stencyl.sw.editors.snippet.designer.palette.Palette: Palette asked to refresh: Keyboard & Mouse
2016-01-11 11:18:24,356 DEBUG [AWT-EventQueue-0] stencyl.core.lib.Atlas: Getting memory for atlas 0
2016-01-11 11:18:24,356 DEBUG [AWT-EventQueue-0] stencyl.core.lib.Atlas: Added resource 'Snoop Dogg' to atlas 0
2016-01-11 11:18:29,630 DEBUG [AWT-EventQueue-0] stencyl.sw.app.doc.Workspace: Activated: Dashboard
2016-01-11 11:18:38,368 DEBUG [AWT-EventQueue-0] stencyl.sw.app.doc.Workspace: Activated: MLG*
2016-01-11 11:18:40,433 DEBUG [AWT-EventQueue-0] stencyl.sw.editors.scene.SceneRenderer: Saving thumbnail: C:\Users\rmills0865\Google Drive\Roosevelt OGPC\stencylworks\games\Level 2\scenes\0.png
2016-01-11 11:18:40,448 DEBUG [AWT-EventQueue-0] stencyl.sw.io.write.resource.SceneWriter: Writing terrain.
2016-01-11 11:18:40,449 DEBUG [AWT-EventQueue-0] stencyl.thirdparty.org.phys2d.Combiner: Num Tiles: 0
2016-01-11 11:18:40,449 DEBUG [AWT-EventQueue-0] stencyl.thirdparty.org.phys2d.Combiner: Coverage: 0.0%
2016-01-11 11:18:40,449 DEBUG [AWT-EventQueue-0] stencyl.thirdparty.org.phys2d.Combiner: Segments: (1,1)
2016-01-11 11:18:40,449 DEBUG [AWT-EventQueue-0] stencyl.thirdparty.org.phys2d.Combiner: Using Pairwise
2016-01-11 11:18:40,449 DEBUG [AWT-EventQueue-0] stencyl.thirdparty.org.phys2d.Combiner: Combine took: 0ms
2016-01-11 11:18:40,449 DEBUG [AWT-EventQueue-0] stencyl.sw.io.write.resource.SceneWriter: Terrain processing took: 0ms
2016-01-11 11:18:40,474 INFO  [pool-1-thread-7] stencyl.sw.io.write.MasterWriter: Saving game in place.
2016-01-11 11:18:40,482 DEBUG [pool-1-thread-7] stencyl.sw.util.FileHelper: Saving backup file C:\Users\rmills0865\Google Drive\Roosevelt OGPC\stencylworks\games\Level 2\game.xml.bak.
2016-01-11 11:18:42,389 DEBUG [pool-1-thread-7] stencyl.sw.io.write.MasterWriter: Writing out local resources.
2016-01-11 11:18:42,393 DEBUG [pool-1-thread-7] stencyl.sw.util.FileHelper: Saving backup file C:\Users\rmills0865\Google Drive\Roosevelt OGPC\stencylworks\games\Level 2\resources\data.xml.bak.
2016-01-11 11:18:42,394 DEBUG [pool-1-thread-7] stencyl.sw.io.write.resource.SpriteWriter: Mark actor's sprite as clean (disk).
2016-01-11 11:18:42,396 DEBUG [pool-1-thread-7] stencyl.sw.io.write.MasterWriter: Writing out scenes.
2016-01-11 11:18:42,403 DEBUG [pool-1-thread-7] stencyl.sw.editors.scene.SceneRenderer: Saving thumbnail: C:\Users\rmills0865\Google Drive\Roosevelt OGPC\stencylworks\games\Level 2\scenes\0.png
2016-01-11 11:18:42,416 DEBUG [pool-1-thread-7] stencyl.sw.io.write.resource.SceneWriter: Writing terrain.
2016-01-11 11:18:42,416 DEBUG [pool-1-thread-7] stencyl.thirdparty.org.phys2d.Combiner: Num Tiles: 0
2016-01-11 11:18:42,417 DEBUG [pool-1-thread-7] stencyl.thirdparty.org.phys2d.Combiner: Coverage: 0.0%
2016-01-11 11:18:42,417 DEBUG [pool-1-thread-7] stencyl.thirdparty.org.phys2d.Combiner: Segments: (1,1)
2016-01-11 11:18:42,417 DEBUG [pool-1-thread-7] stencyl.thirdparty.org.phys2d.Combiner: Using Pairwise
2016-01-11 11:18:42,417 DEBUG [pool-1-thread-7] stencyl.thirdparty.org.phys2d.Combiner: Combine took: 1ms
2016-01-11 11:18:42,417 DEBUG [pool-1-thread-7] stencyl.sw.io.write.resource.SceneWriter: Terrain processing took: 0ms
2016-01-11 11:18:42,427 DEBUG [pool-1-thread-7] stencyl.sw.io.write.resource.ScenesWriter: Writing out Scene MLG
2016-01-11 11:18:42,427 DEBUG [pool-1-thread-7] stencyl.sw.io.write.MasterWriter: Copying over snippets.
2016-01-11 11:18:42,431 DEBUG [pool-1-thread-7] stencyl.sw.util.FileHelper: Saving backup file C:\Users\rmills0865\Google Drive\Roosevelt OGPC\stencylworks\games\Level 2\snippets\list.xml.bak.
2016-01-11 11:18:42,450 DEBUG [pool-1-thread-7] stencyl.sw.io.write.resource.SnippetsWriter: Copy from opened to disk: SceneEvents_0
2016-01-11 11:18:42,451 DEBUG [pool-1-thread-7] stencyl.sw.util.FileHelper: Trying to delete file that does not exist: C:\Users\rmills0865\Google Drive\Roosevelt OGPC\stencylworks\games\Level 2\behavior-hx\SceneEvents_0.hx
2016-01-11 11:18:42,451 DEBUG [pool-1-thread-7] stencyl.sw.io.write.resource.SnippetsWriter: Copied to: C:\Users\rmills0865\Google Drive\Roosevelt OGPC\stencylworks\games\Level 2\snippets\SceneEvents_0.design
2016-01-11 11:18:42,456 DEBUG [pool-1-thread-7] stencyl.sw.io.write.MasterWriter: Saving block favorites.
2016-01-11 11:18:42,460 INFO  [pool-1-thread-7] stencyl.sw.io.write.MasterWriter: Done writing game.
2016-01-11 11:18:42,498 DEBUG [AWT-EventQueue-0] stencyl.sw.app.doc.Workspace: Activated: Dashboard
2016-01-11 11:18:42,498 DEBUG [AWT-EventQueue-0] stencyl.sw.app.doc.Workspace: Closed Document: MLG0
2016-01-11 11:18:54,815 DEBUG [AWT-EventQueue-0] stencyl.sw.util.NotifierHashMap: HashMapEvent [type=VALUE_REMOVED, value=ActorEvents_0]
2016-01-11 11:21:19,143 INFO  [AWT-EventQueue-0] stencyl.sw.app.App: Attempting to quit out of Stencyl.
2016-01-11 11:21:21,853 DEBUG [AWT-EventQueue-0] stencyl.sw.util.Util: Running command: [taskkill, /im, neko.exe, /f]
2016-01-11 11:21:21,924 DEBUG [Thread-20] stencyl.sw.util.StreamGobbler: [taskkill] ERROR: The process "neko.exe" not found.
2016-01-11 11:21:21,927 DEBUG [AWT-EventQueue-0] stencyl.sw.util.Util: Process 'taskkill' exited with code: 128
2016-01-11 11:21:21,927 DEBUG [AWT-EventQueue-0] stencyl.sw.util.Util: Running command: [taskkill, /im, adb.exe, /f]
2016-01-11 11:21:21,985 DEBUG [Thread-21] stencyl.sw.util.StreamGobbler: [taskkill] ERROR: The process "adb.exe" not found.
2016-01-11 11:21:21,987 DEBUG [AWT-EventQueue-0] stencyl.sw.util.Util: Process 'taskkill' exited with code: 128
2016-01-11 11:21:21,988 DEBUG [AWT-EventQueue-0] stencyl.sw.util.Util: Running command: [taskkill, /im, arm-linux-androideabi-g++.exe, /f]
2016-01-11 11:21:22,042 DEBUG [Thread-22] stencyl.sw.util.StreamGobbler: [taskkill] ERROR: The process "arm-linux-androideabi-g++.exe" not found.
2016-01-11 11:21:22,044 DEBUG [AWT-EventQueue-0] stencyl.sw.util.Util: Process 'taskkill' exited with code: 128
2016-01-11 11:21:22,045 DEBUG [AWT-EventQueue-0] stencyl.sw.util.Util: Running command: [taskkill, /im, cc1plus.exe, /f]
2016-01-11 11:21:22,103 DEBUG [Thread-23] stencyl.sw.util.StreamGobbler: [taskkill] ERROR: The process "cc1plus.exe" not found.
2016-01-11 11:21:22,105 DEBUG [AWT-EventQueue-0] stencyl.sw.util.Util: Process 'taskkill' exited with code: 128
2016-01-11 11:21:22,105 DEBUG [AWT-EventQueue-0] stencyl.sw.util.Util: Running command: [taskkill, /im, tail.exe, /f]
2016-01-11 11:21:22,166 DEBUG [Thread-24] stencyl.sw.util.StreamGobbler: [taskkill] ERROR: The process "tail.exe" not found.
2016-01-11 11:21:22,168 DEBUG [AWT-EventQueue-0] stencyl.sw.util.Util: Process 'taskkill' exited with code: 128
2016-01-11 11:21:22,168 DEBUG [AWT-EventQueue-0] stencyl.sw.util.Util: Running command: [taskkill, /im, ios-sim.exe, /f]
2016-01-11 11:21:22,227 DEBUG [Thread-25] stencyl.sw.util.StreamGobbler: [taskkill] ERROR: The process "ios-sim.exe" not found.
2016-01-11 11:21:22,229 DEBUG [AWT-EventQueue-0] stencyl.sw.util.Util: Process 'taskkill' exited with code: 128
2016-01-11 11:21:22,229 DEBUG [AWT-EventQueue-0] stencyl.sw.app.App: Destroying extensions.
2016-01-11 11:21:22,229 DEBUG [AWT-EventQueue-0] stencyl.sw.app.App: Performing final close.
2016-01-11 11:21:22,235 INFO  [AWT-EventQueue-0] stencyl.sw.app.App: Exiting...
2016-01-11 11:21:22,235 DEBUG [AWT-EventQueue-0] stencyl.sw.app.App: Destroying Temporary Sandbox.
2016-01-11 11:21:22,236 DEBUG [AWT-EventQueue-0] stencyl.sw.util.FileHelper: Deleting: C:\Users\rmills0865\AppData\Local\Temp\stencyl5925577093103174430
