2016-01-11 10:15:10,625 INFO  [main] stencyl.sw.Session: Logfile: C:\Users\rmills0865\Google Drive\Roosevelt OGPC\stencylworks\logs\2016-01-11_10-15-10.log
2016-01-11 10:15:10,631 INFO  [main] stencyl.sw.Session: OS Name: Windows 7
2016-01-11 10:15:10,632 INFO  [main] stencyl.sw.Session: OS Version: 6.1 (64-bit)
2016-01-11 10:15:10,632 INFO  [main] stencyl.sw.Session: Java Version: 1.8.0_60
2016-01-11 10:15:10,632 INFO  [main] stencyl.sw.Session: Stencyl Version: 3.3.2 (b8734)
2016-01-11 10:15:10,633 INFO  [main] stencyl.sw.Session: Stencyl Workspace: C:\Users\rmills0865\Google Drive\Roosevelt OGPC\
2016-01-11 10:15:10,633 INFO  [main] stencyl.sw.Session: User Working Directory: C:\Program Files (x86)\Stencyl
2016-01-11 10:15:10,634 INFO  [main] stencyl.sw.Session: User Home Directory: C:\Users\rmills0865
2016-01-11 10:15:10,634 INFO  [main] stencyl.sw.Session: System Path: C:\ProgramData\Oracle\Java\javapath;C:\Program Files (x86)\Intel\iCLS Client\;C:\Program Files\Intel\iCLS Client\;C:\Windows\system32;C:\Windows;C:\Windows\System32\Wbem;C:\Windows\System32\WindowsPowerShell\v1.0\;C:\Windows\CCM;C:\Program Files\Intel\Intel(R) Management Engine Components\DAL;C:\Program Files\Intel\Intel(R) Management Engine Components\IPT;C:\Program Files (x86)\Intel\Intel(R) Management Engine Components\DAL;C:\Program Files (x86)\Intel\Intel(R) Management Engine Components\IPT;C:\Program Files (x86)\QuickTime\QTSystem\;C:\Program Files (x86)\Stencyl\runtimes\jre-win\bin
2016-01-11 10:15:10,711 DEBUG [main] stencyl.sw.util.FileHelper: Deleting: C:\Users\RMILLS~1\AppData\Local\Temp\stencyl8755664640816605026
2016-01-11 10:15:10,713 DEBUG [main] stencyl.sw.loc.LanguagePack: Reading... lang\en\global-phrases.lang
2016-01-11 10:15:10,717 DEBUG [main] stencyl.sw.loc.LanguagePack: Reading... lang\en\global-errors.lang
2016-01-11 10:15:10,718 DEBUG [main] stencyl.sw.loc.LanguagePack: Reading... lang\en\global-menu.lang
2016-01-11 10:15:10,721 DEBUG [main] stencyl.sw.loc.LanguagePack: Reading... lang\en\global-welcome.lang
2016-01-11 10:15:10,722 DEBUG [main] stencyl.sw.loc.LanguagePack: Reading... lang\en\global-dashboard.lang
2016-01-11 10:15:10,723 DEBUG [main] stencyl.sw.loc.LanguagePack: Reading... lang\en\global-publish.lang
2016-01-11 10:15:10,724 DEBUG [main] stencyl.sw.loc.LanguagePack: Reading... lang\en\global-updater.lang
2016-01-11 10:15:10,725 DEBUG [main] stencyl.sw.loc.LanguagePack: Reading... lang\en\global-chat.lang
2016-01-11 10:15:10,725 DEBUG [main] stencyl.sw.loc.LanguagePack: Reading... lang\en\global-misc.lang
2016-01-11 10:15:10,727 DEBUG [main] stencyl.sw.loc.LanguagePack: Reading... lang\en\global-forge.lang
2016-01-11 10:15:10,728 DEBUG [main] stencyl.sw.loc.LanguagePack: Reading... lang\en\global-prefs.lang
2016-01-11 10:15:10,728 DEBUG [main] stencyl.sw.loc.LanguagePack: Reading... lang\en\global-creategame.lang
2016-01-11 10:15:10,729 DEBUG [main] stencyl.sw.loc.LanguagePack: Reading... lang\en\behavior-main.lang
2016-01-11 10:15:10,740 DEBUG [main] stencyl.sw.loc.LanguagePack: Reading... lang\en\behavior-blocks.lang
2016-01-11 10:15:10,747 DEBUG [main] stencyl.sw.loc.LanguagePack: Reading... lang\en\behavior-blockhelp.lang
2016-01-11 10:15:10,749 DEBUG [main] stencyl.sw.loc.LanguagePack: Reading... lang\en\behavior-events.lang
2016-01-11 10:15:10,750 DEBUG [main] stencyl.sw.loc.LanguagePack: Reading... lang\en\behavior-code.lang
2016-01-11 10:15:10,750 DEBUG [main] stencyl.sw.loc.LanguagePack: Reading... lang\en\behavior-attributes.lang
2016-01-11 10:15:10,751 DEBUG [main] stencyl.sw.loc.LanguagePack: Reading... lang\en\behavior-create.lang
2016-01-11 10:15:10,751 DEBUG [main] stencyl.sw.loc.LanguagePack: Reading... lang\en\behavior-byob.lang
2016-01-11 10:15:10,751 DEBUG [main] stencyl.sw.loc.LanguagePack: Reading... lang\en\editor-actor-main.lang
2016-01-11 10:15:10,752 DEBUG [main] stencyl.sw.loc.LanguagePack: Reading... lang\en\editor-actor-physics.lang
2016-01-11 10:15:10,752 DEBUG [main] stencyl.sw.loc.LanguagePack: Reading... lang\en\editor-background.lang
2016-01-11 10:15:10,752 DEBUG [main] stencyl.sw.loc.LanguagePack: Reading... lang\en\editor-behaviorchooser.lang
2016-01-11 10:15:10,753 DEBUG [main] stencyl.sw.loc.LanguagePack: Reading... lang\en\editor-desktop.lang
2016-01-11 10:15:10,753 DEBUG [main] stencyl.sw.loc.LanguagePack: Reading... lang\en\editor-font.lang
2016-01-11 10:15:10,754 DEBUG [main] stencyl.sw.loc.LanguagePack: Reading... lang\en\editor-sound.lang
2016-01-11 10:15:10,754 DEBUG [main] stencyl.sw.loc.LanguagePack: Reading... lang\en\editor-tileset.lang
2016-01-11 10:15:10,754 DEBUG [main] stencyl.sw.loc.LanguagePack: Reading... lang\en\editor-preloader.lang
2016-01-11 10:15:10,755 DEBUG [main] stencyl.sw.loc.LanguagePack: Reading... lang\en\editor-mobile.lang
2016-01-11 10:15:10,755 DEBUG [main] stencyl.sw.loc.LanguagePack: Reading... lang\en\editor-groups.lang
2016-01-11 10:15:10,756 DEBUG [main] stencyl.sw.loc.LanguagePack: Reading... lang\en\editor-attributes.lang
2016-01-11 10:15:10,756 DEBUG [main] stencyl.sw.loc.LanguagePack: Reading... lang\en\editor-input.lang
2016-01-11 10:15:10,756 DEBUG [main] stencyl.sw.loc.LanguagePack: Reading... lang\en\editor-animation.lang
2016-01-11 10:15:10,757 DEBUG [main] stencyl.sw.loc.LanguagePack: Reading... lang\en\editor-scene-main.lang
2016-01-11 10:15:10,757 DEBUG [main] stencyl.sw.loc.LanguagePack: Reading... lang\en\editor-scene-create.lang
2016-01-11 10:15:10,758 DEBUG [main] stencyl.sw.loc.LanguagePack: Reading... lang\en\editor-scene-tools.lang
2016-01-11 10:15:10,758 DEBUG [main] stencyl.sw.loc.LanguagePack: Reading... lang\en\global-phrases.lang
2016-01-11 10:15:10,759 DEBUG [main] stencyl.sw.loc.LanguagePack: Reading... lang\en\global-errors.lang
2016-01-11 10:15:10,759 DEBUG [main] stencyl.sw.loc.LanguagePack: Reading... lang\en\global-menu.lang
2016-01-11 10:15:10,760 DEBUG [main] stencyl.sw.loc.LanguagePack: Reading... lang\en\global-welcome.lang
2016-01-11 10:15:10,760 DEBUG [main] stencyl.sw.loc.LanguagePack: Reading... lang\en\global-dashboard.lang
2016-01-11 10:15:10,761 DEBUG [main] stencyl.sw.loc.LanguagePack: Reading... lang\en\global-publish.lang
2016-01-11 10:15:10,761 DEBUG [main] stencyl.sw.loc.LanguagePack: Reading... lang\en\global-updater.lang
2016-01-11 10:15:10,762 DEBUG [main] stencyl.sw.loc.LanguagePack: Reading... lang\en\global-chat.lang
2016-01-11 10:15:10,762 DEBUG [main] stencyl.sw.loc.LanguagePack: Reading... lang\en\global-misc.lang
2016-01-11 10:15:10,763 DEBUG [main] stencyl.sw.loc.LanguagePack: Reading... lang\en\global-forge.lang
2016-01-11 10:15:10,763 DEBUG [main] stencyl.sw.loc.LanguagePack: Reading... lang\en\global-prefs.lang
2016-01-11 10:15:10,764 DEBUG [main] stencyl.sw.loc.LanguagePack: Reading... lang\en\global-creategame.lang
2016-01-11 10:15:10,764 DEBUG [main] stencyl.sw.loc.LanguagePack: Reading... lang\en\behavior-main.lang
2016-01-11 10:15:10,765 DEBUG [main] stencyl.sw.loc.LanguagePack: Reading... lang\en\behavior-blocks.lang
2016-01-11 10:15:10,767 DEBUG [main] stencyl.sw.loc.LanguagePack: Reading... lang\en\behavior-blockhelp.lang
2016-01-11 10:15:10,769 DEBUG [main] stencyl.sw.loc.LanguagePack: Reading... lang\en\behavior-events.lang
2016-01-11 10:15:10,769 DEBUG [main] stencyl.sw.loc.LanguagePack: Reading... lang\en\behavior-code.lang
2016-01-11 10:15:10,770 DEBUG [main] stencyl.sw.loc.LanguagePack: Reading... lang\en\behavior-attributes.lang
2016-01-11 10:15:10,770 DEBUG [main] stencyl.sw.loc.LanguagePack: Reading... lang\en\behavior-create.lang
2016-01-11 10:15:10,770 DEBUG [main] stencyl.sw.loc.LanguagePack: Reading... lang\en\behavior-byob.lang
2016-01-11 10:15:10,771 DEBUG [main] stencyl.sw.loc.LanguagePack: Reading... lang\en\editor-actor-main.lang
2016-01-11 10:15:10,771 DEBUG [main] stencyl.sw.loc.LanguagePack: Reading... lang\en\editor-actor-physics.lang
2016-01-11 10:15:10,771 DEBUG [main] stencyl.sw.loc.LanguagePack: Reading... lang\en\editor-background.lang
2016-01-11 10:15:10,772 DEBUG [main] stencyl.sw.loc.LanguagePack: Reading... lang\en\editor-behaviorchooser.lang
2016-01-11 10:15:10,772 DEBUG [main] stencyl.sw.loc.LanguagePack: Reading... lang\en\editor-desktop.lang
2016-01-11 10:15:10,772 DEBUG [main] stencyl.sw.loc.LanguagePack: Reading... lang\en\editor-font.lang
2016-01-11 10:15:10,773 DEBUG [main] stencyl.sw.loc.LanguagePack: Reading... lang\en\editor-sound.lang
2016-01-11 10:15:10,773 DEBUG [main] stencyl.sw.loc.LanguagePack: Reading... lang\en\editor-tileset.lang
2016-01-11 10:15:10,774 DEBUG [main] stencyl.sw.loc.LanguagePack: Reading... lang\en\editor-preloader.lang
2016-01-11 10:15:10,774 DEBUG [main] stencyl.sw.loc.LanguagePack: Reading... lang\en\editor-mobile.lang
2016-01-11 10:15:10,774 DEBUG [main] stencyl.sw.loc.LanguagePack: Reading... lang\en\editor-groups.lang
2016-01-11 10:15:10,775 DEBUG [main] stencyl.sw.loc.LanguagePack: Reading... lang\en\editor-attributes.lang
2016-01-11 10:15:10,775 DEBUG [main] stencyl.sw.loc.LanguagePack: Reading... lang\en\editor-input.lang
2016-01-11 10:15:10,775 DEBUG [main] stencyl.sw.loc.LanguagePack: Reading... lang\en\editor-animation.lang
2016-01-11 10:15:10,776 DEBUG [main] stencyl.sw.loc.LanguagePack: Reading... lang\en\editor-scene-main.lang
2016-01-11 10:15:10,777 DEBUG [main] stencyl.sw.loc.LanguagePack: Reading... lang\en\editor-scene-create.lang
2016-01-11 10:15:10,777 DEBUG [main] stencyl.sw.loc.LanguagePack: Reading... lang\en\editor-scene-tools.lang
2016-01-11 10:15:10,778 INFO  [AWT-EventQueue-0] stencyl.sw.SW: Initializing Stencyl.
2016-01-11 10:15:10,782 DEBUG [AWT-EventQueue-0] stencyl.sw.Splash: Set Splash message: Look
2016-01-11 10:15:11,424 INFO  [AWT-EventQueue-0] stencyl.sw.ext.ExtensionDependencyManager: Haxelib actuate 1.6.5
2016-01-11 10:15:11,425 INFO  [AWT-EventQueue-0] stencyl.sw.ext.ExtensionDependencyManager: Haxelib box2d 1.11.0
2016-01-11 10:15:11,427 INFO  [AWT-EventQueue-0] stencyl.sw.ext.ExtensionDependencyManager: Haxelib box2d-fake 1.11.0
2016-01-11 10:15:11,428 INFO  [AWT-EventQueue-0] stencyl.sw.ext.ExtensionDependencyManager: Haxelib console 1.0.0
2016-01-11 10:15:11,429 INFO  [AWT-EventQueue-0] stencyl.sw.ext.ExtensionDependencyManager: Haxelib format 3.1.2
2016-01-11 10:15:11,429 INFO  [AWT-EventQueue-0] stencyl.sw.ext.ExtensionDependencyManager: Haxelib hxcpp 3.2.0
2016-01-11 10:15:11,430 INFO  [AWT-EventQueue-0] stencyl.sw.ext.ExtensionDependencyManager: Haxelib hxtelemetry 0.3.1
2016-01-11 10:15:11,431 INFO  [AWT-EventQueue-0] stencyl.sw.ext.ExtensionDependencyManager: Haxelib layout 1.1.0
2016-01-11 10:15:11,432 INFO  [AWT-EventQueue-0] stencyl.sw.ext.ExtensionDependencyManager: Haxelib lime 2.6.8
2016-01-11 10:15:11,433 INFO  [AWT-EventQueue-0] stencyl.sw.ext.ExtensionDependencyManager: Haxelib openfl 3.3.8
2016-01-11 10:15:11,433 INFO  [AWT-EventQueue-0] stencyl.sw.ext.ExtensionDependencyManager: Haxelib polygonal-ds 1.4.1
2016-01-11 10:15:11,434 INFO  [AWT-EventQueue-0] stencyl.sw.ext.ExtensionDependencyManager: Haxelib polygonal-printf 1.0.0.beta
2016-01-11 10:15:11,435 INFO  [AWT-EventQueue-0] stencyl.sw.ext.ExtensionDependencyManager: Haxelib stencyl 1.0.0
2016-01-11 10:15:11,436 INFO  [AWT-EventQueue-0] stencyl.sw.ext.ExtensionDependencyManager: Haxelib stencyl-cppia 1.0.0
2016-01-11 10:15:11,436 INFO  [AWT-EventQueue-0] stencyl.sw.ext.ExtensionDependencyManager: Haxelib svg 1.0.8
2016-01-11 10:15:11,437 INFO  [AWT-EventQueue-0] stencyl.sw.ext.ExtensionDependencyManager: Haxelib swf 1.7.4
2016-01-11 10:15:11,438 INFO  [AWT-EventQueue-0] stencyl.sw.ext.ExtensionDependencyManager: Haxelib tilelayer 0.2.1
2016-01-11 10:15:11,454 DEBUG [AWT-EventQueue-0] stencyl.sw.util.FileHelper: Matching (non-hidden) files within C:\Users\rmills0865\Google Drive\Roosevelt OGPC\stencylworks\extensions: []
2016-01-11 10:15:11,455 DEBUG [AWT-EventQueue-0] stencyl.sw.util.FileHelper: Matching (non-hidden) files within C:\Users\rmills0865\Google Drive\Roosevelt OGPC\stencylworks\extensions: []
2016-01-11 10:15:11,455 DEBUG [AWT-EventQueue-0] stencyl.sw.editors.game.advanced.EngineExtensionManager: Loading engine extensions...
2016-01-11 10:15:11,456 DEBUG [AWT-EventQueue-0] stencyl.sw.util.FileHelper: Directories within C:\Users\rmills0865\Google Drive\Roosevelt OGPC\stencylworks\engine-extensions: [C:\Users\rmills0865\Google Drive\Roosevelt OGPC\stencylworks\engine-extensions\ads, C:\Users\rmills0865\Google Drive\Roosevelt OGPC\stencylworks\engine-extensions\gamecenter, C:\Users\rmills0865\Google Drive\Roosevelt OGPC\stencylworks\engine-extensions\gestures, C:\Users\rmills0865\Google Drive\Roosevelt OGPC\stencylworks\engine-extensions\google, C:\Users\rmills0865\Google Drive\Roosevelt OGPC\stencylworks\engine-extensions\hypertouch, C:\Users\rmills0865\Google Drive\Roosevelt OGPC\stencylworks\engine-extensions\joystick, C:\Users\rmills0865\Google Drive\Roosevelt OGPC\stencylworks\engine-extensions\label, C:\Users\rmills0865\Google Drive\Roosevelt OGPC\stencylworks\engine-extensions\native, C:\Users\rmills0865\Google Drive\Roosevelt OGPC\stencylworks\engine-extensions\purchases, C:\Users\rmills0865\Google Drive\Roosevelt OGPC\stencylworks\engine-extensions\test, C:\Users\rmills0865\Google Drive\Roosevelt OGPC\stencylworks\engine-extensions\test-flash, C:\Users\rmills0865\Google Drive\Roosevelt OGPC\stencylworks\engine-extensions\test-native, C:\Users\rmills0865\Google Drive\Roosevelt OGPC\stencylworks\engine-extensions\tileapi]
2016-01-11 10:15:11,456 DEBUG [AWT-EventQueue-0] stencyl.sw.editors.game.advanced.EngineExtensionManager: ads is a core engine extension. Skip.
2016-01-11 10:15:11,456 DEBUG [AWT-EventQueue-0] stencyl.sw.editors.game.advanced.EngineExtensionManager: gamecenter is a core engine extension. Skip.
2016-01-11 10:15:11,456 DEBUG [AWT-EventQueue-0] stencyl.sw.editors.game.advanced.EngineExtensionManager: gestures is a core engine extension. Skip.
2016-01-11 10:15:11,457 DEBUG [AWT-EventQueue-0] stencyl.sw.editors.game.advanced.EngineExtensionManager: google is not a valid engine extension. Skip.
2016-01-11 10:15:11,457 DEBUG [AWT-EventQueue-0] stencyl.sw.editors.game.advanced.EngineExtensionManager: hypertouch is a core engine extension. Skip.
2016-01-11 10:15:11,457 DEBUG [AWT-EventQueue-0] stencyl.sw.editors.game.advanced.EngineExtensionManager: joystick is a core engine extension. Skip.
2016-01-11 10:15:11,458 DEBUG [AWT-EventQueue-0] stencyl.sw.editors.game.advanced.EngineExtensionManager: label is engine extension: Labels (1.0.0).
2016-01-11 10:15:11,458 DEBUG [AWT-EventQueue-0] stencyl.sw.editors.game.advanced.EngineExtensionManager: native is a core engine extension. Skip.
2016-01-11 10:15:11,459 DEBUG [AWT-EventQueue-0] stencyl.sw.editors.game.advanced.EngineExtensionManager: purchases is a core engine extension. Skip.
2016-01-11 10:15:11,459 DEBUG [AWT-EventQueue-0] stencyl.sw.editors.game.advanced.EngineExtensionManager: test is engine extension: Test Extension (1.0.0).
2016-01-11 10:15:11,460 DEBUG [AWT-EventQueue-0] stencyl.sw.editors.game.advanced.EngineExtensionManager: test-flash is engine extension: Test Extension (Flash SWF) (1.0.0).
2016-01-11 10:15:11,461 DEBUG [AWT-EventQueue-0] stencyl.sw.editors.game.advanced.EngineExtensionManager: test-native is engine extension: Test Extension (Native) (1.0.0).
2016-01-11 10:15:11,462 DEBUG [AWT-EventQueue-0] stencyl.sw.editors.game.advanced.EngineExtensionManager: tileapi is engine extension: Tile API (1.0.0).
2016-01-11 10:15:11,462 INFO  [AWT-EventQueue-0] stencyl.sw.editors.game.advanced.EngineExtensionManager: Engine Extensions: [Labels (1.0.0), Test Extension (1.0.0), Test Extension (Flash SWF) (1.0.0), Test Extension (Native) (1.0.0), Tile API (1.0.0)]
2016-01-11 10:15:11,463 WARN  [AWT-EventQueue-0] stencyl.sw.app.ExtensionManager: Couldn't load extension settings.
2016-01-11 10:15:11,465 INFO  [AWT-EventQueue-0] stencyl.sw.app.ExtensionManager: Toolset Extensions: []
2016-01-11 10:15:11,635 DEBUG [AWT-EventQueue-0] stencyl.sw.app.doc.Workspace: Activated: Welcome Center
2016-01-11 10:15:11,638 DEBUG [AWT-EventQueue-0] stencyl.sw.app.App: Silent Authentication.
2016-01-11 10:15:11,638 DEBUG [AWT-EventQueue-0] stencyl.sw.Splash: Dispose Splash
2016-01-11 10:15:11,751 DEBUG [pool-1-thread-1] stencyl.sw.app.tasks.AuthenticateTask: Response: guest
2016-01-11 10:15:11,751 INFO  [pool-1-thread-1] stencyl.sw.app.tasks.AuthenticateTask: Could not log in. Check your login credentials.
2016-01-11 10:15:42,743 DEBUG [AWT-EventQueue-0] stencyl.sw.util.FileHelper: Deleting: C:\Users\rmills0865\AppData\Local\Temp\stencyl8755664640816605026\sandbox\test\temp
2016-01-11 10:15:42,746 DEBUG [AWT-EventQueue-0] stencyl.sw.util.FileHelper: Deleting: C:\Users\rmills0865\Google Drive\Roosevelt OGPC\stencylworks\preview\scripts
2016-01-11 10:15:42,775 DEBUG [AWT-EventQueue-0] stencyl.sw.util.FileHelper: Deleting: C:\Users\rmills0865\Google Drive\Roosevelt OGPC\stencylworks\preview\game
2016-01-11 10:15:42,776 INFO  [AWT-EventQueue-0] stencyl.sw.app.tasks.OpenGameTask: Opening game: Test Game
2016-01-11 10:15:42,862 DEBUG [pool-1-thread-1] stencyl.core.lib.Game: Loading scene-specific snippet. SceneID: 0
2016-01-11 10:15:42,933 DEBUG [pool-1-thread-1] stencyl.core.lib.ResourceList: Initializing... 3 : Actor
2016-01-11 10:15:42,935 DEBUG [pool-1-thread-1] stencyl.core.lib.ResourceList: Initializing... 4 : Actor
2016-01-11 10:15:42,955 DEBUG [pool-1-thread-1] stencyl.core.lib.ResourceList: Initializing... 0 : New Font
2016-01-11 10:15:42,983 DEBUG [pool-1-thread-1] stencyl.core.lib.ResourceList: Initializing... 1 : Timer
2016-01-11 10:15:42,983 DEBUG [pool-1-thread-1] stencyl.core.lib.ResourceList: Initializing... 2 : Timer
2016-01-11 10:15:43,047 DEBUG [AWT-EventQueue-0] stencyl.core.lib.io.read.SceneReader: Reading header for Scene: 0 (Test) from: scenes\0.xml
2016-01-11 10:15:43,099 DEBUG [AWT-EventQueue-0] stencyl.core.lib.io.read.SceneReader: Reading header for Scene: 0 (Test) from: scenes\0.xml
2016-01-11 10:15:43,182 DEBUG [AWT-EventQueue-0] stencyl.sw.app.doc.Workspace: Activated: Dashboard
2016-01-11 10:15:43,182 DEBUG [AWT-EventQueue-0] stencyl.sw.util.FileHelper: Trying to delete file that does not exist: C:\Users\rmills0865\AppData\Local\Temp\stencyl8755664640816605026\sandbox\build\code
2016-01-11 10:15:43,183 DEBUG [AWT-EventQueue-0] stencyl.sw.util.FileHelper: Deleting: C:\Users\rmills0865\AppData\Local\Temp\stencyl8755664640816605026\sandbox\test\temp
2016-01-11 10:15:43,185 DEBUG [AWT-EventQueue-0] stencyl.core.lib.io.read.SceneReader: Reading header for Scene: 0 (Test) from: scenes\0.xml
2016-01-11 10:15:43,234 DEBUG [AWT-EventQueue-0] stencyl.sw.app.tasks.OpenGameTask: Took 458ms
2016-01-11 10:15:43,340 DEBUG [AWT-EventQueue-0] stencyl.sw.editors.game.cgroups.CollisionGroupTree: Loading actor group into tree: Actors
2016-01-11 10:15:43,350 DEBUG [AWT-EventQueue-0] stencyl.sw.editors.game.cgroups.CollisionGroupTree: Loading actor group into tree: Doodads
2016-01-11 10:15:43,356 DEBUG [AWT-EventQueue-0] stencyl.sw.editors.game.cgroups.CollisionGroupTree: Loading actor group into tree: Players
2016-01-11 10:15:43,360 DEBUG [AWT-EventQueue-0] stencyl.sw.editors.game.cgroups.CollisionGroupTree: Loading actor group into tree: Regions
2016-01-11 10:15:43,365 DEBUG [AWT-EventQueue-0] stencyl.sw.editors.game.cgroups.CollisionGroupTree: Loading actor group into tree: Tiles
2016-01-11 10:15:44,041 DEBUG [AWT-EventQueue-0] stencyl.core.lib.Atlas: Getting memory for atlas 0
2016-01-11 10:15:44,042 DEBUG [AWT-EventQueue-0] stencyl.core.lib.Atlas: Added resource 'New Font' to atlas 0
2016-01-11 10:15:44,042 DEBUG [AWT-EventQueue-0] stencyl.core.lib.Atlas: Added resource 'Timer' to atlas 0
2016-01-11 10:15:44,042 DEBUG [AWT-EventQueue-0] stencyl.core.lib.Atlas: Added resource 'Actor' to atlas 0
2016-01-11 10:15:44,047 DEBUG [AWT-EventQueue-0] stencyl.core.lib.Atlas: Getting memory for atlas 1
2016-01-11 10:15:44,050 DEBUG [AWT-EventQueue-0] stencyl.core.lib.Atlas: Getting memory for atlas 2
2016-01-11 10:15:44,054 DEBUG [AWT-EventQueue-0] stencyl.core.lib.Atlas: Getting memory for atlas 3
2016-01-11 10:15:44,077 DEBUG [AWT-EventQueue-0] stencyl.core.lib.io.read.SceneReader: Reading header for Scene: 0 (Test) from: scenes\0.xml
2016-01-11 10:15:47,991 DEBUG [AWT-EventQueue-0] stencyl.sw.app.doc.Workspace: Loading Closed Resource: Test
2016-01-11 10:15:47,992 DEBUG [pool-1-thread-1] stencyl.core.lib.io.read.SceneReader: Reading header for Scene: 0 (Test) from: scenes\0.xml
2016-01-11 10:15:48,210 DEBUG [pool-1-thread-1] stencyl.sw.editors.scene.Designer: Brush Changed
2016-01-11 10:15:48,449 DEBUG [pool-1-thread-1] stencyl.sw.editors.snippet.designer.EditArea: Verifying Top Level... draw
2016-01-11 10:15:48,450 DEBUG [pool-1-thread-1] stencyl.sw.editors.snippet.designer.block.BlockField: Result for: draw-text - true
2016-01-11 10:15:48,450 DEBUG [pool-1-thread-1] stencyl.sw.editors.snippet.designer.block.BlockField: Result for: draw-text - true
2016-01-11 10:15:48,450 DEBUG [pool-1-thread-1] stencyl.sw.editors.snippet.designer.block.BlockField: Result for: draw-text - true
2016-01-11 10:15:48,450 DEBUG [pool-1-thread-1] stencyl.sw.editors.snippet.designer.block.BlockField: Result for: draw - false
2016-01-11 10:15:48,728 DEBUG [pool-1-thread-1] stencyl.sw.editors.snippet.designer.palette.Palette: Palette asked to refresh: Position
2016-01-11 10:15:48,787 DEBUG [pool-1-thread-1] stencyl.sw.editors.snippet.designer.palette.Palette: Palette asked to refresh: Conditions
2016-01-11 10:15:48,997 DEBUG [pool-1-thread-1] stencyl.sw.editors.snippet.designer.palette.Palette: Palette asked to refresh: Actors
2016-01-11 10:15:49,059 DEBUG [pool-1-thread-1] stencyl.sw.editors.snippet.designer.palette.Palette: Palette asked to refresh: Keyboard & Mouse
2016-01-11 10:15:49,113 DEBUG [pool-1-thread-1] stencyl.sw.editors.snippet.designer.palette.Palette: Palette asked to refresh: Math
2016-01-11 10:15:49,178 DEBUG [pool-1-thread-1] stencyl.sw.editors.snippet.designer.palette.Palette: Palette asked to refresh: Getters
2016-01-11 10:15:49,284 DEBUG [pool-1-thread-1] stencyl.sw.editors.snippet.designer.palette.Palette: Palette asked to refresh: Sound
2016-01-11 10:15:49,315 DEBUG [pool-1-thread-1] stencyl.sw.editors.snippet.designer.palette.Palette: Palette asked to refresh: Triggers
2016-01-11 10:15:49,359 DEBUG [pool-1-thread-1] stencyl.sw.editors.snippet.designer.palette.Palette: Palette asked to refresh: Web
2016-01-11 10:15:49,402 DEBUG [pool-1-thread-1] stencyl.sw.editors.snippet.designer.palette.Palette: Palette asked to refresh: Drawing
2016-01-11 10:15:49,431 DEBUG [pool-1-thread-1] stencyl.sw.editors.snippet.designer.palette.Palette: Palette asked to refresh: Basic
2016-01-11 10:15:49,436 DEBUG [pool-1-thread-1] stencyl.sw.editors.snippet.designer.palette.Palette: Palette asked to refresh: Custom
2016-01-11 10:15:49,438 DEBUG [pool-1-thread-1] stencyl.sw.editors.snippet.designer.palette.Palette: Palette asked to refresh: Extensions
2016-01-11 10:15:49,439 DEBUG [pool-1-thread-1] stencyl.sw.editors.snippet.designer.palette.Palette: Palette asked to refresh: Position
2016-01-11 10:15:49,473 DEBUG [pool-1-thread-1] stencyl.sw.editors.snippet.designer.EditArea: ContextSet for current event: [[e]0-1, [s]com.stencyl.behavior.Script, [c]com.stencyl.behavior.Script, [b]0, [h]engine:com.stencyl.Engine, [h]g:com.stencyl.graphics.G]
2016-01-11 10:15:49,474 DEBUG [pool-1-thread-1] stencyl.sw.editors.snippet.designer.palette.Palette: Palette asked to refresh: Position
2016-01-11 10:15:49,474 DEBUG [pool-1-thread-1] stencyl.sw.editors.snippet.designer.palette.Palette: Refreshing with context [[e]0-1, [s]com.stencyl.behavior.Script, [c]com.stencyl.behavior.Script, [b]0, [h]engine:com.stencyl.Engine, [h]g:com.stencyl.graphics.G]
2016-01-11 10:15:49,608 DEBUG [AWT-EventQueue-0] stencyl.sw.app.doc.Workspace: Activated: Test
2016-01-11 10:15:49,610 DEBUG [pool-1-thread-1] stencyl.sw.app.tasks.OpenResourceTask: Open Took 1618ms
2016-01-11 10:15:49,709 DEBUG [AWT-EventQueue-0] stencyl.sw.app.tasks.OpenResourceTask: Total Took 1717ms
2016-01-11 10:15:54,833 DEBUG [AWT-EventQueue-0] stencyl.sw.app.doc.Workspace: Activated: Dashboard
2016-01-11 10:15:54,833 DEBUG [AWT-EventQueue-0] stencyl.sw.app.doc.Workspace: Closed Document: Test0
2016-01-11 10:16:00,507 DEBUG [AWT-EventQueue-0] stencyl.sw.util.FileHelper: Deleting: C:\Users\rmills0865\Google Drive\Roosevelt OGPC\stencylworks\games\Test Game\scenes\0.png
2016-01-11 10:16:00,511 DEBUG [AWT-EventQueue-0] stencyl.core.lib.io.read.SceneReader: Reading header for Scene: 0 (Test) from: scenes\0.xml
2016-01-11 10:16:00,521 INFO  [AWT-EventQueue-0] stencyl.sw.app.doc.Workspace: Removing scene-specific snippets from Test
2016-01-11 10:16:00,521 INFO  [AWT-EventQueue-0] stencyl.sw.app.doc.Workspace: Removing... SceneEvents_0
2016-01-11 10:16:00,522 DEBUG [AWT-EventQueue-0] stencyl.sw.util.NotifierHashMap: HashMapEvent [type=VALUE_REMOVED, value=SceneEvents_0]
2016-01-11 10:16:00,525 INFO  [AWT-EventQueue-0] stencyl.sw.app.doc.Workspace: End Removing scene-specific snippets from Test
2016-01-11 10:16:06,987 INFO  [AWT-EventQueue-0] stencyl.sw.app.App: Attempting to quit out of Stencyl.
2016-01-11 10:16:08,823 DEBUG [AWT-EventQueue-0] stencyl.sw.util.Util: Running command: [taskkill, /im, neko.exe, /f]
2016-01-11 10:16:08,895 DEBUG [Thread-7] stencyl.sw.util.StreamGobbler: [taskkill] ERROR: The process "neko.exe" not found.
2016-01-11 10:16:08,897 DEBUG [AWT-EventQueue-0] stencyl.sw.util.Util: Process 'taskkill' exited with code: 128
2016-01-11 10:16:08,898 DEBUG [AWT-EventQueue-0] stencyl.sw.util.Util: Running command: [taskkill, /im, adb.exe, /f]
2016-01-11 10:16:08,957 DEBUG [Thread-8] stencyl.sw.util.StreamGobbler: [taskkill] ERROR: The process "adb.exe" not found.
2016-01-11 10:16:08,959 DEBUG [AWT-EventQueue-0] stencyl.sw.util.Util: Process 'taskkill' exited with code: 128
2016-01-11 10:16:08,959 DEBUG [AWT-EventQueue-0] stencyl.sw.util.Util: Running command: [taskkill, /im, arm-linux-androideabi-g++.exe, /f]
2016-01-11 10:16:09,018 DEBUG [Thread-9] stencyl.sw.util.StreamGobbler: [taskkill] ERROR: The process "arm-linux-androideabi-g++.exe" not found.
2016-01-11 10:16:09,020 DEBUG [AWT-EventQueue-0] stencyl.sw.util.Util: Process 'taskkill' exited with code: 128
2016-01-11 10:16:09,021 DEBUG [AWT-EventQueue-0] stencyl.sw.util.Util: Running command: [taskkill, /im, cc1plus.exe, /f]
2016-01-11 10:16:09,079 DEBUG [Thread-10] stencyl.sw.util.StreamGobbler: [taskkill] ERROR: The process "cc1plus.exe" not found.
2016-01-11 10:16:09,081 DEBUG [AWT-EventQueue-0] stencyl.sw.util.Util: Process 'taskkill' exited with code: 128
2016-01-11 10:16:09,081 DEBUG [AWT-EventQueue-0] stencyl.sw.util.Util: Running command: [taskkill, /im, tail.exe, /f]
2016-01-11 10:16:09,140 DEBUG [Thread-11] stencyl.sw.util.StreamGobbler: [taskkill] ERROR: The process "tail.exe" not found.
2016-01-11 10:16:09,142 DEBUG [AWT-EventQueue-0] stencyl.sw.util.Util: Process 'taskkill' exited with code: 128
2016-01-11 10:16:09,142 DEBUG [AWT-EventQueue-0] stencyl.sw.util.Util: Running command: [taskkill, /im, ios-sim.exe, /f]
2016-01-11 10:16:09,201 DEBUG [Thread-12] stencyl.sw.util.StreamGobbler: [taskkill] ERROR: The process "ios-sim.exe" not found.
2016-01-11 10:16:09,203 DEBUG [AWT-EventQueue-0] stencyl.sw.util.Util: Process 'taskkill' exited with code: 128
2016-01-11 10:16:09,203 DEBUG [AWT-EventQueue-0] stencyl.sw.app.App: Destroying extensions.
2016-01-11 10:16:09,204 DEBUG [AWT-EventQueue-0] stencyl.sw.app.App: Performing final close.
2016-01-11 10:16:09,207 INFO  [AWT-EventQueue-0] stencyl.sw.app.App: Exiting...
2016-01-11 10:16:09,207 DEBUG [AWT-EventQueue-0] stencyl.sw.app.App: Destroying Temporary Sandbox.
2016-01-11 10:16:09,208 DEBUG [AWT-EventQueue-0] stencyl.sw.util.FileHelper: Deleting: C:\Users\rmills0865\AppData\Local\Temp\stencyl8755664640816605026
