2016-01-11 09:56:44,932 INFO  [main] stencyl.sw.Session: Logfile: C:\Users\glafond5733\Google Drive\Roosevelt OGPC\stencylworks\logs\2016-01-11_09-56-36.log
2016-01-11 09:56:44,932 INFO  [main] stencyl.sw.Session: Logfile: C:\Users\glafond5733\Google Drive\Roosevelt OGPC\stencylworks\logs\2016-01-11_09-56-36.log
2016-01-11 09:56:45,087 INFO  [main] stencyl.sw.Session: OS Name: Windows 7
2016-01-11 09:56:45,087 INFO  [main] stencyl.sw.Session: OS Name: Windows 7
2016-01-11 09:56:45,087 INFO  [main] stencyl.sw.Session: OS Version: 6.1 (64-bit)
2016-01-11 09:56:45,087 INFO  [main] stencyl.sw.Session: OS Version: 6.1 (64-bit)
2016-01-11 09:56:45,087 INFO  [main] stencyl.sw.Session: Java Version: 1.8.0_60
2016-01-11 09:56:45,087 INFO  [main] stencyl.sw.Session: Stencyl Version: 3.3.2 (b8734)
2016-01-11 09:56:45,087 INFO  [main] stencyl.sw.Session: Java Version: 1.8.0_60
2016-01-11 09:56:45,087 INFO  [main] stencyl.sw.Session: Stencyl Workspace: C:\Users\glafond5733\Google Drive\Roosevelt OGPC\
2016-01-11 09:56:45,087 INFO  [main] stencyl.sw.Session: User Working Directory: C:\Program Files (x86)\Stencyl
2016-01-11 09:56:45,087 INFO  [main] stencyl.sw.Session: Stencyl Version: 3.3.2 (b8734)
2016-01-11 09:56:45,087 INFO  [main] stencyl.sw.Session: User Home Directory: C:\Users\glafond5733
2016-01-11 09:56:45,087 INFO  [main] stencyl.sw.Session: System Path: C:\ProgramData\Oracle\Java\javapath;C:\Program Files (x86)\Intel\iCLS Client\;C:\Program Files\Intel\iCLS Client\;C:\WINDOWS\system32;C:\WINDOWS;C:\WINDOWS\System32\Wbem;C:\WINDOWS\System32\WindowsPowerShell\v1.0\;C:\WINDOWS\CCM;C:\WINDOWS\CCM;C:\Program Files (x86)\QuickTime\QTSystem\;C:\Program Files\Intel\Intel(R) Management Engine Components\DAL;C:\Program Files\Intel\Intel(R) Management Engine Components\IPT;C:\Program Files (x86)\Intel\Intel(R) Management Engine Components\DAL;C:\Program Files (x86)\Intel\Intel(R) Management Engine Components\IPT;C:\Program Files (x86)\Stencyl\runtimes\jre-win\bin
2016-01-11 09:56:45,103 INFO  [main] stencyl.sw.Session: Stencyl Workspace: C:\Users\glafond5733\Google Drive\Roosevelt OGPC\
2016-01-11 09:56:45,103 INFO  [main] stencyl.sw.Session: User Working Directory: C:\Program Files (x86)\Stencyl
2016-01-11 09:56:45,103 INFO  [main] stencyl.sw.Session: User Home Directory: C:\Users\glafond5733
2016-01-11 09:56:45,103 INFO  [main] stencyl.sw.Session: System Path: C:\ProgramData\Oracle\Java\javapath;C:\Program Files (x86)\Intel\iCLS Client\;C:\Program Files\Intel\iCLS Client\;C:\WINDOWS\system32;C:\WINDOWS;C:\WINDOWS\System32\Wbem;C:\WINDOWS\System32\WindowsPowerShell\v1.0\;C:\WINDOWS\CCM;C:\WINDOWS\CCM;C:\Program Files (x86)\QuickTime\QTSystem\;C:\Program Files\Intel\Intel(R) Management Engine Components\DAL;C:\Program Files\Intel\Intel(R) Management Engine Components\IPT;C:\Program Files (x86)\Intel\Intel(R) Management Engine Components\DAL;C:\Program Files (x86)\Intel\Intel(R) Management Engine Components\IPT;C:\Program Files (x86)\Stencyl\runtimes\jre-win\bin
2016-01-11 09:56:48,046 DEBUG [main] stencyl.sw.util.FileHelper: Deleting: C:\Users\GLAFON~1\AppData\Local\Temp\stencyl711222015915834563
2016-01-11 09:56:48,046 DEBUG [main] stencyl.sw.util.FileHelper: Deleting: C:\Users\GLAFON~1\AppData\Local\Temp\stencyl4778042558177449365
2016-01-11 09:56:48,046 DEBUG [main] stencyl.sw.loc.LanguagePack: Reading... lang\en\global-phrases.lang
2016-01-11 09:56:48,061 DEBUG [main] stencyl.sw.loc.LanguagePack: Reading... lang\en\global-phrases.lang
2016-01-11 09:56:48,248 DEBUG [main] stencyl.sw.loc.LanguagePack: Reading... lang\en\global-errors.lang
2016-01-11 09:56:48,248 DEBUG [main] stencyl.sw.loc.LanguagePack: Reading... lang\en\global-errors.lang
2016-01-11 09:56:48,341 DEBUG [main] stencyl.sw.loc.LanguagePack: Reading... lang\en\global-menu.lang
2016-01-11 09:56:48,357 DEBUG [main] stencyl.sw.loc.LanguagePack: Reading... lang\en\global-menu.lang
2016-01-11 09:56:48,388 DEBUG [main] stencyl.sw.loc.LanguagePack: Reading... lang\en\global-welcome.lang
2016-01-11 09:56:48,388 DEBUG [main] stencyl.sw.loc.LanguagePack: Reading... lang\en\global-welcome.lang
2016-01-11 09:56:48,466 DEBUG [main] stencyl.sw.loc.LanguagePack: Reading... lang\en\global-dashboard.lang
2016-01-11 09:56:48,466 DEBUG [main] stencyl.sw.loc.LanguagePack: Reading... lang\en\global-dashboard.lang
2016-01-11 09:56:48,497 DEBUG [main] stencyl.sw.loc.LanguagePack: Reading... lang\en\global-publish.lang
2016-01-11 09:56:48,497 DEBUG [main] stencyl.sw.loc.LanguagePack: Reading... lang\en\global-publish.lang
2016-01-11 09:56:48,544 DEBUG [main] stencyl.sw.loc.LanguagePack: Reading... lang\en\global-updater.lang
2016-01-11 09:56:48,544 DEBUG [main] stencyl.sw.loc.LanguagePack: Reading... lang\en\global-chat.lang
2016-01-11 09:56:48,559 DEBUG [main] stencyl.sw.loc.LanguagePack: Reading... lang\en\global-updater.lang
2016-01-11 09:56:48,559 DEBUG [main] stencyl.sw.loc.LanguagePack: Reading... lang\en\global-chat.lang
2016-01-11 09:56:48,575 DEBUG [main] stencyl.sw.loc.LanguagePack: Reading... lang\en\global-misc.lang
2016-01-11 09:56:48,575 DEBUG [main] stencyl.sw.loc.LanguagePack: Reading... lang\en\global-misc.lang
2016-01-11 09:56:48,591 DEBUG [main] stencyl.sw.loc.LanguagePack: Reading... lang\en\global-forge.lang
2016-01-11 09:56:48,606 DEBUG [main] stencyl.sw.loc.LanguagePack: Reading... lang\en\global-forge.lang
2016-01-11 09:56:48,622 DEBUG [main] stencyl.sw.loc.LanguagePack: Reading... lang\en\global-prefs.lang
2016-01-11 09:56:48,622 DEBUG [main] stencyl.sw.loc.LanguagePack: Reading... lang\en\global-prefs.lang
2016-01-11 09:56:48,622 DEBUG [main] stencyl.sw.loc.LanguagePack: Reading... lang\en\global-creategame.lang
2016-01-11 09:56:48,622 DEBUG [main] stencyl.sw.loc.LanguagePack: Reading... lang\en\global-creategame.lang
2016-01-11 09:56:48,622 DEBUG [main] stencyl.sw.loc.LanguagePack: Reading... lang\en\behavior-main.lang
2016-01-11 09:56:48,622 DEBUG [main] stencyl.sw.loc.LanguagePack: Reading... lang\en\behavior-main.lang
2016-01-11 09:56:48,700 DEBUG [main] stencyl.sw.loc.LanguagePack: Reading... lang\en\behavior-blocks.lang
2016-01-11 09:56:48,700 DEBUG [main] stencyl.sw.loc.LanguagePack: Reading... lang\en\behavior-blocks.lang
2016-01-11 09:56:48,793 DEBUG [main] stencyl.sw.loc.LanguagePack: Reading... lang\en\behavior-blockhelp.lang
2016-01-11 09:56:48,793 DEBUG [main] stencyl.sw.loc.LanguagePack: Reading... lang\en\behavior-blockhelp.lang
2016-01-11 09:56:48,902 DEBUG [main] stencyl.sw.loc.LanguagePack: Reading... lang\en\behavior-events.lang
2016-01-11 09:56:48,902 DEBUG [main] stencyl.sw.loc.LanguagePack: Reading... lang\en\behavior-events.lang
2016-01-11 09:56:48,964 DEBUG [main] stencyl.sw.loc.LanguagePack: Reading... lang\en\behavior-code.lang
2016-01-11 09:56:48,964 DEBUG [main] stencyl.sw.loc.LanguagePack: Reading... lang\en\behavior-code.lang
2016-01-11 09:56:48,964 DEBUG [main] stencyl.sw.loc.LanguagePack: Reading... lang\en\behavior-attributes.lang
2016-01-11 09:56:48,964 DEBUG [main] stencyl.sw.loc.LanguagePack: Reading... lang\en\behavior-attributes.lang
2016-01-11 09:56:48,995 DEBUG [main] stencyl.sw.loc.LanguagePack: Reading... lang\en\behavior-create.lang
2016-01-11 09:56:48,995 DEBUG [main] stencyl.sw.loc.LanguagePack: Reading... lang\en\behavior-create.lang
2016-01-11 09:56:49,104 DEBUG [main] stencyl.sw.loc.LanguagePack: Reading... lang\en\behavior-byob.lang
2016-01-11 09:56:49,104 DEBUG [main] stencyl.sw.loc.LanguagePack: Reading... lang\en\behavior-byob.lang
2016-01-11 09:56:49,135 DEBUG [main] stencyl.sw.loc.LanguagePack: Reading... lang\en\editor-actor-main.lang
2016-01-11 09:56:49,135 DEBUG [main] stencyl.sw.loc.LanguagePack: Reading... lang\en\editor-actor-main.lang
2016-01-11 09:56:49,182 DEBUG [main] stencyl.sw.loc.LanguagePack: Reading... lang\en\editor-actor-physics.lang
2016-01-11 09:56:49,182 DEBUG [main] stencyl.sw.loc.LanguagePack: Reading... lang\en\editor-actor-physics.lang
2016-01-11 09:56:49,213 DEBUG [main] stencyl.sw.loc.LanguagePack: Reading... lang\en\editor-background.lang
2016-01-11 09:56:49,213 DEBUG [main] stencyl.sw.loc.LanguagePack: Reading... lang\en\editor-background.lang
2016-01-11 09:56:49,276 DEBUG [main] stencyl.sw.loc.LanguagePack: Reading... lang\en\editor-behaviorchooser.lang
2016-01-11 09:56:49,276 DEBUG [main] stencyl.sw.loc.LanguagePack: Reading... lang\en\editor-behaviorchooser.lang
2016-01-11 09:56:49,276 DEBUG [main] stencyl.sw.loc.LanguagePack: Reading... lang\en\editor-desktop.lang
2016-01-11 09:56:49,276 DEBUG [main] stencyl.sw.loc.LanguagePack: Reading... lang\en\editor-desktop.lang
2016-01-11 09:56:49,307 DEBUG [main] stencyl.sw.loc.LanguagePack: Reading... lang\en\editor-font.lang
2016-01-11 09:56:49,307 DEBUG [main] stencyl.sw.loc.LanguagePack: Reading... lang\en\editor-font.lang
2016-01-11 09:56:49,369 DEBUG [main] stencyl.sw.loc.LanguagePack: Reading... lang\en\editor-sound.lang
2016-01-11 09:56:49,369 DEBUG [main] stencyl.sw.loc.LanguagePack: Reading... lang\en\editor-sound.lang
2016-01-11 09:56:49,525 DEBUG [main] stencyl.sw.loc.LanguagePack: Reading... lang\en\editor-tileset.lang
2016-01-11 09:56:49,525 DEBUG [main] stencyl.sw.loc.LanguagePack: Reading... lang\en\editor-tileset.lang
2016-01-11 09:56:49,525 DEBUG [main] stencyl.sw.loc.LanguagePack: Reading... lang\en\editor-preloader.lang
2016-01-11 09:56:49,525 DEBUG [main] stencyl.sw.loc.LanguagePack: Reading... lang\en\editor-preloader.lang
2016-01-11 09:56:49,618 DEBUG [main] stencyl.sw.loc.LanguagePack: Reading... lang\en\editor-mobile.lang
2016-01-11 09:56:49,618 DEBUG [main] stencyl.sw.loc.LanguagePack: Reading... lang\en\editor-mobile.lang
2016-01-11 09:56:49,649 DEBUG [main] stencyl.sw.loc.LanguagePack: Reading... lang\en\editor-groups.lang
2016-01-11 09:56:49,649 DEBUG [main] stencyl.sw.loc.LanguagePack: Reading... lang\en\editor-groups.lang
2016-01-11 09:56:49,789 DEBUG [main] stencyl.sw.loc.LanguagePack: Reading... lang\en\editor-attributes.lang
2016-01-11 09:56:49,789 DEBUG [main] stencyl.sw.loc.LanguagePack: Reading... lang\en\editor-attributes.lang
2016-01-11 09:56:49,836 DEBUG [main] stencyl.sw.loc.LanguagePack: Reading... lang\en\editor-input.lang
2016-01-11 09:56:49,836 DEBUG [main] stencyl.sw.loc.LanguagePack: Reading... lang\en\editor-input.lang
2016-01-11 09:56:49,836 DEBUG [main] stencyl.sw.loc.LanguagePack: Reading... lang\en\editor-animation.lang
2016-01-11 09:56:49,836 DEBUG [main] stencyl.sw.loc.LanguagePack: Reading... lang\en\editor-animation.lang
2016-01-11 09:56:49,883 DEBUG [main] stencyl.sw.loc.LanguagePack: Reading... lang\en\editor-scene-main.lang
2016-01-11 09:56:49,883 DEBUG [main] stencyl.sw.loc.LanguagePack: Reading... lang\en\editor-scene-main.lang
2016-01-11 09:56:49,945 DEBUG [main] stencyl.sw.loc.LanguagePack: Reading... lang\en\editor-scene-create.lang
2016-01-11 09:56:49,945 DEBUG [main] stencyl.sw.loc.LanguagePack: Reading... lang\en\editor-scene-create.lang
2016-01-11 09:56:49,945 DEBUG [main] stencyl.sw.loc.LanguagePack: Reading... lang\en\editor-scene-tools.lang
2016-01-11 09:56:49,945 DEBUG [main] stencyl.sw.loc.LanguagePack: Reading... lang\en\editor-scene-tools.lang
2016-01-11 09:56:49,945 DEBUG [main] stencyl.sw.loc.LanguagePack: Reading... lang\en\global-phrases.lang
2016-01-11 09:56:49,945 DEBUG [main] stencyl.sw.loc.LanguagePack: Reading... lang\en\global-errors.lang
2016-01-11 09:56:49,945 DEBUG [main] stencyl.sw.loc.LanguagePack: Reading... lang\en\global-phrases.lang
2016-01-11 09:56:49,945 DEBUG [main] stencyl.sw.loc.LanguagePack: Reading... lang\en\global-menu.lang
2016-01-11 09:56:49,945 DEBUG [main] stencyl.sw.loc.LanguagePack: Reading... lang\en\global-errors.lang
2016-01-11 09:56:49,945 DEBUG [main] stencyl.sw.loc.LanguagePack: Reading... lang\en\global-welcome.lang
2016-01-11 09:56:49,945 DEBUG [main] stencyl.sw.loc.LanguagePack: Reading... lang\en\global-menu.lang
2016-01-11 09:56:49,945 DEBUG [main] stencyl.sw.loc.LanguagePack: Reading... lang\en\global-dashboard.lang
2016-01-11 09:56:49,945 DEBUG [main] stencyl.sw.loc.LanguagePack: Reading... lang\en\global-welcome.lang
2016-01-11 09:56:49,945 DEBUG [main] stencyl.sw.loc.LanguagePack: Reading... lang\en\global-publish.lang
2016-01-11 09:56:49,945 DEBUG [main] stencyl.sw.loc.LanguagePack: Reading... lang\en\global-dashboard.lang
2016-01-11 09:56:49,945 DEBUG [main] stencyl.sw.loc.LanguagePack: Reading... lang\en\global-updater.lang
2016-01-11 09:56:49,945 DEBUG [main] stencyl.sw.loc.LanguagePack: Reading... lang\en\global-publish.lang
2016-01-11 09:56:49,945 DEBUG [main] stencyl.sw.loc.LanguagePack: Reading... lang\en\global-chat.lang
2016-01-11 09:56:49,945 DEBUG [main] stencyl.sw.loc.LanguagePack: Reading... lang\en\global-misc.lang
2016-01-11 09:56:49,945 DEBUG [main] stencyl.sw.loc.LanguagePack: Reading... lang\en\global-updater.lang
2016-01-11 09:56:49,945 DEBUG [main] stencyl.sw.loc.LanguagePack: Reading... lang\en\global-chat.lang
2016-01-11 09:56:49,945 DEBUG [main] stencyl.sw.loc.LanguagePack: Reading... lang\en\global-forge.lang
2016-01-11 09:56:49,945 DEBUG [main] stencyl.sw.loc.LanguagePack: Reading... lang\en\global-misc.lang
2016-01-11 09:56:49,945 DEBUG [main] stencyl.sw.loc.LanguagePack: Reading... lang\en\global-prefs.lang
2016-01-11 09:56:49,945 DEBUG [main] stencyl.sw.loc.LanguagePack: Reading... lang\en\global-forge.lang
2016-01-11 09:56:49,945 DEBUG [main] stencyl.sw.loc.LanguagePack: Reading... lang\en\global-creategame.lang
2016-01-11 09:56:49,945 DEBUG [main] stencyl.sw.loc.LanguagePack: Reading... lang\en\behavior-main.lang
2016-01-11 09:56:49,945 DEBUG [main] stencyl.sw.loc.LanguagePack: Reading... lang\en\global-prefs.lang
2016-01-11 09:56:49,945 DEBUG [main] stencyl.sw.loc.LanguagePack: Reading... lang\en\behavior-blocks.lang
2016-01-11 09:56:49,945 DEBUG [main] stencyl.sw.loc.LanguagePack: Reading... lang\en\global-creategame.lang
2016-01-11 09:56:49,945 DEBUG [main] stencyl.sw.loc.LanguagePack: Reading... lang\en\behavior-main.lang
2016-01-11 09:56:49,961 DEBUG [main] stencyl.sw.loc.LanguagePack: Reading... lang\en\behavior-blockhelp.lang
2016-01-11 09:56:49,961 DEBUG [main] stencyl.sw.loc.LanguagePack: Reading... lang\en\behavior-events.lang
2016-01-11 09:56:49,961 DEBUG [main] stencyl.sw.loc.LanguagePack: Reading... lang\en\behavior-code.lang
2016-01-11 09:56:49,961 DEBUG [main] stencyl.sw.loc.LanguagePack: Reading... lang\en\behavior-attributes.lang
2016-01-11 09:56:49,961 DEBUG [main] stencyl.sw.loc.LanguagePack: Reading... lang\en\behavior-create.lang
2016-01-11 09:56:49,961 DEBUG [main] stencyl.sw.loc.LanguagePack: Reading... lang\en\behavior-byob.lang
2016-01-11 09:56:49,961 DEBUG [main] stencyl.sw.loc.LanguagePack: Reading... lang\en\editor-actor-main.lang
2016-01-11 09:56:49,961 DEBUG [main] stencyl.sw.loc.LanguagePack: Reading... lang\en\editor-actor-physics.lang
2016-01-11 09:56:49,961 DEBUG [main] stencyl.sw.loc.LanguagePack: Reading... lang\en\editor-background.lang
2016-01-11 09:56:49,961 DEBUG [main] stencyl.sw.loc.LanguagePack: Reading... lang\en\editor-behaviorchooser.lang
2016-01-11 09:56:49,961 DEBUG [main] stencyl.sw.loc.LanguagePack: Reading... lang\en\behavior-blocks.lang
2016-01-11 09:56:49,961 DEBUG [main] stencyl.sw.loc.LanguagePack: Reading... lang\en\editor-desktop.lang
2016-01-11 09:56:49,961 DEBUG [main] stencyl.sw.loc.LanguagePack: Reading... lang\en\editor-font.lang
2016-01-11 09:56:49,961 DEBUG [main] stencyl.sw.loc.LanguagePack: Reading... lang\en\editor-sound.lang
2016-01-11 09:56:49,961 DEBUG [main] stencyl.sw.loc.LanguagePack: Reading... lang\en\editor-tileset.lang
2016-01-11 09:56:49,961 DEBUG [main] stencyl.sw.loc.LanguagePack: Reading... lang\en\editor-preloader.lang
2016-01-11 09:56:49,961 DEBUG [main] stencyl.sw.loc.LanguagePack: Reading... lang\en\editor-mobile.lang
2016-01-11 09:56:49,961 DEBUG [main] stencyl.sw.loc.LanguagePack: Reading... lang\en\editor-groups.lang
2016-01-11 09:56:49,961 DEBUG [main] stencyl.sw.loc.LanguagePack: Reading... lang\en\editor-attributes.lang
2016-01-11 09:56:49,961 DEBUG [main] stencyl.sw.loc.LanguagePack: Reading... lang\en\editor-input.lang
2016-01-11 09:56:49,961 DEBUG [main] stencyl.sw.loc.LanguagePack: Reading... lang\en\editor-animation.lang
2016-01-11 09:56:49,961 DEBUG [main] stencyl.sw.loc.LanguagePack: Reading... lang\en\behavior-blockhelp.lang
2016-01-11 09:56:49,961 DEBUG [main] stencyl.sw.loc.LanguagePack: Reading... lang\en\editor-scene-main.lang
2016-01-11 09:56:49,961 DEBUG [main] stencyl.sw.loc.LanguagePack: Reading... lang\en\editor-scene-create.lang
2016-01-11 09:56:49,961 DEBUG [main] stencyl.sw.loc.LanguagePack: Reading... lang\en\editor-scene-tools.lang
2016-01-11 09:56:49,961 INFO  [AWT-EventQueue-0] stencyl.sw.SW: Initializing Stencyl.
2016-01-11 09:56:49,961 DEBUG [main] stencyl.sw.loc.LanguagePack: Reading... lang\en\behavior-events.lang
2016-01-11 09:56:49,961 DEBUG [main] stencyl.sw.loc.LanguagePack: Reading... lang\en\behavior-code.lang
2016-01-11 09:56:49,961 DEBUG [main] stencyl.sw.loc.LanguagePack: Reading... lang\en\behavior-attributes.lang
2016-01-11 09:56:49,961 DEBUG [main] stencyl.sw.loc.LanguagePack: Reading... lang\en\behavior-create.lang
2016-01-11 09:56:49,961 DEBUG [main] stencyl.sw.loc.LanguagePack: Reading... lang\en\behavior-byob.lang
2016-01-11 09:56:49,976 DEBUG [main] stencyl.sw.loc.LanguagePack: Reading... lang\en\editor-actor-main.lang
2016-01-11 09:56:49,976 DEBUG [main] stencyl.sw.loc.LanguagePack: Reading... lang\en\editor-actor-physics.lang
2016-01-11 09:56:49,976 DEBUG [main] stencyl.sw.loc.LanguagePack: Reading... lang\en\editor-background.lang
2016-01-11 09:56:49,976 DEBUG [main] stencyl.sw.loc.LanguagePack: Reading... lang\en\editor-behaviorchooser.lang
2016-01-11 09:56:49,976 DEBUG [main] stencyl.sw.loc.LanguagePack: Reading... lang\en\editor-desktop.lang
2016-01-11 09:56:49,976 DEBUG [main] stencyl.sw.loc.LanguagePack: Reading... lang\en\editor-font.lang
2016-01-11 09:56:49,976 DEBUG [main] stencyl.sw.loc.LanguagePack: Reading... lang\en\editor-sound.lang
2016-01-11 09:56:49,976 DEBUG [main] stencyl.sw.loc.LanguagePack: Reading... lang\en\editor-tileset.lang
2016-01-11 09:56:49,976 DEBUG [main] stencyl.sw.loc.LanguagePack: Reading... lang\en\editor-preloader.lang
2016-01-11 09:56:49,976 DEBUG [main] stencyl.sw.loc.LanguagePack: Reading... lang\en\editor-mobile.lang
2016-01-11 09:56:49,976 DEBUG [main] stencyl.sw.loc.LanguagePack: Reading... lang\en\editor-groups.lang
2016-01-11 09:56:49,976 DEBUG [main] stencyl.sw.loc.LanguagePack: Reading... lang\en\editor-attributes.lang
2016-01-11 09:56:49,976 DEBUG [main] stencyl.sw.loc.LanguagePack: Reading... lang\en\editor-input.lang
2016-01-11 09:56:49,976 DEBUG [main] stencyl.sw.loc.LanguagePack: Reading... lang\en\editor-animation.lang
2016-01-11 09:56:49,976 DEBUG [main] stencyl.sw.loc.LanguagePack: Reading... lang\en\editor-scene-main.lang
2016-01-11 09:56:49,976 DEBUG [main] stencyl.sw.loc.LanguagePack: Reading... lang\en\editor-scene-create.lang
2016-01-11 09:56:49,976 DEBUG [main] stencyl.sw.loc.LanguagePack: Reading... lang\en\editor-scene-tools.lang
2016-01-11 09:56:49,976 INFO  [AWT-EventQueue-0] stencyl.sw.SW: Initializing Stencyl.
2016-01-11 09:56:50,054 DEBUG [AWT-EventQueue-0] stencyl.sw.Splash: Set Splash message: Look
2016-01-11 09:56:50,054 DEBUG [AWT-EventQueue-0] stencyl.sw.Splash: Set Splash message: Look
2016-01-11 09:57:09,199 INFO  [AWT-EventQueue-0] stencyl.sw.ext.ExtensionDependencyManager: Haxelib actuate 1.6.5
2016-01-11 09:57:09,199 INFO  [AWT-EventQueue-0] stencyl.sw.ext.ExtensionDependencyManager: Haxelib actuate 1.6.5
2016-01-11 09:57:09,230 INFO  [AWT-EventQueue-0] stencyl.sw.ext.ExtensionDependencyManager: Haxelib box2d 1.11.0
2016-01-11 09:57:09,230 INFO  [AWT-EventQueue-0] stencyl.sw.ext.ExtensionDependencyManager: Haxelib box2d 1.11.0
2016-01-11 09:57:09,292 INFO  [AWT-EventQueue-0] stencyl.sw.ext.ExtensionDependencyManager: Haxelib box2d-fake 1.11.0
2016-01-11 09:57:09,292 INFO  [AWT-EventQueue-0] stencyl.sw.ext.ExtensionDependencyManager: Haxelib box2d-fake 1.11.0
2016-01-11 09:57:09,339 INFO  [AWT-EventQueue-0] stencyl.sw.ext.ExtensionDependencyManager: Haxelib console 1.0.0
2016-01-11 09:57:09,339 INFO  [AWT-EventQueue-0] stencyl.sw.ext.ExtensionDependencyManager: Haxelib console 1.0.0
2016-01-11 09:57:09,448 INFO  [AWT-EventQueue-0] stencyl.sw.ext.ExtensionDependencyManager: Haxelib format 3.1.2
2016-01-11 09:57:09,448 INFO  [AWT-EventQueue-0] stencyl.sw.ext.ExtensionDependencyManager: Haxelib format 3.1.2
2016-01-11 09:57:09,682 INFO  [AWT-EventQueue-0] stencyl.sw.ext.ExtensionDependencyManager: Haxelib hxcpp 3.2.0
2016-01-11 09:57:09,682 INFO  [AWT-EventQueue-0] stencyl.sw.ext.ExtensionDependencyManager: Haxelib hxcpp 3.2.0
2016-01-11 09:57:09,728 INFO  [AWT-EventQueue-0] stencyl.sw.ext.ExtensionDependencyManager: Haxelib hxtelemetry 0.3.1
2016-01-11 09:57:09,728 INFO  [AWT-EventQueue-0] stencyl.sw.ext.ExtensionDependencyManager: Haxelib hxtelemetry 0.3.1
2016-01-11 09:57:09,853 INFO  [AWT-EventQueue-0] stencyl.sw.ext.ExtensionDependencyManager: Haxelib layout 1.1.0
2016-01-11 09:57:09,853 INFO  [AWT-EventQueue-0] stencyl.sw.ext.ExtensionDependencyManager: Haxelib layout 1.1.0
2016-01-11 09:57:09,915 INFO  [AWT-EventQueue-0] stencyl.sw.ext.ExtensionDependencyManager: Haxelib lime 2.6.8
2016-01-11 09:57:09,915 INFO  [AWT-EventQueue-0] stencyl.sw.ext.ExtensionDependencyManager: Haxelib lime 2.6.8
2016-01-11 09:57:09,977 INFO  [AWT-EventQueue-0] stencyl.sw.ext.ExtensionDependencyManager: Haxelib openfl 3.3.8
2016-01-11 09:57:09,977 INFO  [AWT-EventQueue-0] stencyl.sw.ext.ExtensionDependencyManager: Haxelib openfl 3.3.8
2016-01-11 09:57:10,008 INFO  [AWT-EventQueue-0] stencyl.sw.ext.ExtensionDependencyManager: Haxelib polygonal-ds 1.4.1
2016-01-11 09:57:10,008 INFO  [AWT-EventQueue-0] stencyl.sw.ext.ExtensionDependencyManager: Haxelib polygonal-ds 1.4.1
2016-01-11 09:57:10,055 INFO  [AWT-EventQueue-0] stencyl.sw.ext.ExtensionDependencyManager: Haxelib polygonal-printf 1.0.0.beta
2016-01-11 09:57:10,055 INFO  [AWT-EventQueue-0] stencyl.sw.ext.ExtensionDependencyManager: Haxelib polygonal-printf 1.0.0.beta
2016-01-11 09:57:10,149 INFO  [AWT-EventQueue-0] stencyl.sw.ext.ExtensionDependencyManager: Haxelib stencyl 1.0.0
2016-01-11 09:57:10,149 INFO  [AWT-EventQueue-0] stencyl.sw.ext.ExtensionDependencyManager: Haxelib stencyl 1.0.0
2016-01-11 09:57:10,211 INFO  [AWT-EventQueue-0] stencyl.sw.ext.ExtensionDependencyManager: Haxelib stencyl-cppia 1.0.0
2016-01-11 09:57:10,211 INFO  [AWT-EventQueue-0] stencyl.sw.ext.ExtensionDependencyManager: Haxelib stencyl-cppia 1.0.0
2016-01-11 09:57:10,258 INFO  [AWT-EventQueue-0] stencyl.sw.ext.ExtensionDependencyManager: Haxelib svg 1.0.8
2016-01-11 09:57:10,258 INFO  [AWT-EventQueue-0] stencyl.sw.ext.ExtensionDependencyManager: Haxelib svg 1.0.8
2016-01-11 09:57:10,367 INFO  [AWT-EventQueue-0] stencyl.sw.ext.ExtensionDependencyManager: Haxelib swf 1.7.4
2016-01-11 09:57:10,367 INFO  [AWT-EventQueue-0] stencyl.sw.ext.ExtensionDependencyManager: Haxelib swf 1.7.4
2016-01-11 09:57:10,398 INFO  [AWT-EventQueue-0] stencyl.sw.ext.ExtensionDependencyManager: Haxelib tilelayer 0.2.1
2016-01-11 09:57:10,398 INFO  [AWT-EventQueue-0] stencyl.sw.ext.ExtensionDependencyManager: Haxelib tilelayer 0.2.1
2016-01-11 09:57:10,507 DEBUG [AWT-EventQueue-0] stencyl.sw.util.FileHelper: Matching (non-hidden) files within C:\Users\glafond5733\Google Drive\Roosevelt OGPC\stencylworks\extensions: []
2016-01-11 09:57:10,507 DEBUG [AWT-EventQueue-0] stencyl.sw.util.FileHelper: Matching (non-hidden) files within C:\Users\glafond5733\Google Drive\Roosevelt OGPC\stencylworks\extensions: []
2016-01-11 09:57:10,507 DEBUG [AWT-EventQueue-0] stencyl.sw.util.FileHelper: Matching (non-hidden) files within C:\Users\glafond5733\Google Drive\Roosevelt OGPC\stencylworks\extensions: []
2016-01-11 09:57:10,507 DEBUG [AWT-EventQueue-0] stencyl.sw.util.FileHelper: Matching (non-hidden) files within C:\Users\glafond5733\Google Drive\Roosevelt OGPC\stencylworks\extensions: []
2016-01-11 09:57:10,507 DEBUG [AWT-EventQueue-0] stencyl.sw.editors.game.advanced.EngineExtensionManager: Loading engine extensions...
2016-01-11 09:57:10,507 DEBUG [AWT-EventQueue-0] stencyl.sw.editors.game.advanced.EngineExtensionManager: Loading engine extensions...
2016-01-11 09:57:10,522 DEBUG [AWT-EventQueue-0] stencyl.sw.util.FileHelper: Directories within C:\Users\glafond5733\Google Drive\Roosevelt OGPC\stencylworks\engine-extensions: [C:\Users\glafond5733\Google Drive\Roosevelt OGPC\stencylworks\engine-extensions\ads, C:\Users\glafond5733\Google Drive\Roosevelt OGPC\stencylworks\engine-extensions\gamecenter, C:\Users\glafond5733\Google Drive\Roosevelt OGPC\stencylworks\engine-extensions\gestures, C:\Users\glafond5733\Google Drive\Roosevelt OGPC\stencylworks\engine-extensions\google, C:\Users\glafond5733\Google Drive\Roosevelt OGPC\stencylworks\engine-extensions\hypertouch, C:\Users\glafond5733\Google Drive\Roosevelt OGPC\stencylworks\engine-extensions\joystick, C:\Users\glafond5733\Google Drive\Roosevelt OGPC\stencylworks\engine-extensions\label, C:\Users\glafond5733\Google Drive\Roosevelt OGPC\stencylworks\engine-extensions\native, C:\Users\glafond5733\Google Drive\Roosevelt OGPC\stencylworks\engine-extensions\purchases, C:\Users\glafond5733\Google Drive\Roosevelt OGPC\stencylworks\engine-extensions\test, C:\Users\glafond5733\Google Drive\Roosevelt OGPC\stencylworks\engine-extensions\test-flash, C:\Users\glafond5733\Google Drive\Roosevelt OGPC\stencylworks\engine-extensions\test-native, C:\Users\glafond5733\Google Drive\Roosevelt OGPC\stencylworks\engine-extensions\tileapi]
2016-01-11 09:57:10,522 DEBUG [AWT-EventQueue-0] stencyl.sw.editors.game.advanced.EngineExtensionManager: ads is a core engine extension. Skip.
2016-01-11 09:57:10,569 DEBUG [AWT-EventQueue-0] stencyl.sw.editors.game.advanced.EngineExtensionManager: gamecenter is a core engine extension. Skip.
2016-01-11 09:57:10,569 DEBUG [AWT-EventQueue-0] stencyl.sw.editors.game.advanced.EngineExtensionManager: gestures is a core engine extension. Skip.
2016-01-11 09:57:10,569 DEBUG [AWT-EventQueue-0] stencyl.sw.util.FileHelper: Directories within C:\Users\glafond5733\Google Drive\Roosevelt OGPC\stencylworks\engine-extensions: [C:\Users\glafond5733\Google Drive\Roosevelt OGPC\stencylworks\engine-extensions\ads, C:\Users\glafond5733\Google Drive\Roosevelt OGPC\stencylworks\engine-extensions\gamecenter, C:\Users\glafond5733\Google Drive\Roosevelt OGPC\stencylworks\engine-extensions\gestures, C:\Users\glafond5733\Google Drive\Roosevelt OGPC\stencylworks\engine-extensions\google, C:\Users\glafond5733\Google Drive\Roosevelt OGPC\stencylworks\engine-extensions\hypertouch, C:\Users\glafond5733\Google Drive\Roosevelt OGPC\stencylworks\engine-extensions\joystick, C:\Users\glafond5733\Google Drive\Roosevelt OGPC\stencylworks\engine-extensions\label, C:\Users\glafond5733\Google Drive\Roosevelt OGPC\stencylworks\engine-extensions\native, C:\Users\glafond5733\Google Drive\Roosevelt OGPC\stencylworks\engine-extensions\purchases, C:\Users\glafond5733\Google Drive\Roosevelt OGPC\stencylworks\engine-extensions\test, C:\Users\glafond5733\Google Drive\Roosevelt OGPC\stencylworks\engine-extensions\test-flash, C:\Users\glafond5733\Google Drive\Roosevelt OGPC\stencylworks\engine-extensions\test-native, C:\Users\glafond5733\Google Drive\Roosevelt OGPC\stencylworks\engine-extensions\tileapi]
2016-01-11 09:57:10,569 DEBUG [AWT-EventQueue-0] stencyl.sw.editors.game.advanced.EngineExtensionManager: ads is a core engine extension. Skip.
2016-01-11 09:57:10,569 DEBUG [AWT-EventQueue-0] stencyl.sw.editors.game.advanced.EngineExtensionManager: gamecenter is a core engine extension. Skip.
2016-01-11 09:57:10,569 DEBUG [AWT-EventQueue-0] stencyl.sw.editors.game.advanced.EngineExtensionManager: gestures is a core engine extension. Skip.
2016-01-11 09:57:10,600 DEBUG [AWT-EventQueue-0] stencyl.sw.editors.game.advanced.EngineExtensionManager: google is not a valid engine extension. Skip.
2016-01-11 09:57:10,600 DEBUG [AWT-EventQueue-0] stencyl.sw.editors.game.advanced.EngineExtensionManager: google is not a valid engine extension. Skip.
2016-01-11 09:57:10,600 DEBUG [AWT-EventQueue-0] stencyl.sw.editors.game.advanced.EngineExtensionManager: hypertouch is a core engine extension. Skip.
2016-01-11 09:57:10,600 DEBUG [AWT-EventQueue-0] stencyl.sw.editors.game.advanced.EngineExtensionManager: hypertouch is a core engine extension. Skip.
2016-01-11 09:57:10,600 DEBUG [AWT-EventQueue-0] stencyl.sw.editors.game.advanced.EngineExtensionManager: joystick is a core engine extension. Skip.
2016-01-11 09:57:10,600 DEBUG [AWT-EventQueue-0] stencyl.sw.editors.game.advanced.EngineExtensionManager: joystick is a core engine extension. Skip.
2016-01-11 09:57:10,787 DEBUG [AWT-EventQueue-0] stencyl.sw.editors.game.advanced.EngineExtensionManager: label is engine extension: Labels (1.0.0).
2016-01-11 09:57:10,787 DEBUG [AWT-EventQueue-0] stencyl.sw.editors.game.advanced.EngineExtensionManager: label is engine extension: Labels (1.0.0).
2016-01-11 09:57:10,787 DEBUG [AWT-EventQueue-0] stencyl.sw.editors.game.advanced.EngineExtensionManager: native is a core engine extension. Skip.
2016-01-11 09:57:10,787 DEBUG [AWT-EventQueue-0] stencyl.sw.editors.game.advanced.EngineExtensionManager: purchases is a core engine extension. Skip.
2016-01-11 09:57:10,787 DEBUG [AWT-EventQueue-0] stencyl.sw.editors.game.advanced.EngineExtensionManager: native is a core engine extension. Skip.
2016-01-11 09:57:10,787 DEBUG [AWT-EventQueue-0] stencyl.sw.editors.game.advanced.EngineExtensionManager: purchases is a core engine extension. Skip.
2016-01-11 09:57:10,880 DEBUG [AWT-EventQueue-0] stencyl.sw.editors.game.advanced.EngineExtensionManager: test is engine extension: Test Extension (1.0.0).
2016-01-11 09:57:10,880 DEBUG [AWT-EventQueue-0] stencyl.sw.editors.game.advanced.EngineExtensionManager: test is engine extension: Test Extension (1.0.0).
2016-01-11 09:57:10,974 DEBUG [AWT-EventQueue-0] stencyl.sw.editors.game.advanced.EngineExtensionManager: test-flash is engine extension: Test Extension (Flash SWF) (1.0.0).
2016-01-11 09:57:10,974 DEBUG [AWT-EventQueue-0] stencyl.sw.editors.game.advanced.EngineExtensionManager: test-flash is engine extension: Test Extension (Flash SWF) (1.0.0).
2016-01-11 09:57:11,020 DEBUG [AWT-EventQueue-0] stencyl.sw.editors.game.advanced.EngineExtensionManager: test-native is engine extension: Test Extension (Native) (1.0.0).
2016-01-11 09:57:11,020 DEBUG [AWT-EventQueue-0] stencyl.sw.editors.game.advanced.EngineExtensionManager: test-native is engine extension: Test Extension (Native) (1.0.0).
2016-01-11 09:57:11,098 DEBUG [AWT-EventQueue-0] stencyl.sw.editors.game.advanced.EngineExtensionManager: tileapi is engine extension: Tile API (1.0.0).
2016-01-11 09:57:11,098 INFO  [AWT-EventQueue-0] stencyl.sw.editors.game.advanced.EngineExtensionManager: Engine Extensions: [Labels (1.0.0), Test Extension (1.0.0), Test Extension (Flash SWF) (1.0.0), Test Extension (Native) (1.0.0), Tile API (1.0.0)]
2016-01-11 09:57:11,098 DEBUG [AWT-EventQueue-0] stencyl.sw.editors.game.advanced.EngineExtensionManager: tileapi is engine extension: Tile API (1.0.0).
2016-01-11 09:57:11,098 INFO  [AWT-EventQueue-0] stencyl.sw.editors.game.advanced.EngineExtensionManager: Engine Extensions: [Labels (1.0.0), Test Extension (1.0.0), Test Extension (Flash SWF) (1.0.0), Test Extension (Native) (1.0.0), Tile API (1.0.0)]
2016-01-11 09:57:11,098 WARN  [AWT-EventQueue-0] stencyl.sw.app.ExtensionManager: Couldn't load extension settings.
2016-01-11 09:57:11,098 WARN  [AWT-EventQueue-0] stencyl.sw.app.ExtensionManager: Couldn't load extension settings.
2016-01-11 09:57:11,114 INFO  [AWT-EventQueue-0] stencyl.sw.app.ExtensionManager: Toolset Extensions: []
2016-01-11 09:57:11,114 INFO  [AWT-EventQueue-0] stencyl.sw.app.ExtensionManager: Toolset Extensions: []
2016-01-11 09:57:15,224 DEBUG [AWT-EventQueue-0] stencyl.sw.app.doc.Workspace: Activated: Welcome Center
2016-01-11 09:57:15,224 DEBUG [AWT-EventQueue-0] stencyl.sw.app.doc.Workspace: Activated: Welcome Center
2016-01-11 09:57:15,255 DEBUG [AWT-EventQueue-0] stencyl.sw.app.App: Silent Authentication.
2016-01-11 09:57:15,255 DEBUG [AWT-EventQueue-0] stencyl.sw.app.App: Silent Authentication.
2016-01-11 09:57:15,255 DEBUG [AWT-EventQueue-0] stencyl.sw.Splash: Dispose Splash
2016-01-11 09:57:15,255 DEBUG [AWT-EventQueue-0] stencyl.sw.Splash: Dispose Splash
2016-01-11 09:57:17,015 DEBUG [pool-1-thread-1] stencyl.sw.app.tasks.AuthenticateTask: Response: guest
2016-01-11 09:57:17,015 INFO  [pool-1-thread-1] stencyl.sw.app.tasks.AuthenticateTask: Could not log in. Check your login credentials.
2016-01-11 09:57:17,030 DEBUG [pool-1-thread-1] stencyl.sw.app.tasks.AuthenticateTask: Response: guest
2016-01-11 09:57:17,030 INFO  [pool-1-thread-1] stencyl.sw.app.tasks.AuthenticateTask: Could not log in. Check your login credentials.
2016-01-11 09:57:20,565 DEBUG [AWT-EventQueue-0] stencyl.sw.SW: Frame was maximized
2016-01-11 09:57:25,147 INFO  [AWT-EventQueue-0] stencyl.sw.app.App: Attempting to quit out of Stencyl.
2016-01-11 09:57:25,178 DEBUG [AWT-EventQueue-0] stencyl.sw.util.Util: Running command: [taskkill, /im, neko.exe, /f]
2016-01-11 09:57:25,598 DEBUG [Thread-6] stencyl.sw.util.StreamGobbler: [taskkill] ERROR: The process "neko.exe" not found.
2016-01-11 09:57:25,598 DEBUG [AWT-EventQueue-0] stencyl.sw.util.Util: Process 'taskkill' exited with code: 128
2016-01-11 09:57:25,598 DEBUG [AWT-EventQueue-0] stencyl.sw.util.Util: Running command: [taskkill, /im, adb.exe, /f]
2016-01-11 09:57:25,661 DEBUG [Thread-7] stencyl.sw.util.StreamGobbler: [taskkill] ERROR: The process "adb.exe" not found.
2016-01-11 09:57:25,661 DEBUG [AWT-EventQueue-0] stencyl.sw.util.Util: Process 'taskkill' exited with code: 128
2016-01-11 09:57:25,661 DEBUG [AWT-EventQueue-0] stencyl.sw.util.Util: Running command: [taskkill, /im, arm-linux-androideabi-g++.exe, /f]
2016-01-11 09:57:25,723 DEBUG [Thread-8] stencyl.sw.util.StreamGobbler: [taskkill] ERROR: The process "arm-linux-androideabi-g++.exe" not found.
2016-01-11 09:57:25,723 DEBUG [AWT-EventQueue-0] stencyl.sw.util.Util: Process 'taskkill' exited with code: 128
2016-01-11 09:57:25,723 DEBUG [AWT-EventQueue-0] stencyl.sw.util.Util: Running command: [taskkill, /im, cc1plus.exe, /f]
2016-01-11 09:57:25,785 DEBUG [Thread-9] stencyl.sw.util.StreamGobbler: [taskkill] ERROR: The process "cc1plus.exe" not found.
2016-01-11 09:57:25,785 DEBUG [AWT-EventQueue-0] stencyl.sw.util.Util: Process 'taskkill' exited with code: 128
2016-01-11 09:57:25,785 DEBUG [AWT-EventQueue-0] stencyl.sw.util.Util: Running command: [taskkill, /im, tail.exe, /f]
2016-01-11 09:57:25,848 DEBUG [Thread-10] stencyl.sw.util.StreamGobbler: [taskkill] ERROR: The process "tail.exe" not found.
2016-01-11 09:57:25,848 DEBUG [AWT-EventQueue-0] stencyl.sw.util.Util: Process 'taskkill' exited with code: 128
2016-01-11 09:57:25,848 DEBUG [AWT-EventQueue-0] stencyl.sw.util.Util: Running command: [taskkill, /im, ios-sim.exe, /f]
2016-01-11 09:57:25,910 DEBUG [Thread-11] stencyl.sw.util.StreamGobbler: [taskkill] ERROR: The process "ios-sim.exe" not found.
2016-01-11 09:57:25,910 DEBUG [AWT-EventQueue-0] stencyl.sw.util.Util: Process 'taskkill' exited with code: 128
2016-01-11 09:57:25,910 DEBUG [AWT-EventQueue-0] stencyl.sw.app.App: Destroying extensions.
2016-01-11 09:57:25,910 DEBUG [AWT-EventQueue-0] stencyl.sw.app.App: Performing final close.
2016-01-11 09:57:25,925 INFO  [AWT-EventQueue-0] stencyl.sw.app.App: Exiting...
2016-01-11 09:57:25,925 DEBUG [AWT-EventQueue-0] stencyl.sw.app.App: Destroying Temporary Sandbox.
2016-01-11 09:57:25,925 DEBUG [AWT-EventQueue-0] stencyl.sw.util.FileHelper: Deleting: C:\Users\glafond5733\AppData\Local\Temp\stencyl4778042558177449365
2016-01-11 09:57:58,353 DEBUG [AWT-EventQueue-0] stencyl.sw.util.FileHelper: Deleting: C:\Users\glafond5733\AppData\Local\Temp\stencyl711222015915834563\sandbox\test\temp
2016-01-11 09:57:58,353 DEBUG [AWT-EventQueue-0] stencyl.sw.util.FileHelper: Deleting: C:\Users\glafond5733\Google Drive\Roosevelt OGPC\stencylworks\preview\scripts
2016-01-11 09:57:58,369 DEBUG [AWT-EventQueue-0] stencyl.sw.util.FileHelper: Deleting: C:\Users\glafond5733\Google Drive\Roosevelt OGPC\stencylworks\preview\game
2016-01-11 09:57:58,369 INFO  [AWT-EventQueue-0] stencyl.sw.app.tasks.OpenGameTask: Opening game: Dialogue Test
2016-01-11 09:57:59,163 DEBUG [pool-1-thread-1] stencyl.core.lib.Game: Loading scene-specific snippet. SceneID: 0
2016-01-11 09:57:59,319 DEBUG [pool-1-thread-1] stencyl.core.lib.Game: Loading scene-specific snippet. SceneID: 1
2016-01-11 09:57:59,319 DEBUG [pool-1-thread-1] stencyl.core.lib.Game: Loading scene-specific snippet. SceneID: 2
2016-01-11 09:57:59,708 DEBUG [pool-1-thread-1] stencyl.core.lib.ResourceList: Initializing... 1 : col
2016-01-11 09:58:00,144 DEBUG [pool-1-thread-1] stencyl.core.lib.ResourceList: Initializing... 2 : player
2016-01-11 09:58:00,144 DEBUG [pool-1-thread-1] stencyl.core.lib.ResourceList: Initializing... 3 : player
2016-01-11 09:58:00,300 DEBUG [pool-1-thread-1] stencyl.core.lib.ResourceList: Initializing... 4 : scene 1 tile
2016-01-11 09:58:01,405 DEBUG [AWT-EventQueue-0] stencyl.core.lib.io.read.SceneReader: Reading header for Scene: 0 (Scene 1) from: scenes\0.xml
2016-01-11 09:58:01,561 DEBUG [AWT-EventQueue-0] stencyl.core.lib.io.read.SceneReader: Reading header for Scene: 0 (Scene 1) from: scenes\0.xml
2016-01-11 09:58:01,872 DEBUG [AWT-EventQueue-0] stencyl.sw.app.doc.Workspace: Activated: Dashboard
2016-01-11 09:58:01,872 DEBUG [AWT-EventQueue-0] stencyl.sw.util.FileHelper: Trying to delete file that does not exist: C:\Users\glafond5733\AppData\Local\Temp\stencyl711222015915834563\sandbox\build\code
2016-01-11 09:58:02,059 DEBUG [AWT-EventQueue-0] stencyl.sw.util.FileHelper: Deleting: C:\Users\glafond5733\AppData\Local\Temp\stencyl711222015915834563\sandbox\test\temp
2016-01-11 09:58:02,059 DEBUG [AWT-EventQueue-0] stencyl.core.lib.io.read.SceneReader: Reading header for Scene: 0 (Scene 1) from: scenes\0.xml
2016-01-11 09:58:02,215 DEBUG [AWT-EventQueue-0] stencyl.sw.app.tasks.OpenGameTask: Took 3846ms
2016-01-11 09:58:03,476 DEBUG [AWT-EventQueue-0] stencyl.sw.editors.game.cgroups.CollisionGroupTree: Loading actor group into tree: Actors
2016-01-11 09:58:03,569 DEBUG [AWT-EventQueue-0] stencyl.sw.editors.game.cgroups.CollisionGroupTree: Loading actor group into tree: Doodads
2016-01-11 09:58:03,569 DEBUG [AWT-EventQueue-0] stencyl.sw.editors.game.cgroups.CollisionGroupTree: Loading actor group into tree: Players
2016-01-11 09:58:03,585 DEBUG [AWT-EventQueue-0] stencyl.sw.editors.game.cgroups.CollisionGroupTree: Loading actor group into tree: Regions
2016-01-11 09:58:03,585 DEBUG [AWT-EventQueue-0] stencyl.sw.editors.game.cgroups.CollisionGroupTree: Loading actor group into tree: Tiles
2016-01-11 09:58:10,518 DEBUG [AWT-EventQueue-0] stencyl.core.lib.Atlas: Getting memory for atlas 0
2016-01-11 09:58:10,518 DEBUG [AWT-EventQueue-0] stencyl.core.lib.Atlas: Added resource 'col' to atlas 0
2016-01-11 09:58:10,518 DEBUG [AWT-EventQueue-0] stencyl.core.lib.Atlas: Added resource 'player' to atlas 0
2016-01-11 09:58:10,518 DEBUG [AWT-EventQueue-0] stencyl.core.lib.Atlas: Added resource 'scene 1 tile' to atlas 0
2016-01-11 09:58:10,985 DEBUG [AWT-EventQueue-0] stencyl.core.lib.Atlas: Getting memory for atlas 1
2016-01-11 09:58:11,001 DEBUG [AWT-EventQueue-0] stencyl.core.lib.Atlas: Getting memory for atlas 2
2016-01-11 09:58:11,001 DEBUG [AWT-EventQueue-0] stencyl.core.lib.Atlas: Getting memory for atlas 3
2016-01-11 09:58:11,577 DEBUG [AWT-EventQueue-0] stencyl.core.lib.io.read.SceneReader: Reading header for Scene: 0 (Scene 1) from: scenes\0.xml
2016-01-11 09:58:11,577 DEBUG [AWT-EventQueue-0] stencyl.core.lib.io.read.SceneReader: Reading header for Scene: 1 (Scene 2) from: scenes\1.xml
2016-01-11 09:58:11,592 DEBUG [AWT-EventQueue-0] stencyl.core.lib.io.read.SceneReader: Reading header for Scene: 2 (Scene 3) from: scenes\2.xml
2016-01-11 09:58:12,293 DEBUG [AWT-EventQueue-0] stencyl.sw.app.doc.Workspace: Loading Closed Resource: Scene 1
2016-01-11 09:58:12,293 DEBUG [pool-1-thread-1] stencyl.core.lib.io.read.SceneReader: Reading header for Scene: 0 (Scene 1) from: scenes\0.xml
2016-01-11 09:58:12,293 DEBUG [AWT-EventQueue-0] stencyl.sw.app.doc.Workspace: Loading Closed Resource: Scene 1
2016-01-11 09:58:12,293 DEBUG [pool-1-thread-2] stencyl.core.lib.io.read.SceneReader: Reading header for Scene: 0 (Scene 1) from: scenes\0.xml
2016-01-11 09:58:12,293 DEBUG [AWT-EventQueue-0] stencyl.sw.app.doc.Workspace: Loading Closed Resource: Scene 1
2016-01-11 09:58:12,293 DEBUG [pool-1-thread-3] stencyl.core.lib.io.read.SceneReader: Reading header for Scene: 0 (Scene 1) from: scenes\0.xml
2016-01-11 09:58:12,293 DEBUG [AWT-EventQueue-0] stencyl.core.lib.io.read.SceneReader: Reading header for Scene: 1 (Scene 2) from: scenes\1.xml
2016-01-11 09:58:15,360 DEBUG [pool-1-thread-2] stencyl.sw.editors.scene.Designer: Brush Changed
2016-01-11 09:58:15,360 DEBUG [pool-1-thread-3] stencyl.sw.editors.scene.Designer: Brush Changed
2016-01-11 09:58:15,360 DEBUG [pool-1-thread-1] stencyl.sw.editors.scene.Designer: Brush Changed
2016-01-11 09:58:18,318 DEBUG [pool-1-thread-2] stencyl.sw.editors.snippet.designer.EditArea: Verifying Top Level... init
2016-01-11 09:58:18,318 DEBUG [pool-1-thread-2] stencyl.sw.editors.snippet.designer.block.BlockField: Result for: create-region - true
2016-01-11 09:58:18,318 DEBUG [pool-1-thread-2] stencyl.sw.editors.snippet.designer.block.BlockField: Result for: create-region - true
2016-01-11 09:58:18,318 DEBUG [pool-1-thread-2] stencyl.sw.editors.snippet.designer.block.BlockField: Result for: create-region - true
2016-01-11 09:58:18,318 DEBUG [pool-1-thread-2] stencyl.sw.editors.snippet.designer.block.BlockField: Result for: create-region - true
2016-01-11 09:58:18,318 DEBUG [pool-1-thread-2] stencyl.sw.editors.snippet.designer.block.BlockField: Result for: init - false
2016-01-11 09:58:18,318 DEBUG [pool-1-thread-1] stencyl.sw.editors.snippet.designer.EditArea: Verifying Top Level... init
2016-01-11 09:58:18,318 DEBUG [pool-1-thread-1] stencyl.sw.editors.snippet.designer.block.BlockField: Result for: create-region - true
2016-01-11 09:58:18,318 DEBUG [pool-1-thread-1] stencyl.sw.editors.snippet.designer.block.BlockField: Result for: create-region - true
2016-01-11 09:58:18,318 DEBUG [pool-1-thread-1] stencyl.sw.editors.snippet.designer.block.BlockField: Result for: create-region - true
2016-01-11 09:58:18,318 DEBUG [pool-1-thread-1] stencyl.sw.editors.snippet.designer.block.BlockField: Result for: create-region - true
2016-01-11 09:58:18,334 DEBUG [pool-1-thread-1] stencyl.sw.editors.snippet.designer.block.BlockField: Result for: init - false
2016-01-11 09:58:18,334 DEBUG [pool-1-thread-3] stencyl.sw.editors.snippet.designer.EditArea: Verifying Top Level... init
2016-01-11 09:58:18,334 DEBUG [pool-1-thread-3] stencyl.sw.editors.snippet.designer.block.BlockField: Result for: create-region - true
2016-01-11 09:58:18,334 DEBUG [pool-1-thread-3] stencyl.sw.editors.snippet.designer.block.BlockField: Result for: create-region - true
2016-01-11 09:58:18,334 DEBUG [pool-1-thread-3] stencyl.sw.editors.snippet.designer.block.BlockField: Result for: create-region - true
2016-01-11 09:58:18,334 DEBUG [pool-1-thread-3] stencyl.sw.editors.snippet.designer.block.BlockField: Result for: create-region - true
2016-01-11 09:58:18,334 DEBUG [pool-1-thread-3] stencyl.sw.editors.snippet.designer.block.BlockField: Result for: init - false
2016-01-11 09:58:18,334 DEBUG [pool-1-thread-2] stencyl.sw.editors.snippet.designer.block.BlockSceneObjectChooser: Fetching element 1 from scene 0
2016-01-11 09:58:18,349 DEBUG [pool-1-thread-3] stencyl.sw.editors.snippet.designer.block.BlockSceneObjectChooser: Fetching element 1 from scene 0
2016-01-11 09:58:18,349 DEBUG [pool-1-thread-1] stencyl.sw.editors.snippet.designer.block.BlockSceneObjectChooser: Fetching element 1 from scene 0
2016-01-11 09:58:18,458 DEBUG [pool-1-thread-2] stencyl.core.lib.io.read.SceneReader: Reading header for Scene: 0 (Scene 1) from: scenes\0.xml
2016-01-11 09:58:18,458 DEBUG [pool-1-thread-3] stencyl.core.lib.io.read.SceneReader: Reading header for Scene: 0 (Scene 1) from: scenes\0.xml
2016-01-11 09:58:18,458 DEBUG [pool-1-thread-1] stencyl.core.lib.io.read.SceneReader: Reading header for Scene: 0 (Scene 1) from: scenes\0.xml
2016-01-11 09:58:18,474 DEBUG [pool-1-thread-2] stencyl.sw.editors.snippet.designer.EditArea: Verifying Top Level... step
2016-01-11 09:58:18,474 DEBUG [pool-1-thread-2] stencyl.sw.editors.snippet.designer.block.BlockField: Result for: if - false
2016-01-11 09:58:18,474 DEBUG [pool-1-thread-1] stencyl.sw.editors.snippet.designer.EditArea: Verifying Top Level... step
2016-01-11 09:58:18,474 DEBUG [pool-1-thread-1] stencyl.sw.editors.snippet.designer.block.BlockField: Result for: if - false
2016-01-11 09:58:18,474 DEBUG [pool-1-thread-1] stencyl.sw.editors.snippet.designer.block.BlockField: Result for: step - false
2016-01-11 09:58:18,474 DEBUG [pool-1-thread-2] stencyl.sw.editors.snippet.designer.block.BlockField: Result for: step - false
2016-01-11 09:58:18,474 DEBUG [pool-1-thread-3] stencyl.sw.editors.snippet.designer.EditArea: Verifying Top Level... step
2016-01-11 09:58:18,474 DEBUG [pool-1-thread-3] stencyl.sw.editors.snippet.designer.block.BlockField: Result for: if - false
2016-01-11 09:58:18,474 DEBUG [pool-1-thread-3] stencyl.sw.editors.snippet.designer.block.BlockField: Result for: step - false
2016-01-11 09:58:18,785 DEBUG [pool-1-thread-1] stencyl.sw.editors.snippet.designer.EditArea: Verifying Top Level... event-type-region
2016-01-11 09:58:18,785 DEBUG [pool-1-thread-1] stencyl.sw.editors.snippet.designer.block.BlockField: Result for: scene-shout - true
2016-01-11 09:58:18,785 DEBUG [pool-1-thread-1] stencyl.sw.editors.snippet.designer.block.BlockField: Result for: event-type-region - false
2016-01-11 09:58:18,785 DEBUG [pool-1-thread-1] stencyl.sw.editors.snippet.designer.EditArea: Verifying Top Level... is-in-region
2016-01-11 09:58:18,785 DEBUG [pool-1-thread-2] stencyl.sw.editors.snippet.designer.EditArea: Verifying Top Level... event-type-region
2016-01-11 09:58:18,785 DEBUG [pool-1-thread-2] stencyl.sw.editors.snippet.designer.block.BlockField: Result for: scene-shout - true
2016-01-11 09:58:18,785 DEBUG [pool-1-thread-2] stencyl.sw.editors.snippet.designer.block.BlockField: Result for: event-type-region - false
2016-01-11 09:58:18,785 DEBUG [pool-1-thread-2] stencyl.sw.editors.snippet.designer.EditArea: Verifying Top Level... is-in-region
2016-01-11 09:58:18,801 DEBUG [pool-1-thread-3] stencyl.sw.editors.snippet.designer.EditArea: Verifying Top Level... event-type-region
2016-01-11 09:58:18,801 DEBUG [pool-1-thread-3] stencyl.sw.editors.snippet.designer.block.BlockField: Result for: scene-shout - true
2016-01-11 09:58:18,801 DEBUG [pool-1-thread-3] stencyl.sw.editors.snippet.designer.block.BlockField: Result for: event-type-region - false
2016-01-11 09:58:18,801 DEBUG [pool-1-thread-3] stencyl.sw.editors.snippet.designer.EditArea: Verifying Top Level... is-in-region
2016-01-11 09:58:18,848 DEBUG [pool-1-thread-1] stencyl.sw.editors.snippet.designer.block.BlockSceneObjectChooser: Fetching element 1 from scene 0
2016-01-11 09:58:18,848 DEBUG [pool-1-thread-2] stencyl.sw.editors.snippet.designer.block.BlockSceneObjectChooser: Fetching element 1 from scene 0
2016-01-11 09:58:18,848 DEBUG [pool-1-thread-2] stencyl.core.lib.io.read.SceneReader: Reading header for Scene: 0 (Scene 1) from: scenes\0.xml
2016-01-11 09:58:18,848 DEBUG [pool-1-thread-1] stencyl.core.lib.io.read.SceneReader: Reading header for Scene: 0 (Scene 1) from: scenes\0.xml
2016-01-11 09:58:18,848 DEBUG [pool-1-thread-3] stencyl.sw.editors.snippet.designer.block.BlockSceneObjectChooser: Fetching element 1 from scene 0
2016-01-11 09:58:18,848 DEBUG [pool-1-thread-3] stencyl.core.lib.io.read.SceneReader: Reading header for Scene: 0 (Scene 1) from: scenes\0.xml
2016-01-11 09:58:18,848 DEBUG [pool-1-thread-1] stencyl.sw.editors.snippet.designer.EditArea: Verifying Top Level... draw
2016-01-11 09:58:18,848 DEBUG [pool-1-thread-1] stencyl.sw.editors.snippet.designer.block.BlockField: Result for: draw-text - true
2016-01-11 09:58:18,848 DEBUG [pool-1-thread-1] stencyl.sw.editors.snippet.designer.block.BlockField: Result for: draw-text - true
2016-01-11 09:58:18,848 DEBUG [pool-1-thread-1] stencyl.sw.editors.snippet.designer.block.BlockField: Result for: draw-text - true
2016-01-11 09:58:18,848 DEBUG [pool-1-thread-1] stencyl.sw.editors.snippet.designer.block.BlockField: Result for: if - false
2016-01-11 09:58:18,848 DEBUG [pool-1-thread-3] stencyl.sw.editors.snippet.designer.EditArea: Verifying Top Level... draw
2016-01-11 09:58:18,848 DEBUG [pool-1-thread-2] stencyl.sw.editors.snippet.designer.EditArea: Verifying Top Level... draw
2016-01-11 09:58:18,848 DEBUG [pool-1-thread-2] stencyl.sw.editors.snippet.designer.block.BlockField: Result for: draw-text - true
2016-01-11 09:58:18,848 DEBUG [pool-1-thread-2] stencyl.sw.editors.snippet.designer.block.BlockField: Result for: draw-text - true
2016-01-11 09:58:18,848 DEBUG [pool-1-thread-1] stencyl.sw.editors.snippet.designer.block.BlockField: Result for: draw - false
2016-01-11 09:58:18,848 DEBUG [pool-1-thread-2] stencyl.sw.editors.snippet.designer.block.BlockField: Result for: draw-text - true
2016-01-11 09:58:18,848 DEBUG [pool-1-thread-2] stencyl.sw.editors.snippet.designer.block.BlockField: Result for: if - false
2016-01-11 09:58:18,848 DEBUG [pool-1-thread-2] stencyl.sw.editors.snippet.designer.block.BlockField: Result for: draw - false
2016-01-11 09:58:18,848 DEBUG [pool-1-thread-3] stencyl.sw.editors.snippet.designer.block.BlockField: Result for: draw-text - true
2016-01-11 09:58:18,863 DEBUG [pool-1-thread-3] stencyl.sw.editors.snippet.designer.block.BlockField: Result for: draw-text - true
2016-01-11 09:58:18,863 DEBUG [pool-1-thread-3] stencyl.sw.editors.snippet.designer.block.BlockField: Result for: draw-text - true
2016-01-11 09:58:18,863 DEBUG [pool-1-thread-3] stencyl.sw.editors.snippet.designer.block.BlockField: Result for: if - false
2016-01-11 09:58:18,863 DEBUG [pool-1-thread-3] stencyl.sw.editors.snippet.designer.block.BlockField: Result for: draw - false
2016-01-11 09:58:18,863 DEBUG [pool-1-thread-2] stencyl.sw.editors.snippet.designer.block.BlockSceneObjectChooser: Fetching element 1 from scene 0
2016-01-11 09:58:18,863 DEBUG [pool-1-thread-2] stencyl.core.lib.io.read.SceneReader: Reading header for Scene: 0 (Scene 1) from: scenes\0.xml
2016-01-11 09:58:18,863 DEBUG [pool-1-thread-3] stencyl.sw.editors.snippet.designer.block.BlockSceneObjectChooser: Fetching element 1 from scene 0
2016-01-11 09:58:18,863 DEBUG [pool-1-thread-3] stencyl.core.lib.io.read.SceneReader: Reading header for Scene: 0 (Scene 1) from: scenes\0.xml
2016-01-11 09:58:18,863 DEBUG [pool-1-thread-2] stencyl.sw.editors.snippet.designer.EditArea: Verifying Top Level... event-custom
2016-01-11 09:58:18,863 DEBUG [pool-1-thread-2] stencyl.sw.editors.snippet.designer.block.BlockField: Result for: event-custom - true
2016-01-11 09:58:18,863 DEBUG [pool-1-thread-2] stencyl.sw.editors.snippet.designer.block.BlockField: Result for: event-custom - false
2016-01-11 09:58:18,863 DEBUG [pool-1-thread-1] stencyl.sw.editors.snippet.designer.block.BlockSceneObjectChooser: Fetching element 1 from scene 0
2016-01-11 09:58:18,863 DEBUG [pool-1-thread-1] stencyl.core.lib.io.read.SceneReader: Reading header for Scene: 0 (Scene 1) from: scenes\0.xml
2016-01-11 09:58:18,879 DEBUG [pool-1-thread-1] stencyl.sw.editors.snippet.designer.EditArea: Verifying Top Level... event-custom
2016-01-11 09:58:18,879 DEBUG [pool-1-thread-3] stencyl.sw.editors.snippet.designer.EditArea: Verifying Top Level... event-custom
2016-01-11 09:58:18,879 DEBUG [pool-1-thread-1] stencyl.sw.editors.snippet.designer.block.BlockField: Result for: event-custom - true
2016-01-11 09:58:18,879 DEBUG [pool-1-thread-1] stencyl.sw.editors.snippet.designer.block.BlockField: Result for: event-custom - false
2016-01-11 09:58:18,879 DEBUG [pool-1-thread-3] stencyl.sw.editors.snippet.designer.block.BlockField: Result for: event-custom - true
2016-01-11 09:58:18,879 DEBUG [pool-1-thread-3] stencyl.sw.editors.snippet.designer.block.BlockField: Result for: event-custom - false
2016-01-11 09:58:18,879 DEBUG [pool-1-thread-2] stencyl.sw.editors.snippet.designer.block.BlockSceneObjectChooser: Fetching element 1 from scene 0
2016-01-11 09:58:18,879 DEBUG [pool-1-thread-2] stencyl.core.lib.io.read.SceneReader: Reading header for Scene: 0 (Scene 1) from: scenes\0.xml
2016-01-11 09:58:18,879 DEBUG [pool-1-thread-3] stencyl.sw.editors.snippet.designer.block.BlockSceneObjectChooser: Fetching element 1 from scene 0
2016-01-11 09:58:18,879 DEBUG [pool-1-thread-3] stencyl.core.lib.io.read.SceneReader: Reading header for Scene: 0 (Scene 1) from: scenes\0.xml
2016-01-11 09:58:18,879 DEBUG [pool-1-thread-2] stencyl.sw.editors.snippet.designer.EditArea: Verifying Top Level... init
2016-01-11 09:58:18,879 DEBUG [pool-1-thread-2] stencyl.sw.editors.snippet.designer.block.BlockField: Result for: init - false
2016-01-11 09:58:18,879 DEBUG [pool-1-thread-1] stencyl.sw.editors.snippet.designer.block.BlockSceneObjectChooser: Fetching element 1 from scene 0
2016-01-11 09:58:18,879 DEBUG [pool-1-thread-1] stencyl.core.lib.io.read.SceneReader: Reading header for Scene: 0 (Scene 1) from: scenes\0.xml
2016-01-11 09:58:18,879 DEBUG [pool-1-thread-3] stencyl.sw.editors.snippet.designer.EditArea: Verifying Top Level... init
2016-01-11 09:58:18,879 DEBUG [pool-1-thread-3] stencyl.sw.editors.snippet.designer.block.BlockField: Result for: init - false
2016-01-11 09:58:18,894 DEBUG [pool-1-thread-1] stencyl.sw.editors.snippet.designer.EditArea: Verifying Top Level... init
2016-01-11 09:58:18,894 DEBUG [pool-1-thread-1] stencyl.sw.editors.snippet.designer.block.BlockField: Result for: init - false
2016-01-11 09:58:18,941 DEBUG [pool-1-thread-1] stencyl.sw.editors.snippet.designer.EditArea: Verifying Top Level... draw
2016-01-11 09:58:18,941 DEBUG [pool-1-thread-1] stencyl.sw.editors.snippet.designer.block.BlockField: Result for: draw-text - false
2016-01-11 09:58:18,941 DEBUG [pool-1-thread-1] stencyl.sw.editors.snippet.designer.block.BlockField: Result for: draw-text - true
2016-01-11 09:58:18,941 DEBUG [pool-1-thread-1] stencyl.sw.editors.snippet.designer.block.BlockField: Result for: draw-text - true
2016-01-11 09:58:18,941 DEBUG [pool-1-thread-1] stencyl.sw.editors.snippet.designer.block.BlockField: Result for: if - false
2016-01-11 09:58:18,941 DEBUG [pool-1-thread-2] stencyl.sw.editors.snippet.designer.EditArea: Verifying Top Level... draw
2016-01-11 09:58:18,941 DEBUG [pool-1-thread-1] stencyl.sw.editors.snippet.designer.block.BlockField: Result for: draw - false
2016-01-11 09:58:18,941 DEBUG [pool-1-thread-3] stencyl.sw.editors.snippet.designer.EditArea: Verifying Top Level... draw
2016-01-11 09:58:18,941 DEBUG [pool-1-thread-2] stencyl.sw.editors.snippet.designer.block.BlockField: Result for: draw-text - false
2016-01-11 09:58:18,941 DEBUG [pool-1-thread-3] stencyl.sw.editors.snippet.designer.block.BlockField: Result for: draw-text - false
2016-01-11 09:58:18,941 DEBUG [pool-1-thread-2] stencyl.sw.editors.snippet.designer.block.BlockField: Result for: draw-text - true
2016-01-11 09:58:18,941 DEBUG [pool-1-thread-3] stencyl.sw.editors.snippet.designer.block.BlockField: Result for: draw-text - true
2016-01-11 09:58:18,941 DEBUG [pool-1-thread-2] stencyl.sw.editors.snippet.designer.block.BlockField: Result for: draw-text - true
2016-01-11 09:58:18,941 DEBUG [pool-1-thread-2] stencyl.sw.editors.snippet.designer.block.BlockField: Result for: if - false
2016-01-11 09:58:18,941 DEBUG [pool-1-thread-3] stencyl.sw.editors.snippet.designer.block.BlockField: Result for: draw-text - true
2016-01-11 09:58:18,941 DEBUG [pool-1-thread-2] stencyl.sw.editors.snippet.designer.block.BlockField: Result for: draw - false
2016-01-11 09:58:18,941 DEBUG [pool-1-thread-3] stencyl.sw.editors.snippet.designer.block.BlockField: Result for: if - false
2016-01-11 09:58:18,941 DEBUG [pool-1-thread-3] stencyl.sw.editors.snippet.designer.block.BlockField: Result for: draw - false
2016-01-11 09:58:19,673 DEBUG [pool-1-thread-2] stencyl.sw.editors.snippet.designer.palette.Palette: Palette asked to refresh: Position
2016-01-11 09:58:19,984 DEBUG [pool-1-thread-3] stencyl.sw.editors.snippet.designer.palette.Palette: Palette asked to refresh: Position
2016-01-11 09:58:20,000 DEBUG [pool-1-thread-1] stencyl.sw.editors.snippet.designer.palette.Palette: Palette asked to refresh: Position
2016-01-11 09:58:20,093 DEBUG [pool-1-thread-2] stencyl.sw.editors.snippet.designer.palette.Palette: Palette asked to refresh: Conditions
2016-01-11 09:58:20,093 DEBUG [pool-1-thread-1] stencyl.sw.editors.snippet.designer.palette.Palette: Palette asked to refresh: Conditions
2016-01-11 09:58:20,093 DEBUG [pool-1-thread-3] stencyl.sw.editors.snippet.designer.palette.Palette: Palette asked to refresh: Conditions
2016-01-11 09:58:20,806 DEBUG [pool-1-thread-2] stencyl.sw.editors.snippet.designer.palette.Palette: Palette asked to refresh: Actors
2016-01-11 09:58:20,821 DEBUG [pool-1-thread-1] stencyl.sw.editors.snippet.designer.palette.Palette: Palette asked to refresh: Actors
2016-01-11 09:58:20,930 DEBUG [pool-1-thread-2] stencyl.sw.editors.snippet.designer.palette.Palette: Palette asked to refresh: Keyboard & Mouse
2016-01-11 09:58:20,946 DEBUG [pool-1-thread-1] stencyl.sw.editors.snippet.designer.palette.Palette: Palette asked to refresh: Keyboard & Mouse
2016-01-11 09:58:20,993 DEBUG [pool-1-thread-3] stencyl.sw.editors.snippet.designer.palette.Palette: Palette asked to refresh: Actors
2016-01-11 09:58:21,024 DEBUG [pool-1-thread-2] stencyl.sw.editors.snippet.designer.palette.Palette: Palette asked to refresh: Math
2016-01-11 09:58:21,055 DEBUG [pool-1-thread-1] stencyl.sw.editors.snippet.designer.palette.Palette: Palette asked to refresh: Math
2016-01-11 09:58:21,102 DEBUG [pool-1-thread-2] stencyl.sw.editors.snippet.designer.palette.Palette: Palette asked to refresh: Getters
2016-01-11 09:58:21,257 DEBUG [pool-1-thread-1] stencyl.sw.editors.snippet.designer.palette.Palette: Palette asked to refresh: Getters
2016-01-11 09:58:21,257 DEBUG [pool-1-thread-3] stencyl.sw.editors.snippet.designer.palette.Palette: Palette asked to refresh: Keyboard & Mouse
2016-01-11 09:58:21,475 DEBUG [pool-1-thread-3] stencyl.sw.editors.snippet.designer.palette.Palette: Palette asked to refresh: Math
2016-01-11 09:58:21,491 DEBUG [pool-1-thread-2] stencyl.sw.editors.snippet.designer.palette.Palette: Palette asked to refresh: Sound
2016-01-11 09:58:21,506 DEBUG [pool-1-thread-1] stencyl.sw.editors.snippet.designer.palette.Palette: Palette asked to refresh: Sound
2016-01-11 09:58:21,537 DEBUG [pool-1-thread-3] stencyl.sw.editors.snippet.designer.palette.Palette: Palette asked to refresh: Getters
2016-01-11 09:58:21,537 DEBUG [pool-1-thread-2] stencyl.sw.editors.snippet.designer.palette.Palette: Palette asked to refresh: Triggers
2016-01-11 09:58:21,553 DEBUG [pool-1-thread-1] stencyl.sw.editors.snippet.designer.palette.Palette: Palette asked to refresh: Triggers
2016-01-11 09:58:21,631 DEBUG [pool-1-thread-2] stencyl.sw.editors.snippet.designer.palette.Palette: Palette asked to refresh: Web
2016-01-11 09:58:21,646 DEBUG [pool-1-thread-1] stencyl.sw.editors.snippet.designer.palette.Palette: Palette asked to refresh: Web
2016-01-11 09:58:21,709 DEBUG [pool-1-thread-2] stencyl.sw.editors.snippet.designer.palette.Palette: Palette asked to refresh: Drawing
2016-01-11 09:58:21,818 DEBUG [pool-1-thread-1] stencyl.sw.editors.snippet.designer.palette.Palette: Palette asked to refresh: Drawing
2016-01-11 09:58:21,833 DEBUG [pool-1-thread-2] stencyl.sw.editors.snippet.designer.palette.Palette: Palette asked to refresh: Basic
2016-01-11 09:58:21,833 DEBUG [pool-1-thread-2] stencyl.sw.editors.snippet.designer.palette.Palette: Palette asked to refresh: Custom
2016-01-11 09:58:21,849 DEBUG [pool-1-thread-2] stencyl.sw.editors.snippet.designer.palette.Palette: Palette asked to refresh: Extensions
2016-01-11 09:58:21,849 DEBUG [pool-1-thread-2] stencyl.sw.editors.snippet.designer.palette.Palette: Palette asked to refresh: Position
2016-01-11 09:58:21,927 DEBUG [pool-1-thread-1] stencyl.sw.editors.snippet.designer.palette.Palette: Palette asked to refresh: Basic
2016-01-11 09:58:21,942 DEBUG [pool-1-thread-1] stencyl.sw.editors.snippet.designer.palette.Palette: Palette asked to refresh: Custom
2016-01-11 09:58:22,005 DEBUG [pool-1-thread-1] stencyl.sw.editors.snippet.designer.palette.Palette: Palette asked to refresh: Extensions
2016-01-11 09:58:22,005 DEBUG [pool-1-thread-1] stencyl.sw.editors.snippet.designer.palette.Palette: Palette asked to refresh: Position
2016-01-11 09:58:22,020 DEBUG [pool-1-thread-3] stencyl.sw.editors.snippet.designer.palette.Palette: Palette asked to refresh: Sound
2016-01-11 09:58:22,067 DEBUG [pool-1-thread-3] stencyl.sw.editors.snippet.designer.palette.Palette: Palette asked to refresh: Triggers
2016-01-11 09:58:22,207 DEBUG [pool-1-thread-3] stencyl.sw.editors.snippet.designer.palette.Palette: Palette asked to refresh: Web
2016-01-11 09:58:22,254 DEBUG [pool-1-thread-3] stencyl.sw.editors.snippet.designer.palette.Palette: Palette asked to refresh: Drawing
2016-01-11 09:58:22,254 DEBUG [pool-1-thread-2] stencyl.sw.editors.snippet.designer.EditArea: ContextSet for current event: [[c]com.stencyl.behavior.Script, [e]0-2, [s]com.stencyl.behavior.Script, [h]engine:com.stencyl.Engine, [b]0]
2016-01-11 09:58:22,254 DEBUG [pool-1-thread-2] stencyl.sw.editors.snippet.designer.palette.Palette: Palette asked to refresh: Position
2016-01-11 09:58:22,254 DEBUG [pool-1-thread-2] stencyl.sw.editors.snippet.designer.palette.Palette: Refreshing with context [[c]com.stencyl.behavior.Script, [e]0-2, [s]com.stencyl.behavior.Script, [h]engine:com.stencyl.Engine, [b]0]
2016-01-11 09:58:22,269 DEBUG [pool-1-thread-1] stencyl.sw.editors.snippet.designer.EditArea: ContextSet for current event: [[c]com.stencyl.behavior.Script, [e]0-2, [s]com.stencyl.behavior.Script, [h]engine:com.stencyl.Engine, [b]0]
2016-01-11 09:58:22,269 DEBUG [pool-1-thread-1] stencyl.sw.editors.snippet.designer.palette.Palette: Palette asked to refresh: Position
2016-01-11 09:58:22,269 DEBUG [pool-1-thread-1] stencyl.sw.editors.snippet.designer.palette.Palette: Refreshing with context [[c]com.stencyl.behavior.Script, [e]0-2, [s]com.stencyl.behavior.Script, [h]engine:com.stencyl.Engine, [b]0]
2016-01-11 09:58:22,316 DEBUG [pool-1-thread-3] stencyl.sw.editors.snippet.designer.palette.Palette: Palette asked to refresh: Basic
2016-01-11 09:58:22,332 DEBUG [pool-1-thread-3] stencyl.sw.editors.snippet.designer.palette.Palette: Palette asked to refresh: Custom
2016-01-11 09:58:22,332 DEBUG [pool-1-thread-3] stencyl.sw.editors.snippet.designer.palette.Palette: Palette asked to refresh: Extensions
2016-01-11 09:58:22,332 DEBUG [pool-1-thread-3] stencyl.sw.editors.snippet.designer.palette.Palette: Palette asked to refresh: Position
2016-01-11 09:58:22,363 DEBUG [pool-1-thread-3] stencyl.sw.editors.snippet.designer.EditArea: ContextSet for current event: [[c]com.stencyl.behavior.Script, [e]0-2, [s]com.stencyl.behavior.Script, [h]engine:com.stencyl.Engine, [b]0]
2016-01-11 09:58:22,363 DEBUG [pool-1-thread-3] stencyl.sw.editors.snippet.designer.palette.Palette: Palette asked to refresh: Position
2016-01-11 09:58:22,363 DEBUG [pool-1-thread-3] stencyl.sw.editors.snippet.designer.palette.Palette: Refreshing with context [[c]com.stencyl.behavior.Script, [e]0-2, [s]com.stencyl.behavior.Script, [h]engine:com.stencyl.Engine, [b]0]
2016-01-11 09:58:22,845 DEBUG [pool-1-thread-2] stencyl.sw.editors.snippet.designer.block.BlockSceneObjectChooser: Fetching element 1 from scene 0
2016-01-11 09:58:22,845 DEBUG [pool-1-thread-2] stencyl.core.lib.io.read.SceneReader: Reading header for Scene: 0 (Scene 1) from: scenes\0.xml
2016-01-11 09:58:22,861 DEBUG [pool-1-thread-3] stencyl.sw.editors.snippet.designer.block.BlockSceneObjectChooser: Fetching element 1 from scene 0
2016-01-11 09:58:22,861 DEBUG [pool-1-thread-3] stencyl.core.lib.io.read.SceneReader: Reading header for Scene: 0 (Scene 1) from: scenes\0.xml
2016-01-11 09:58:22,861 DEBUG [pool-1-thread-1] stencyl.sw.editors.snippet.designer.block.BlockSceneObjectChooser: Fetching element 1 from scene 0
2016-01-11 09:58:22,861 DEBUG [pool-1-thread-1] stencyl.core.lib.io.read.SceneReader: Reading header for Scene: 0 (Scene 1) from: scenes\0.xml
2016-01-11 09:58:22,861 DEBUG [pool-1-thread-2] stencyl.sw.editors.snippet.designer.block.BlockSceneObjectChooser: Fetching element 1 from scene 0
2016-01-11 09:58:22,861 DEBUG [pool-1-thread-2] stencyl.core.lib.io.read.SceneReader: Reading header for Scene: 0 (Scene 1) from: scenes\0.xml
2016-01-11 09:58:22,876 DEBUG [pool-1-thread-2] stencyl.sw.editors.snippet.designer.block.BlockSceneObjectChooser: Fetching element 1 from scene 0
2016-01-11 09:58:22,876 DEBUG [pool-1-thread-2] stencyl.core.lib.io.read.SceneReader: Reading header for Scene: 0 (Scene 1) from: scenes\0.xml
2016-01-11 09:58:22,876 DEBUG [pool-1-thread-2] stencyl.sw.editors.snippet.designer.block.BlockSceneObjectChooser: Fetching element 1 from scene 0
2016-01-11 09:58:22,876 DEBUG [pool-1-thread-2] stencyl.core.lib.io.read.SceneReader: Reading header for Scene: 0 (Scene 1) from: scenes\0.xml
2016-01-11 09:58:22,892 DEBUG [pool-1-thread-3] stencyl.sw.editors.snippet.designer.block.BlockSceneObjectChooser: Fetching element 1 from scene 0
2016-01-11 09:58:22,892 DEBUG [pool-1-thread-3] stencyl.core.lib.io.read.SceneReader: Reading header for Scene: 0 (Scene 1) from: scenes\0.xml
2016-01-11 09:58:22,892 DEBUG [pool-1-thread-1] stencyl.sw.editors.snippet.designer.block.BlockSceneObjectChooser: Fetching element 1 from scene 0
2016-01-11 09:58:22,892 DEBUG [pool-1-thread-1] stencyl.core.lib.io.read.SceneReader: Reading header for Scene: 0 (Scene 1) from: scenes\0.xml
2016-01-11 09:58:22,892 DEBUG [pool-1-thread-3] stencyl.sw.editors.snippet.designer.block.BlockSceneObjectChooser: Fetching element 1 from scene 0
2016-01-11 09:58:22,892 DEBUG [pool-1-thread-3] stencyl.core.lib.io.read.SceneReader: Reading header for Scene: 0 (Scene 1) from: scenes\0.xml
2016-01-11 09:58:22,908 DEBUG [pool-1-thread-3] stencyl.sw.editors.snippet.designer.block.BlockSceneObjectChooser: Fetching element 1 from scene 0
2016-01-11 09:58:22,908 DEBUG [pool-1-thread-1] stencyl.sw.editors.snippet.designer.block.BlockSceneObjectChooser: Fetching element 1 from scene 0
2016-01-11 09:58:22,908 DEBUG [pool-1-thread-1] stencyl.core.lib.io.read.SceneReader: Reading header for Scene: 0 (Scene 1) from: scenes\0.xml
2016-01-11 09:58:22,908 DEBUG [pool-1-thread-3] stencyl.core.lib.io.read.SceneReader: Reading header for Scene: 0 (Scene 1) from: scenes\0.xml
2016-01-11 09:58:22,908 DEBUG [pool-1-thread-1] stencyl.sw.editors.snippet.designer.block.BlockSceneObjectChooser: Fetching element 1 from scene 0
2016-01-11 09:58:22,908 DEBUG [pool-1-thread-1] stencyl.core.lib.io.read.SceneReader: Reading header for Scene: 0 (Scene 1) from: scenes\0.xml
2016-01-11 09:58:23,250 DEBUG [AWT-EventQueue-0] stencyl.sw.app.doc.Workspace: Activated: Scene 1
2016-01-11 09:58:23,250 DEBUG [pool-1-thread-2] stencyl.sw.app.tasks.OpenResourceTask: Open Took 10957ms
2016-01-11 09:58:23,250 DEBUG [pool-1-thread-3] stencyl.sw.app.tasks.OpenResourceTask: Open Took 10957ms
2016-01-11 09:58:23,250 DEBUG [pool-1-thread-1] stencyl.sw.app.tasks.OpenResourceTask: Open Took 10957ms
2016-01-11 09:58:23,546 DEBUG [AWT-EventQueue-0] stencyl.sw.app.tasks.OpenResourceTask: Total Took 11253ms
2016-01-11 09:58:23,546 DEBUG [AWT-EventQueue-0] stencyl.sw.app.tasks.OpenResourceTask: Total Took 11253ms
2016-01-11 09:58:23,546 DEBUG [AWT-EventQueue-0] stencyl.sw.app.tasks.OpenResourceTask: Total Took 11253ms
2016-01-11 09:58:27,899 ERROR [AWT-EventQueue-0] root: Unexpected problem on thread AWT-EventQueue-0: Document "Scene 10" is not opened.
java.lang.IllegalArgumentException: Document "Scene 10" is not opened.
	at com.jidesoft.document.DocumentPane.setActiveDocument(Unknown Source)
	at com.jidesoft.document.DocumentPane.setActiveDocument(Unknown Source)
	at com.jidesoft.document.DocumentPane.a(Unknown Source)
	at com.jidesoft.document.DocumentPane.a(Unknown Source)
	at com.jidesoft.document.DocumentPane.a(Unknown Source)
	at com.jidesoft.document.DocumentPane.closeDocument(Unknown Source)
	at com.jidesoft.document.DocumentPane.closeSingleDocument(Unknown Source)
	at com.jidesoft.document.DocumentPane$27.actionPerformed(Unknown Source)
	at com.jidesoft.plaf.basic.BasicJideTabbedPaneUI$CloseTabAction.actionPerformed(Unknown Source)
	at javax.swing.AbstractButton.fireActionPerformed(AbstractButton.java:2022)
	at javax.swing.AbstractButton$Handler.actionPerformed(AbstractButton.java:2348)
	at javax.swing.DefaultButtonModel.fireActionPerformed(DefaultButtonModel.java:402)
	at javax.swing.DefaultButtonModel.setPressed(DefaultButtonModel.java:259)
	at javax.swing.plaf.basic.BasicButtonListener.mouseReleased(BasicButtonListener.java:252)
	at java.awt.AWTEventMulticaster.mouseReleased(AWTEventMulticaster.java:289)
	at java.awt.AWTEventMulticaster.mouseReleased(AWTEventMulticaster.java:289)
	at java.awt.AWTEventMulticaster.mouseReleased(AWTEventMulticaster.java:289)
	at java.awt.Component.processMouseEvent(Component.java:6535)
	at javax.swing.JComponent.processMouseEvent(JComponent.java:3324)
	at java.awt.Component.processEvent(Component.java:6300)
	at java.awt.Container.processEvent(Container.java:2236)
	at java.awt.Component.dispatchEventImpl(Component.java:4891)
	at java.awt.Container.dispatchEventImpl(Container.java:2294)
	at java.awt.Component.dispatchEvent(Component.java:4713)
	at java.awt.LightweightDispatcher.retargetMouseEvent(Container.java:4888)
	at java.awt.LightweightDispatcher.processMouseEvent(Container.java:4525)
	at java.awt.LightweightDispatcher.dispatchEvent(Container.java:4466)
	at java.awt.Container.dispatchEventImpl(Container.java:2280)
	at java.awt.Window.dispatchEventImpl(Window.java:2750)
	at java.awt.Component.dispatchEvent(Component.java:4713)
	at java.awt.EventQueue.dispatchEventImpl(EventQueue.java:758)
	at java.awt.EventQueue.access$500(EventQueue.java:97)
	at java.awt.EventQueue$3.run(EventQueue.java:709)
	at java.awt.EventQueue$3.run(EventQueue.java:703)
	at java.security.AccessController.doPrivileged(Native Method)
	at java.security.ProtectionDomain$JavaSecurityAccessImpl.doIntersectionPrivilege(ProtectionDomain.java:76)
	at java.security.ProtectionDomain$JavaSecurityAccessImpl.doIntersectionPrivilege(ProtectionDomain.java:86)
	at java.awt.EventQueue$4.run(EventQueue.java:731)
	at java.awt.EventQueue$4.run(EventQueue.java:729)
	at java.security.AccessController.doPrivileged(Native Method)
	at java.security.ProtectionDomain$JavaSecurityAccessImpl.doIntersectionPrivilege(ProtectionDomain.java:76)
	at java.awt.EventQueue.dispatchEvent(EventQueue.java:728)
	at java.awt.EventDispatchThread.pumpOneEventForFilters(EventDispatchThread.java:201)
	at java.awt.EventDispatchThread.pumpEventsForFilter(EventDispatchThread.java:116)
	at java.awt.EventDispatchThread.pumpEventsForHierarchy(EventDispatchThread.java:105)
	at java.awt.EventDispatchThread.pumpEvents(EventDispatchThread.java:101)
	at java.awt.EventDispatchThread.pumpEvents(EventDispatchThread.java:93)
	at java.awt.EventDispatchThread.run(EventDispatchThread.java:82)
2016-01-11 09:59:57,049 INFO  [AWT-EventQueue-0] stencyl.sw.app.App: Attempting to quit out of Stencyl.
2016-01-11 10:00:01,944 DEBUG [AWT-EventQueue-0] stencyl.sw.util.Util: Running command: [taskkill, /im, neko.exe, /f]
2016-01-11 10:00:02,521 DEBUG [Thread-7] stencyl.sw.util.StreamGobbler: [taskkill] ERROR: The process "neko.exe" not found.
2016-01-11 10:00:02,521 DEBUG [AWT-EventQueue-0] stencyl.sw.util.Util: Process 'taskkill' exited with code: 128
2016-01-11 10:00:02,521 DEBUG [AWT-EventQueue-0] stencyl.sw.util.Util: Running command: [taskkill, /im, adb.exe, /f]
2016-01-11 10:00:02,583 DEBUG [Thread-8] stencyl.sw.util.StreamGobbler: [taskkill] ERROR: The process "adb.exe" not found.
2016-01-11 10:00:02,583 DEBUG [AWT-EventQueue-0] stencyl.sw.util.Util: Process 'taskkill' exited with code: 128
2016-01-11 10:00:02,583 DEBUG [AWT-EventQueue-0] stencyl.sw.util.Util: Running command: [taskkill, /im, arm-linux-androideabi-g++.exe, /f]
2016-01-11 10:00:02,645 DEBUG [Thread-9] stencyl.sw.util.StreamGobbler: [taskkill] ERROR: The process "arm-linux-androideabi-g++.exe" not found.
2016-01-11 10:00:02,645 DEBUG [AWT-EventQueue-0] stencyl.sw.util.Util: Process 'taskkill' exited with code: 128
2016-01-11 10:00:02,645 DEBUG [AWT-EventQueue-0] stencyl.sw.util.Util: Running command: [taskkill, /im, cc1plus.exe, /f]
2016-01-11 10:00:03,861 DEBUG [Thread-10] stencyl.sw.util.StreamGobbler: [taskkill] ERROR: The process "cc1plus.exe" not found.
2016-01-11 10:00:03,877 DEBUG [AWT-EventQueue-0] stencyl.sw.util.Util: Process 'taskkill' exited with code: 128
2016-01-11 10:00:03,877 DEBUG [AWT-EventQueue-0] stencyl.sw.util.Util: Running command: [taskkill, /im, tail.exe, /f]
2016-01-11 10:00:03,939 DEBUG [Thread-11] stencyl.sw.util.StreamGobbler: [taskkill] ERROR: The process "tail.exe" not found.
2016-01-11 10:00:03,939 DEBUG [AWT-EventQueue-0] stencyl.sw.util.Util: Process 'taskkill' exited with code: 128
2016-01-11 10:00:03,939 DEBUG [AWT-EventQueue-0] stencyl.sw.util.Util: Running command: [taskkill, /im, ios-sim.exe, /f]
2016-01-11 10:00:04,002 DEBUG [Thread-12] stencyl.sw.util.StreamGobbler: [taskkill] ERROR: The process "ios-sim.exe" not found.
2016-01-11 10:00:04,002 DEBUG [AWT-EventQueue-0] stencyl.sw.util.Util: Process 'taskkill' exited with code: 128
2016-01-11 10:00:04,002 DEBUG [AWT-EventQueue-0] stencyl.sw.app.App: Destroying extensions.
2016-01-11 10:00:04,002 DEBUG [AWT-EventQueue-0] stencyl.sw.app.App: Performing final close.
2016-01-11 10:00:04,002 INFO  [AWT-EventQueue-0] stencyl.sw.app.App: Exiting...
2016-01-11 10:00:04,002 DEBUG [AWT-EventQueue-0] stencyl.sw.app.App: Destroying Temporary Sandbox.
2016-01-11 10:00:04,002 DEBUG [AWT-EventQueue-0] stencyl.sw.util.FileHelper: Deleting: C:\Users\glafond5733\AppData\Local\Temp\stencyl711222015915834563
