2016-01-11 10:57:04,963 INFO  [main] stencyl.sw.Session: Logfile: C:\Users\aansell\Google Drive\Roosevelt OGPC\stencylworks\logs\2016-01-11_10-57-04.log
2016-01-11 10:57:04,979 INFO  [main] stencyl.sw.Session: OS Name: Windows 7
2016-01-11 10:57:04,979 INFO  [main] stencyl.sw.Session: OS Version: 6.1 (64-bit)
2016-01-11 10:57:04,979 INFO  [main] stencyl.sw.Session: Java Version: 1.8.0_60
2016-01-11 10:57:04,979 INFO  [main] stencyl.sw.Session: Stencyl Version: 3.3.2 (b8734)
2016-01-11 10:57:04,979 INFO  [main] stencyl.sw.Session: Stencyl Workspace: C:\Users\aansell\Google Drive\Roosevelt OGPC\
2016-01-11 10:57:04,979 INFO  [main] stencyl.sw.Session: User Working Directory: C:\Program Files (x86)\Stencyl
2016-01-11 10:57:04,979 INFO  [main] stencyl.sw.Session: User Home Directory: C:\Users\aansell
2016-01-11 10:57:04,979 INFO  [main] stencyl.sw.Session: System Path: C:\Program Files (x86)\Intel\iCLS Client\;C:\Program Files\Intel\iCLS Client\;C:\Windows\system32;C:\Windows;C:\Windows\System32\Wbem;C:\Windows\System32\WindowsPowerShell\v1.0\;C:\Windows\CCM;C:\Program Files\Intel\Intel(R) Management Engine Components\DAL;C:\Program Files\Intel\Intel(R) Management Engine Components\IPT;C:\Program Files (x86)\Intel\Intel(R) Management Engine Components\DAL;C:\Program Files (x86)\Intel\Intel(R) Management Engine Components\IPT;C:\Program Files (x86)\QuickTime\QTSystem\;C:\Program Files (x86)\Stencyl\runtimes\jre-win\bin
2016-01-11 10:57:05,041 DEBUG [main] stencyl.sw.util.FileHelper: Deleting: C:\Users\aansell\AppData\Local\Temp\stencyl3580380282971024633
2016-01-11 10:57:05,041 DEBUG [main] stencyl.sw.loc.LanguagePack: Reading... lang\en\global-phrases.lang
2016-01-11 10:57:05,041 DEBUG [main] stencyl.sw.loc.LanguagePack: Reading... lang\en\global-errors.lang
2016-01-11 10:57:05,041 DEBUG [main] stencyl.sw.loc.LanguagePack: Reading... lang\en\global-menu.lang
2016-01-11 10:57:05,057 DEBUG [main] stencyl.sw.loc.LanguagePack: Reading... lang\en\global-welcome.lang
2016-01-11 10:57:05,072 DEBUG [main] stencyl.sw.loc.LanguagePack: Reading... lang\en\global-dashboard.lang
2016-01-11 10:57:05,072 DEBUG [main] stencyl.sw.loc.LanguagePack: Reading... lang\en\global-publish.lang
2016-01-11 10:57:05,072 DEBUG [main] stencyl.sw.loc.LanguagePack: Reading... lang\en\global-updater.lang
2016-01-11 10:57:05,072 DEBUG [main] stencyl.sw.loc.LanguagePack: Reading... lang\en\global-chat.lang
2016-01-11 10:57:05,088 DEBUG [main] stencyl.sw.loc.LanguagePack: Reading... lang\en\global-misc.lang
2016-01-11 10:57:05,088 DEBUG [main] stencyl.sw.loc.LanguagePack: Reading... lang\en\global-forge.lang
2016-01-11 10:57:05,088 DEBUG [main] stencyl.sw.loc.LanguagePack: Reading... lang\en\global-prefs.lang
2016-01-11 10:57:05,088 DEBUG [main] stencyl.sw.loc.LanguagePack: Reading... lang\en\global-creategame.lang
2016-01-11 10:57:05,088 DEBUG [main] stencyl.sw.loc.LanguagePack: Reading... lang\en\behavior-main.lang
2016-01-11 10:57:05,103 DEBUG [main] stencyl.sw.loc.LanguagePack: Reading... lang\en\behavior-blocks.lang
2016-01-11 10:57:05,119 DEBUG [main] stencyl.sw.loc.LanguagePack: Reading... lang\en\behavior-blockhelp.lang
2016-01-11 10:57:05,119 DEBUG [main] stencyl.sw.loc.LanguagePack: Reading... lang\en\behavior-events.lang
2016-01-11 10:57:05,119 DEBUG [main] stencyl.sw.loc.LanguagePack: Reading... lang\en\behavior-code.lang
2016-01-11 10:57:05,119 DEBUG [main] stencyl.sw.loc.LanguagePack: Reading... lang\en\behavior-attributes.lang
2016-01-11 10:57:05,119 DEBUG [main] stencyl.sw.loc.LanguagePack: Reading... lang\en\behavior-create.lang
2016-01-11 10:57:05,119 DEBUG [main] stencyl.sw.loc.LanguagePack: Reading... lang\en\behavior-byob.lang
2016-01-11 10:57:05,119 DEBUG [main] stencyl.sw.loc.LanguagePack: Reading... lang\en\editor-actor-main.lang
2016-01-11 10:57:05,119 DEBUG [main] stencyl.sw.loc.LanguagePack: Reading... lang\en\editor-actor-physics.lang
2016-01-11 10:57:05,119 DEBUG [main] stencyl.sw.loc.LanguagePack: Reading... lang\en\editor-background.lang
2016-01-11 10:57:05,119 DEBUG [main] stencyl.sw.loc.LanguagePack: Reading... lang\en\editor-behaviorchooser.lang
2016-01-11 10:57:05,119 DEBUG [main] stencyl.sw.loc.LanguagePack: Reading... lang\en\editor-desktop.lang
2016-01-11 10:57:05,119 DEBUG [main] stencyl.sw.loc.LanguagePack: Reading... lang\en\editor-font.lang
2016-01-11 10:57:05,119 DEBUG [main] stencyl.sw.loc.LanguagePack: Reading... lang\en\editor-sound.lang
2016-01-11 10:57:05,119 DEBUG [main] stencyl.sw.loc.LanguagePack: Reading... lang\en\editor-tileset.lang
2016-01-11 10:57:05,119 DEBUG [main] stencyl.sw.loc.LanguagePack: Reading... lang\en\editor-preloader.lang
2016-01-11 10:57:05,119 DEBUG [main] stencyl.sw.loc.LanguagePack: Reading... lang\en\editor-mobile.lang
2016-01-11 10:57:05,135 DEBUG [main] stencyl.sw.loc.LanguagePack: Reading... lang\en\editor-groups.lang
2016-01-11 10:57:05,135 DEBUG [main] stencyl.sw.loc.LanguagePack: Reading... lang\en\editor-attributes.lang
2016-01-11 10:57:05,135 DEBUG [main] stencyl.sw.loc.LanguagePack: Reading... lang\en\editor-input.lang
2016-01-11 10:57:05,135 DEBUG [main] stencyl.sw.loc.LanguagePack: Reading... lang\en\editor-animation.lang
2016-01-11 10:57:05,135 DEBUG [main] stencyl.sw.loc.LanguagePack: Reading... lang\en\editor-scene-main.lang
2016-01-11 10:57:05,150 DEBUG [main] stencyl.sw.loc.LanguagePack: Reading... lang\en\editor-scene-create.lang
2016-01-11 10:57:05,150 DEBUG [main] stencyl.sw.loc.LanguagePack: Reading... lang\en\editor-scene-tools.lang
2016-01-11 10:57:05,150 DEBUG [main] stencyl.sw.loc.LanguagePack: Reading... lang\en\global-phrases.lang
2016-01-11 10:57:05,150 DEBUG [main] stencyl.sw.loc.LanguagePack: Reading... lang\en\global-errors.lang
2016-01-11 10:57:05,150 DEBUG [main] stencyl.sw.loc.LanguagePack: Reading... lang\en\global-menu.lang
2016-01-11 10:57:05,150 DEBUG [main] stencyl.sw.loc.LanguagePack: Reading... lang\en\global-welcome.lang
2016-01-11 10:57:05,150 DEBUG [main] stencyl.sw.loc.LanguagePack: Reading... lang\en\global-dashboard.lang
2016-01-11 10:57:05,150 DEBUG [main] stencyl.sw.loc.LanguagePack: Reading... lang\en\global-publish.lang
2016-01-11 10:57:05,150 DEBUG [main] stencyl.sw.loc.LanguagePack: Reading... lang\en\global-updater.lang
2016-01-11 10:57:05,150 DEBUG [main] stencyl.sw.loc.LanguagePack: Reading... lang\en\global-chat.lang
2016-01-11 10:57:05,150 DEBUG [main] stencyl.sw.loc.LanguagePack: Reading... lang\en\global-misc.lang
2016-01-11 10:57:05,150 DEBUG [main] stencyl.sw.loc.LanguagePack: Reading... lang\en\global-forge.lang
2016-01-11 10:57:05,150 DEBUG [main] stencyl.sw.loc.LanguagePack: Reading... lang\en\global-prefs.lang
2016-01-11 10:57:05,150 DEBUG [main] stencyl.sw.loc.LanguagePack: Reading... lang\en\global-creategame.lang
2016-01-11 10:57:05,150 DEBUG [main] stencyl.sw.loc.LanguagePack: Reading... lang\en\behavior-main.lang
2016-01-11 10:57:05,150 DEBUG [main] stencyl.sw.loc.LanguagePack: Reading... lang\en\behavior-blocks.lang
2016-01-11 10:57:05,150 DEBUG [main] stencyl.sw.loc.LanguagePack: Reading... lang\en\behavior-blockhelp.lang
2016-01-11 10:57:05,150 DEBUG [main] stencyl.sw.loc.LanguagePack: Reading... lang\en\behavior-events.lang
2016-01-11 10:57:05,150 DEBUG [main] stencyl.sw.loc.LanguagePack: Reading... lang\en\behavior-code.lang
2016-01-11 10:57:05,150 DEBUG [main] stencyl.sw.loc.LanguagePack: Reading... lang\en\behavior-attributes.lang
2016-01-11 10:57:05,150 DEBUG [main] stencyl.sw.loc.LanguagePack: Reading... lang\en\behavior-create.lang
2016-01-11 10:57:05,150 DEBUG [main] stencyl.sw.loc.LanguagePack: Reading... lang\en\behavior-byob.lang
2016-01-11 10:57:05,150 DEBUG [main] stencyl.sw.loc.LanguagePack: Reading... lang\en\editor-actor-main.lang
2016-01-11 10:57:05,150 DEBUG [main] stencyl.sw.loc.LanguagePack: Reading... lang\en\editor-actor-physics.lang
2016-01-11 10:57:05,150 DEBUG [main] stencyl.sw.loc.LanguagePack: Reading... lang\en\editor-background.lang
2016-01-11 10:57:05,150 DEBUG [main] stencyl.sw.loc.LanguagePack: Reading... lang\en\editor-behaviorchooser.lang
2016-01-11 10:57:05,150 DEBUG [main] stencyl.sw.loc.LanguagePack: Reading... lang\en\editor-desktop.lang
2016-01-11 10:57:05,150 DEBUG [main] stencyl.sw.loc.LanguagePack: Reading... lang\en\editor-font.lang
2016-01-11 10:57:05,150 DEBUG [main] stencyl.sw.loc.LanguagePack: Reading... lang\en\editor-sound.lang
2016-01-11 10:57:05,150 DEBUG [main] stencyl.sw.loc.LanguagePack: Reading... lang\en\editor-tileset.lang
2016-01-11 10:57:05,150 DEBUG [main] stencyl.sw.loc.LanguagePack: Reading... lang\en\editor-preloader.lang
2016-01-11 10:57:05,150 DEBUG [main] stencyl.sw.loc.LanguagePack: Reading... lang\en\editor-mobile.lang
2016-01-11 10:57:05,150 DEBUG [main] stencyl.sw.loc.LanguagePack: Reading... lang\en\editor-groups.lang
2016-01-11 10:57:05,150 DEBUG [main] stencyl.sw.loc.LanguagePack: Reading... lang\en\editor-attributes.lang
2016-01-11 10:57:05,166 DEBUG [main] stencyl.sw.loc.LanguagePack: Reading... lang\en\editor-input.lang
2016-01-11 10:57:05,166 DEBUG [main] stencyl.sw.loc.LanguagePack: Reading... lang\en\editor-animation.lang
2016-01-11 10:57:05,166 DEBUG [main] stencyl.sw.loc.LanguagePack: Reading... lang\en\editor-scene-main.lang
2016-01-11 10:57:05,166 DEBUG [main] stencyl.sw.loc.LanguagePack: Reading... lang\en\editor-scene-create.lang
2016-01-11 10:57:05,166 DEBUG [main] stencyl.sw.loc.LanguagePack: Reading... lang\en\editor-scene-tools.lang
2016-01-11 10:57:05,166 INFO  [AWT-EventQueue-0] stencyl.sw.SW: Initializing Stencyl.
2016-01-11 10:57:05,166 DEBUG [AWT-EventQueue-0] stencyl.sw.Splash: Set Splash message: Look
2016-01-11 10:57:05,736 INFO  [AWT-EventQueue-0] stencyl.sw.ext.ExtensionDependencyManager: Haxelib actuate 1.6.5
2016-01-11 10:57:05,751 INFO  [AWT-EventQueue-0] stencyl.sw.ext.ExtensionDependencyManager: Haxelib box2d 1.11.0
2016-01-11 10:57:05,751 INFO  [AWT-EventQueue-0] stencyl.sw.ext.ExtensionDependencyManager: Haxelib box2d-fake 1.11.0
2016-01-11 10:57:05,751 INFO  [AWT-EventQueue-0] stencyl.sw.ext.ExtensionDependencyManager: Haxelib console 1.0.0
2016-01-11 10:57:05,751 INFO  [AWT-EventQueue-0] stencyl.sw.ext.ExtensionDependencyManager: Haxelib format 3.1.2
2016-01-11 10:57:05,751 INFO  [AWT-EventQueue-0] stencyl.sw.ext.ExtensionDependencyManager: Haxelib hxcpp 3.2.0
2016-01-11 10:57:05,751 INFO  [AWT-EventQueue-0] stencyl.sw.ext.ExtensionDependencyManager: Haxelib hxtelemetry 0.3.1
2016-01-11 10:57:05,751 INFO  [AWT-EventQueue-0] stencyl.sw.ext.ExtensionDependencyManager: Haxelib layout 1.1.0
2016-01-11 10:57:05,751 INFO  [AWT-EventQueue-0] stencyl.sw.ext.ExtensionDependencyManager: Haxelib lime 2.6.8
2016-01-11 10:57:05,751 INFO  [AWT-EventQueue-0] stencyl.sw.ext.ExtensionDependencyManager: Haxelib openfl 3.3.8
2016-01-11 10:57:05,751 INFO  [AWT-EventQueue-0] stencyl.sw.ext.ExtensionDependencyManager: Haxelib polygonal-ds 1.4.1
2016-01-11 10:57:05,751 INFO  [AWT-EventQueue-0] stencyl.sw.ext.ExtensionDependencyManager: Haxelib polygonal-printf 1.0.0.beta
2016-01-11 10:57:05,751 INFO  [AWT-EventQueue-0] stencyl.sw.ext.ExtensionDependencyManager: Haxelib stencyl 1.0.0
2016-01-11 10:57:05,751 INFO  [AWT-EventQueue-0] stencyl.sw.ext.ExtensionDependencyManager: Haxelib stencyl-cppia 1.0.0
2016-01-11 10:57:05,751 INFO  [AWT-EventQueue-0] stencyl.sw.ext.ExtensionDependencyManager: Haxelib svg 1.0.8
2016-01-11 10:57:05,751 INFO  [AWT-EventQueue-0] stencyl.sw.ext.ExtensionDependencyManager: Haxelib swf 1.7.4
2016-01-11 10:57:05,751 INFO  [AWT-EventQueue-0] stencyl.sw.ext.ExtensionDependencyManager: Haxelib tilelayer 0.2.1
2016-01-11 10:57:05,752 DEBUG [AWT-EventQueue-0] stencyl.sw.util.FileHelper: Matching (non-hidden) files within C:\Users\aansell\Google Drive\Roosevelt OGPC\stencylworks\extensions: []
2016-01-11 10:57:05,752 DEBUG [AWT-EventQueue-0] stencyl.sw.util.FileHelper: Matching (non-hidden) files within C:\Users\aansell\Google Drive\Roosevelt OGPC\stencylworks\extensions: []
2016-01-11 10:57:05,752 DEBUG [AWT-EventQueue-0] stencyl.sw.editors.game.advanced.EngineExtensionManager: Loading engine extensions...
2016-01-11 10:57:05,752 DEBUG [AWT-EventQueue-0] stencyl.sw.util.FileHelper: Directories within C:\Users\aansell\Google Drive\Roosevelt OGPC\stencylworks\engine-extensions: [C:\Users\aansell\Google Drive\Roosevelt OGPC\stencylworks\engine-extensions\ads, C:\Users\aansell\Google Drive\Roosevelt OGPC\stencylworks\engine-extensions\gamecenter, C:\Users\aansell\Google Drive\Roosevelt OGPC\stencylworks\engine-extensions\gestures, C:\Users\aansell\Google Drive\Roosevelt OGPC\stencylworks\engine-extensions\google, C:\Users\aansell\Google Drive\Roosevelt OGPC\stencylworks\engine-extensions\hypertouch, C:\Users\aansell\Google Drive\Roosevelt OGPC\stencylworks\engine-extensions\joystick, C:\Users\aansell\Google Drive\Roosevelt OGPC\stencylworks\engine-extensions\label, C:\Users\aansell\Google Drive\Roosevelt OGPC\stencylworks\engine-extensions\native, C:\Users\aansell\Google Drive\Roosevelt OGPC\stencylworks\engine-extensions\purchases, C:\Users\aansell\Google Drive\Roosevelt OGPC\stencylworks\engine-extensions\test, C:\Users\aansell\Google Drive\Roosevelt OGPC\stencylworks\engine-extensions\test-flash, C:\Users\aansell\Google Drive\Roosevelt OGPC\stencylworks\engine-extensions\test-native, C:\Users\aansell\Google Drive\Roosevelt OGPC\stencylworks\engine-extensions\tileapi]
2016-01-11 10:57:05,752 DEBUG [AWT-EventQueue-0] stencyl.sw.editors.game.advanced.EngineExtensionManager: ads is a core engine extension. Skip.
2016-01-11 10:57:05,752 DEBUG [AWT-EventQueue-0] stencyl.sw.editors.game.advanced.EngineExtensionManager: gamecenter is a core engine extension. Skip.
2016-01-11 10:57:05,752 DEBUG [AWT-EventQueue-0] stencyl.sw.editors.game.advanced.EngineExtensionManager: gestures is a core engine extension. Skip.
2016-01-11 10:57:05,752 DEBUG [AWT-EventQueue-0] stencyl.sw.editors.game.advanced.EngineExtensionManager: google is not a valid engine extension. Skip.
2016-01-11 10:57:05,752 DEBUG [AWT-EventQueue-0] stencyl.sw.editors.game.advanced.EngineExtensionManager: hypertouch is a core engine extension. Skip.
2016-01-11 10:57:05,752 DEBUG [AWT-EventQueue-0] stencyl.sw.editors.game.advanced.EngineExtensionManager: joystick is a core engine extension. Skip.
2016-01-11 10:57:05,752 DEBUG [AWT-EventQueue-0] stencyl.sw.editors.game.advanced.EngineExtensionManager: label is engine extension: Labels (1.0.0).
2016-01-11 10:57:05,752 DEBUG [AWT-EventQueue-0] stencyl.sw.editors.game.advanced.EngineExtensionManager: native is a core engine extension. Skip.
2016-01-11 10:57:05,752 DEBUG [AWT-EventQueue-0] stencyl.sw.editors.game.advanced.EngineExtensionManager: purchases is a core engine extension. Skip.
2016-01-11 10:57:05,752 DEBUG [AWT-EventQueue-0] stencyl.sw.editors.game.advanced.EngineExtensionManager: test is engine extension: Test Extension (1.0.0).
2016-01-11 10:57:05,752 DEBUG [AWT-EventQueue-0] stencyl.sw.editors.game.advanced.EngineExtensionManager: test-flash is engine extension: Test Extension (Flash SWF) (1.0.0).
2016-01-11 10:57:05,752 DEBUG [AWT-EventQueue-0] stencyl.sw.editors.game.advanced.EngineExtensionManager: test-native is engine extension: Test Extension (Native) (1.0.0).
2016-01-11 10:57:05,753 DEBUG [AWT-EventQueue-0] stencyl.sw.editors.game.advanced.EngineExtensionManager: tileapi is engine extension: Tile API (1.0.0).
2016-01-11 10:57:05,753 INFO  [AWT-EventQueue-0] stencyl.sw.editors.game.advanced.EngineExtensionManager: Engine Extensions: [Labels (1.0.0), Test Extension (1.0.0), Test Extension (Flash SWF) (1.0.0), Test Extension (Native) (1.0.0), Tile API (1.0.0)]
2016-01-11 10:57:05,754 WARN  [AWT-EventQueue-0] stencyl.sw.app.ExtensionManager: Couldn't load extension settings.
2016-01-11 10:57:05,757 INFO  [AWT-EventQueue-0] stencyl.sw.app.ExtensionManager: Toolset Extensions: []
2016-01-11 10:57:05,902 DEBUG [AWT-EventQueue-0] stencyl.sw.app.doc.Workspace: Activated: Welcome Center
2016-01-11 10:57:05,905 DEBUG [AWT-EventQueue-0] stencyl.sw.app.App: Silent Authentication.
2016-01-11 10:57:05,905 DEBUG [AWT-EventQueue-0] stencyl.sw.Splash: Dispose Splash
2016-01-11 10:57:06,037 DEBUG [pool-1-thread-1] stencyl.sw.app.tasks.AuthenticateTask: Response: guest
2016-01-11 10:57:06,037 INFO  [pool-1-thread-1] stencyl.sw.app.tasks.AuthenticateTask: Could not log in. Check your login credentials.
2016-01-11 10:57:58,478 INFO  [AWT-EventQueue-0] stencyl.sw.editors.game.settings.GamePropertiesDialog: Creating a blank game.
2016-01-11 10:57:58,556 INFO  [pool-1-thread-1] stencyl.sw.io.write.MasterWriter: Saving a new game.
2016-01-11 10:57:58,587 INFO  [pool-1-thread-1] stencyl.sw.io.write.MasterWriter: Saving game in place.
2016-01-11 10:57:58,602 ERROR [pool-1-thread-1] stencyl.sw.util.FileHelper: File C:\Users\aansell\Google Drive\Roosevelt OGPC\stencylworks\games\j\game.xml is not a valid XML file. Aborting Backup.
2016-01-11 10:58:00,669 DEBUG [pool-1-thread-1] stencyl.sw.io.write.MasterWriter: Writing out local resources.
2016-01-11 10:58:00,684 DEBUG [pool-1-thread-1] stencyl.sw.util.FileHelper: Saving backup file C:\Users\aansell\Google Drive\Roosevelt OGPC\stencylworks\games\j\resources\data.xml.bak.
2016-01-11 10:58:00,684 DEBUG [pool-1-thread-1] stencyl.sw.io.write.MasterWriter: Writing out scenes.
2016-01-11 10:58:00,700 DEBUG [pool-1-thread-1] stencyl.sw.io.write.MasterWriter: Copying over snippets.
2016-01-11 10:58:00,716 ERROR [pool-1-thread-1] stencyl.sw.util.FileHelper: File C:\Users\aansell\Google Drive\Roosevelt OGPC\stencylworks\games\j\snippets\list.xml is not a valid XML file. Aborting Backup.
2016-01-11 10:58:00,716 DEBUG [pool-1-thread-1] stencyl.sw.io.write.MasterWriter: Saving block favorites.
2016-01-11 10:58:00,731 DEBUG [pool-1-thread-1] stencyl.sw.editors.snippet.designer.palette.FavoriteManager: Favorites file C:\Users\aansell\Google Drive\Roosevelt OGPC\stencylworks\games\j\favorites.xml does not exist.
2016-01-11 10:58:00,731 INFO  [pool-1-thread-1] stencyl.sw.io.write.MasterWriter: Done writing game.
2016-01-11 10:58:00,778 DEBUG [AWT-EventQueue-0] stencyl.sw.util.FileHelper: Deleting: C:\Users\aansell\AppData\Local\Temp\stencyl3580380282971024633\sandbox\test\temp
2016-01-11 10:58:00,778 DEBUG [AWT-EventQueue-0] stencyl.sw.util.FileHelper: Deleting: C:\Users\aansell\Google Drive\Roosevelt OGPC\stencylworks\preview\scripts
2016-01-11 10:58:00,778 DEBUG [AWT-EventQueue-0] stencyl.sw.util.FileHelper: Deleting: C:\Users\aansell\Google Drive\Roosevelt OGPC\stencylworks\preview\game
2016-01-11 10:58:00,778 INFO  [AWT-EventQueue-0] stencyl.sw.app.tasks.OpenGameTask: Opening game: j
2016-01-11 10:58:00,918 DEBUG [AWT-EventQueue-0] stencyl.sw.app.doc.Workspace: Activated: Dashboard
2016-01-11 10:58:00,918 DEBUG [AWT-EventQueue-0] stencyl.sw.util.FileHelper: Trying to delete file that does not exist: C:\Users\aansell\AppData\Local\Temp\stencyl3580380282971024633\sandbox\build\code
2016-01-11 10:58:00,918 DEBUG [AWT-EventQueue-0] stencyl.sw.util.FileHelper: Deleting: C:\Users\aansell\AppData\Local\Temp\stencyl3580380282971024633\sandbox\test\temp
2016-01-11 10:58:00,965 DEBUG [AWT-EventQueue-0] stencyl.sw.app.tasks.OpenGameTask: Took 187ms
2016-01-11 10:58:01,074 DEBUG [AWT-EventQueue-0] stencyl.sw.editors.game.cgroups.CollisionGroupTree: Loading actor group into tree: Actors
2016-01-11 10:58:01,090 DEBUG [AWT-EventQueue-0] stencyl.sw.editors.game.cgroups.CollisionGroupTree: Loading actor group into tree: Doodads
2016-01-11 10:58:01,090 DEBUG [AWT-EventQueue-0] stencyl.sw.editors.game.cgroups.CollisionGroupTree: Loading actor group into tree: Players
2016-01-11 10:58:01,106 DEBUG [AWT-EventQueue-0] stencyl.sw.editors.game.cgroups.CollisionGroupTree: Loading actor group into tree: Regions
2016-01-11 10:58:01,106 DEBUG [AWT-EventQueue-0] stencyl.sw.editors.game.cgroups.CollisionGroupTree: Loading actor group into tree: Tiles
2016-01-11 10:58:01,902 DEBUG [AWT-EventQueue-0] stencyl.core.lib.Atlas: Getting memory for atlas 0
2016-01-11 10:58:01,934 DEBUG [AWT-EventQueue-0] stencyl.core.lib.Atlas: Getting memory for atlas 1
2016-01-11 10:58:01,934 DEBUG [AWT-EventQueue-0] stencyl.core.lib.Atlas: Getting memory for atlas 2
2016-01-11 10:58:01,934 DEBUG [AWT-EventQueue-0] stencyl.core.lib.Atlas: Getting memory for atlas 3
2016-01-11 10:58:25,667 DEBUG [AWT-EventQueue-0] stencyl.sw.editors.scene.dialogs.ScenePropertiesPanel: This game has this num of scenes: 0
2016-01-11 10:58:25,667 DEBUG [AWT-EventQueue-0] stencyl.sw.editors.scene.dialogs.ScenePropertiesPanel: Marking as default scene: 0
2016-01-11 10:58:25,682 DEBUG [AWT-EventQueue-0] stencyl.sw.app.doc.Workspace: Loading Closed Resource: level one
2016-01-11 10:58:25,854 DEBUG [pool-1-thread-1] stencyl.sw.editors.scene.Designer: Brush Changed
2016-01-11 10:58:26,104 DEBUG [pool-1-thread-1] stencyl.sw.util.NotifierHashMap: HashMapEvent [type=VALUE_ADDED, value=SceneEvents_0]
2016-01-11 10:58:26,447 DEBUG [pool-1-thread-1] stencyl.sw.editors.snippet.designer.palette.Palette: Palette asked to refresh: Position
2016-01-11 10:58:26,509 DEBUG [pool-1-thread-1] stencyl.sw.editors.snippet.designer.palette.Palette: Palette asked to refresh: Conditions
2016-01-11 10:58:26,696 DEBUG [pool-1-thread-1] stencyl.sw.editors.snippet.designer.palette.Palette: Palette asked to refresh: Actors
2016-01-11 10:58:26,743 DEBUG [pool-1-thread-1] stencyl.sw.editors.snippet.designer.palette.Palette: Palette asked to refresh: Keyboard & Mouse
2016-01-11 10:58:26,790 DEBUG [pool-1-thread-1] stencyl.sw.editors.snippet.designer.palette.Palette: Palette asked to refresh: Math
2016-01-11 10:58:26,821 DEBUG [pool-1-thread-1] stencyl.sw.editors.snippet.designer.palette.Palette: Palette asked to refresh: Getters
2016-01-11 10:58:26,899 DEBUG [pool-1-thread-1] stencyl.sw.editors.snippet.designer.palette.Palette: Palette asked to refresh: Sound
2016-01-11 10:58:26,930 DEBUG [pool-1-thread-1] stencyl.sw.editors.snippet.designer.palette.Palette: Palette asked to refresh: Triggers
2016-01-11 10:58:26,962 DEBUG [pool-1-thread-1] stencyl.sw.editors.snippet.designer.palette.Palette: Palette asked to refresh: Web
2016-01-11 10:58:27,008 DEBUG [pool-1-thread-1] stencyl.sw.editors.snippet.designer.palette.Palette: Palette asked to refresh: Drawing
2016-01-11 10:58:27,040 DEBUG [pool-1-thread-1] stencyl.sw.editors.snippet.designer.palette.Palette: Palette asked to refresh: Basic
2016-01-11 10:58:27,040 DEBUG [pool-1-thread-1] stencyl.sw.editors.snippet.designer.palette.Palette: Palette asked to refresh: Custom
2016-01-11 10:58:27,040 DEBUG [pool-1-thread-1] stencyl.sw.editors.snippet.designer.palette.Palette: Palette asked to refresh: Extensions
2016-01-11 10:58:27,040 DEBUG [pool-1-thread-1] stencyl.sw.editors.snippet.designer.palette.Palette: Palette asked to refresh: Position
2016-01-11 10:58:27,071 DEBUG [pool-1-thread-1] stencyl.sw.editors.snippet.designer.EditArea: ContextSet for current event: []
2016-01-11 10:58:27,071 DEBUG [pool-1-thread-1] stencyl.sw.editors.snippet.designer.palette.Palette: Palette asked to refresh: Position
2016-01-11 10:58:27,165 DEBUG [AWT-EventQueue-0] stencyl.sw.app.doc.Workspace: Activated: level one
2016-01-11 10:58:27,314 DEBUG [pool-1-thread-1] stencyl.sw.editors.scene.Designer: Brush Changed
2016-01-11 10:58:27,314 DEBUG [pool-1-thread-1] stencyl.sw.editors.scene.Designer: Brush Changed
2016-01-11 10:58:27,314 DEBUG [pool-1-thread-1] stencyl.sw.app.tasks.OpenResourceTask: Open Took 1632ms
2016-01-11 10:58:27,361 DEBUG [AWT-EventQueue-0] stencyl.sw.app.tasks.OpenResourceTask: Total Took 1679ms
2016-01-11 10:58:38,215 DEBUG [AWT-EventQueue-0] stencyl.sw.app.App: Action: Scene
2016-01-11 10:58:49,495 DEBUG [AWT-EventQueue-0] stencyl.sw.editors.scene.dialogs.ScenePropertiesPanel: This game has this num of scenes: 1
2016-01-11 10:58:49,510 DEBUG [AWT-EventQueue-0] stencyl.sw.app.doc.Workspace: Loading Closed Resource: level two
2016-01-11 10:58:49,542 DEBUG [pool-1-thread-1] stencyl.sw.editors.scene.Designer: Brush Changed
2016-01-11 10:58:49,588 DEBUG [pool-1-thread-1] stencyl.sw.util.NotifierHashMap: HashMapEvent [type=VALUE_ADDED, value=SceneEvents_1]
2016-01-11 10:58:49,729 DEBUG [pool-1-thread-1] stencyl.sw.editors.snippet.designer.palette.Palette: Palette asked to refresh: Position
2016-01-11 10:58:49,760 DEBUG [pool-1-thread-1] stencyl.sw.editors.snippet.designer.palette.Palette: Palette asked to refresh: Conditions
2016-01-11 10:58:49,900 DEBUG [pool-1-thread-1] stencyl.sw.editors.snippet.designer.palette.Palette: Palette asked to refresh: Actors
2016-01-11 10:58:49,947 DEBUG [pool-1-thread-1] stencyl.sw.editors.snippet.designer.palette.Palette: Palette asked to refresh: Keyboard & Mouse
2016-01-11 10:58:49,979 DEBUG [pool-1-thread-1] stencyl.sw.editors.snippet.designer.palette.Palette: Palette asked to refresh: Math
2016-01-11 10:58:50,025 DEBUG [pool-1-thread-1] stencyl.sw.editors.snippet.designer.palette.Palette: Palette asked to refresh: Getters
2016-01-11 10:58:50,103 DEBUG [pool-1-thread-1] stencyl.sw.editors.snippet.designer.palette.Palette: Palette asked to refresh: Sound
2016-01-11 10:58:50,135 DEBUG [pool-1-thread-1] stencyl.sw.editors.snippet.designer.palette.Palette: Palette asked to refresh: Triggers
2016-01-11 10:58:50,150 DEBUG [pool-1-thread-1] stencyl.sw.editors.snippet.designer.palette.Palette: Palette asked to refresh: Web
2016-01-11 10:58:50,181 DEBUG [pool-1-thread-1] stencyl.sw.editors.snippet.designer.palette.Palette: Palette asked to refresh: Drawing
2016-01-11 10:58:50,213 DEBUG [pool-1-thread-1] stencyl.sw.editors.snippet.designer.palette.Palette: Palette asked to refresh: Basic
2016-01-11 10:58:50,213 DEBUG [pool-1-thread-1] stencyl.sw.editors.snippet.designer.palette.Palette: Palette asked to refresh: Custom
2016-01-11 10:58:50,213 DEBUG [pool-1-thread-1] stencyl.sw.editors.snippet.designer.palette.Palette: Palette asked to refresh: Extensions
2016-01-11 10:58:50,213 DEBUG [pool-1-thread-1] stencyl.sw.editors.snippet.designer.palette.Palette: Palette asked to refresh: Position
2016-01-11 10:58:50,228 DEBUG [pool-1-thread-1] stencyl.sw.editors.snippet.designer.EditArea: ContextSet for current event: []
2016-01-11 10:58:50,228 DEBUG [pool-1-thread-1] stencyl.sw.editors.snippet.designer.palette.Palette: Palette asked to refresh: Position
2016-01-11 10:58:50,275 DEBUG [AWT-EventQueue-0] stencyl.sw.app.doc.Workspace: Activated: level two
2016-01-11 10:58:50,376 DEBUG [pool-1-thread-1] stencyl.sw.editors.scene.Designer: Brush Changed
2016-01-11 10:58:50,392 DEBUG [pool-1-thread-1] stencyl.sw.editors.scene.Designer: Brush Changed
2016-01-11 10:58:50,392 DEBUG [pool-1-thread-1] stencyl.sw.app.tasks.OpenResourceTask: Open Took 882ms
2016-01-11 10:58:50,439 DEBUG [AWT-EventQueue-0] stencyl.sw.app.tasks.OpenResourceTask: Total Took 929ms
2016-01-11 10:59:00,224 DEBUG [AWT-EventQueue-0] stencyl.sw.app.App: Action: Close Game
2016-01-11 10:59:01,585 INFO  [pool-1-thread-1] stencyl.sw.io.write.MasterWriter: Saving game in place.
2016-01-11 10:59:01,634 DEBUG [pool-1-thread-1] stencyl.sw.util.FileHelper: Saving backup file C:\Users\aansell\Google Drive\Roosevelt OGPC\stencylworks\games\j\game.xml.bak.
2016-01-11 10:59:02,773 DEBUG [pool-1-thread-1] stencyl.sw.io.write.MasterWriter: Writing out local resources.
2016-01-11 10:59:02,788 DEBUG [pool-1-thread-1] stencyl.sw.util.FileHelper: Saving backup file C:\Users\aansell\Google Drive\Roosevelt OGPC\stencylworks\games\j\resources\data.xml.bak.
2016-01-11 10:59:02,788 DEBUG [pool-1-thread-1] stencyl.sw.io.write.MasterWriter: Writing out scenes.
2016-01-11 10:59:02,804 DEBUG [pool-1-thread-1] stencyl.sw.editors.scene.SceneRenderer: Saving thumbnail: C:\Users\aansell\Google Drive\Roosevelt OGPC\stencylworks\games\j\scenes\1.png
2016-01-11 10:59:02,819 DEBUG [pool-1-thread-1] stencyl.sw.io.write.resource.SceneWriter: Writing terrain.
2016-01-11 10:59:02,819 DEBUG [pool-1-thread-1] stencyl.thirdparty.org.phys2d.Combiner: Num Tiles: 0
2016-01-11 10:59:02,819 DEBUG [pool-1-thread-1] stencyl.thirdparty.org.phys2d.Combiner: Coverage: 0.0%
2016-01-11 10:59:02,819 DEBUG [pool-1-thread-1] stencyl.thirdparty.org.phys2d.Combiner: Segments: (1,1)
2016-01-11 10:59:02,819 DEBUG [pool-1-thread-1] stencyl.thirdparty.org.phys2d.Combiner: Using Pairwise
2016-01-11 10:59:02,819 DEBUG [pool-1-thread-1] stencyl.thirdparty.org.phys2d.Combiner: Combine took: 0ms
2016-01-11 10:59:02,819 DEBUG [pool-1-thread-1] stencyl.sw.io.write.resource.SceneWriter: Terrain processing took: 0ms
2016-01-11 10:59:02,882 DEBUG [pool-1-thread-1] stencyl.sw.io.write.resource.ScenesWriter: Writing out Scene level two
2016-01-11 10:59:02,882 DEBUG [pool-1-thread-1] stencyl.sw.editors.scene.SceneRenderer: Saving thumbnail: C:\Users\aansell\Google Drive\Roosevelt OGPC\stencylworks\games\j\scenes\0.png
2016-01-11 10:59:02,897 DEBUG [pool-1-thread-1] stencyl.sw.io.write.resource.SceneWriter: Writing terrain.
2016-01-11 10:59:02,897 DEBUG [pool-1-thread-1] stencyl.thirdparty.org.phys2d.Combiner: Num Tiles: 0
2016-01-11 10:59:02,897 DEBUG [pool-1-thread-1] stencyl.thirdparty.org.phys2d.Combiner: Coverage: 0.0%
2016-01-11 10:59:02,897 DEBUG [pool-1-thread-1] stencyl.thirdparty.org.phys2d.Combiner: Segments: (1,1)
2016-01-11 10:59:02,897 DEBUG [pool-1-thread-1] stencyl.thirdparty.org.phys2d.Combiner: Using Pairwise
2016-01-11 10:59:02,897 DEBUG [pool-1-thread-1] stencyl.thirdparty.org.phys2d.Combiner: Combine took: 0ms
2016-01-11 10:59:02,897 DEBUG [pool-1-thread-1] stencyl.sw.io.write.resource.SceneWriter: Terrain processing took: 0ms
2016-01-11 10:59:02,944 DEBUG [pool-1-thread-1] stencyl.sw.io.write.resource.ScenesWriter: Writing out Scene level one
2016-01-11 10:59:02,944 DEBUG [pool-1-thread-1] stencyl.sw.io.write.MasterWriter: Copying over snippets.
2016-01-11 10:59:02,944 DEBUG [pool-1-thread-1] stencyl.sw.util.FileHelper: Saving backup file C:\Users\aansell\Google Drive\Roosevelt OGPC\stencylworks\games\j\snippets\list.xml.bak.
2016-01-11 10:59:02,960 DEBUG [pool-1-thread-1] stencyl.sw.app.doc.StencylDoc: Marking as written to disk: level two
2016-01-11 10:59:02,961 DEBUG [pool-1-thread-1] stencyl.sw.io.write.resource.SnippetsWriter: Copy from opened to disk: SceneEvents_1
2016-01-11 10:59:02,961 DEBUG [pool-1-thread-1] stencyl.sw.util.FileHelper: Trying to delete file that does not exist: C:\Users\aansell\Google Drive\Roosevelt OGPC\stencylworks\games\j\behavior-hx\SceneEvents_1.hx
2016-01-11 10:59:02,961 DEBUG [pool-1-thread-1] stencyl.sw.io.write.resource.SnippetsWriter: Copied to: C:\Users\aansell\Google Drive\Roosevelt OGPC\stencylworks\games\j\snippets\SceneEvents_1.design
2016-01-11 10:59:02,961 DEBUG [pool-1-thread-1] stencyl.sw.app.doc.StencylDoc: Marking as written to disk: level one
2016-01-11 10:59:02,961 DEBUG [pool-1-thread-1] stencyl.sw.io.write.resource.SnippetsWriter: Copy from opened to disk: SceneEvents_0
2016-01-11 10:59:02,961 DEBUG [pool-1-thread-1] stencyl.sw.util.FileHelper: Trying to delete file that does not exist: C:\Users\aansell\Google Drive\Roosevelt OGPC\stencylworks\games\j\behavior-hx\SceneEvents_0.hx
2016-01-11 10:59:02,961 DEBUG [pool-1-thread-1] stencyl.sw.io.write.resource.SnippetsWriter: Copied to: C:\Users\aansell\Google Drive\Roosevelt OGPC\stencylworks\games\j\snippets\SceneEvents_0.design
2016-01-11 10:59:02,961 DEBUG [pool-1-thread-1] stencyl.sw.io.write.MasterWriter: Saving block favorites.
2016-01-11 10:59:02,961 INFO  [pool-1-thread-1] stencyl.sw.io.write.MasterWriter: Done writing game.
2016-01-11 10:59:03,024 DEBUG [AWT-EventQueue-0] stencyl.sw.app.doc.Workspace: Resetting workspace.
2016-01-11 10:59:03,024 DEBUG [AWT-EventQueue-0] stencyl.sw.app.doc.Workspace: Activated: level one
2016-01-11 10:59:03,024 DEBUG [AWT-EventQueue-0] stencyl.sw.app.doc.Workspace: Closed Document: level two1
2016-01-11 10:59:03,040 DEBUG [AWT-EventQueue-0] stencyl.sw.app.doc.Workspace: Activated: Dashboard
2016-01-11 10:59:03,040 DEBUG [AWT-EventQueue-0] stencyl.sw.app.doc.Workspace: Closed Document: level one0
2016-01-11 10:59:03,087 DEBUG [AWT-EventQueue-0] stencyl.sw.app.doc.Workspace: Activated: Welcome Center
2016-01-11 10:59:11,076 DEBUG [AWT-EventQueue-0] stencyl.sw.util.Util: Running command: [explorer, /select,, C:\Users\aansell\Google Drive\Roosevelt OGPC\stencylworks\games]
2016-01-11 11:13:45,447 INFO  [AWT-EventQueue-0] stencyl.sw.app.App: Attempting to quit out of Stencyl.
2016-01-11 11:13:45,449 DEBUG [AWT-EventQueue-0] stencyl.sw.util.Util: Running command: [taskkill, /im, neko.exe, /f]
2016-01-11 11:13:45,597 DEBUG [Thread-8] stencyl.sw.util.StreamGobbler: [taskkill] ERROR: The process "neko.exe" not found.
2016-01-11 11:13:45,599 DEBUG [AWT-EventQueue-0] stencyl.sw.util.Util: Process 'taskkill' exited with code: 128
2016-01-11 11:13:45,599 DEBUG [AWT-EventQueue-0] stencyl.sw.util.Util: Running command: [taskkill, /im, adb.exe, /f]
2016-01-11 11:13:45,641 DEBUG [Thread-9] stencyl.sw.util.StreamGobbler: [taskkill] ERROR: The process "adb.exe" not found.
2016-01-11 11:13:45,643 DEBUG [AWT-EventQueue-0] stencyl.sw.util.Util: Process 'taskkill' exited with code: 128
2016-01-11 11:13:45,643 DEBUG [AWT-EventQueue-0] stencyl.sw.util.Util: Running command: [taskkill, /im, arm-linux-androideabi-g++.exe, /f]
2016-01-11 11:13:45,706 DEBUG [Thread-10] stencyl.sw.util.StreamGobbler: [taskkill] ERROR: The process "arm-linux-androideabi-g++.exe" not found.
2016-01-11 11:13:45,706 DEBUG [AWT-EventQueue-0] stencyl.sw.util.Util: Process 'taskkill' exited with code: 128
2016-01-11 11:13:45,706 DEBUG [AWT-EventQueue-0] stencyl.sw.util.Util: Running command: [taskkill, /im, cc1plus.exe, /f]
2016-01-11 11:13:45,726 DEBUG [Thread-11] stencyl.sw.util.StreamGobbler: [taskkill] ERROR: The process "cc1plus.exe" not found.
2016-01-11 11:13:45,728 DEBUG [AWT-EventQueue-0] stencyl.sw.util.Util: Process 'taskkill' exited with code: 128
2016-01-11 11:13:45,728 DEBUG [AWT-EventQueue-0] stencyl.sw.util.Util: Running command: [taskkill, /im, tail.exe, /f]
2016-01-11 11:13:45,769 DEBUG [Thread-12] stencyl.sw.util.StreamGobbler: [taskkill] ERROR: The process "tail.exe" not found.
2016-01-11 11:13:45,771 DEBUG [AWT-EventQueue-0] stencyl.sw.util.Util: Process 'taskkill' exited with code: 128
2016-01-11 11:13:45,771 DEBUG [AWT-EventQueue-0] stencyl.sw.util.Util: Running command: [taskkill, /im, ios-sim.exe, /f]
2016-01-11 11:13:45,825 DEBUG [Thread-13] stencyl.sw.util.StreamGobbler: [taskkill] ERROR: The process "ios-sim.exe" not found.
2016-01-11 11:13:45,825 DEBUG [AWT-EventQueue-0] stencyl.sw.util.Util: Process 'taskkill' exited with code: 128
2016-01-11 11:13:45,825 DEBUG [AWT-EventQueue-0] stencyl.sw.app.App: Destroying extensions.
2016-01-11 11:13:45,841 DEBUG [AWT-EventQueue-0] stencyl.sw.app.App: Performing final close.
2016-01-11 11:13:45,841 INFO  [AWT-EventQueue-0] stencyl.sw.app.App: Exiting...
2016-01-11 11:13:45,841 DEBUG [AWT-EventQueue-0] stencyl.sw.app.App: Destroying Temporary Sandbox.
2016-01-11 11:13:45,841 DEBUG [AWT-EventQueue-0] stencyl.sw.util.FileHelper: Deleting: C:\Users\aansell\AppData\Local\Temp\stencyl3580380282971024633
