2016-01-11 10:53:56,450 INFO  [main] stencyl.sw.Session: Logfile: C:\Users\glafond5733\Google Drive\Roosevelt OGPC\stencylworks\logs\2016-01-11_10-53-56.log
2016-01-11 10:53:56,450 INFO  [main] stencyl.sw.Session: OS Name: Windows 7
2016-01-11 10:53:56,450 INFO  [main] stencyl.sw.Session: OS Version: 6.1 (64-bit)
2016-01-11 10:53:56,450 INFO  [main] stencyl.sw.Session: Java Version: 1.8.0_60
2016-01-11 10:53:56,450 INFO  [main] stencyl.sw.Session: Stencyl Version: 3.3.2 (b8734)
2016-01-11 10:53:56,450 INFO  [main] stencyl.sw.Session: Stencyl Workspace: C:\Users\glafond5733\Google Drive\Roosevelt OGPC\
2016-01-11 10:53:56,450 INFO  [main] stencyl.sw.Session: User Working Directory: C:\Program Files (x86)\Stencyl
2016-01-11 10:53:56,450 INFO  [main] stencyl.sw.Session: User Home Directory: C:\Users\glafond5733
2016-01-11 10:53:56,450 INFO  [main] stencyl.sw.Session: System Path: C:\ProgramData\Oracle\Java\javapath;C:\Program Files (x86)\Intel\iCLS Client\;C:\Program Files\Intel\iCLS Client\;C:\WINDOWS\system32;C:\WINDOWS;C:\WINDOWS\System32\Wbem;C:\WINDOWS\System32\WindowsPowerShell\v1.0\;C:\WINDOWS\CCM;C:\WINDOWS\CCM;C:\Program Files (x86)\QuickTime\QTSystem\;C:\Program Files\Intel\Intel(R) Management Engine Components\DAL;C:\Program Files\Intel\Intel(R) Management Engine Components\IPT;C:\Program Files (x86)\Intel\Intel(R) Management Engine Components\DAL;C:\Program Files (x86)\Intel\Intel(R) Management Engine Components\IPT;C:\Program Files (x86)\Stencyl\runtimes\jre-win\bin
2016-01-11 10:53:56,528 DEBUG [main] stencyl.sw.util.FileHelper: Deleting: C:\Users\GLAFON~1\AppData\Local\Temp\stencyl1846732657860719671
2016-01-11 10:53:56,528 DEBUG [main] stencyl.sw.loc.LanguagePack: Reading... lang\en\global-phrases.lang
2016-01-11 10:53:56,528 DEBUG [main] stencyl.sw.loc.LanguagePack: Reading... lang\en\global-errors.lang
2016-01-11 10:53:56,528 DEBUG [main] stencyl.sw.loc.LanguagePack: Reading... lang\en\global-menu.lang
2016-01-11 10:53:56,528 DEBUG [main] stencyl.sw.loc.LanguagePack: Reading... lang\en\global-welcome.lang
2016-01-11 10:53:56,528 DEBUG [main] stencyl.sw.loc.LanguagePack: Reading... lang\en\global-dashboard.lang
2016-01-11 10:53:56,544 DEBUG [main] stencyl.sw.loc.LanguagePack: Reading... lang\en\global-publish.lang
2016-01-11 10:53:56,544 DEBUG [main] stencyl.sw.loc.LanguagePack: Reading... lang\en\global-updater.lang
2016-01-11 10:53:56,544 DEBUG [main] stencyl.sw.loc.LanguagePack: Reading... lang\en\global-chat.lang
2016-01-11 10:53:56,544 DEBUG [main] stencyl.sw.loc.LanguagePack: Reading... lang\en\global-misc.lang
2016-01-11 10:53:56,544 DEBUG [main] stencyl.sw.loc.LanguagePack: Reading... lang\en\global-forge.lang
2016-01-11 10:53:56,544 DEBUG [main] stencyl.sw.loc.LanguagePack: Reading... lang\en\global-prefs.lang
2016-01-11 10:53:56,559 DEBUG [main] stencyl.sw.loc.LanguagePack: Reading... lang\en\global-creategame.lang
2016-01-11 10:53:56,559 DEBUG [main] stencyl.sw.loc.LanguagePack: Reading... lang\en\behavior-main.lang
2016-01-11 10:53:56,559 DEBUG [main] stencyl.sw.loc.LanguagePack: Reading... lang\en\behavior-blocks.lang
2016-01-11 10:53:56,559 DEBUG [main] stencyl.sw.loc.LanguagePack: Reading... lang\en\behavior-blockhelp.lang
2016-01-11 10:53:56,559 DEBUG [main] stencyl.sw.loc.LanguagePack: Reading... lang\en\behavior-events.lang
2016-01-11 10:53:56,559 DEBUG [main] stencyl.sw.loc.LanguagePack: Reading... lang\en\behavior-code.lang
2016-01-11 10:53:56,559 DEBUG [main] stencyl.sw.loc.LanguagePack: Reading... lang\en\behavior-attributes.lang
2016-01-11 10:53:56,559 DEBUG [main] stencyl.sw.loc.LanguagePack: Reading... lang\en\behavior-create.lang
2016-01-11 10:53:56,559 DEBUG [main] stencyl.sw.loc.LanguagePack: Reading... lang\en\behavior-byob.lang
2016-01-11 10:53:56,559 DEBUG [main] stencyl.sw.loc.LanguagePack: Reading... lang\en\editor-actor-main.lang
2016-01-11 10:53:56,559 DEBUG [main] stencyl.sw.loc.LanguagePack: Reading... lang\en\editor-actor-physics.lang
2016-01-11 10:53:56,559 DEBUG [main] stencyl.sw.loc.LanguagePack: Reading... lang\en\editor-background.lang
2016-01-11 10:53:56,559 DEBUG [main] stencyl.sw.loc.LanguagePack: Reading... lang\en\editor-behaviorchooser.lang
2016-01-11 10:53:56,559 DEBUG [main] stencyl.sw.loc.LanguagePack: Reading... lang\en\editor-desktop.lang
2016-01-11 10:53:56,559 DEBUG [main] stencyl.sw.loc.LanguagePack: Reading... lang\en\editor-font.lang
2016-01-11 10:53:56,559 DEBUG [main] stencyl.sw.loc.LanguagePack: Reading... lang\en\editor-sound.lang
2016-01-11 10:53:56,559 DEBUG [main] stencyl.sw.loc.LanguagePack: Reading... lang\en\editor-tileset.lang
2016-01-11 10:53:56,575 DEBUG [main] stencyl.sw.loc.LanguagePack: Reading... lang\en\editor-preloader.lang
2016-01-11 10:53:56,575 DEBUG [main] stencyl.sw.loc.LanguagePack: Reading... lang\en\editor-mobile.lang
2016-01-11 10:53:56,575 DEBUG [main] stencyl.sw.loc.LanguagePack: Reading... lang\en\editor-groups.lang
2016-01-11 10:53:56,575 DEBUG [main] stencyl.sw.loc.LanguagePack: Reading... lang\en\editor-attributes.lang
2016-01-11 10:53:56,575 DEBUG [main] stencyl.sw.loc.LanguagePack: Reading... lang\en\editor-input.lang
2016-01-11 10:53:56,575 DEBUG [main] stencyl.sw.loc.LanguagePack: Reading... lang\en\editor-animation.lang
2016-01-11 10:53:56,575 DEBUG [main] stencyl.sw.loc.LanguagePack: Reading... lang\en\editor-scene-main.lang
2016-01-11 10:53:56,575 DEBUG [main] stencyl.sw.loc.LanguagePack: Reading... lang\en\editor-scene-create.lang
2016-01-11 10:53:56,575 DEBUG [main] stencyl.sw.loc.LanguagePack: Reading... lang\en\editor-scene-tools.lang
2016-01-11 10:53:56,575 DEBUG [main] stencyl.sw.loc.LanguagePack: Reading... lang\en\global-phrases.lang
2016-01-11 10:53:56,575 DEBUG [main] stencyl.sw.loc.LanguagePack: Reading... lang\en\global-errors.lang
2016-01-11 10:53:56,575 DEBUG [main] stencyl.sw.loc.LanguagePack: Reading... lang\en\global-menu.lang
2016-01-11 10:53:56,575 DEBUG [main] stencyl.sw.loc.LanguagePack: Reading... lang\en\global-welcome.lang
2016-01-11 10:53:56,575 DEBUG [main] stencyl.sw.loc.LanguagePack: Reading... lang\en\global-dashboard.lang
2016-01-11 10:53:56,575 DEBUG [main] stencyl.sw.loc.LanguagePack: Reading... lang\en\global-publish.lang
2016-01-11 10:53:56,575 DEBUG [main] stencyl.sw.loc.LanguagePack: Reading... lang\en\global-updater.lang
2016-01-11 10:53:56,575 DEBUG [main] stencyl.sw.loc.LanguagePack: Reading... lang\en\global-chat.lang
2016-01-11 10:53:56,575 DEBUG [main] stencyl.sw.loc.LanguagePack: Reading... lang\en\global-misc.lang
2016-01-11 10:53:56,575 DEBUG [main] stencyl.sw.loc.LanguagePack: Reading... lang\en\global-forge.lang
2016-01-11 10:53:56,575 DEBUG [main] stencyl.sw.loc.LanguagePack: Reading... lang\en\global-prefs.lang
2016-01-11 10:53:56,575 DEBUG [main] stencyl.sw.loc.LanguagePack: Reading... lang\en\global-creategame.lang
2016-01-11 10:53:56,575 DEBUG [main] stencyl.sw.loc.LanguagePack: Reading... lang\en\behavior-main.lang
2016-01-11 10:53:56,575 DEBUG [main] stencyl.sw.loc.LanguagePack: Reading... lang\en\behavior-blocks.lang
2016-01-11 10:53:56,575 DEBUG [main] stencyl.sw.loc.LanguagePack: Reading... lang\en\behavior-blockhelp.lang
2016-01-11 10:53:56,575 DEBUG [main] stencyl.sw.loc.LanguagePack: Reading... lang\en\behavior-events.lang
2016-01-11 10:53:56,575 DEBUG [main] stencyl.sw.loc.LanguagePack: Reading... lang\en\behavior-code.lang
2016-01-11 10:53:56,575 DEBUG [main] stencyl.sw.loc.LanguagePack: Reading... lang\en\behavior-attributes.lang
2016-01-11 10:53:56,575 DEBUG [main] stencyl.sw.loc.LanguagePack: Reading... lang\en\behavior-create.lang
2016-01-11 10:53:56,590 DEBUG [main] stencyl.sw.loc.LanguagePack: Reading... lang\en\behavior-byob.lang
2016-01-11 10:53:56,590 DEBUG [main] stencyl.sw.loc.LanguagePack: Reading... lang\en\editor-actor-main.lang
2016-01-11 10:53:56,590 DEBUG [main] stencyl.sw.loc.LanguagePack: Reading... lang\en\editor-actor-physics.lang
2016-01-11 10:53:56,590 DEBUG [main] stencyl.sw.loc.LanguagePack: Reading... lang\en\editor-background.lang
2016-01-11 10:53:56,590 DEBUG [main] stencyl.sw.loc.LanguagePack: Reading... lang\en\editor-behaviorchooser.lang
2016-01-11 10:53:56,590 DEBUG [main] stencyl.sw.loc.LanguagePack: Reading... lang\en\editor-desktop.lang
2016-01-11 10:53:56,590 DEBUG [main] stencyl.sw.loc.LanguagePack: Reading... lang\en\editor-font.lang
2016-01-11 10:53:56,590 DEBUG [main] stencyl.sw.loc.LanguagePack: Reading... lang\en\editor-sound.lang
2016-01-11 10:53:56,590 DEBUG [main] stencyl.sw.loc.LanguagePack: Reading... lang\en\editor-tileset.lang
2016-01-11 10:53:56,590 DEBUG [main] stencyl.sw.loc.LanguagePack: Reading... lang\en\editor-preloader.lang
2016-01-11 10:53:56,590 DEBUG [main] stencyl.sw.loc.LanguagePack: Reading... lang\en\editor-mobile.lang
2016-01-11 10:53:56,590 DEBUG [main] stencyl.sw.loc.LanguagePack: Reading... lang\en\editor-groups.lang
2016-01-11 10:53:56,590 DEBUG [main] stencyl.sw.loc.LanguagePack: Reading... lang\en\editor-attributes.lang
2016-01-11 10:53:56,590 DEBUG [main] stencyl.sw.loc.LanguagePack: Reading... lang\en\editor-input.lang
2016-01-11 10:53:56,590 DEBUG [main] stencyl.sw.loc.LanguagePack: Reading... lang\en\editor-animation.lang
2016-01-11 10:53:56,590 DEBUG [main] stencyl.sw.loc.LanguagePack: Reading... lang\en\editor-scene-main.lang
2016-01-11 10:53:56,590 DEBUG [main] stencyl.sw.loc.LanguagePack: Reading... lang\en\editor-scene-create.lang
2016-01-11 10:53:56,590 DEBUG [main] stencyl.sw.loc.LanguagePack: Reading... lang\en\editor-scene-tools.lang
2016-01-11 10:53:56,590 INFO  [AWT-EventQueue-0] stencyl.sw.SW: Initializing Stencyl.
2016-01-11 10:53:56,590 DEBUG [AWT-EventQueue-0] stencyl.sw.Splash: Set Splash message: Look
2016-01-11 10:53:57,199 INFO  [AWT-EventQueue-0] stencyl.sw.ext.ExtensionDependencyManager: Haxelib actuate 1.6.5
2016-01-11 10:53:57,199 INFO  [AWT-EventQueue-0] stencyl.sw.ext.ExtensionDependencyManager: Haxelib box2d 1.11.0
2016-01-11 10:53:57,199 INFO  [AWT-EventQueue-0] stencyl.sw.ext.ExtensionDependencyManager: Haxelib box2d-fake 1.11.0
2016-01-11 10:53:57,199 INFO  [AWT-EventQueue-0] stencyl.sw.ext.ExtensionDependencyManager: Haxelib console 1.0.0
2016-01-11 10:53:57,199 INFO  [AWT-EventQueue-0] stencyl.sw.ext.ExtensionDependencyManager: Haxelib format 3.1.2
2016-01-11 10:53:57,199 INFO  [AWT-EventQueue-0] stencyl.sw.ext.ExtensionDependencyManager: Haxelib hxcpp 3.2.0
2016-01-11 10:53:57,199 INFO  [AWT-EventQueue-0] stencyl.sw.ext.ExtensionDependencyManager: Haxelib hxtelemetry 0.3.1
2016-01-11 10:53:57,199 INFO  [AWT-EventQueue-0] stencyl.sw.ext.ExtensionDependencyManager: Haxelib layout 1.1.0
2016-01-11 10:53:57,199 INFO  [AWT-EventQueue-0] stencyl.sw.ext.ExtensionDependencyManager: Haxelib lime 2.6.8
2016-01-11 10:53:57,199 INFO  [AWT-EventQueue-0] stencyl.sw.ext.ExtensionDependencyManager: Haxelib openfl 3.3.8
2016-01-11 10:53:57,199 INFO  [AWT-EventQueue-0] stencyl.sw.ext.ExtensionDependencyManager: Haxelib polygonal-ds 1.4.1
2016-01-11 10:53:57,199 INFO  [AWT-EventQueue-0] stencyl.sw.ext.ExtensionDependencyManager: Haxelib polygonal-printf 1.0.0.beta
2016-01-11 10:53:57,214 INFO  [AWT-EventQueue-0] stencyl.sw.ext.ExtensionDependencyManager: Haxelib stencyl 1.0.0
2016-01-11 10:53:57,214 INFO  [AWT-EventQueue-0] stencyl.sw.ext.ExtensionDependencyManager: Haxelib stencyl-cppia 1.0.0
2016-01-11 10:53:57,214 INFO  [AWT-EventQueue-0] stencyl.sw.ext.ExtensionDependencyManager: Haxelib svg 1.0.8
2016-01-11 10:53:57,214 INFO  [AWT-EventQueue-0] stencyl.sw.ext.ExtensionDependencyManager: Haxelib swf 1.7.4
2016-01-11 10:53:57,214 INFO  [AWT-EventQueue-0] stencyl.sw.ext.ExtensionDependencyManager: Haxelib tilelayer 0.2.1
2016-01-11 10:53:57,230 DEBUG [AWT-EventQueue-0] stencyl.sw.util.FileHelper: Matching (non-hidden) files within C:\Users\glafond5733\Google Drive\Roosevelt OGPC\stencylworks\extensions: []
2016-01-11 10:53:57,230 DEBUG [AWT-EventQueue-0] stencyl.sw.util.FileHelper: Matching (non-hidden) files within C:\Users\glafond5733\Google Drive\Roosevelt OGPC\stencylworks\extensions: []
2016-01-11 10:53:57,230 DEBUG [AWT-EventQueue-0] stencyl.sw.editors.game.advanced.EngineExtensionManager: Loading engine extensions...
2016-01-11 10:53:57,230 DEBUG [AWT-EventQueue-0] stencyl.sw.util.FileHelper: Directories within C:\Users\glafond5733\Google Drive\Roosevelt OGPC\stencylworks\engine-extensions: [C:\Users\glafond5733\Google Drive\Roosevelt OGPC\stencylworks\engine-extensions\ads, C:\Users\glafond5733\Google Drive\Roosevelt OGPC\stencylworks\engine-extensions\gamecenter, C:\Users\glafond5733\Google Drive\Roosevelt OGPC\stencylworks\engine-extensions\gestures, C:\Users\glafond5733\Google Drive\Roosevelt OGPC\stencylworks\engine-extensions\google, C:\Users\glafond5733\Google Drive\Roosevelt OGPC\stencylworks\engine-extensions\hypertouch, C:\Users\glafond5733\Google Drive\Roosevelt OGPC\stencylworks\engine-extensions\joystick, C:\Users\glafond5733\Google Drive\Roosevelt OGPC\stencylworks\engine-extensions\label, C:\Users\glafond5733\Google Drive\Roosevelt OGPC\stencylworks\engine-extensions\native, C:\Users\glafond5733\Google Drive\Roosevelt OGPC\stencylworks\engine-extensions\purchases, C:\Users\glafond5733\Google Drive\Roosevelt OGPC\stencylworks\engine-extensions\test, C:\Users\glafond5733\Google Drive\Roosevelt OGPC\stencylworks\engine-extensions\test-flash, C:\Users\glafond5733\Google Drive\Roosevelt OGPC\stencylworks\engine-extensions\test-native, C:\Users\glafond5733\Google Drive\Roosevelt OGPC\stencylworks\engine-extensions\tileapi]
2016-01-11 10:53:57,230 DEBUG [AWT-EventQueue-0] stencyl.sw.editors.game.advanced.EngineExtensionManager: ads is a core engine extension. Skip.
2016-01-11 10:53:57,230 DEBUG [AWT-EventQueue-0] stencyl.sw.editors.game.advanced.EngineExtensionManager: gamecenter is a core engine extension. Skip.
2016-01-11 10:53:57,230 DEBUG [AWT-EventQueue-0] stencyl.sw.editors.game.advanced.EngineExtensionManager: gestures is a core engine extension. Skip.
2016-01-11 10:53:57,230 DEBUG [AWT-EventQueue-0] stencyl.sw.editors.game.advanced.EngineExtensionManager: google is not a valid engine extension. Skip.
2016-01-11 10:53:57,230 DEBUG [AWT-EventQueue-0] stencyl.sw.editors.game.advanced.EngineExtensionManager: hypertouch is a core engine extension. Skip.
2016-01-11 10:53:57,230 DEBUG [AWT-EventQueue-0] stencyl.sw.editors.game.advanced.EngineExtensionManager: joystick is a core engine extension. Skip.
2016-01-11 10:53:57,230 DEBUG [AWT-EventQueue-0] stencyl.sw.editors.game.advanced.EngineExtensionManager: label is engine extension: Labels (1.0.0).
2016-01-11 10:53:57,230 DEBUG [AWT-EventQueue-0] stencyl.sw.editors.game.advanced.EngineExtensionManager: native is a core engine extension. Skip.
2016-01-11 10:53:57,230 DEBUG [AWT-EventQueue-0] stencyl.sw.editors.game.advanced.EngineExtensionManager: purchases is a core engine extension. Skip.
2016-01-11 10:53:57,230 DEBUG [AWT-EventQueue-0] stencyl.sw.editors.game.advanced.EngineExtensionManager: test is engine extension: Test Extension (1.0.0).
2016-01-11 10:53:57,230 DEBUG [AWT-EventQueue-0] stencyl.sw.editors.game.advanced.EngineExtensionManager: test-flash is engine extension: Test Extension (Flash SWF) (1.0.0).
2016-01-11 10:53:57,230 DEBUG [AWT-EventQueue-0] stencyl.sw.editors.game.advanced.EngineExtensionManager: test-native is engine extension: Test Extension (Native) (1.0.0).
2016-01-11 10:53:57,230 DEBUG [AWT-EventQueue-0] stencyl.sw.editors.game.advanced.EngineExtensionManager: tileapi is engine extension: Tile API (1.0.0).
2016-01-11 10:53:57,230 INFO  [AWT-EventQueue-0] stencyl.sw.editors.game.advanced.EngineExtensionManager: Engine Extensions: [Labels (1.0.0), Test Extension (1.0.0), Test Extension (Flash SWF) (1.0.0), Test Extension (Native) (1.0.0), Tile API (1.0.0)]
2016-01-11 10:53:57,230 WARN  [AWT-EventQueue-0] stencyl.sw.app.ExtensionManager: Couldn't load extension settings.
2016-01-11 10:53:57,230 INFO  [AWT-EventQueue-0] stencyl.sw.app.ExtensionManager: Toolset Extensions: []
2016-01-11 10:53:57,402 DEBUG [AWT-EventQueue-0] stencyl.sw.app.doc.Workspace: Activated: Welcome Center
2016-01-11 10:53:57,402 DEBUG [AWT-EventQueue-0] stencyl.sw.app.App: Silent Authentication.
2016-01-11 10:53:57,402 DEBUG [AWT-EventQueue-0] stencyl.sw.Splash: Dispose Splash
2016-01-11 10:53:57,495 DEBUG [pool-1-thread-1] stencyl.sw.app.tasks.AuthenticateTask: Response: guest
2016-01-11 10:53:57,495 INFO  [pool-1-thread-1] stencyl.sw.app.tasks.AuthenticateTask: Could not log in. Check your login credentials.
2016-01-11 10:54:04,844 DEBUG [AWT-EventQueue-0] stencyl.sw.util.FileHelper: Deleting: C:\Users\glafond5733\AppData\Local\Temp\stencyl1846732657860719671\sandbox\test\temp
2016-01-11 10:54:04,844 DEBUG [AWT-EventQueue-0] stencyl.sw.util.FileHelper: Deleting: C:\Users\glafond5733\Google Drive\Roosevelt OGPC\stencylworks\preview\scripts
2016-01-11 10:54:04,860 DEBUG [AWT-EventQueue-0] stencyl.sw.util.FileHelper: Deleting: C:\Users\glafond5733\Google Drive\Roosevelt OGPC\stencylworks\preview\game
2016-01-11 10:54:04,860 INFO  [AWT-EventQueue-0] stencyl.sw.app.tasks.OpenGameTask: Opening game: Dialogue Test
2016-01-11 10:54:04,875 DEBUG [pool-1-thread-1] stencyl.core.lib.Game: Loading scene-specific snippet. SceneID: 0
2016-01-11 10:54:04,891 DEBUG [pool-1-thread-1] stencyl.core.lib.ResourceList: Initializing... 0 : player
2016-01-11 10:54:04,891 DEBUG [pool-1-thread-1] stencyl.core.lib.ResourceList: Initializing... 1 : player
2016-01-11 10:54:04,906 DEBUG [pool-1-thread-1] stencyl.core.lib.ResourceList: Initializing... 2 : tile 1
2016-01-11 10:54:04,953 DEBUG [AWT-EventQueue-0] stencyl.core.lib.io.read.SceneReader: Reading header for Scene: 0 (Scene 1) from: scenes\0.xml
2016-01-11 10:54:04,969 DEBUG [AWT-EventQueue-0] stencyl.core.lib.io.read.SceneReader: Reading header for Scene: 0 (Scene 1) from: scenes\0.xml
2016-01-11 10:54:05,047 DEBUG [AWT-EventQueue-0] stencyl.sw.app.doc.Workspace: Activated: Dashboard
2016-01-11 10:54:05,047 DEBUG [AWT-EventQueue-0] stencyl.sw.util.FileHelper: Trying to delete file that does not exist: C:\Users\glafond5733\AppData\Local\Temp\stencyl1846732657860719671\sandbox\build\code
2016-01-11 10:54:05,047 DEBUG [AWT-EventQueue-0] stencyl.sw.util.FileHelper: Deleting: C:\Users\glafond5733\AppData\Local\Temp\stencyl1846732657860719671\sandbox\test\temp
2016-01-11 10:54:05,047 DEBUG [AWT-EventQueue-0] stencyl.core.lib.io.read.SceneReader: Reading header for Scene: 0 (Scene 1) from: scenes\0.xml
2016-01-11 10:54:05,094 DEBUG [AWT-EventQueue-0] stencyl.sw.app.tasks.OpenGameTask: Took 234ms
2016-01-11 10:54:05,187 DEBUG [AWT-EventQueue-0] stencyl.sw.editors.game.cgroups.CollisionGroupTree: Loading actor group into tree: Actors
2016-01-11 10:54:05,203 DEBUG [AWT-EventQueue-0] stencyl.sw.editors.game.cgroups.CollisionGroupTree: Loading actor group into tree: Doodads
2016-01-11 10:54:05,218 DEBUG [AWT-EventQueue-0] stencyl.sw.editors.game.cgroups.CollisionGroupTree: Loading actor group into tree: Players
2016-01-11 10:54:05,218 DEBUG [AWT-EventQueue-0] stencyl.sw.editors.game.cgroups.CollisionGroupTree: Loading actor group into tree: Regions
2016-01-11 10:54:05,218 DEBUG [AWT-EventQueue-0] stencyl.sw.editors.game.cgroups.CollisionGroupTree: Loading actor group into tree: Tiles
2016-01-11 10:54:05,811 DEBUG [AWT-EventQueue-0] stencyl.core.lib.Atlas: Getting memory for atlas 0
2016-01-11 10:54:05,811 DEBUG [AWT-EventQueue-0] stencyl.core.lib.Atlas: Added resource 'player' to atlas 0
2016-01-11 10:54:05,811 DEBUG [AWT-EventQueue-0] stencyl.core.lib.Atlas: Added resource 'tile 1' to atlas 0
2016-01-11 10:54:05,811 DEBUG [AWT-EventQueue-0] stencyl.core.lib.Atlas: Getting memory for atlas 1
2016-01-11 10:54:05,811 DEBUG [AWT-EventQueue-0] stencyl.core.lib.Atlas: Getting memory for atlas 2
2016-01-11 10:54:05,811 DEBUG [AWT-EventQueue-0] stencyl.core.lib.Atlas: Getting memory for atlas 3
2016-01-11 10:54:05,843 DEBUG [AWT-EventQueue-0] stencyl.core.lib.io.read.SceneReader: Reading header for Scene: 0 (Scene 1) from: scenes\0.xml
2016-01-11 10:54:06,092 DEBUG [AWT-EventQueue-0] stencyl.sw.app.doc.Workspace: Loading Closed Resource: Scene 1
2016-01-11 10:54:06,092 DEBUG [pool-1-thread-1] stencyl.core.lib.io.read.SceneReader: Reading header for Scene: 0 (Scene 1) from: scenes\0.xml
2016-01-11 10:54:06,264 DEBUG [pool-1-thread-1] stencyl.sw.editors.scene.Designer: Brush Changed
2016-01-11 10:54:06,763 DEBUG [pool-1-thread-1] stencyl.sw.editors.snippet.designer.palette.Palette: Palette asked to refresh: Position
2016-01-11 10:54:06,841 DEBUG [pool-1-thread-1] stencyl.sw.editors.snippet.designer.palette.Palette: Palette asked to refresh: Conditions
2016-01-11 10:54:07,059 DEBUG [pool-1-thread-1] stencyl.sw.editors.snippet.designer.palette.Palette: Palette asked to refresh: Actors
2016-01-11 10:54:07,122 DEBUG [pool-1-thread-1] stencyl.sw.editors.snippet.designer.palette.Palette: Palette asked to refresh: Keyboard & Mouse
2016-01-11 10:54:07,184 DEBUG [pool-1-thread-1] stencyl.sw.editors.snippet.designer.palette.Palette: Palette asked to refresh: Math
2016-01-11 10:54:07,231 DEBUG [pool-1-thread-1] stencyl.sw.editors.snippet.designer.palette.Palette: Palette asked to refresh: Getters
2016-01-11 10:54:07,356 DEBUG [pool-1-thread-1] stencyl.sw.editors.snippet.designer.palette.Palette: Palette asked to refresh: Sound
2016-01-11 10:54:07,387 DEBUG [pool-1-thread-1] stencyl.sw.editors.snippet.designer.palette.Palette: Palette asked to refresh: Triggers
2016-01-11 10:54:07,434 DEBUG [pool-1-thread-1] stencyl.sw.editors.snippet.designer.palette.Palette: Palette asked to refresh: Web
2016-01-11 10:54:07,481 DEBUG [pool-1-thread-1] stencyl.sw.editors.snippet.designer.palette.Palette: Palette asked to refresh: Drawing
2016-01-11 10:54:07,512 DEBUG [pool-1-thread-1] stencyl.sw.editors.snippet.designer.palette.Palette: Palette asked to refresh: Basic
2016-01-11 10:54:07,512 DEBUG [pool-1-thread-1] stencyl.sw.editors.snippet.designer.palette.Palette: Palette asked to refresh: Custom
2016-01-11 10:54:07,512 DEBUG [pool-1-thread-1] stencyl.sw.editors.snippet.designer.palette.Palette: Palette asked to refresh: Extensions
2016-01-11 10:54:07,512 DEBUG [pool-1-thread-1] stencyl.sw.editors.snippet.designer.palette.Palette: Palette asked to refresh: Position
2016-01-11 10:54:07,559 DEBUG [pool-1-thread-1] stencyl.sw.editors.snippet.designer.EditArea: ContextSet for current event: []
2016-01-11 10:54:07,559 DEBUG [pool-1-thread-1] stencyl.sw.editors.snippet.designer.palette.Palette: Palette asked to refresh: Position
2016-01-11 10:54:07,637 DEBUG [AWT-EventQueue-0] stencyl.sw.app.doc.Workspace: Activated: Scene 1
2016-01-11 10:54:07,637 DEBUG [pool-1-thread-1] stencyl.sw.app.tasks.OpenResourceTask: Open Took 1545ms
2016-01-11 10:54:07,699 DEBUG [AWT-EventQueue-0] stencyl.sw.app.tasks.OpenResourceTask: Total Took 1607ms
2016-01-11 10:54:10,227 DEBUG [AWT-EventQueue-0] stencyl.sw.editors.scene.Designer: Brush Changed
2016-01-11 10:54:10,266 DEBUG [AWT-EventQueue-0] stencyl.sw.editors.scene.Designer: Brush Changed
2016-01-11 10:54:10,281 DEBUG [AWT-EventQueue-0] stencyl.sw.editors.scene.Designer: Brush Changed
2016-01-11 10:54:13,293 DEBUG [AWT-EventQueue-0] stencyl.sw.editors.scene.Designer: Brush Changed
2016-01-11 10:54:14,650 DEBUG [AWT-EventQueue-0] stencyl.sw.editors.scene.Designer: Brush Changed
2016-01-11 10:54:15,024 DEBUG [AWT-EventQueue-0] stencyl.sw.editors.scene.Designer: Brush Changed
2016-01-11 10:54:15,196 DEBUG [AWT-EventQueue-0] stencyl.sw.editors.scene.Designer: Brush Changed
2016-01-11 10:54:15,383 DEBUG [AWT-EventQueue-0] stencyl.sw.editors.scene.Designer: Brush Changed
2016-01-11 10:54:15,617 DEBUG [AWT-EventQueue-0] stencyl.sw.editors.scene.Designer: Brush Changed
2016-01-11 10:54:15,836 DEBUG [AWT-EventQueue-0] stencyl.sw.editors.scene.Designer: Brush Changed
2016-01-11 10:54:16,241 DEBUG [AWT-EventQueue-0] stencyl.sw.editors.scene.Designer: Brush Changed
2016-01-11 10:54:18,067 DEBUG [AWT-EventQueue-0] stencyl.sw.app.doc.Workspace: Loading Closed Resource: tile 1
2016-01-11 10:54:18,067 DEBUG [AWT-EventQueue-0] stencyl.sw.app.doc.Workspace: Loading Closed Resource: tile 1
2016-01-11 10:54:18,067 DEBUG [AWT-EventQueue-0] stencyl.sw.app.doc.Workspace: Loading Closed Resource: tile 1
2016-01-11 10:54:18,067 DEBUG [AWT-EventQueue-0] stencyl.sw.app.doc.Workspace: Loading Closed Resource: tile 1
2016-01-11 10:54:18,067 DEBUG [AWT-EventQueue-0] stencyl.sw.app.doc.Workspace: Loading Closed Resource: tile 1
2016-01-11 10:54:18,082 DEBUG [AWT-EventQueue-0] stencyl.sw.app.doc.Workspace: Loading Closed Resource: tile 1
2016-01-11 10:54:18,082 DEBUG [AWT-EventQueue-0] stencyl.sw.app.doc.Workspace: Loading Closed Resource: tile 1
2016-01-11 10:54:18,082 DEBUG [AWT-EventQueue-0] stencyl.sw.app.doc.Workspace: Loading Closed Resource: tile 1
2016-01-11 10:54:18,082 DEBUG [AWT-EventQueue-0] stencyl.sw.app.doc.Workspace: Loading Closed Resource: tile 1
2016-01-11 10:54:18,098 DEBUG [AWT-EventQueue-0] stencyl.sw.app.doc.Workspace: Loading Closed Resource: tile 1
2016-01-11 10:54:18,098 DEBUG [AWT-EventQueue-0] stencyl.sw.app.doc.Workspace: Loading Closed Resource: tile 1
2016-01-11 10:54:18,098 DEBUG [AWT-EventQueue-0] stencyl.sw.app.doc.Workspace: Loading Closed Resource: tile 1
2016-01-11 10:54:18,114 DEBUG [AWT-EventQueue-0] stencyl.sw.app.doc.Workspace: Loading Closed Resource: tile 1
2016-01-11 10:54:18,114 DEBUG [AWT-EventQueue-0] stencyl.sw.app.doc.Workspace: Loading Closed Resource: tile 1
2016-01-11 10:54:18,114 DEBUG [AWT-EventQueue-0] stencyl.sw.app.doc.Workspace: Loading Closed Resource: tile 1
2016-01-11 10:54:18,129 DEBUG [AWT-EventQueue-0] stencyl.sw.app.doc.Workspace: Loading Closed Resource: tile 1
2016-01-11 10:54:18,129 DEBUG [AWT-EventQueue-0] stencyl.sw.app.doc.Workspace: Loading Closed Resource: tile 1
2016-01-11 10:54:18,129 DEBUG [AWT-EventQueue-0] stencyl.sw.app.doc.Workspace: Loading Closed Resource: tile 1
2016-01-11 10:54:18,145 DEBUG [AWT-EventQueue-0] stencyl.sw.app.doc.Workspace: Loading Closed Resource: tile 1
2016-01-11 10:54:18,160 ERROR [AWT-EventQueue-0] stencyl.sw.app.doc.Workspace: Document "tile 12" is not opened.
java.lang.IllegalArgumentException: Document "tile 12" is not opened.
	at com.jidesoft.document.DocumentPane.setActiveDocument(Unknown Source)
	at com.jidesoft.document.DocumentPane.setActiveDocument(Unknown Source)
	at stencyl.sw.app.doc.Workspace.openResource(Workspace.java:493)
	at stencyl.sw.app.doc.Workspace.openResource(Workspace.java:469)
	at stencyl.sw.editors.scene.palette.TilesetPalette$TilesetList.doubleClicked(TilesetPalette.java:425)
	at stencyl.sw.editors.scene.palette.TilesetPalette$TilesetList.mousePressed(TilesetPalette.java:413)
	at java.awt.AWTEventMulticaster.mousePressed(AWTEventMulticaster.java:280)
	at java.awt.Component.processMouseEvent(Component.java:6532)
	at javax.swing.JComponent.processMouseEvent(JComponent.java:3324)
	at java.awt.Component.processEvent(Component.java:6300)
	at java.awt.Container.processEvent(Container.java:2236)
	at java.awt.Component.dispatchEventImpl(Component.java:4891)
	at java.awt.Container.dispatchEventImpl(Container.java:2294)
	at java.awt.Component.dispatchEvent(Component.java:4713)
	at java.awt.LightweightDispatcher.retargetMouseEvent(Container.java:4888)
	at java.awt.LightweightDispatcher.processMouseEvent(Container.java:4522)
	at java.awt.LightweightDispatcher.dispatchEvent(Container.java:4466)
	at java.awt.Container.dispatchEventImpl(Container.java:2280)
	at java.awt.Window.dispatchEventImpl(Window.java:2750)
	at java.awt.Component.dispatchEvent(Component.java:4713)
	at java.awt.EventQueue.dispatchEventImpl(EventQueue.java:758)
	at java.awt.EventQueue.access$500(EventQueue.java:97)
	at java.awt.EventQueue$3.run(EventQueue.java:709)
	at java.awt.EventQueue$3.run(EventQueue.java:703)
	at java.security.AccessController.doPrivileged(Native Method)
	at java.security.ProtectionDomain$JavaSecurityAccessImpl.doIntersectionPrivilege(ProtectionDomain.java:76)
	at java.security.ProtectionDomain$JavaSecurityAccessImpl.doIntersectionPrivilege(ProtectionDomain.java:86)
	at java.awt.EventQueue$4.run(EventQueue.java:731)
	at java.awt.EventQueue$4.run(EventQueue.java:729)
	at java.security.AccessController.doPrivileged(Native Method)
	at java.security.ProtectionDomain$JavaSecurityAccessImpl.doIntersectionPrivilege(ProtectionDomain.java:76)
	at java.awt.EventQueue.dispatchEvent(EventQueue.java:728)
	at java.awt.EventDispatchThread.pumpOneEventForFilters(EventDispatchThread.java:201)
	at java.awt.EventDispatchThread.pumpEventsForFilter(EventDispatchThread.java:116)
	at java.awt.EventDispatchThread.pumpEventsForHierarchy(EventDispatchThread.java:105)
	at java.awt.EventDispatchThread.pumpEvents(EventDispatchThread.java:101)
	at java.awt.EventDispatchThread.pumpEvents(EventDispatchThread.java:93)
	at java.awt.EventDispatchThread.run(EventDispatchThread.java:82)
2016-01-11 10:54:18,207 DEBUG [AWT-EventQueue-0] stencyl.sw.app.doc.Workspace: Unable to refresh document (tile 1)
2016-01-11 10:54:18,223 ERROR [pool-1-thread-3] stencyl.sw.app.doc.Workspace: The document with name "tile 12" has been opened. Please specify a new name for this document.
java.lang.IllegalArgumentException: The document with name "tile 12" has been opened. Please specify a new name for this document.
	at com.jidesoft.document.DocumentPane.openDocument(Unknown Source)
	at stencyl.sw.app.doc.Workspace.addTabImpl(Workspace.java:311)
	at stencyl.sw.app.doc.Workspace.addNormalTab(Workspace.java:283)
	at stencyl.sw.app.doc.Workspace.finishOpenResource(Workspace.java:620)
	at stencyl.sw.app.tasks.OpenResourceTask.doInBackground(OpenResourceTask.java:67)
	at stencyl.sw.app.tasks.OpenResourceTask.doInBackground(OpenResourceTask.java:20)
	at javax.swing.SwingWorker$1.call(SwingWorker.java:295)
	at java.util.concurrent.FutureTask.run(FutureTask.java:266)
	at javax.swing.SwingWorker.run(SwingWorker.java:334)
	at java.util.concurrent.ThreadPoolExecutor.runWorker(ThreadPoolExecutor.java:1142)
	at java.util.concurrent.ThreadPoolExecutor$Worker.run(ThreadPoolExecutor.java:617)
	at java.lang.Thread.run(Thread.java:745)
2016-01-11 10:54:18,223 DEBUG [pool-1-thread-3] stencyl.sw.app.tasks.OpenResourceTask: Open Took 156ms
2016-01-11 10:54:18,238 ERROR [pool-1-thread-9] stencyl.sw.app.doc.Workspace: The document with name "tile 12" has been opened. Please specify a new name for this document.
java.lang.IllegalArgumentException: The document with name "tile 12" has been opened. Please specify a new name for this document.
	at com.jidesoft.document.DocumentPane.openDocument(Unknown Source)
	at stencyl.sw.app.doc.Workspace.addTabImpl(Workspace.java:311)
	at stencyl.sw.app.doc.Workspace.addNormalTab(Workspace.java:283)
	at stencyl.sw.app.doc.Workspace.finishOpenResource(Workspace.java:620)
	at stencyl.sw.app.tasks.OpenResourceTask.doInBackground(OpenResourceTask.java:67)
	at stencyl.sw.app.tasks.OpenResourceTask.doInBackground(OpenResourceTask.java:20)
	at javax.swing.SwingWorker$1.call(SwingWorker.java:295)
	at java.util.concurrent.FutureTask.run(FutureTask.java:266)
	at javax.swing.SwingWorker.run(SwingWorker.java:334)
	at java.util.concurrent.ThreadPoolExecutor.runWorker(ThreadPoolExecutor.java:1142)
	at java.util.concurrent.ThreadPoolExecutor$Worker.run(ThreadPoolExecutor.java:617)
	at java.lang.Thread.run(Thread.java:745)
2016-01-11 10:54:18,238 DEBUG [pool-1-thread-9] stencyl.sw.app.tasks.OpenResourceTask: Open Took 156ms
2016-01-11 10:54:18,238 DEBUG [AWT-EventQueue-0] stencyl.sw.app.tasks.OpenResourceTask: Total Took 171ms
2016-01-11 10:54:18,238 DEBUG [AWT-EventQueue-0] stencyl.sw.app.tasks.OpenResourceTask: Total Took 156ms
2016-01-11 10:54:18,238 ERROR [pool-1-thread-10] stencyl.sw.app.doc.Workspace: The document with name "tile 12" has been opened. Please specify a new name for this document.
java.lang.IllegalArgumentException: The document with name "tile 12" has been opened. Please specify a new name for this document.
	at com.jidesoft.document.DocumentPane.openDocument(Unknown Source)
	at stencyl.sw.app.doc.Workspace.addTabImpl(Workspace.java:311)
	at stencyl.sw.app.doc.Workspace.addNormalTab(Workspace.java:283)
	at stencyl.sw.app.doc.Workspace.finishOpenResource(Workspace.java:620)
	at stencyl.sw.app.tasks.OpenResourceTask.doInBackground(OpenResourceTask.java:67)
	at stencyl.sw.app.tasks.OpenResourceTask.doInBackground(OpenResourceTask.java:20)
	at javax.swing.SwingWorker$1.call(SwingWorker.java:295)
	at java.util.concurrent.FutureTask.run(FutureTask.java:266)
	at javax.swing.SwingWorker.run(SwingWorker.java:334)
	at java.util.concurrent.ThreadPoolExecutor.runWorker(ThreadPoolExecutor.java:1142)
	at java.util.concurrent.ThreadPoolExecutor$Worker.run(ThreadPoolExecutor.java:617)
	at java.lang.Thread.run(Thread.java:745)
2016-01-11 10:54:18,238 DEBUG [pool-1-thread-10] stencyl.sw.app.tasks.OpenResourceTask: Open Took 140ms
2016-01-11 10:54:18,238 ERROR [pool-1-thread-1] stencyl.sw.app.doc.Workspace: The document with name "tile 12" has been opened. Please specify a new name for this document.
java.lang.IllegalArgumentException: The document with name "tile 12" has been opened. Please specify a new name for this document.
	at com.jidesoft.document.DocumentPane.openDocument(Unknown Source)
	at stencyl.sw.app.doc.Workspace.addTabImpl(Workspace.java:311)
	at stencyl.sw.app.doc.Workspace.addNormalTab(Workspace.java:283)
	at stencyl.sw.app.doc.Workspace.finishOpenResource(Workspace.java:620)
	at stencyl.sw.app.tasks.OpenResourceTask.doInBackground(OpenResourceTask.java:67)
	at stencyl.sw.app.tasks.OpenResourceTask.doInBackground(OpenResourceTask.java:20)
	at javax.swing.SwingWorker$1.call(SwingWorker.java:295)
	at java.util.concurrent.FutureTask.run(FutureTask.java:266)
	at javax.swing.SwingWorker.run(SwingWorker.java:334)
	at java.util.concurrent.ThreadPoolExecutor.runWorker(ThreadPoolExecutor.java:1142)
	at java.util.concurrent.ThreadPoolExecutor$Worker.run(ThreadPoolExecutor.java:617)
	at java.lang.Thread.run(Thread.java:745)
2016-01-11 10:54:18,238 DEBUG [pool-1-thread-1] stencyl.sw.app.tasks.OpenResourceTask: Open Took 171ms
2016-01-11 10:54:18,270 ERROR [pool-1-thread-2] stencyl.sw.app.doc.Workspace: The document with name "tile 12" has been opened. Please specify a new name for this document.
java.lang.IllegalArgumentException: The document with name "tile 12" has been opened. Please specify a new name for this document.
	at com.jidesoft.document.DocumentPane.openDocument(Unknown Source)
	at stencyl.sw.app.doc.Workspace.addTabImpl(Workspace.java:311)
	at stencyl.sw.app.doc.Workspace.addNormalTab(Workspace.java:283)
	at stencyl.sw.app.doc.Workspace.finishOpenResource(Workspace.java:620)
	at stencyl.sw.app.tasks.OpenResourceTask.doInBackground(OpenResourceTask.java:67)
	at stencyl.sw.app.tasks.OpenResourceTask.doInBackground(OpenResourceTask.java:20)
	at javax.swing.SwingWorker$1.call(SwingWorker.java:295)
	at java.util.concurrent.FutureTask.run(FutureTask.java:266)
	at javax.swing.SwingWorker.run(SwingWorker.java:334)
	at java.util.concurrent.ThreadPoolExecutor.runWorker(ThreadPoolExecutor.java:1142)
	at java.util.concurrent.ThreadPoolExecutor$Worker.run(ThreadPoolExecutor.java:617)
	at java.lang.Thread.run(Thread.java:745)
2016-01-11 10:54:18,270 DEBUG [pool-1-thread-2] stencyl.sw.app.tasks.OpenResourceTask: Open Took 203ms
2016-01-11 10:54:18,270 ERROR [pool-1-thread-18] stencyl.sw.app.doc.Workspace: The document with name "tile 12" has been opened. Please specify a new name for this document.
java.lang.IllegalArgumentException: The document with name "tile 12" has been opened. Please specify a new name for this document.
	at com.jidesoft.document.DocumentPane.openDocument(Unknown Source)
	at stencyl.sw.app.doc.Workspace.addTabImpl(Workspace.java:311)
	at stencyl.sw.app.doc.Workspace.addNormalTab(Workspace.java:283)
	at stencyl.sw.app.doc.Workspace.finishOpenResource(Workspace.java:620)
	at stencyl.sw.app.tasks.OpenResourceTask.doInBackground(OpenResourceTask.java:67)
	at stencyl.sw.app.tasks.OpenResourceTask.doInBackground(OpenResourceTask.java:20)
	at javax.swing.SwingWorker$1.call(SwingWorker.java:295)
	at java.util.concurrent.FutureTask.run(FutureTask.java:266)
	at javax.swing.SwingWorker.run(SwingWorker.java:334)
	at java.util.concurrent.ThreadPoolExecutor.runWorker(ThreadPoolExecutor.java:1142)
	at java.util.concurrent.ThreadPoolExecutor$Worker.run(ThreadPoolExecutor.java:617)
	at java.lang.Thread.run(Thread.java:745)
2016-01-11 10:54:18,270 ERROR [pool-1-thread-16] stencyl.sw.app.doc.Workspace: The document with name "tile 12" has been opened. Please specify a new name for this document.
java.lang.IllegalArgumentException: The document with name "tile 12" has been opened. Please specify a new name for this document.
	at com.jidesoft.document.DocumentPane.openDocument(Unknown Source)
	at stencyl.sw.app.doc.Workspace.addTabImpl(Workspace.java:311)
	at stencyl.sw.app.doc.Workspace.addNormalTab(Workspace.java:283)
	at stencyl.sw.app.doc.Workspace.finishOpenResource(Workspace.java:620)
	at stencyl.sw.app.tasks.OpenResourceTask.doInBackground(OpenResourceTask.java:67)
	at stencyl.sw.app.tasks.OpenResourceTask.doInBackground(OpenResourceTask.java:20)
	at javax.swing.SwingWorker$1.call(SwingWorker.java:295)
	at java.util.concurrent.FutureTask.run(FutureTask.java:266)
	at javax.swing.SwingWorker.run(SwingWorker.java:334)
	at java.util.concurrent.ThreadPoolExecutor.runWorker(ThreadPoolExecutor.java:1142)
	at java.util.concurrent.ThreadPoolExecutor$Worker.run(ThreadPoolExecutor.java:617)
	at java.lang.Thread.run(Thread.java:745)
2016-01-11 10:54:18,270 ERROR [pool-1-thread-19] stencyl.sw.app.doc.Workspace: The document with name "tile 12" has been opened. Please specify a new name for this document.
java.lang.IllegalArgumentException: The document with name "tile 12" has been opened. Please specify a new name for this document.
	at com.jidesoft.document.DocumentPane.openDocument(Unknown Source)
	at stencyl.sw.app.doc.Workspace.addTabImpl(Workspace.java:311)
	at stencyl.sw.app.doc.Workspace.addNormalTab(Workspace.java:283)
	at stencyl.sw.app.doc.Workspace.finishOpenResource(Workspace.java:620)
	at stencyl.sw.app.tasks.OpenResourceTask.doInBackground(OpenResourceTask.java:67)
	at stencyl.sw.app.tasks.OpenResourceTask.doInBackground(OpenResourceTask.java:20)
	at javax.swing.SwingWorker$1.call(SwingWorker.java:295)
	at java.util.concurrent.FutureTask.run(FutureTask.java:266)
	at javax.swing.SwingWorker.run(SwingWorker.java:334)
	at java.util.concurrent.ThreadPoolExecutor.runWorker(ThreadPoolExecutor.java:1142)
	at java.util.concurrent.ThreadPoolExecutor$Worker.run(ThreadPoolExecutor.java:617)
	at java.lang.Thread.run(Thread.java:745)
2016-01-11 10:54:18,270 ERROR [pool-1-thread-17] stencyl.sw.app.doc.Workspace: The document with name "tile 12" has been opened. Please specify a new name for this document.
java.lang.IllegalArgumentException: The document with name "tile 12" has been opened. Please specify a new name for this document.
	at com.jidesoft.document.DocumentPane.openDocument(Unknown Source)
	at stencyl.sw.app.doc.Workspace.addTabImpl(Workspace.java:311)
	at stencyl.sw.app.doc.Workspace.addNormalTab(Workspace.java:283)
	at stencyl.sw.app.doc.Workspace.finishOpenResource(Workspace.java:620)
	at stencyl.sw.app.tasks.OpenResourceTask.doInBackground(OpenResourceTask.java:67)
	at stencyl.sw.app.tasks.OpenResourceTask.doInBackground(OpenResourceTask.java:20)
	at javax.swing.SwingWorker$1.call(SwingWorker.java:295)
	at java.util.concurrent.FutureTask.run(FutureTask.java:266)
	at javax.swing.SwingWorker.run(SwingWorker.java:334)
	at java.util.concurrent.ThreadPoolExecutor.runWorker(ThreadPoolExecutor.java:1142)
	at java.util.concurrent.ThreadPoolExecutor$Worker.run(ThreadPoolExecutor.java:617)
	at java.lang.Thread.run(Thread.java:745)
2016-01-11 10:54:18,270 DEBUG [pool-1-thread-19] stencyl.sw.app.tasks.OpenResourceTask: Open Took 125ms
2016-01-11 10:54:18,270 DEBUG [pool-1-thread-16] stencyl.sw.app.tasks.OpenResourceTask: Open Took 141ms
2016-01-11 10:54:18,270 ERROR [pool-1-thread-15] stencyl.sw.app.doc.Workspace: The document with name "tile 12" has been opened. Please specify a new name for this document.
java.lang.IllegalArgumentException: The document with name "tile 12" has been opened. Please specify a new name for this document.
	at com.jidesoft.document.DocumentPane.openDocument(Unknown Source)
	at stencyl.sw.app.doc.Workspace.addTabImpl(Workspace.java:311)
	at stencyl.sw.app.doc.Workspace.addNormalTab(Workspace.java:283)
	at stencyl.sw.app.doc.Workspace.finishOpenResource(Workspace.java:620)
	at stencyl.sw.app.tasks.OpenResourceTask.doInBackground(OpenResourceTask.java:67)
	at stencyl.sw.app.tasks.OpenResourceTask.doInBackground(OpenResourceTask.java:20)
	at javax.swing.SwingWorker$1.call(SwingWorker.java:295)
	at java.util.concurrent.FutureTask.run(FutureTask.java:266)
	at javax.swing.SwingWorker.run(SwingWorker.java:334)
	at java.util.concurrent.ThreadPoolExecutor.runWorker(ThreadPoolExecutor.java:1142)
	at java.util.concurrent.ThreadPoolExecutor$Worker.run(ThreadPoolExecutor.java:617)
	at java.lang.Thread.run(Thread.java:745)
2016-01-11 10:54:18,270 DEBUG [pool-1-thread-18] stencyl.sw.app.tasks.OpenResourceTask: Open Took 141ms
2016-01-11 10:54:18,270 DEBUG [AWT-EventQueue-0] stencyl.sw.app.doc.Workspace: Activated: tile 1
2016-01-11 10:54:18,270 DEBUG [pool-1-thread-15] stencyl.sw.app.tasks.OpenResourceTask: Open Took 156ms
2016-01-11 10:54:18,270 DEBUG [pool-1-thread-17] stencyl.sw.app.tasks.OpenResourceTask: Open Took 141ms
2016-01-11 10:54:18,332 DEBUG [pool-1-thread-13] stencyl.sw.app.tasks.OpenResourceTask: Open Took 218ms
2016-01-11 10:54:18,348 DEBUG [AWT-EventQueue-0] stencyl.sw.app.tasks.OpenResourceTask: Total Took 250ms
2016-01-11 10:54:18,348 DEBUG [AWT-EventQueue-0] stencyl.sw.app.tasks.OpenResourceTask: Total Took 281ms
2016-01-11 10:54:18,348 DEBUG [AWT-EventQueue-0] stencyl.sw.app.tasks.OpenResourceTask: Total Took 281ms
2016-01-11 10:54:18,348 DEBUG [AWT-EventQueue-0] stencyl.sw.app.tasks.OpenResourceTask: Total Took 203ms
2016-01-11 10:54:18,348 DEBUG [AWT-EventQueue-0] stencyl.sw.app.tasks.OpenResourceTask: Total Took 219ms
2016-01-11 10:54:18,348 DEBUG [AWT-EventQueue-0] stencyl.sw.app.tasks.OpenResourceTask: Total Took 219ms
2016-01-11 10:54:18,348 DEBUG [AWT-EventQueue-0] stencyl.sw.app.tasks.OpenResourceTask: Total Took 234ms
2016-01-11 10:54:18,348 DEBUG [AWT-EventQueue-0] stencyl.sw.app.tasks.OpenResourceTask: Total Took 219ms
2016-01-11 10:54:18,348 DEBUG [AWT-EventQueue-0] stencyl.sw.app.tasks.OpenResourceTask: Total Took 234ms
2016-01-11 10:54:18,363 DEBUG [pool-1-thread-14] stencyl.sw.app.tasks.OpenResourceTask: Open Took 249ms
2016-01-11 10:54:18,363 DEBUG [pool-1-thread-11] stencyl.sw.app.tasks.OpenResourceTask: Open Took 265ms
2016-01-11 10:54:18,363 DEBUG [pool-1-thread-8] stencyl.sw.app.tasks.OpenResourceTask: Open Took 281ms
2016-01-11 10:54:18,363 DEBUG [pool-1-thread-7] stencyl.sw.app.tasks.OpenResourceTask: Open Took 281ms
2016-01-11 10:54:18,363 DEBUG [pool-1-thread-4] stencyl.sw.app.tasks.OpenResourceTask: Open Took 296ms
2016-01-11 10:54:18,363 DEBUG [pool-1-thread-12] stencyl.sw.app.tasks.OpenResourceTask: Open Took 265ms
2016-01-11 10:54:18,363 DEBUG [pool-1-thread-6] stencyl.sw.app.tasks.OpenResourceTask: Open Took 281ms
2016-01-11 10:54:18,363 DEBUG [pool-1-thread-5] stencyl.sw.app.tasks.OpenResourceTask: Open Took 296ms
2016-01-11 10:54:18,410 DEBUG [AWT-EventQueue-0] stencyl.sw.app.tasks.OpenResourceTask: Total Took 296ms
2016-01-11 10:54:18,410 DEBUG [AWT-EventQueue-0] stencyl.sw.app.tasks.OpenResourceTask: Total Took 312ms
2016-01-11 10:54:18,410 DEBUG [AWT-EventQueue-0] stencyl.sw.app.tasks.OpenResourceTask: Total Took 328ms
2016-01-11 10:54:18,410 DEBUG [AWT-EventQueue-0] stencyl.sw.app.tasks.OpenResourceTask: Total Took 328ms
2016-01-11 10:54:18,410 DEBUG [AWT-EventQueue-0] stencyl.sw.app.tasks.OpenResourceTask: Total Took 343ms
2016-01-11 10:54:18,410 DEBUG [AWT-EventQueue-0] stencyl.sw.app.tasks.OpenResourceTask: Total Took 312ms
2016-01-11 10:54:18,410 DEBUG [AWT-EventQueue-0] stencyl.sw.app.tasks.OpenResourceTask: Total Took 328ms
2016-01-11 10:54:18,410 DEBUG [AWT-EventQueue-0] stencyl.sw.app.tasks.OpenResourceTask: Total Took 343ms
2016-01-11 10:54:24,370 DEBUG [AWT-EventQueue-0] stencyl.sw.util.Util: Running command: [./runtimes/jre-win/bin/java, -jar, C:\Users\glafond5733\Google Drive\Roosevelt OGPC\stencylworks\tools\Pencyl.jar, C:\Users\GLAFON~1\AppData\Local\Temp\stencylTemp-19142738488591365720.png]
2016-01-11 10:54:24,670 INFO  [Thread-7] stencyl.sw.util.StreamGobbler: [java] Jan 11, 2016 10:54:24 AM it.tidalwave.imageio.util.Logger info
2016-01-11 10:54:24,670 INFO  [Thread-7] stencyl.sw.util.StreamGobbler: [java] INFO: Installing RAWProcessor...
2016-01-11 10:54:24,701 INFO  [Thread-7] stencyl.sw.util.StreamGobbler: [java] Jan 11, 2016 10:54:24 AM it.tidalwave.imageio.util.Logger info
2016-01-11 10:54:24,701 INFO  [Thread-7] stencyl.sw.util.StreamGobbler: [java] INFO: Installed RAWProcessor
2016-01-11 10:54:24,701 INFO  [Thread-7] stencyl.sw.util.StreamGobbler: [java] RAWProcessor succesfully installed
2016-01-11 10:54:33,500 DEBUG [Timer-1] stencyl.sw.app.filewatcher.ImageSyncTask: Synced image: stencylTemp-19142738488591365720.png
2016-01-11 10:54:35,513 DEBUG [AWT-EventQueue-0] stencyl.sw.SW: Frame was maximized
2016-01-11 10:54:39,242 DEBUG [AWT-EventQueue-0] stencyl.core.lib.io.read.SceneReader: Reading header for Scene: 0 (Scene 1) from: scenes\0.xml
2016-01-11 10:54:39,258 INFO  [pool-1-thread-5] stencyl.sw.io.write.MasterWriter: Saving game in place.
2016-01-11 10:54:39,258 DEBUG [pool-1-thread-5] stencyl.sw.util.FileHelper: Saving backup file C:\Users\glafond5733\Google Drive\Roosevelt OGPC\stencylworks\games\Dialogue Test\game.xml.bak.
2016-01-11 10:54:39,648 ERROR [AWT-EventQueue-0] root: Unexpected problem on thread AWT-EventQueue-0: Document "tile 12" is not opened.
java.lang.IllegalArgumentException: Document "tile 12" is not opened.
	at com.jidesoft.document.DocumentPane.setActiveDocument(Unknown Source)
	at com.jidesoft.document.DocumentPane.setActiveDocument(Unknown Source)
	at com.jidesoft.document.DocumentPane.a(Unknown Source)
	at com.jidesoft.document.DocumentPane.a(Unknown Source)
	at com.jidesoft.document.DocumentPane.a(Unknown Source)
	at com.jidesoft.document.DocumentPane.closeDocument(Unknown Source)
	at com.jidesoft.document.DocumentPane.closeSingleDocument(Unknown Source)
	at com.jidesoft.document.DocumentPane$27.actionPerformed(Unknown Source)
	at com.jidesoft.plaf.basic.BasicJideTabbedPaneUI$CloseTabAction.actionPerformed(Unknown Source)
	at javax.swing.AbstractButton.fireActionPerformed(AbstractButton.java:2022)
	at javax.swing.AbstractButton$Handler.actionPerformed(AbstractButton.java:2348)
	at javax.swing.DefaultButtonModel.fireActionPerformed(DefaultButtonModel.java:402)
	at javax.swing.DefaultButtonModel.setPressed(DefaultButtonModel.java:259)
	at javax.swing.plaf.basic.BasicButtonListener.mouseReleased(BasicButtonListener.java:252)
	at java.awt.AWTEventMulticaster.mouseReleased(AWTEventMulticaster.java:289)
	at java.awt.AWTEventMulticaster.mouseReleased(AWTEventMulticaster.java:289)
	at java.awt.AWTEventMulticaster.mouseReleased(AWTEventMulticaster.java:289)
	at java.awt.Component.processMouseEvent(Component.java:6535)
	at javax.swing.JComponent.processMouseEvent(JComponent.java:3324)
	at java.awt.Component.processEvent(Component.java:6300)
	at java.awt.Container.processEvent(Container.java:2236)
	at java.awt.Component.dispatchEventImpl(Component.java:4891)
	at java.awt.Container.dispatchEventImpl(Container.java:2294)
	at java.awt.Component.dispatchEvent(Component.java:4713)
	at java.awt.LightweightDispatcher.retargetMouseEvent(Container.java:4888)
	at java.awt.LightweightDispatcher.processMouseEvent(Container.java:4525)
	at java.awt.LightweightDispatcher.dispatchEvent(Container.java:4466)
	at java.awt.Container.dispatchEventImpl(Container.java:2280)
	at java.awt.Window.dispatchEventImpl(Window.java:2750)
	at java.awt.Component.dispatchEvent(Component.java:4713)
	at java.awt.EventQueue.dispatchEventImpl(EventQueue.java:758)
	at java.awt.EventQueue.access$500(EventQueue.java:97)
	at java.awt.EventQueue$3.run(EventQueue.java:709)
	at java.awt.EventQueue$3.run(EventQueue.java:703)
	at java.security.AccessController.doPrivileged(Native Method)
	at java.security.ProtectionDomain$JavaSecurityAccessImpl.doIntersectionPrivilege(ProtectionDomain.java:76)
	at java.security.ProtectionDomain$JavaSecurityAccessImpl.doIntersectionPrivilege(ProtectionDomain.java:86)
	at java.awt.EventQueue$4.run(EventQueue.java:731)
	at java.awt.EventQueue$4.run(EventQueue.java:729)
	at java.security.AccessController.doPrivileged(Native Method)
	at java.security.ProtectionDomain$JavaSecurityAccessImpl.doIntersectionPrivilege(ProtectionDomain.java:76)
	at java.awt.EventQueue.dispatchEvent(EventQueue.java:728)
	at java.awt.EventDispatchThread.pumpOneEventForFilters(EventDispatchThread.java:201)
	at java.awt.EventDispatchThread.pumpEventsForFilter(EventDispatchThread.java:116)
	at java.awt.EventDispatchThread.pumpEventsForHierarchy(EventDispatchThread.java:105)
	at java.awt.EventDispatchThread.pumpEvents(EventDispatchThread.java:101)
	at java.awt.EventDispatchThread.pumpEvents(EventDispatchThread.java:93)
	at java.awt.EventDispatchThread.run(EventDispatchThread.java:82)
2016-01-11 10:54:40,890 DEBUG [pool-1-thread-5] stencyl.sw.io.write.MasterWriter: Writing out local resources.
2016-01-11 10:54:40,900 DEBUG [pool-1-thread-5] stencyl.sw.util.FileHelper: Saving backup file C:\Users\glafond5733\Google Drive\Roosevelt OGPC\stencylworks\games\Dialogue Test\resources\data.xml.bak.
2016-01-11 10:54:40,900 DEBUG [pool-1-thread-5] stencyl.sw.io.write.resource.SpriteWriter: Mark actor's sprite as clean (disk).
2016-01-11 10:54:40,900 DEBUG [pool-1-thread-5] stencyl.sw.io.write.resource.TilesetWriter: Mark tileset as clean (disk).
2016-01-11 10:54:40,910 DEBUG [pool-1-thread-5] stencyl.sw.io.write.MasterWriter: Writing out scenes.
2016-01-11 10:54:40,910 DEBUG [pool-1-thread-5] stencyl.sw.editors.scene.SceneRenderer: Saving thumbnail: C:\Users\glafond5733\Google Drive\Roosevelt OGPC\stencylworks\games\Dialogue Test\scenes\0.png
2016-01-11 10:54:40,920 DEBUG [pool-1-thread-5] stencyl.sw.io.write.resource.SceneWriter: Writing terrain.
2016-01-11 10:54:40,960 DEBUG [pool-1-thread-5] stencyl.thirdparty.org.phys2d.Combiner: Num Tiles: 16
2016-01-11 10:54:40,960 DEBUG [pool-1-thread-5] stencyl.thirdparty.org.phys2d.Combiner: Coverage: 4.7619047%
2016-01-11 10:54:40,960 DEBUG [pool-1-thread-5] stencyl.thirdparty.org.phys2d.Combiner: Segments: (1,1)
2016-01-11 10:54:40,960 DEBUG [pool-1-thread-5] stencyl.thirdparty.org.phys2d.Combiner: Using Pairwise
2016-01-11 10:54:40,970 DEBUG [pool-1-thread-5] stencyl.thirdparty.org.phys2d.Combiner: Combine took: 10ms
2016-01-11 10:54:40,970 DEBUG [pool-1-thread-5] stencyl.sw.io.write.resource.SceneWriter: Terrain processing took: 0ms
2016-01-11 10:54:40,990 DEBUG [pool-1-thread-5] stencyl.core.lib.io.read.SceneReader: Reading header for Scene: 0 (Scene 1) from: scenes\0.xml
2016-01-11 10:54:41,000 DEBUG [pool-1-thread-5] stencyl.sw.io.write.resource.ScenesWriter: Writing out Scene Scene 1
2016-01-11 10:54:41,000 DEBUG [pool-1-thread-5] stencyl.sw.io.write.MasterWriter: Copying over snippets.
2016-01-11 10:54:41,000 DEBUG [pool-1-thread-5] stencyl.sw.util.FileHelper: Saving backup file C:\Users\glafond5733\Google Drive\Roosevelt OGPC\stencylworks\games\Dialogue Test\snippets\list.xml.bak.
2016-01-11 10:54:41,030 DEBUG [pool-1-thread-5] stencyl.sw.io.write.resource.SnippetsWriter: Copy from opened to disk: SceneEvents_0
2016-01-11 10:54:41,030 DEBUG [pool-1-thread-5] stencyl.sw.util.FileHelper: Trying to delete file that does not exist: C:\Users\glafond5733\Google Drive\Roosevelt OGPC\stencylworks\games\Dialogue Test\behavior-hx\SceneEvents_0.hx
2016-01-11 10:54:41,030 DEBUG [pool-1-thread-5] stencyl.sw.io.write.resource.SnippetsWriter: Copied to: C:\Users\glafond5733\Google Drive\Roosevelt OGPC\stencylworks\games\Dialogue Test\snippets\SceneEvents_0.design
2016-01-11 10:54:41,040 DEBUG [pool-1-thread-5] stencyl.sw.io.write.MasterWriter: Saving block favorites.
2016-01-11 10:54:41,040 INFO  [pool-1-thread-5] stencyl.sw.io.write.MasterWriter: Done writing game.
2016-01-11 10:54:46,560 INFO  [AWT-EventQueue-0] stencyl.sw.app.App: Attempting to quit out of Stencyl.
2016-01-11 10:54:48,089 INFO  [pool-1-thread-5] stencyl.sw.io.write.MasterWriter: Saving game in place.
2016-01-11 10:54:48,089 DEBUG [pool-1-thread-5] stencyl.sw.util.FileHelper: Saving backup file C:\Users\glafond5733\Google Drive\Roosevelt OGPC\stencylworks\games\Dialogue Test\game.xml.bak.
2016-01-11 10:54:49,555 DEBUG [pool-1-thread-5] stencyl.sw.io.write.MasterWriter: Writing out local resources.
2016-01-11 10:54:49,555 DEBUG [pool-1-thread-5] stencyl.sw.util.FileHelper: Saving backup file C:\Users\glafond5733\Google Drive\Roosevelt OGPC\stencylworks\games\Dialogue Test\resources\data.xml.bak.
2016-01-11 10:54:49,555 DEBUG [pool-1-thread-5] stencyl.sw.io.write.resource.SpriteWriter: Mark actor's sprite as clean (disk).
2016-01-11 10:54:49,555 DEBUG [pool-1-thread-5] stencyl.sw.io.write.resource.TilesetWriter: Mark tileset as clean (disk).
2016-01-11 10:54:49,555 DEBUG [pool-1-thread-5] stencyl.sw.io.write.MasterWriter: Writing out scenes.
2016-01-11 10:54:49,571 DEBUG [pool-1-thread-5] stencyl.sw.editors.scene.SceneRenderer: Saving thumbnail: C:\Users\glafond5733\Google Drive\Roosevelt OGPC\stencylworks\games\Dialogue Test\scenes\0.png
2016-01-11 10:54:49,571 DEBUG [pool-1-thread-5] stencyl.sw.io.write.resource.SceneWriter: Writing terrain.
2016-01-11 10:54:49,571 DEBUG [pool-1-thread-5] stencyl.thirdparty.org.phys2d.Combiner: Num Tiles: 16
2016-01-11 10:54:49,571 DEBUG [pool-1-thread-5] stencyl.thirdparty.org.phys2d.Combiner: Coverage: 4.7619047%
2016-01-11 10:54:49,571 DEBUG [pool-1-thread-5] stencyl.thirdparty.org.phys2d.Combiner: Segments: (1,1)
2016-01-11 10:54:49,571 DEBUG [pool-1-thread-5] stencyl.thirdparty.org.phys2d.Combiner: Using Pairwise
2016-01-11 10:54:49,571 DEBUG [pool-1-thread-5] stencyl.thirdparty.org.phys2d.Combiner: Combine took: 0ms
2016-01-11 10:54:49,571 DEBUG [pool-1-thread-5] stencyl.sw.io.write.resource.SceneWriter: Terrain processing took: 0ms
2016-01-11 10:54:49,587 DEBUG [pool-1-thread-5] stencyl.core.lib.io.read.SceneReader: Reading header for Scene: 0 (Scene 1) from: scenes\0.xml
2016-01-11 10:54:49,587 DEBUG [pool-1-thread-5] stencyl.sw.io.write.resource.ScenesWriter: Writing out Scene Scene 1
2016-01-11 10:54:49,587 DEBUG [pool-1-thread-5] stencyl.sw.io.write.MasterWriter: Copying over snippets.
2016-01-11 10:54:49,587 DEBUG [pool-1-thread-5] stencyl.sw.util.FileHelper: Saving backup file C:\Users\glafond5733\Google Drive\Roosevelt OGPC\stencylworks\games\Dialogue Test\snippets\list.xml.bak.
2016-01-11 10:54:49,602 DEBUG [pool-1-thread-5] stencyl.sw.io.write.resource.SnippetsWriter: Copy from opened to disk: SceneEvents_0
2016-01-11 10:54:49,602 DEBUG [pool-1-thread-5] stencyl.sw.util.FileHelper: Trying to delete file that does not exist: C:\Users\glafond5733\Google Drive\Roosevelt OGPC\stencylworks\games\Dialogue Test\behavior-hx\SceneEvents_0.hx
2016-01-11 10:54:49,602 DEBUG [pool-1-thread-5] stencyl.sw.io.write.resource.SnippetsWriter: Copied to: C:\Users\glafond5733\Google Drive\Roosevelt OGPC\stencylworks\games\Dialogue Test\snippets\SceneEvents_0.design
2016-01-11 10:54:49,618 DEBUG [pool-1-thread-5] stencyl.sw.io.write.MasterWriter: Saving block favorites.
2016-01-11 10:54:49,618 INFO  [pool-1-thread-5] stencyl.sw.io.write.MasterWriter: Done writing game.
2016-01-11 10:54:49,665 DEBUG [AWT-EventQueue-0] stencyl.sw.util.Util: Running command: [taskkill, /im, neko.exe, /f]
2016-01-11 10:54:49,743 DEBUG [Thread-9] stencyl.sw.util.StreamGobbler: [taskkill] ERROR: The process "neko.exe" not found.
2016-01-11 10:54:49,743 DEBUG [AWT-EventQueue-0] stencyl.sw.util.Util: Process 'taskkill' exited with code: 128
2016-01-11 10:54:49,743 DEBUG [AWT-EventQueue-0] stencyl.sw.util.Util: Running command: [taskkill, /im, adb.exe, /f]
2016-01-11 10:54:49,790 DEBUG [Thread-10] stencyl.sw.util.StreamGobbler: [taskkill] ERROR: The process "adb.exe" not found.
2016-01-11 10:54:49,790 DEBUG [AWT-EventQueue-0] stencyl.sw.util.Util: Process 'taskkill' exited with code: 128
2016-01-11 10:54:49,790 DEBUG [AWT-EventQueue-0] stencyl.sw.util.Util: Running command: [taskkill, /im, arm-linux-androideabi-g++.exe, /f]
2016-01-11 10:54:49,852 DEBUG [Thread-11] stencyl.sw.util.StreamGobbler: [taskkill] ERROR: The process "arm-linux-androideabi-g++.exe" not found.
2016-01-11 10:54:49,852 DEBUG [AWT-EventQueue-0] stencyl.sw.util.Util: Process 'taskkill' exited with code: 128
2016-01-11 10:54:49,852 DEBUG [AWT-EventQueue-0] stencyl.sw.util.Util: Running command: [taskkill, /im, cc1plus.exe, /f]
2016-01-11 10:54:49,899 DEBUG [Thread-12] stencyl.sw.util.StreamGobbler: [taskkill] ERROR: The process "cc1plus.exe" not found.
2016-01-11 10:54:49,914 DEBUG [AWT-EventQueue-0] stencyl.sw.util.Util: Process 'taskkill' exited with code: 128
2016-01-11 10:54:49,914 DEBUG [AWT-EventQueue-0] stencyl.sw.util.Util: Running command: [taskkill, /im, tail.exe, /f]
2016-01-11 10:54:49,961 DEBUG [Thread-13] stencyl.sw.util.StreamGobbler: [taskkill] ERROR: The process "tail.exe" not found.
2016-01-11 10:54:49,961 DEBUG [AWT-EventQueue-0] stencyl.sw.util.Util: Process 'taskkill' exited with code: 128
2016-01-11 10:54:49,961 DEBUG [AWT-EventQueue-0] stencyl.sw.util.Util: Running command: [taskkill, /im, ios-sim.exe, /f]
2016-01-11 10:54:50,024 DEBUG [Thread-14] stencyl.sw.util.StreamGobbler: [taskkill] ERROR: The process "ios-sim.exe" not found.
2016-01-11 10:54:50,024 DEBUG [AWT-EventQueue-0] stencyl.sw.util.Util: Process 'taskkill' exited with code: 128
2016-01-11 10:54:50,024 DEBUG [AWT-EventQueue-0] stencyl.sw.app.App: Destroying extensions.
2016-01-11 10:54:50,024 DEBUG [AWT-EventQueue-0] stencyl.sw.app.App: Performing final close.
2016-01-11 10:54:50,024 INFO  [AWT-EventQueue-0] stencyl.sw.app.App: Exiting...
2016-01-11 10:54:50,024 DEBUG [AWT-EventQueue-0] stencyl.sw.app.App: Destroying Temporary Sandbox.
2016-01-11 10:54:50,024 DEBUG [AWT-EventQueue-0] stencyl.sw.util.FileHelper: Deleting: C:\Users\glafond5733\AppData\Local\Temp\stencyl1846732657860719671
